2019-03-14 14:18:05 1552573085.25 Starting torctl program on host bridge-measure using Tor version 0.2.9.16 (git-9ef571339967c1e5) status=none recommended
2019-03-14 14:18:05 1552573085.25 NOTICE BOOTSTRAP PROGRESS=100 TAG=done SUMMARY="Done"
2019-03-14 14:18:05 1552573085.33 650 STREAM 28 NEW 0 10.0.0.10:8080 SOURCE_ADDR=127.0.0.1:58542 PURPOSE=USER
2019-03-14 14:18:05 1552573085.33 650 STREAM 28 SENTCONNECT 22 10.0.0.10:8080
2019-03-14 14:18:05 1552573085.34 650 BW 1645 1794
2019-03-14 14:18:05 1552573085.34 650 STREAM_BW 28 13 2
2019-03-14 14:18:05 1552573085.34 650 CONN_BW ID=5 TYPE=OR READ=18868 WRITTEN=6204
2019-03-14 14:18:05 1552573085.34 650 CONN_BW ID=10 TYPE=OR READ=4193 WRITTEN=2456
2019-03-14 14:18:05 1552573085.34 650 CONN_BW ID=17 TYPE=OR READ=10035 WRITTEN=5140
2019-03-14 14:18:05 1552573085.34 650 CONN_BW ID=18 TYPE=OR READ=5301 WRITTEN=3514
2019-03-14 14:18:05 1552573085.34 650 CONN_BW ID=25 TYPE=OR READ=5805 WRITTEN=4102
2019-03-14 14:18:05 1552573085.34 650 CONN_BW ID=26 TYPE=OR READ=3120 WRITTEN=3035
2019-03-14 14:18:05 1552573085.34 650 CELL_STATS ID=1 OutboundQueue=2408222613 OutboundConn=0 OutboundRemoved=relay:6,create_fast:1 OutboundTime=relay:0,create_fast:0
2019-03-14 14:18:05 1552573085.34 650 CELL_STATS ID=2 OutboundQueue=2164799288 OutboundConn=1 OutboundRemoved=relay:2,create_fast:1 OutboundTime=relay:0,create_fast:0
2019-03-14 14:18:05 1552573085.35 650 CELL_STATS ID=19 OutboundQueue=2394326895 OutboundConn=2 OutboundRemoved=relay:4,create_fast:1 OutboundTime=relay:0,create_fast:0
2019-03-14 14:18:05 1552573085.35 650 CELL_STATS ID=20 OutboundQueue=3125356535 OutboundConn=3 OutboundRemoved=relay:4,create_fast:1 OutboundTime=relay:0,create_fast:0
2019-03-14 14:18:05 1552573085.35 650 CELL_STATS ID=21 OutboundQueue=3164280407 OutboundConn=4 OutboundRemoved=relay:2,create_fast:1 OutboundTime=relay:0,create_fast:0
2019-03-14 14:18:05 1552573085.35 650 CELL_STATS ID=22 OutboundQueue=3018034124 OutboundConn=5 OutboundRemoved=create_fast:1,relay_early:3 OutboundTime=create_fast:0,relay_early:0
2019-03-14 14:18:05 1552573085.35 650 CELL_STATS ID=23 OutboundQueue=3812164423 OutboundConn=4 OutboundRemoved=create_fast:1,relay_early:2 OutboundTime=create_fast:0,relay_early:0
2019-03-14 14:18:05 1552573085.35 650 CELL_STATS ID=24 OutboundQueue=2456189722 OutboundConn=2 OutboundRemoved=create_fast:1,relay_early:2 OutboundTime=create_fast:0,relay_early:0
2019-03-14 14:18:05 1552573085.35 650 CELL_STATS ID=25 OutboundQueue=2182774398 OutboundConn=0 OutboundRemoved=create_fast:1,relay_early:2 OutboundTime=create_fast:0,relay_early:0
2019-03-14 14:18:05 1552573085.35 650 CIRC 26 LAUNCHED BUILD_FLAGS=IS_INTERNAL,NEED_CAPACITY,NEED_UPTIME PURPOSE=GENERAL TIME_CREATED=2019-03-14T14:18:05.343007
2019-03-14 14:18:05 1552573085.46 650 CIRC 26 EXTENDED $6A6E7C24F76D329AD7CD8ADE6A85FED04599C481~test005r BUILD_FLAGS=IS_INTERNAL,NEED_CAPACITY,NEED_UPTIME PURPOSE=GENERAL TIME_CREATED=2019-03-14T14:18:05.343007
2019-03-14 14:18:05 1552573085.58 650 STREAM 28 REMAP 22 10.0.0.10:8080 SOURCE=EXIT
2019-03-14 14:18:05 1552573085.58 650 STREAM 28 SUCCEEDED 22 10.0.0.10:8080
2019-03-14 14:18:05 1552573085.58 650 CIRC 26 EXTENDED $6A6E7C24F76D329AD7CD8ADE6A85FED04599C481~test005r,$061371C5364597F0EFAB5442C53661A1F1F3C0FF~test003r BUILD_FLAGS=IS_INTERNAL,NEED_CAPACITY,NEED_UPTIME PURPOSE=GENERAL TIME_CREATED=2019-03-14T14:18:05.343007
2019-03-14 14:18:05 1552573085.71 650 CIRC 26 EXTENDED $6A6E7C24F76D329AD7CD8ADE6A85FED04599C481~test005r,$061371C5364597F0EFAB5442C53661A1F1F3C0FF~test003r,$B024F25975191D4F1270299C02A6CB9D615A3B2A~test000a BUILD_FLAGS=IS_INTERNAL,NEED_CAPACITY,NEED_UPTIME PURPOSE=GENERAL TIME_CREATED=2019-03-14T14:18:05.343007
2019-03-14 14:18:05 1552573085.71 650 CIRC 26 BUILT $6A6E7C24F76D329AD7CD8ADE6A85FED04599C481~test005r,$061371C5364597F0EFAB5442C53661A1F1F3C0FF~test003r,$B024F25975191D4F1270299C02A6CB9D615A3B2A~test000a BUILD_FLAGS=IS_INTERNAL,NEED_CAPACITY,NEED_UPTIME PURPOSE=GENERAL TIME_CREATED=2019-03-14T14:18:05.343007
2019-03-14 14:18:06 1552573086.34 650 BW 169056 157743
2019-03-14 14:18:06 1552573086.34 650 STREAM_BW 28 61 214728
2019-03-14 14:18:06 1552573086.34 650 CONN_BW ID=18 TYPE=OR READ=1629 WRITTEN=1629
2019-03-14 14:18:06 1552573086.34 650 CONN_BW ID=26 TYPE=OR READ=233116 WRITTEN=6943
2019-03-14 14:18:06 1552573086.34 650 CIRC_BW ID=22 READ=61 WRITTEN=214728
2019-03-14 14:18:06 1552573086.34 650 CELL_STATS ID=22 OutboundQueue=3018034124 OutboundConn=5 OutboundRemoved=relay:8,relay_early:5 OutboundTime=relay:0,relay_early:0
2019-03-14 14:18:06 1552573086.34 650 CELL_STATS ID=26 OutboundQueue=4122623635 OutboundConn=3 OutboundRemoved=create_fast:1,relay_early:2 OutboundTime=create_fast:0,relay_early:0
2019-03-14 14:18:07 1552573087.34 650 BW 1113105 1098229
2019-03-14 14:18:07 1552573087.34 650 STREAM_BW 28 0 1108102
2019-03-14 14:18:07 1552573087.34 650 CONN_BW ID=26 TYPE=OR READ=1162078 WRITTEN=35743
2019-03-14 14:18:07 1552573087.34 650 CIRC_BW ID=22 READ=0 WRITTEN=1108102
2019-03-14 14:18:07 1552573087.34 650 CELL_STATS ID=22 OutboundQueue=3018034124 OutboundConn=5 OutboundRemoved=relay:67 OutboundTime=relay:0
2019-03-14 14:18:08 1552573088.34 650 BW 1192169 1173447
2019-03-14 14:18:08 1552573088.34 650 STREAM_BW 28 0 1139424
2019-03-14 14:18:08 1552573088.34 650 CONN_BW ID=26 TYPE=OR READ=1191636 WRITTEN=36800
2019-03-14 14:18:08 1552573088.34 650 CIRC_BW ID=22 READ=0 WRITTEN=1139424
2019-03-14 14:18:08 1552573088.34 650 CELL_STATS ID=22 OutboundQueue=3018034124 OutboundConn=5 OutboundRemoved=relay:69 OutboundTime=relay:0
2019-03-14 14:18:09 1552573089.34 650 BW 1194157 1179966
2019-03-14 14:18:09 1552573089.34 650 STREAM_BW 28 0 1141914
2019-03-14 14:18:09 1552573089.34 650 CONN_BW ID=26 TYPE=OR READ=1192080 WRITTEN=36800
2019-03-14 14:18:09 1552573089.34 650 CIRC_BW ID=22 READ=0 WRITTEN=1141914
2019-03-14 14:18:09 1552573089.34 650 CELL_STATS ID=22 OutboundQueue=3018034124 OutboundConn=5 OutboundRemoved=relay:69 OutboundTime=relay:0
2019-03-14 14:18:10 1552573090.34 650 BW 1191475 1176480
2019-03-14 14:18:10 1552573090.34 650 STREAM_BW 28 0 1140918
2019-03-14 14:18:10 1552573090.34 650 CONN_BW ID=26 TYPE=OR READ=1192364 WRITTEN=36257
2019-03-14 14:18:10 1552573090.34 650 CIRC_BW ID=22 READ=0 WRITTEN=1140918
2019-03-14 14:18:10 1552573090.34 650 CELL_STATS ID=22 OutboundQueue=3018034124 OutboundConn=5 OutboundRemoved=relay:68 OutboundTime=relay:0
2019-03-14 14:18:10 1552573090.78 650 STREAM_BW 28 0 497502
2019-03-14 14:18:10 1552573090.78 650 STREAM 28 CLOSED 22 10.0.0.10:8080 REASON=END REMOTE_REASON=DONE
2019-03-14 14:18:10 1552573090.78 650 STREAM 29 NEW 0 10.0.0.10:8080 SOURCE_ADDR=127.0.0.1:58578 PURPOSE=USER
2019-03-14 14:18:10 1552573090.78 650 STREAM 29 SENTCONNECT 22 10.0.0.10:8080
2019-03-14 14:18:11 1552573091.13 650 STREAM 29 REMAP 22 10.0.0.10:8080 SOURCE=EXIT
2019-03-14 14:18:11 1552573091.13 650 STREAM 29 SUCCEEDED 22 10.0.0.10:8080
2019-03-14 14:18:11 1552573091.34 650 BW 639149 633905
2019-03-14 14:18:11 1552573091.34 650 STREAM_BW 29 74 12
2019-03-14 14:18:11 1552573091.34 650 CONN_BW ID=26 TYPE=OR READ=520612 WRITTEN=17086
2019-03-14 14:18:11 1552573091.34 650 CIRC_BW ID=22 READ=61 WRITTEN=995014
2019-03-14 14:18:11 1552573091.34 650 CELL_STATS ID=22 OutboundQueue=3018034124 OutboundConn=5 OutboundRemoved=relay:32 OutboundTime=relay:0
2019-03-14 14:18:12 1552573092.34 650 BW 679338 657364
2019-03-14 14:18:12 1552573092.34 650 STREAM_BW 29 0 753582
2019-03-14 14:18:12 1552573092.34 650 CONN_BW ID=26 TYPE=OR READ=798839 WRITTEN=24319
2019-03-14 14:18:12 1552573092.34 650 CIRC_BW ID=22 READ=0 WRITTEN=753582
2019-03-14 14:18:12 1552573092.34 650 CELL_STATS ID=22 OutboundQueue=3018034124 OutboundConn=5 OutboundRemoved=relay:45 OutboundTime=relay:0
2019-03-14 14:18:13 1552573093.34 650 BW 1192279 1178093
2019-03-14 14:18:13 1552573093.34 650 STREAM_BW 29 0 1138926
2019-03-14 14:18:13 1552573093.34 650 CONN_BW ID=26 TYPE=OR READ=1193967 WRITTEN=37467
2019-03-14 14:18:13 1552573093.34 650 CIRC_BW ID=22 READ=0 WRITTEN=1138926
2019-03-14 14:18:13 1552573093.34 650 CELL_STATS ID=22 OutboundQueue=3018034124 OutboundConn=5 OutboundRemoved=relay:69 OutboundTime=relay:0
2019-03-14 14:18:14 1552573094.34 650 BW 1194712 1181629
2019-03-14 14:18:14 1552573094.34 650 STREAM_BW 29 0 1139922
2019-03-14 14:18:14 1552573094.34 650 CONN_BW ID=26 TYPE=OR READ=1190509 WRITTEN=37467
2019-03-14 14:18:14 1552573094.34 650 CIRC_BW ID=22 READ=0 WRITTEN=1139922
2019-03-14 14:18:14 1552573094.34 650 CELL_STATS ID=22 OutboundQueue=3018034124 OutboundConn=5 OutboundRemoved=relay:69 OutboundTime=relay:0
2019-03-14 14:18:15 1552573095.34 650 BW 1191514 1176649
2019-03-14 14:18:15 1552573095.34 650 STREAM_BW 29 0 1142910
2019-03-14 14:18:15 1552573095.34 650 CONN_BW ID=26 TYPE=OR READ=1194410 WRITTEN=37467
2019-03-14 14:18:15 1552573095.34 650 CIRC_BW ID=22 READ=0 WRITTEN=1142910
2019-03-14 14:18:15 1552573095.34 650 CELL_STATS ID=22 OutboundQueue=3018034124 OutboundConn=5 OutboundRemoved=relay:69 OutboundTime=relay:0
2019-03-14 14:18:16 1552573096.31 650 STREAM_BW 29 0 1067214
2019-03-14 14:18:16 1552573096.31 650 STREAM 29 CLOSED 22 10.0.0.10:8080 REASON=END REMOTE_REASON=DONE
2019-03-14 14:18:16 1552573096.31 650 STREAM 30 NEW 0 10.0.0.10:8080 SOURCE_ADDR=127.0.0.1:58608 PURPOSE=USER
2019-03-14 14:18:16 1552573096.31 650 STREAM 30 SENTCONNECT 22 10.0.0.10:8080
2019-03-14 14:18:16 1552573096.34 650 BW 1195858 1184617
2019-03-14 14:18:16 1552573096.34 650 STREAM_BW 30 13 2
2019-03-14 14:18:16 1552573096.34 650 CONN_BW ID=26 TYPE=OR READ=1114559 WRITTEN=35295
2019-03-14 14:18:16 1552573096.34 650 CIRC_BW ID=22 READ=0 WRITTEN=2134428
2019-03-14 14:18:16 1552573096.34 650 CELL_STATS ID=22 OutboundQueue=3018034124 OutboundConn=5 OutboundRemoved=relay:65 OutboundTime=relay:0
2019-03-14 14:18:16 1552573096.75 650 STREAM 30 REMAP 22 10.0.0.10:8080 SOURCE=EXIT
2019-03-14 14:18:16 1552573096.75 650 STREAM 30 SUCCEEDED 22 10.0.0.10:8080
2019-03-14 14:18:17 1552573097.34 650 BW 98871 94391
2019-03-14 14:18:17 1552573097.34 650 STREAM_BW 30 61 95992
2019-03-14 14:18:17 1552573097.34 650 CONN_BW ID=26 TYPE=OR READ=107126 WRITTEN=3801
2019-03-14 14:18:17 1552573097.34 650 CIRC_BW ID=22 READ=61 WRITTEN=95992
2019-03-14 14:18:17 1552573097.34 650 CELL_STATS ID=22 OutboundQueue=3018034124 OutboundConn=5 OutboundRemoved=relay:7 OutboundTime=relay:0
2019-03-14 14:18:18 1552573098.34 650 STREAM 32 NEW 0 10.0.0.9.$8C51C4B44475B7428A6B583F55FF4F5CEC7BB097.exit:5007 PURPOSE=DIR_FETCH
2019-03-14 14:18:18 1552573098.34 650 CIRC 27 LAUNCHED BUILD_FLAGS=ONEHOP_TUNNEL,IS_INTERNAL,NEED_CAPACITY PURPOSE=GENERAL TIME_CREATED=2019-03-14T14:18:18.338682
2019-03-14 14:18:18 1552573098.34 650 ORCONN $8C51C4B44475B7428A6B583F55FF4F5CEC7BB097~test007r LAUNCHED ID=33
2019-03-14 14:18:18 1552573098.34 650 BW 1069072 1046962
2019-03-14 14:18:18 1552573098.34 650 STREAM_BW 30 0 1086876
2019-03-14 14:18:18 1552573098.34 650 STREAM_BW 32 155 0
2019-03-14 14:18:18 1552573098.34 650 CONN_BW ID=26 TYPE=OR READ=1140594 WRITTEN=35179
2019-03-14 14:18:18 1552573098.34 650 CIRC_BW ID=22 READ=0 WRITTEN=1086876
2019-03-14 14:18:18 1552573098.34 650 CELL_STATS ID=22 OutboundQueue=3018034124 OutboundConn=5 OutboundRemoved=relay:65 OutboundTime=relay:0
2019-03-14 14:18:19 1552573099.17 650 ORCONN $8C51C4B44475B7428A6B583F55FF4F5CEC7BB097~test007r CONNECTED ID=33
2019-03-14 14:18:19 1552573099.34 650 BW 1192455 1177461
2019-03-14 14:18:19 1552573099.34 650 STREAM_BW 30 0 1135938
2019-03-14 14:18:19 1552573099.34 650 CONN_BW ID=26 TYPE=OR READ=1190426 WRITTEN=37467
2019-03-14 14:18:19 1552573099.34 650 CONN_BW ID=33 TYPE=OR READ=1523 WRITTEN=1397
2019-03-14 14:18:19 1552573099.34 650 CIRC_BW ID=22 READ=0 WRITTEN=1135938
2019-03-14 14:18:19 1552573099.34 650 CELL_STATS ID=22 OutboundQueue=3018034124 OutboundConn=5 OutboundRemoved=relay:69 OutboundTime=relay:0
2019-03-14 14:18:19 1552573099.34 650 CELL_STATS ID=27 OutboundQueue=2357008186 OutboundConn=6 OutboundRemoved=create_fast:1 OutboundTime=create_fast:0
2019-03-14 14:18:19 1552573099.35 650 CIRC 27 EXTENDED $8C51C4B44475B7428A6B583F55FF4F5CEC7BB097~test007r BUILD_FLAGS=ONEHOP_TUNNEL,IS_INTERNAL,NEED_CAPACITY PURPOSE=GENERAL TIME_CREATED=2019-03-14T14:18:18.338682
2019-03-14 14:18:19 1552573099.35 650 CIRC 27 BUILT $8C51C4B44475B7428A6B583F55FF4F5CEC7BB097~test007r BUILD_FLAGS=ONEHOP_TUNNEL,IS_INTERNAL,NEED_CAPACITY PURPOSE=GENERAL TIME_CREATED=2019-03-14T14:18:18.338682
2019-03-14 14:18:19 1552573099.35 650 STREAM 32 SENTCONNECT 27 10.0.0.9.$8C51C4B44475B7428A6B583F55FF4F5CEC7BB097.exit:5007
2019-03-14 14:18:19 1552573099.52 650 STREAM 32 SUCCEEDED 27 10.0.0.9.$8C51C4B44475B7428A6B583F55FF4F5CEC7BB097.exit:5007
2019-03-14 14:18:19 1552573099.74 650 STREAM 32 CLOSED 27 10.0.0.9.$8C51C4B44475B7428A6B583F55FF4F5CEC7BB097.exit:5007 REASON=END REMOTE_REASON=DONE
2019-03-14 14:18:20 1552573100.34 650 BW 1195221 1180477
2019-03-14 14:18:20 1552573100.34 650 STREAM_BW 30 0 1142412
2019-03-14 14:18:20 1552573100.34 650 CONN_BW ID=26 TYPE=OR READ=1191817 WRITTEN=37467
2019-03-14 14:18:20 1552573100.34 650 CONN_BW ID=33 TYPE=OR READ=2172 WRITTEN=1057
2019-03-14 14:18:20 1552573100.34 650 CIRC_BW ID=22 READ=0 WRITTEN=1142412
2019-03-14 14:18:20 1552573100.34 650 CELL_STATS ID=22 OutboundQueue=3018034124 OutboundConn=5 OutboundRemoved=relay:69 OutboundTime=relay:0
2019-03-14 14:18:20 1552573100.34 650 CELL_STATS ID=27 OutboundQueue=2357008186 OutboundConn=6 OutboundRemoved=relay:2 OutboundTime=relay:0
2019-03-14 14:18:21 1552573101.34 650 BW 1196160 1181288
2019-03-14 14:18:21 1552573101.34 650 STREAM_BW 30 0 1141914
2019-03-14 14:18:21 1552573101.34 650 CONN_BW ID=26 TYPE=OR READ=1196969 WRITTEN=37467
2019-03-14 14:18:21 1552573101.34 650 CIRC_BW ID=22 READ=0 WRITTEN=1141914
2019-03-14 14:18:21 1552573101.34 650 CELL_STATS ID=22 OutboundQueue=3018034124 OutboundConn=5 OutboundRemoved=relay:69 OutboundTime=relay:0
2019-03-14 14:18:21 1552573101.34 650 CIRC 1 CLOSED $B024F25975191D4F1270299C02A6CB9D615A3B2A~test000a BUILD_FLAGS=ONEHOP_TUNNEL,IS_INTERNAL,NEED_CAPACITY PURPOSE=GENERAL TIME_CREATED=2019-03-14T14:17:19.302233 REASON=FINISHED
2019-03-14 14:18:21 1552573101.34 650 CIRC 2 CLOSED $B9CB953C2F75DA6A9E9AB0011E3F811D87A03E94~test001a BUILD_FLAGS=ONEHOP_TUNNEL,IS_INTERNAL,NEED_CAPACITY PURPOSE=GENERAL TIME_CREATED=2019-03-14T14:17:20.383646 REASON=FINISHED
2019-03-14 14:18:21 1552573101.91 650 STREAM_BW 30 0 639833
2019-03-14 14:18:21 1552573101.91 650 STREAM 30 CLOSED 22 10.0.0.10:8080 REASON=END REMOTE_REASON=DONE
2019-03-14 14:18:21 1552573101.91 650 STREAM 34 NEW 0 10.0.0.10:8080 SOURCE_ADDR=127.0.0.1:58634 PURPOSE=USER
2019-03-14 14:18:21 1552573101.91 650 STREAM 34 SENTCONNECT 22 10.0.0.10:8080
2019-03-14 14:18:22 1552573102.27 650 STREAM 34 REMAP 22 10.0.0.10:8080 SOURCE=EXIT
2019-03-14 14:18:22 1552573102.27 650 STREAM 34 SUCCEEDED 22 10.0.0.10:8080
2019-03-14 14:18:22 1552573102.34 650 STREAM 36 NEW 0 10.0.0.8.$46EC3C1C356053C97D8C65B86C8238C50F4F91DF.exit:5006 PURPOSE=DIR_FETCH
2019-03-14 14:18:22 1552573102.34 650 STREAM 36 SENTCONNECT 21 10.0.0.8.$46EC3C1C356053C97D8C65B86C8238C50F4F91DF.exit:5006
2019-03-14 14:18:22 1552573102.34 650 BW 784229 780351
2019-03-14 14:18:22 1552573102.34 650 STREAM_BW 34 74 12
2019-03-14 14:18:22 1552573102.34 650 STREAM_BW 36 155 0
2019-03-14 14:18:22 1552573102.34 650 CONN_BW ID=5 TYPE=OR READ=0 WRITTEN=543
2019-03-14 14:18:22 1552573102.34 650 CONN_BW ID=10 TYPE=OR READ=0 WRITTEN=543
2019-03-14 14:18:22 1552573102.34 650 CONN_BW ID=25 TYPE=OR READ=0 WRITTEN=1057
2019-03-14 14:18:22 1552573102.34 650 CONN_BW ID=26 TYPE=OR READ=666446 WRITTEN=22263
2019-03-14 14:18:22 1552573102.34 650 CIRC_BW ID=21 READ=155 WRITTEN=0
2019-03-14 14:18:22 1552573102.34 650 CIRC_BW ID=22 READ=61 WRITTEN=1279676
2019-03-14 14:18:22 1552573102.34 650 CELL_STATS ID=21 OutboundQueue=3164280407 OutboundConn=4 OutboundRemoved=relay:2 OutboundTime=relay:0
2019-03-14 14:18:22 1552573102.34 650 CELL_STATS ID=22 OutboundQueue=3018034124 OutboundConn=5 OutboundRemoved=relay:41 OutboundTime=relay:0
2019-03-14 14:18:22 1552573102.46 650 STREAM 36 SUCCEEDED 21 10.0.0.8.$46EC3C1C356053C97D8C65B86C8238C50F4F91DF.exit:5006
2019-03-14 14:18:22 1552573102.58 650 STREAM 36 CLOSED 21 10.0.0.8.$46EC3C1C356053C97D8C65B86C8238C50F4F91DF.exit:5006 REASON=END REMOTE_REASON=DONE
2019-03-14 14:18:22 1552573102.58 650 STATUS_CLIENT NOTICE CONSENSUS_ARRIVED
2019-03-14 14:18:22 1552573102.58 650+NEWCONSENSUS
r test003r BhNxxTZFl/Dvq1RCxTZhofHzwP8 TdQQR5dZVdNlMNq6Y05P5ewwb68 2019-03-14 14:16:56 10.0.0.5 5003 7003
s Exit Fast Guard HSDir Running Stable V2Dir Valid
w Bandwidth=0
r test002a CNgj3BcIPs9BgJ73EKF3qvE3cvQ xUG7OhaKduISA/U0ORKS6oldJYM 2019-03-14 14:16:58 10.0.0.4 5002 7002
s Authority Exit Fast Guard HSDir Running V2Dir Valid
w Bandwidth=0
r test006r Ruw8HDVgU8l9jGW4bII4xQ9Pkd8 2SdRxfAL6dSUIN45zqWJ8+dk0oc 2019-03-14 14:16:57 10.0.0.8 5006 7006
s Exit Fast Guard HSDir Running V2Dir Valid
w Bandwidth=0
r test004r WhFuf3CXncXy4yO2P3gvXtYZQUQ xHK3Mu2i1EOvX+7d4NkL6DXehuk 2019-03-14 14:16:56 10.0.0.6 5004 7004
s Exit Fast Guard HSDir Running Stable V2Dir Valid
w Bandwidth=0
r test005r am58JPdtMprXzYreaoX+0EWZxIE nQimpCl3FgIjWGFBXEObQwWloNY 2019-03-14 14:16:56 10.0.0.7 5005 7005
s Exit Fast Guard HSDir Running Stable V2Dir Valid
w Bandwidth=0
r test007r jFHEtER1t0KKa1g/Vf9PXOx7sJc U86/51tJ175v0QEwuY7HghRG05I 2019-03-14 14:16:57 10.0.0.9 5007 7007
s Exit Fast Guard HSDir Running V2Dir Valid
w Bandwidth=0
r test000a sCTyWXUZHU8ScCmcAqbLnWFaOyo CXp8VpQWfURRPzsAD//llkYaEwI 2019-03-14 14:17:01 10.0.0.2 5000 7000
s Authority Exit Fast Guard HSDir Running Stable V2Dir Valid
w Bandwidth=0
r test001a ucuVPC912mqemrABHj+BHYegPpQ O2GACFfTh7laDV7TAgVMybBLgT4 2019-03-14 14:16:59 10.0.0.3 5001 7001
s Authority Exit Fast Guard HSDir Running Stable V2Dir Valid
w Bandwidth=0
.
650 OK
2019-03-14 14:18:22 1552573102.58 650 CONN_BW ID=35 TYPE=DIR READ=2379 WRITTEN=0
2019-03-14 14:18:23 1552573103.34 650 BW 541368 521826
2019-03-14 14:18:23 1552573103.34 650 STREAM_BW 34 0 613054
2019-03-14 14:18:23 1552573103.34 650 CONN_BW ID=25 TYPE=OR READ=3685 WRITTEN=0
2019-03-14 14:18:23 1552573103.34 650 CONN_BW ID=26 TYPE=OR READ=654065 WRITTEN=20489
2019-03-14 14:18:23 1552573103.34 650 CIRC_BW ID=22 READ=0 WRITTEN=613054
2019-03-14 14:18:23 1552573103.34 650 CELL_STATS ID=22 OutboundQueue=3018034124 OutboundConn=5 OutboundRemoved=relay:38 OutboundTime=relay:0
2019-03-14 14:18:24 1552573104.34 650 BW 1191601 1176691
2019-03-14 14:18:24 1552573104.34 650 STREAM_BW 34 0 1143906
2019-03-14 14:18:24 1552573104.34 650 CONN_BW ID=26 TYPE=OR READ=1194799 WRITTEN=36924
2019-03-14 14:18:24 1552573104.34 650 CIRC_BW ID=22 READ=0 WRITTEN=1143906
2019-03-14 14:18:24 1552573104.34 650 CELL_STATS ID=22 OutboundQueue=3018034124 OutboundConn=5 OutboundRemoved=relay:68 OutboundTime=relay:0
2019-03-14 14:18:25 1552573105.34 650 BW 1191816 1177645
2019-03-14 14:18:25 1552573105.34 650 STREAM_BW 34 0 1138428
2019-03-14 14:18:25 1552573105.34 650 CONN_BW ID=26 TYPE=OR READ=1191601 WRITTEN=36924
2019-03-14 14:18:25 1552573105.34 650 CIRC_BW ID=22 READ=0 WRITTEN=1138428
2019-03-14 14:18:25 1552573105.34 650 CELL_STATS ID=22 OutboundQueue=3018034124 OutboundConn=5 OutboundRemoved=relay:68 OutboundTime=relay:0
2019-03-14 14:18:26 1552573106.34 650 BW 1194497 1180633
2019-03-14 14:18:26 1552573106.34 650 STREAM_BW 34 0 1139424
2019-03-14 14:18:26 1552573106.34 650 CONN_BW ID=26 TYPE=OR READ=1191601 WRITTEN=37467
2019-03-14 14:18:26 1552573106.34 650 CIRC_BW ID=22 READ=0 WRITTEN=1139424
2019-03-14 14:18:26 1552573106.34 650 CELL_STATS ID=22 OutboundQueue=3018034124 OutboundConn=5 OutboundRemoved=relay:69 OutboundTime=relay:0
2019-03-14 14:18:27 1552573107.34 650 BW 1193049 1180588
2019-03-14 14:18:27 1552573107.34 650 STREAM_BW 34 0 1143408
2019-03-14 14:18:27 1552573107.34 650 CONN_BW ID=26 TYPE=OR READ=1194712 WRITTEN=37467
2019-03-14 14:18:27 1552573107.34 650 CIRC_BW ID=22 READ=0 WRITTEN=1143408
2019-03-14 14:18:27 1552573107.34 650 CELL_STATS ID=22 OutboundQueue=3018034124 OutboundConn=5 OutboundRemoved=relay:69 OutboundTime=relay:0
2019-03-14 14:18:27 1552573107.47 650 STREAM_BW 34 0 63744
2019-03-14 14:18:27 1552573107.47 650 STREAM 34 CLOSED 22 10.0.0.10:8080 REASON=END REMOTE_REASON=DONE
2019-03-14 14:18:27 1552573107.47 650 STREAM 37 NEW 0 10.0.0.10:8080 SOURCE_ADDR=127.0.0.1:58654 PURPOSE=USER
2019-03-14 14:18:27 1552573107.47 650 STREAM 37 SENTCONNECT 22 10.0.0.10:8080
2019-03-14 14:18:27 1552573107.88 650 STREAM 37 REMAP 22 10.0.0.10:8080 SOURCE=EXIT
2019-03-14 14:18:27 1552573107.88 650 STREAM 37 SUCCEEDED 22 10.0.0.10:8080
2019-03-14 14:18:28 1552573108.34 650 BW 199346 195100
2019-03-14 14:18:28 1552573108.34 650 STREAM_BW 37 74 39146
2019-03-14 14:18:28 1552573108.34 650 CONN_BW ID=26 TYPE=OR READ=111161 WRITTEN=4344
2019-03-14 14:18:28 1552573108.34 650 CIRC_BW ID=22 READ=61 WRITTEN=166632
2019-03-14 14:18:28 1552573108.34 650 CELL_STATS ID=22 OutboundQueue=3018034124 OutboundConn=5 OutboundRemoved=relay:8 OutboundTime=relay:0
2019-03-14 14:18:29 1552573109.34 650 BW 971056 949827
2019-03-14 14:18:29 1552573109.34 650 STREAM_BW 37 0 1004366
2019-03-14 14:18:29 1552573109.34 650 CONN_BW ID=26 TYPE=OR READ=1060355 WRITTEN=33550
2019-03-14 14:18:29 1552573109.34 650 CIRC_BW ID=22 READ=0 WRITTEN=1004366
2019-03-14 14:18:29 1552573109.34 650 CELL_STATS ID=22 OutboundQueue=3018034124 OutboundConn=5 OutboundRemoved=relay:62 OutboundTime=relay:0
2019-03-14 14:18:30 1552573110.34 650 BW 1191924 1177643
2019-03-14 14:18:30 1552573110.34 650 STREAM_BW 37 0 1139922
2019-03-14 14:18:30 1552573110.34 650 CONN_BW ID=26 TYPE=OR READ=1191775 WRITTEN=37467
2019-03-14 14:18:30 1552573110.34 650 CIRC_BW ID=22 READ=0 WRITTEN=1139922
2019-03-14 14:18:30 1552573110.34 650 CELL_STATS ID=22 OutboundQueue=3018034124 OutboundConn=5 OutboundRemoved=relay:69 OutboundTime=relay:0
2019-03-14 14:18:31 1552573111.34 650 BW 1194477 1177147
2019-03-14 14:18:31 1552573111.34 650 STREAM_BW 37 0 1141416
2019-03-14 14:18:31 1552573111.34 650 CONN_BW ID=26 TYPE=OR READ=1193223 WRITTEN=36924
2019-03-14 14:18:31 1552573111.34 650 CIRC_BW ID=22 READ=0 WRITTEN=1141416
2019-03-14 14:18:31 1552573111.34 650 CELL_STATS ID=22 OutboundQueue=3018034124 OutboundConn=5 OutboundRemoved=relay:68 OutboundTime=relay:0
2019-03-14 14:18:32 1552573112.34 650 BW 1194671 1181131
2019-03-14 14:18:32 1552573112.34 650 STREAM_BW 37 0 1140918
2019-03-14 14:18:32 1552573112.34 650 CONN_BW ID=26 TYPE=OR READ=1193438 WRITTEN=36924
2019-03-14 14:18:32 1552573112.34 650 CIRC_BW ID=22 READ=0 WRITTEN=1140918
2019-03-14 14:18:32 1552573112.34 650 CELL_STATS ID=22 OutboundQueue=3018034124 OutboundConn=5 OutboundRemoved=relay:68 OutboundTime=relay:0
2019-03-14 14:18:33 1552573113.03 650 STREAM_BW 37 0 776382
2019-03-14 14:18:33 1552573113.03 650 STREAM 37 CLOSED 22 10.0.0.10:8080 REASON=END REMOTE_REASON=DONE
2019-03-14 14:18:33 1552573113.03 650 STREAM 38 NEW 0 10.0.0.10:8080 SOURCE_ADDR=127.0.0.1:58678 PURPOSE=USER
2019-03-14 14:18:33 1552573113.03 650 STREAM 38 SENTCONNECT 22 10.0.0.10:8080
2019-03-14 14:18:33 1552573113.34 650 BW 927248 918276
2019-03-14 14:18:33 1552573113.34 650 STREAM_BW 38 13 2
2019-03-14 14:18:33 1552573113.34 650 CONN_BW ID=26 TYPE=OR READ=809947 WRITTEN=26607
2019-03-14 14:18:33 1552573113.34 650 CIRC_BW ID=22 READ=0 WRITTEN=1552764
2019-03-14 14:18:33 1552573113.34 650 CELL_STATS ID=22 OutboundQueue=3018034124 OutboundConn=5 OutboundRemoved=relay:49 OutboundTime=relay:0
2019-03-14 14:18:33 1552573113.39 650 STREAM 38 REMAP 22 10.0.0.10:8080 SOURCE=EXIT
2019-03-14 14:18:33 1552573113.39 650 STREAM 38 SUCCEEDED 22 10.0.0.10:8080
2019-03-14 14:18:34 1552573114.34 650 BW 392838 375862
2019-03-14 14:18:34 1552573114.34 650 STREAM_BW 38 61 474214
2019-03-14 14:18:34 1552573114.34 650 CONN_BW ID=26 TYPE=OR READ=510258 WRITTEN=16087
2019-03-14 14:18:34 1552573114.34 650 CIRC_BW ID=22 READ=61 WRITTEN=474214
2019-03-14 14:18:34 1552573114.34 650 CELL_STATS ID=22 OutboundQueue=3018034124 OutboundConn=5 OutboundRemoved=relay:30 OutboundTime=relay:0
2019-03-14 14:18:35 1552573115.34 650 BW 1175039 1160214
2019-03-14 14:18:35 1552573115.34 650 STREAM_BW 38 0 1123986
2019-03-14 14:18:35 1552573115.34 650 CONN_BW ID=26 TYPE=OR READ=1175178 WRITTEN=35975
2019-03-14 14:18:35 1552573115.34 650 CIRC_BW ID=22 READ=0 WRITTEN=1123986
2019-03-14 14:18:35 1552573115.34 650 CELL_STATS ID=22 OutboundQueue=3018034124 OutboundConn=5 OutboundRemoved=relay:67 OutboundTime=relay:0
2019-03-14 14:18:36 1552573116.34 650 BW 1179717 1167732
2019-03-14 14:18:36 1552573116.34 650 STREAM_BW 38 0 1129962
2019-03-14 14:18:36 1552573116.34 650 CONN_BW ID=26 TYPE=OR READ=1179141 WRITTEN=37032
2019-03-14 14:18:36 1552573116.34 650 CIRC_BW ID=22 READ=0 WRITTEN=1129962
2019-03-14 14:18:36 1552573116.34 650 CELL_STATS ID=22 OutboundQueue=3018034124 OutboundConn=5 OutboundRemoved=relay:69 OutboundTime=relay:0
2019-03-14 14:18:37 1552573117.34 650 BW 1192980 1176741
2019-03-14 14:18:37 1552573117.34 650 STREAM_BW 38 0 1143906
2019-03-14 14:18:37 1552573117.34 650 CONN_BW ID=26 TYPE=OR READ=1194545 WRITTEN=36518
2019-03-14 14:18:37 1552573117.34 650 CIRC_BW ID=22 READ=0 WRITTEN=1143906
2019-03-14 14:18:37 1552573117.34 650 CELL_STATS ID=22 OutboundQueue=3018034124 OutboundConn=5 OutboundRemoved=relay:68 OutboundTime=relay:0
2019-03-14 14:18:38 1552573118.34 650 BW 1189764 1174720
2019-03-14 14:18:38 1552573118.34 650 STREAM_BW 38 0 1127970
2019-03-14 14:18:38 1552573118.34 650 CONN_BW ID=26 TYPE=OR READ=1181545 WRITTEN=37061
2019-03-14 14:18:38 1552573118.34 650 CIRC_BW ID=22 READ=0 WRITTEN=1127970
2019-03-14 14:18:38 1552573118.34 650 CELL_STATS ID=22 OutboundQueue=3018034124 OutboundConn=5 OutboundRemoved=relay:69 OutboundTime=relay:0
2019-03-14 14:18:38 1552573118.35 650 STREAM 40 NEW 0 10.0.0.7.$6A6E7C24F76D329AD7CD8ADE6A85FED04599C481.exit:5005 PURPOSE=DIR_FETCH
2019-03-14 14:18:38 1552573118.35 650 CIRC 28 LAUNCHED BUILD_FLAGS=ONEHOP_TUNNEL,IS_INTERNAL,NEED_CAPACITY PURPOSE=GENERAL TIME_CREATED=2019-03-14T14:18:38.349097
2019-03-14 14:18:38 1552573118.51 650 CIRC 28 EXTENDED $6A6E7C24F76D329AD7CD8ADE6A85FED04599C481~test005r BUILD_FLAGS=ONEHOP_TUNNEL,IS_INTERNAL,NEED_CAPACITY PURPOSE=GENERAL TIME_CREATED=2019-03-14T14:18:38.349097
2019-03-14 14:18:38 1552573118.51 650 CIRC 28 BUILT $6A6E7C24F76D329AD7CD8ADE6A85FED04599C481~test005r BUILD_FLAGS=ONEHOP_TUNNEL,IS_INTERNAL,NEED_CAPACITY PURPOSE=GENERAL TIME_CREATED=2019-03-14T14:18:38.349097
2019-03-14 14:18:38 1552573118.51 650 STREAM 40 SENTCONNECT 28 10.0.0.7.$6A6E7C24F76D329AD7CD8ADE6A85FED04599C481.exit:5005
2019-03-14 14:18:38 1552573118.55 650 STREAM_BW 38 0 242927
2019-03-14 14:18:38 1552573118.55 650 STREAM 38 CLOSED 22 10.0.0.10:8080 REASON=END REMOTE_REASON=DONE
2019-03-14 14:18:38 1552573118.55 650 STREAM 41 NEW 0 10.0.0.10:8080 SOURCE_ADDR=127.0.0.1:58716 PURPOSE=USER
2019-03-14 14:18:38 1552573118.55 650 STREAM 41 SENTCONNECT 22 10.0.0.10:8080
2019-03-14 14:18:38 1552573118.62 650 STREAM 40 SUCCEEDED 28 10.0.0.7.$6A6E7C24F76D329AD7CD8ADE6A85FED04599C481.exit:5005
2019-03-14 14:18:38 1552573118.74 650 STREAM_BW 40 155 0
2019-03-14 14:18:38 1552573118.74 650 STREAM 40 CLOSED 28 10.0.0.7.$6A6E7C24F76D329AD7CD8ADE6A85FED04599C481.exit:5005 REASON=END REMOTE_REASON=DONE
2019-03-14 14:18:38 1552573118.74 650 STATUS_CLIENT NOTICE CONSENSUS_ARRIVED
2019-03-14 14:18:38 1552573118.75 650+NEWCONSENSUS
r test003r BhNxxTZFl/Dvq1RCxTZhofHzwP8 TdQQR5dZVdNlMNq6Y05P5ewwb68 2019-03-14 14:16:56 10.0.0.5 5003 7003
s Exit Fast Guard HSDir Running Stable V2Dir Valid
w Bandwidth=0
r test002a CNgj3BcIPs9BgJ73EKF3qvE3cvQ xUG7OhaKduISA/U0ORKS6oldJYM 2019-03-14 14:16:58 10.0.0.4 5002 7002
s Authority Exit Fast Guard HSDir Running V2Dir Valid
w Bandwidth=0
r test006r Ruw8HDVgU8l9jGW4bII4xQ9Pkd8 2SdRxfAL6dSUIN45zqWJ8+dk0oc 2019-03-14 14:16:57 10.0.0.8 5006 7006
s Exit Fast Guard HSDir Running V2Dir Valid
w Bandwidth=0
r test004r WhFuf3CXncXy4yO2P3gvXtYZQUQ xHK3Mu2i1EOvX+7d4NkL6DXehuk 2019-03-14 14:16:56 10.0.0.6 5004 7004
s Exit Fast Guard HSDir Running Stable V2Dir Valid
w Bandwidth=0
r test005r am58JPdtMprXzYreaoX+0EWZxIE nQimpCl3FgIjWGFBXEObQwWloNY 2019-03-14 14:16:56 10.0.0.7 5005 7005
s Exit Fast Guard HSDir Running Stable V2Dir Valid
w Bandwidth=0
r test007r jFHEtER1t0KKa1g/Vf9PXOx7sJc U86/51tJ175v0QEwuY7HghRG05I 2019-03-14 14:16:57 10.0.0.9 5007 7007
s Exit Fast Guard HSDir Running V2Dir Valid
w Bandwidth=0
r test000a sCTyWXUZHU8ScCmcAqbLnWFaOyo CXp8VpQWfURRPzsAD//llkYaEwI 2019-03-14 14:17:01 10.0.0.2 5000 7000
s Authority Exit Fast Guard HSDir Running Stable V2Dir Valid
w Bandwidth=0
r test001a ucuVPC912mqemrABHj+BHYegPpQ O2GACFfTh7laDV7TAgVMybBLgT4 2019-03-14 14:16:59 10.0.0.3 5001 7001
s Authority Exit Fast Guard HSDir Running Stable V2Dir Valid
w Bandwidth=0
.
650 OK
2019-03-14 14:18:38 1552573118.75 650 CONN_BW ID=39 TYPE=DIR READ=2410 WRITTEN=0
2019-03-14 14:18:38 1552573118.97 650 STREAM 41 REMAP 22 10.0.0.10:8080 SOURCE=EXIT
2019-03-14 14:18:38 1552573118.97 650 STREAM 41 SUCCEEDED 22 10.0.0.10:8080
2019-03-14 14:18:39 1552573119.34 650 BW 380804 377110
2019-03-14 14:18:39 1552573119.34 650 STREAM_BW 41 74 21770
2019-03-14 14:18:39 1552573119.34 650 CONN_BW ID=18 TYPE=OR READ=4228 WRITTEN=1600
2019-03-14 14:18:39 1552573119.34 650 CONN_BW ID=26 TYPE=OR READ=279144 WRITTEN=9144
2019-03-14 14:18:39 1552573119.34 650 CIRC_BW ID=22 READ=61 WRITTEN=507622
2019-03-14 14:18:39 1552573119.34 650 CIRC_BW ID=28 READ=155 WRITTEN=0
2019-03-14 14:18:39 1552573119.34 650 CELL_STATS ID=22 OutboundQueue=3018034124 OutboundConn=5 OutboundRemoved=relay:17 OutboundTime=relay:0
2019-03-14 14:18:39 1552573119.34 650 CELL_STATS ID=28 OutboundQueue=2671624802 OutboundConn=3 OutboundRemoved=relay:2,create_fast:1 OutboundTime=relay:0,create_fast:0
2019-03-14 14:18:40 1552573120.34 650 BW 850357 829449
2019-03-14 14:18:40 1552573120.34 650 STREAM_BW 41 0 907120
2019-03-14 14:18:40 1552573120.34 650 CONN_BW ID=26 TYPE=OR READ=957533 WRITTEN=29459
2019-03-14 14:18:40 1552573120.34 650 CIRC_BW ID=22 READ=0 WRITTEN=907120
2019-03-14 14:18:40 1552573120.34 650 CELL_STATS ID=22 OutboundQueue=3018034124 OutboundConn=5 OutboundRemoved=relay:55 OutboundTime=relay:0
2019-03-14 14:18:41 1552573121.34 650 BW 1183171 1170512
2019-03-14 14:18:41 1552573121.34 650 STREAM_BW 41 0 1131456
2019-03-14 14:18:41 1552573121.34 650 CONN_BW ID=26 TYPE=OR READ=1183174 WRITTEN=36887
2019-03-14 14:18:41 1552573121.34 650 CIRC_BW ID=22 READ=0 WRITTEN=1131456
2019-03-14 14:18:41 1552573121.34 650 CELL_STATS ID=22 OutboundQueue=3018034124 OutboundConn=5 OutboundRemoved=relay:69 OutboundTime=relay:0
2019-03-14 14:18:42 1552573122.34 650 BW 1190139 1172583
2019-03-14 14:18:42 1552573122.34 650 STREAM_BW 41 0 1138926
2019-03-14 14:18:42 1552573122.34 650 CONN_BW ID=26 TYPE=OR READ=1188471 WRITTEN=36344
2019-03-14 14:18:42 1552573122.34 650 CIRC_BW ID=22 READ=0 WRITTEN=1138926
2019-03-14 14:18:42 1552573122.34 650 CELL_STATS ID=22 OutboundQueue=3018034124 OutboundConn=5 OutboundRemoved=relay:68 OutboundTime=relay:0
2019-03-14 14:18:43 1552573123.34 650 BW 1191421 1179057
2019-03-14 14:18:43 1552573123.34 650 STREAM_BW 41 0 1139922
2019-03-14 14:18:43 1552573123.34 650 CONN_BW ID=26 TYPE=OR READ=1193062 WRITTEN=36858
2019-03-14 14:18:43 1552573123.34 650 CIRC_BW ID=22 READ=0 WRITTEN=1139922
2019-03-14 14:18:43 1552573123.34 650 CELL_STATS ID=22 OutboundQueue=3018034124 OutboundConn=5 OutboundRemoved=relay:69 OutboundTime=relay:0
2019-03-14 14:18:44 1552573124.16 650 STREAM_BW 41 0 903372
2019-03-14 14:18:44 1552573124.16 650 STREAM 41 CLOSED 22 10.0.0.10:8080 REASON=END REMOTE_REASON=DONE
2019-03-14 14:18:44 1552573124.16 650 STREAM 42 NEW 0 10.0.0.10:8080 SOURCE_ADDR=127.0.0.1:58724 PURPOSE=USER
2019-03-14 14:18:44 1552573124.16 650 STREAM 42 SENTCONNECT 22 10.0.0.10:8080
2019-03-14 14:18:44 1552573124.34 650 BW 1063410 1050566
2019-03-14 14:18:44 1552573124.34 650 STREAM_BW 42 13 2
2019-03-14 14:18:44 1552573124.34 650 CONN_BW ID=26 TYPE=OR READ=943213 WRITTEN=29973
2019-03-14 14:18:44 1552573124.34 650 CIRC_BW ID=22 READ=0 WRITTEN=1806744
2019-03-14 14:18:44 1552573124.34 650 CELL_STATS ID=22 OutboundQueue=3018034124 OutboundConn=5 OutboundRemoved=relay:56 OutboundTime=relay:0
2019-03-14 14:18:44 1552573124.60 650 STREAM 42 REMAP 22 10.0.0.10:8080 SOURCE=EXIT
2019-03-14 14:18:44 1552573124.60 650 STREAM 42 SUCCEEDED 22 10.0.0.10:8080
2019-03-14 14:18:45 1552573125.34 650 BW 155827 146053
2019-03-14 14:18:45 1552573125.34 650 STREAM_BW 42 61 237896
2019-03-14 14:18:45 1552573125.34 650 CONN_BW ID=26 TYPE=OR READ=259561 WRITTEN=8029
2019-03-14 14:18:45 1552573125.34 650 CIRC_BW ID=22 READ=61 WRITTEN=237896
2019-03-14 14:18:45 1552573125.34 650 CELL_STATS ID=22 OutboundQueue=3018034124 OutboundConn=5 OutboundRemoved=relay:15 OutboundTime=relay:0
2019-03-14 14:18:46 1552573126.34 650 BW 1166801 1145793
2019-03-14 14:18:46 1552573126.34 650 STREAM_BW 42 0 1127322
2019-03-14 14:18:46 1552573126.34 650 CONN_BW ID=26 TYPE=OR READ=1182549 WRITTEN=36800
2019-03-14 14:18:46 1552573126.34 650 CIRC_BW ID=22 READ=0 WRITTEN=1127322
2019-03-14 14:18:46 1552573126.34 650 CELL_STATS ID=22 OutboundQueue=3018034124 OutboundConn=5 OutboundRemoved=relay:69 OutboundTime=relay:0
2019-03-14 14:18:47 1552573127.34 650 BW 1190463 1176978
2019-03-14 14:18:47 1552573127.34 650 STREAM_BW 42 0 1137930
2019-03-14 14:18:47 1552573127.34 650 CONN_BW ID=26 TYPE=OR READ=1190066 WRITTEN=36800
2019-03-14 14:18:47 1552573127.34 650 CIRC_BW ID=22 READ=0 WRITTEN=1137930
2019-03-14 14:18:47 1552573127.34 650 CELL_STATS ID=22 OutboundQueue=3018034124 OutboundConn=5 OutboundRemoved=relay:69 OutboundTime=relay:0
2019-03-14 14:18:48 1552573128.34 650 BW 1194128 1177974
2019-03-14 14:18:48 1552573128.34 650 STREAM_BW 42 0 1145400
2019-03-14 14:18:48 1552573128.34 650 CONN_BW ID=26 TYPE=OR READ=1193878 WRITTEN=36800
2019-03-14 14:18:48 1552573128.34 650 CIRC_BW ID=22 READ=0 WRITTEN=1145400
2019-03-14 14:18:48 1552573128.34 650 CELL_STATS ID=22 OutboundQueue=3018034124 OutboundConn=5 OutboundRemoved=relay:69 OutboundTime=relay:0
2019-03-14 14:18:49 1552573129.34 650 BW 1193135 1178472
2019-03-14 14:18:49 1552573129.34 650 STREAM_BW 42 0 1139922
2019-03-14 14:18:49 1552573129.34 650 CONN_BW ID=26 TYPE=OR READ=1193058 WRITTEN=35743
2019-03-14 14:18:49 1552573129.34 650 CIRC_BW ID=22 READ=0 WRITTEN=1139922
2019-03-14 14:18:49 1552573129.34 650 CELL_STATS ID=22 OutboundQueue=3018034124 OutboundConn=5 OutboundRemoved=relay:67 OutboundTime=relay:0
2019-03-14 14:18:49 1552573129.75 650 STREAM_BW 42 0 454495
2019-03-14 14:18:49 1552573129.75 650 STREAM 42 CLOSED 22 10.0.0.10:8080 REASON=DONE
2019-03-14 14:18:49 1552573129.76 650 STREAM 43 NEW 0 10.0.0.10:8080 SOURCE_ADDR=127.0.0.1:58754 PURPOSE=USER
2019-03-14 14:18:49 1552573129.76 650 STREAM 43 SENTCONNECT 22 10.0.0.10:8080
2019-03-14 14:18:50 1552573130.10 650 STREAM 43 REMAP 22 10.0.0.10:8080 SOURCE=EXIT
2019-03-14 14:18:50 1552573130.10 650 STREAM 43 SUCCEEDED 22 10.0.0.10:8080
2019-03-14 14:18:50 1552573130.34 650 BW 593665 590880
2019-03-14 14:18:50 1552573130.34 650 STREAM_BW 43 74 12
2019-03-14 14:18:50 1552573130.34 650 CONN_BW ID=26 TYPE=OR READ=474772 WRITTEN=17086
2019-03-14 14:18:50 1552573130.34 650 CIRC_BW ID=22 READ=61 WRITTEN=909000
2019-03-14 14:18:50 1552573130.34 650 CELL_STATS ID=22 OutboundQueue=3018034124 OutboundConn=5 OutboundRemoved=relay:32 OutboundTime=relay:0
2019-03-14 14:18:51 1552573131.34 650 BW 733676 711805
2019-03-14 14:18:51 1552573131.34 650 STREAM_BW 43 0 800476
2019-03-14 14:18:51 1552573131.34 650 CONN_BW ID=26 TYPE=OR READ=851647 WRITTEN=25861
2019-03-14 14:18:51 1552573131.34 650 CIRC_BW ID=22 READ=0 WRITTEN=800476
2019-03-14 14:18:51 1552573131.34 650 CELL_STATS ID=22 OutboundQueue=3018034124 OutboundConn=5 OutboundRemoved=relay:48 OutboundTime=relay:0
2019-03-14 14:18:52 1552573132.34 650 BW 1178749 1164283
2019-03-14 14:18:52 1552573132.34 650 STREAM_BW 43 0 1129962
2019-03-14 14:18:52 1552573132.34 650 CONN_BW ID=26 TYPE=OR READ=1180660 WRITTEN=37119
2019-03-14 14:18:52 1552573132.34 650 CIRC_BW ID=22 READ=0 WRITTEN=1129962
2019-03-14 14:18:52 1552573132.34 650 CELL_STATS ID=22 OutboundQueue=3018034124 OutboundConn=5 OutboundRemoved=relay:69 OutboundTime=relay:0
2019-03-14 14:18:52 1552573132.34 650 CIRC 19 CLOSED $5A116E7F70979DC5F2E323B63F782F5ED6194144~test004r BUILD_FLAGS=ONEHOP_TUNNEL,IS_INTERNAL,NEED_CAPACITY PURPOSE=GENERAL TIME_CREATED=2019-03-14T14:17:36.549376 REASON=FINISHED
2019-03-14 14:18:52 1552573132.34 650 CIRC 20 CLOSED $6A6E7C24F76D329AD7CD8ADE6A85FED04599C481~test005r BUILD_FLAGS=ONEHOP_TUNNEL,IS_INTERNAL,NEED_CAPACITY PURPOSE=GENERAL TIME_CREATED=2019-03-14T14:17:36.549453 REASON=FINISHED
2019-03-14 14:18:53 1552573133.34 650 BW 1171906 1157314
2019-03-14 14:18:53 1552573133.34 650 STREAM_BW 43 0 1120500
2019-03-14 14:18:53 1552573133.34 650 CONN_BW ID=17 TYPE=OR READ=0 WRITTEN=543
2019-03-14 14:18:53 1552573133.34 650 CONN_BW ID=18 TYPE=OR READ=0 WRITTEN=543
2019-03-14 14:18:53 1552573133.34 650 CONN_BW ID=26 TYPE=OR READ=1171715 WRITTEN=36062
2019-03-14 14:18:53 1552573133.34 650 CIRC_BW ID=22 READ=0 WRITTEN=1120500
2019-03-14 14:18:53 1552573133.34 650 CELL_STATS ID=22 OutboundQueue=3018034124 OutboundConn=5 OutboundRemoved=relay:67 OutboundTime=relay:0
2019-03-14 14:18:54 1552573134.34 650 BW 1166809 1155416
2019-03-14 14:18:54 1552573134.34 650 STREAM_BW 43 0 1107054
2019-03-14 14:18:54 1552573134.34 650 CONN_BW ID=26 TYPE=OR READ=1155578 WRITTEN=35519
2019-03-14 14:18:54 1552573134.34 650 CIRC_BW ID=22 READ=0 WRITTEN=1107054
2019-03-14 14:18:54 1552573134.34 650 CELL_STATS ID=22 OutboundQueue=3018034124 OutboundConn=5 OutboundRemoved=relay:66 OutboundTime=relay:0
2019-03-14 14:18:55 1552573135.30 650 STREAM_BW 43 0 1084963
2019-03-14 14:18:55 1552573135.30 650 STREAM 43 CLOSED 22 10.0.0.10:8080 REASON=DONE
2019-03-14 14:18:55 1552573135.30 650 STREAM 44 NEW 0 10.0.0.10:8080 SOURCE_ADDR=127.0.0.1:58778 PURPOSE=USER
2019-03-14 14:18:55 1552573135.30 650 STREAM 44 SENTCONNECT 22 10.0.0.10:8080
2019-03-14 14:18:55 1552573135.34 650 BW 1184571 1168815
2019-03-14 14:18:55 1552573135.34 650 STREAM_BW 44 13 2
2019-03-14 14:18:55 1552573135.34 650 CONN_BW ID=26 TYPE=OR READ=1133803 WRITTEN=36605
2019-03-14 14:18:55 1552573135.34 650 CIRC_BW ID=22 READ=0 WRITTEN=2169926
2019-03-14 14:18:55 1552573135.34 650 CELL_STATS ID=22 OutboundQueue=3018034124 OutboundConn=5 OutboundRemoved=relay:68 OutboundTime=relay:0
2019-03-14 14:18:55 1552573135.61 650 STREAM 44 REMAP 22 10.0.0.10:8080 SOURCE=EXIT
2019-03-14 14:18:55 1552573135.61 650 STREAM 44 SUCCEEDED 22 10.0.0.10:8080
2019-03-14 14:18:56 1552573136.34 650 BW 207340 199849
2019-03-14 14:18:56 1552573136.34 650 STREAM_BW 44 62 237039
2019-03-14 14:18:56 1552573136.34 650 CONN_BW ID=26 TYPE=OR READ=256698 WRITTEN=8116
2019-03-14 14:18:56 1552573136.34 650 CIRC_BW ID=22 READ=62 WRITTEN=237039
2019-03-14 14:18:56 1552573136.34 650 CELL_STATS ID=22 OutboundQueue=3018034124 OutboundConn=5 OutboundRemoved=relay:15 OutboundTime=relay:0
2019-03-14 14:18:56 1552573136.36 650 STREAM 46 NEW 0 10.0.0.5.$061371C5364597F0EFAB5442C53661A1F1F3C0FF.exit:5003 PURPOSE=DIR_FETCH
2019-03-14 14:18:56 1552573136.36 650 CIRC 29 LAUNCHED BUILD_FLAGS=ONEHOP_TUNNEL,IS_INTERNAL,NEED_CAPACITY PURPOSE=GENERAL TIME_CREATED=2019-03-14T14:18:56.358550
2019-03-14 14:18:56 1552573136.36 650 ORCONN $061371C5364597F0EFAB5442C53661A1F1F3C0FF~test003r LAUNCHED ID=47
2019-03-14 14:18:57 1552573137.15 650 ORCONN $061371C5364597F0EFAB5442C53661A1F1F3C0FF~test003r CONNECTED ID=47
2019-03-14 14:18:57 1552573137.32 650 CIRC 29 EXTENDED $061371C5364597F0EFAB5442C53661A1F1F3C0FF~test003r BUILD_FLAGS=ONEHOP_TUNNEL,IS_INTERNAL,NEED_CAPACITY PURPOSE=GENERAL TIME_CREATED=2019-03-14T14:18:56.358550
2019-03-14 14:18:57 1552573137.32 650 CIRC 29 BUILT $061371C5364597F0EFAB5442C53661A1F1F3C0FF~test003r BUILD_FLAGS=ONEHOP_TUNNEL,IS_INTERNAL,NEED_CAPACITY PURPOSE=GENERAL TIME_CREATED=2019-03-14T14:18:56.358550
2019-03-14 14:18:57 1552573137.32 650 STREAM 46 SENTCONNECT 29 10.0.0.5.$061371C5364597F0EFAB5442C53661A1F1F3C0FF.exit:5003
2019-03-14 14:18:57 1552573137.34 650 BW 1165743 1148341
2019-03-14 14:18:57 1552573137.34 650 STREAM_BW 44 0 1117640
2019-03-14 14:18:57 1552573137.34 650 STREAM_BW 46 155 0
2019-03-14 14:18:57 1552573137.34 650 CONN_BW ID=26 TYPE=OR READ=1173846 WRITTEN=36294
2019-03-14 14:18:57 1552573137.34 650 CONN_BW ID=47 TYPE=OR READ=2059 WRITTEN=2464
2019-03-14 14:18:57 1552573137.34 650 CIRC_BW ID=22 READ=0 WRITTEN=1117640
2019-03-14 14:18:57 1552573137.34 650 CELL_STATS ID=22 OutboundQueue=3018034124 OutboundConn=5 OutboundRemoved=relay:67 OutboundTime=relay:0
2019-03-14 14:18:57 1552573137.34 650 CELL_STATS ID=29 OutboundQueue=3875565835 OutboundConn=7 OutboundRemoved=relay:2,create_fast:1 OutboundTime=relay:0,create_fast:0
2019-03-14 14:18:57 1552573137.49 650 STREAM 46 SUCCEEDED 29 10.0.0.5.$061371C5364597F0EFAB5442C53661A1F1F3C0FF.exit:5003
2019-03-14 14:18:57 1552573137.67 650 STREAM 46 CLOSED 29 10.0.0.5.$061371C5364597F0EFAB5442C53661A1F1F3C0FF.exit:5003 REASON=END REMOTE_REASON=DONE
2019-03-14 14:18:57 1552573137.67 650 STATUS_CLIENT NOTICE CONSENSUS_ARRIVED
2019-03-14 14:18:57 1552573137.67 650+NEWCONSENSUS
r test003r BhNxxTZFl/Dvq1RCxTZhofHzwP8 TdQQR5dZVdNlMNq6Y05P5ewwb68 2019-03-14 14:16:56 10.0.0.5 5003 7003
s Exit Fast Guard HSDir Running Stable V2Dir Valid
w Bandwidth=0
r test002a CNgj3BcIPs9BgJ73EKF3qvE3cvQ xUG7OhaKduISA/U0ORKS6oldJYM 2019-03-14 14:16:58 10.0.0.4 5002 7002
s Authority Exit Fast Guard HSDir Running V2Dir Valid
w Bandwidth=0
r test006r Ruw8HDVgU8l9jGW4bII4xQ9Pkd8 2SdRxfAL6dSUIN45zqWJ8+dk0oc 2019-03-14 14:16:57 10.0.0.8 5006 7006
s Exit Fast Guard HSDir Running V2Dir Valid
w Bandwidth=0
r test004r WhFuf3CXncXy4yO2P3gvXtYZQUQ xHK3Mu2i1EOvX+7d4NkL6DXehuk 2019-03-14 14:16:56 10.0.0.6 5004 7004
s Exit Fast Guard HSDir Running Stable V2Dir Valid
w Bandwidth=0
r test005r am58JPdtMprXzYreaoX+0EWZxIE nQimpCl3FgIjWGFBXEObQwWloNY 2019-03-14 14:16:56 10.0.0.7 5005 7005
s Exit Fast Guard HSDir Running Stable V2Dir Valid
w Bandwidth=0
r test007r jFHEtER1t0KKa1g/Vf9PXOx7sJc U86/51tJ175v0QEwuY7HghRG05I 2019-03-14 14:16:57 10.0.0.9 5007 7007
s Exit Fast Guard HSDir Running V2Dir Valid
w Bandwidth=0
r test000a sCTyWXUZHU8ScCmcAqbLnWFaOyo CXp8VpQWfURRPzsAD//llkYaEwI 2019-03-14 14:17:01 10.0.0.2 5000 7000
s Authority Exit Fast Guard HSDir Running Stable V2Dir Valid
w Bandwidth=0
r test001a ucuVPC912mqemrABHj+BHYegPpQ O2GACFfTh7laDV7TAgVMybBLgT4 2019-03-14 14:16:59 10.0.0.3 5001 7001
s Authority Exit Fast Guard HSDir Running Stable V2Dir Valid
w Bandwidth=0
.
650 OK
2019-03-14 14:18:57 1552573137.67 650 CONN_BW ID=45 TYPE=DIR READ=2406 WRITTEN=0
2019-03-14 14:18:58 1552573138.34 650 BW 1188740 1173486
2019-03-14 14:18:58 1552573138.34 650 STREAM_BW 44 0 1135938
2019-03-14 14:18:58 1552573138.34 650 CONN_BW ID=26 TYPE=OR READ=1186879 WRITTEN=37380
2019-03-14 14:18:58 1552573138.34 650 CONN_BW ID=47 TYPE=OR READ=3685 WRITTEN=0
2019-03-14 14:18:58 1552573138.34 650 CIRC_BW ID=22 READ=0 WRITTEN=1135938
2019-03-14 14:18:58 1552573138.34 650 CELL_STATS ID=22 OutboundQueue=3018034124 OutboundConn=5 OutboundRemoved=relay:69 OutboundTime=relay:0
2019-03-14 14:18:59 1552573139.34 650 BW 1175702 1159677
2019-03-14 14:18:59 1552573139.34 650 STREAM_BW 44 0 1122990
2019-03-14 14:18:59 1552573139.34 650 CONN_BW ID=26 TYPE=OR READ=1174527 WRITTEN=36837
2019-03-14 14:18:59 1552573139.34 650 CIRC_BW ID=22 READ=0 WRITTEN=1122990
2019-03-14 14:18:59 1552573139.34 650 CELL_STATS ID=22 OutboundQueue=3018034124 OutboundConn=5 OutboundRemoved=relay:68 OutboundTime=relay:0
2019-03-14 14:19:00 1552573140.34 650 BW 1177208 1162557
2019-03-14 14:19:00 1552573140.34 650 STREAM_BW 44 0 1127472
2019-03-14 14:19:00 1552573140.34 650 CONN_BW ID=26 TYPE=OR READ=1178656 WRITTEN=36294
2019-03-14 14:19:00 1552573140.34 650 CIRC_BW ID=22 READ=0 WRITTEN=1127472
2019-03-14 14:19:00 1552573140.34 650 CELL_STATS ID=22 OutboundQueue=3018034124 OutboundConn=5 OutboundRemoved=relay:67 OutboundTime=relay:0
2019-03-14 14:19:00 1552573140.79 650 STREAM_BW 44 0 501887
2019-03-14 14:19:00 1552573140.79 650 STREAM 44 CLOSED 22 10.0.0.10:8080 REASON=DONE
2019-03-14 14:19:00 1552573140.79 650 STREAM 48 NEW 0 10.0.0.10:8080 SOURCE_ADDR=127.0.0.1:58816 PURPOSE=USER
2019-03-14 14:19:00 1552573140.80 650 STREAM 48 SENTCONNECT 22 10.0.0.10:8080
