2019-04-02 04:55:47 1554177347.48 Starting torctl program on host bridge-measure using Tor version 0.2.9.16 (git-9ef571339967c1e5) status=recommended
2019-04-02 04:55:47 1554177347.48 NOTICE BOOTSTRAP PROGRESS=100 TAG=done SUMMARY="Done"
2019-04-02 04:55:47 1554177347.53 650 STREAM 41 NEW 0 137.50.19.20:8080 SOURCE_ADDR=127.0.0.1:38086 PURPOSE=USER
2019-04-02 04:55:47 1554177347.53 650 STREAM 41 SENTCONNECT 3 137.50.19.20:8080
2019-04-02 04:55:47 1554177347.59 650 BW 0 0
2019-04-02 04:55:47 1554177347.59 650 STREAM_BW 41 13 2
2019-04-02 04:55:47 1554177347.59 650 CIRC 7 LAUNCHED BUILD_FLAGS=IS_INTERNAL,NEED_CAPACITY,NEED_UPTIME PURPOSE=GENERAL TIME_CREATED=2019-04-02T03:55:47.583585
2019-04-02 04:55:47 1554177347.59 650 CIRC 7 EXTENDED $46156FD75B36A72008643882B286A2FEDF2B40C1~Unnamed BUILD_FLAGS=IS_INTERNAL,NEED_CAPACITY,NEED_UPTIME PURPOSE=GENERAL TIME_CREATED=2019-04-02T03:55:47.583585
2019-04-02 04:55:47 1554177347.74 650 CIRC 7 EXTENDED $46156FD75B36A72008643882B286A2FEDF2B40C1~Unnamed,$3CAE19138E4E025CFB42770075DAAAF8FA0A1439~drjohn BUILD_FLAGS=IS_INTERNAL,NEED_CAPACITY,NEED_UPTIME PURPOSE=GENERAL TIME_CREATED=2019-04-02T03:55:47.583585
2019-04-02 04:55:47 1554177347.88 650 STREAM 41 REMAP 3 137.50.19.20:8080 SOURCE=EXIT
2019-04-02 04:55:47 1554177347.88 650 STREAM 41 SUCCEEDED 3 137.50.19.20:8080
2019-04-02 04:55:47 1554177347.88 650 CIRC 7 EXTENDED $46156FD75B36A72008643882B286A2FEDF2B40C1~Unnamed,$3CAE19138E4E025CFB42770075DAAAF8FA0A1439~drjohn,$5786D04C5A2885D19E606F13C4203F60AEE38110~crowcastletor BUILD_FLAGS=IS_INTERNAL,NEED_CAPACITY,NEED_UPTIME PURPOSE=GENERAL TIME_CREATED=2019-04-02T03:55:47.583585
2019-04-02 04:55:47 1554177347.88 650 CIRC 7 BUILT $46156FD75B36A72008643882B286A2FEDF2B40C1~Unnamed,$3CAE19138E4E025CFB42770075DAAAF8FA0A1439~drjohn,$5786D04C5A2885D19E606F13C4203F60AEE38110~crowcastletor BUILD_FLAGS=IS_INTERNAL,NEED_CAPACITY,NEED_UPTIME PURPOSE=GENERAL TIME_CREATED=2019-04-02T03:55:47.583585
2019-04-02 04:55:48 1554177348.58 650 BW 0 0
2019-04-02 04:55:48 1554177348.58 650 STREAM_BW 41 61 45806
2019-04-02 04:55:48 1554177348.58 650 CIRC_BW ID=3 READ=61 WRITTEN=45806
2019-04-02 04:55:49 1554177349.58 650 BW 0 0
2019-04-02 04:55:49 1554177349.58 650 STREAM_BW 41 0 726230
2019-04-02 04:55:49 1554177349.58 650 CIRC_BW ID=3 READ=0 WRITTEN=726230
2019-04-02 04:55:50 1554177350.58 650 BW 0 0
2019-04-02 04:55:50 1554177350.58 650 STREAM_BW 41 0 706164
2019-04-02 04:55:50 1554177350.58 650 CIRC_BW ID=3 READ=0 WRITTEN=706164
2019-04-02 04:55:51 1554177351.58 650 BW 0 0
2019-04-02 04:55:51 1554177351.58 650 STREAM_BW 41 0 596604
2019-04-02 04:55:51 1554177351.58 650 CIRC_BW ID=3 READ=0 WRITTEN=596604
2019-04-02 04:55:52 1554177352.58 650 BW 0 0
2019-04-02 04:55:52 1554177352.58 650 STREAM_BW 41 0 412344
2019-04-02 04:55:52 1554177352.58 650 CIRC_BW ID=3 READ=0 WRITTEN=412344
2019-04-02 04:55:53 1554177353.58 650 BW 0 0
2019-04-02 04:55:53 1554177353.58 650 STREAM_BW 41 0 562242
2019-04-02 04:55:53 1554177353.58 650 CIRC_BW ID=3 READ=0 WRITTEN=562242
2019-04-02 04:55:54 1554177354.58 650 BW 0 0
2019-04-02 04:55:54 1554177354.58 650 STREAM_BW 41 0 578178
2019-04-02 04:55:54 1554177354.58 650 CIRC_BW ID=3 READ=0 WRITTEN=578178
2019-04-02 04:55:55 1554177355.58 650 BW 0 0
2019-04-02 04:55:55 1554177355.58 650 STREAM_BW 41 0 594114
2019-04-02 04:55:55 1554177355.58 650 CIRC_BW ID=3 READ=0 WRITTEN=594114
2019-04-02 04:55:56 1554177356.58 650 BW 0 0
2019-04-02 04:55:56 1554177356.58 650 STREAM_BW 41 0 560748
2019-04-02 04:55:56 1554177356.58 650 CIRC_BW ID=3 READ=0 WRITTEN=560748
2019-04-02 04:55:57 1554177357.58 650 BW 0 0
2019-04-02 04:55:57 1554177357.58 650 STREAM_BW 41 0 356070
2019-04-02 04:55:57 1554177357.58 650 CIRC_BW ID=3 READ=0 WRITTEN=356070
2019-04-02 04:55:58 1554177358.12 650 STREAM_BW 41 0 103086
2019-04-02 04:55:58 1554177358.12 650 STREAM 41 CLOSED 3 137.50.19.20:8080 REASON=END REMOTE_REASON=DONE
2019-04-02 04:55:58 1554177358.12 650 STREAM 42 NEW 0 137.50.19.20:8080 SOURCE_ADDR=127.0.0.1:38088 PURPOSE=USER
2019-04-02 04:55:58 1554177358.12 650 STREAM 42 SENTCONNECT 3 137.50.19.20:8080
2019-04-02 04:55:58 1554177358.59 650 BW 0 0
2019-04-02 04:55:58 1554177358.59 650 STREAM_BW 42 13 2
2019-04-02 04:55:58 1554177358.59 650 CIRC_BW ID=3 READ=0 WRITTEN=206172
2019-04-02 04:55:58 1554177358.59 650 CIRC 8 LAUNCHED BUILD_FLAGS=NEED_CAPACITY PURPOSE=GENERAL TIME_CREATED=2019-04-02T03:55:58.583495
2019-04-02 04:55:58 1554177358.59 650 STREAM 42 REMAP 3 137.50.19.20:8080 SOURCE=EXIT
2019-04-02 04:55:58 1554177358.59 650 STREAM 42 SUCCEEDED 3 137.50.19.20:8080
2019-04-02 04:55:58 1554177358.60 650 CIRC 8 EXTENDED $46156FD75B36A72008643882B286A2FEDF2B40C1~Unnamed BUILD_FLAGS=NEED_CAPACITY PURPOSE=GENERAL TIME_CREATED=2019-04-02T03:55:58.583495
2019-04-02 04:55:58 1554177358.90 650 CIRC 8 EXTENDED $46156FD75B36A72008643882B286A2FEDF2B40C1~Unnamed,$F0B580798BB303BA36ED1268568E2AD935B6C486~vm242tornode BUILD_FLAGS=NEED_CAPACITY PURPOSE=GENERAL TIME_CREATED=2019-04-02T03:55:58.583495
2019-04-02 04:55:59 1554177359.04 650 CIRC 8 EXTENDED $46156FD75B36A72008643882B286A2FEDF2B40C1~Unnamed,$F0B580798BB303BA36ED1268568E2AD935B6C486~vm242tornode,$BC630CBBB518BE7E9F4E09712AB0269E9DC7D626~IPredator BUILD_FLAGS=NEED_CAPACITY PURPOSE=GENERAL TIME_CREATED=2019-04-02T03:55:58.583495
2019-04-02 04:55:59 1554177359.04 650 CIRC 8 BUILT $46156FD75B36A72008643882B286A2FEDF2B40C1~Unnamed,$F0B580798BB303BA36ED1268568E2AD935B6C486~vm242tornode,$BC630CBBB518BE7E9F4E09712AB0269E9DC7D626~IPredator BUILD_FLAGS=NEED_CAPACITY PURPOSE=GENERAL TIME_CREATED=2019-04-02T03:55:58.583495
2019-04-02 04:55:59 1554177359.58 650 BW 0 0
2019-04-02 04:55:59 1554177359.58 650 STREAM_BW 42 61 136332
2019-04-02 04:55:59 1554177359.58 650 CIRC_BW ID=3 READ=61 WRITTEN=136332
2019-04-02 04:56:00 1554177360.58 650 BW 0 0
2019-04-02 04:56:00 1554177360.58 650 STREAM_BW 42 0 346208
2019-04-02 04:56:00 1554177360.58 650 CIRC_BW ID=3 READ=0 WRITTEN=346208
2019-04-02 04:56:01 1554177361.59 650 BW 0 0
2019-04-02 04:56:01 1554177361.59 650 STREAM_BW 42 0 296310
2019-04-02 04:56:01 1554177361.59 650 CIRC_BW ID=3 READ=0 WRITTEN=296310
2019-04-02 04:56:02 1554177362.58 650 BW 0 0
2019-04-02 04:56:02 1554177362.58 650 STREAM_BW 42 0 317226
2019-04-02 04:56:02 1554177362.58 650 CIRC_BW ID=3 READ=0 WRITTEN=317226
2019-04-02 04:56:03 1554177363.58 650 BW 0 0
2019-04-02 04:56:03 1554177363.58 650 STREAM_BW 42 0 306270
2019-04-02 04:56:03 1554177363.58 650 CIRC_BW ID=3 READ=0 WRITTEN=306270
2019-04-02 04:56:04 1554177364.58 650 BW 0 0
2019-04-02 04:56:04 1554177364.58 650 STREAM_BW 42 0 375492
2019-04-02 04:56:04 1554177364.58 650 CIRC_BW ID=3 READ=0 WRITTEN=375492
2019-04-02 04:56:05 1554177365.58 650 BW 0 0
2019-04-02 04:56:05 1554177365.58 650 STREAM_BW 42 0 340632
2019-04-02 04:56:05 1554177365.58 650 CIRC_BW ID=3 READ=0 WRITTEN=340632
2019-04-02 04:56:06 1554177366.58 650 BW 0 0
2019-04-02 04:56:06 1554177366.58 650 STREAM_BW 42 0 417822
2019-04-02 04:56:06 1554177366.58 650 CIRC_BW ID=3 READ=0 WRITTEN=417822
2019-04-02 04:56:07 1554177367.58 650 BW 0 0
2019-04-02 04:56:07 1554177367.58 650 STREAM_BW 42 0 256470
2019-04-02 04:56:07 1554177367.58 650 CIRC_BW ID=3 READ=0 WRITTEN=256470
2019-04-02 04:56:08 1554177368.58 650 BW 0 0
2019-04-02 04:56:08 1554177368.58 650 STREAM_BW 42 0 310752
2019-04-02 04:56:08 1554177368.58 650 CIRC_BW ID=3 READ=0 WRITTEN=310752
2019-04-02 04:56:09 1554177369.59 650 BW 0 0
2019-04-02 04:56:09 1554177369.59 650 STREAM_BW 42 0 237546
2019-04-02 04:56:09 1554177369.59 650 CIRC_BW ID=3 READ=0 WRITTEN=237546
2019-04-02 04:56:09 1554177369.59 650 CIRC 9 LAUNCHED BUILD_FLAGS=NEED_CAPACITY PURPOSE=GENERAL TIME_CREATED=2019-04-02T03:56:09.584077
2019-04-02 04:56:09 1554177369.61 650 CIRC 9 EXTENDED $46156FD75B36A72008643882B286A2FEDF2B40C1~Unnamed BUILD_FLAGS=NEED_CAPACITY PURPOSE=GENERAL TIME_CREATED=2019-04-02T03:56:09.584077
2019-04-02 04:56:10 1554177370.18 650 CIRC 9 EXTENDED $46156FD75B36A72008643882B286A2FEDF2B40C1~Unnamed,$587B1EAF1E22E148EFB010DAA337ACDCD4DB5CBA~alxu BUILD_FLAGS=NEED_CAPACITY PURPOSE=GENERAL TIME_CREATED=2019-04-02T03:56:09.584077
2019-04-02 04:56:10 1554177370.38 650 CIRC 9 EXTENDED $46156FD75B36A72008643882B286A2FEDF2B40C1~Unnamed,$587B1EAF1E22E148EFB010DAA337ACDCD4DB5CBA~alxu,$0FF233C8D78A17B8DB7C8257D2E05CD5AA7C6B88~politkovskaja BUILD_FLAGS=NEED_CAPACITY PURPOSE=GENERAL TIME_CREATED=2019-04-02T03:56:09.584077
2019-04-02 04:56:10 1554177370.38 650 CIRC 9 BUILT $46156FD75B36A72008643882B286A2FEDF2B40C1~Unnamed,$587B1EAF1E22E148EFB010DAA337ACDCD4DB5CBA~alxu,$0FF233C8D78A17B8DB7C8257D2E05CD5AA7C6B88~politkovskaja BUILD_FLAGS=NEED_CAPACITY PURPOSE=GENERAL TIME_CREATED=2019-04-02T03:56:09.584077
2019-04-02 04:56:10 1554177370.58 650 BW 0 0
2019-04-02 04:56:10 1554177370.58 650 STREAM_BW 42 0 234558
2019-04-02 04:56:10 1554177370.58 650 CIRC_BW ID=3 READ=0 WRITTEN=234558
2019-04-02 04:56:11 1554177371.58 650 BW 0 0
2019-04-02 04:56:11 1554177371.58 650 STREAM_BW 42 0 368022
2019-04-02 04:56:11 1554177371.58 650 CIRC_BW ID=3 READ=0 WRITTEN=368022
2019-04-02 04:56:12 1554177372.58 650 BW 0 0
2019-04-02 04:56:12 1554177372.58 650 STREAM_BW 42 0 347106
2019-04-02 04:56:12 1554177372.58 650 CIRC_BW ID=3 READ=0 WRITTEN=347106
2019-04-02 04:56:13 1554177373.58 650 BW 0 0
2019-04-02 04:56:13 1554177373.58 650 STREAM_BW 42 0 375492
2019-04-02 04:56:13 1554177373.58 650 CIRC_BW ID=3 READ=0 WRITTEN=375492
2019-04-02 04:56:14 1554177374.58 650 BW 0 0
2019-04-02 04:56:14 1554177374.58 650 STREAM_BW 42 0 523398
2019-04-02 04:56:14 1554177374.58 650 CIRC_BW ID=3 READ=0 WRITTEN=523398
2019-04-02 04:56:14 1554177374.69 650 STREAM_BW 42 0 53329
2019-04-02 04:56:14 1554177374.69 650 STREAM 42 CLOSED 3 137.50.19.20:8080 REASON=END REMOTE_REASON=DONE
2019-04-02 04:56:14 1554177374.69 650 STREAM 43 NEW 0 137.50.19.20:8080 SOURCE_ADDR=127.0.0.1:38090 PURPOSE=USER
2019-04-02 04:56:14 1554177374.69 650 STREAM 43 SENTCONNECT 3 137.50.19.20:8080
2019-04-02 04:56:15 1554177375.24 650 STREAM 43 REMAP 3 137.50.19.20:8080 SOURCE=EXIT
2019-04-02 04:56:15 1554177375.24 650 STREAM 43 SUCCEEDED 3 137.50.19.20:8080
2019-04-02 04:56:15 1554177375.58 650 BW 0 0
2019-04-02 04:56:15 1554177375.58 650 STREAM_BW 43 74 10304
2019-04-02 04:56:15 1554177375.58 650 CIRC_BW ID=3 READ=61 WRITTEN=116960
2019-04-02 04:56:16 1554177376.58 650 BW 0 0
2019-04-02 04:56:16 1554177376.58 650 STREAM_BW 43 0 400072
2019-04-02 04:56:16 1554177376.58 650 CIRC_BW ID=3 READ=0 WRITTEN=400072
2019-04-02 04:56:17 1554177377.58 650 BW 0 0
2019-04-02 04:56:17 1554177377.58 650 STREAM_BW 43 0 651384
2019-04-02 04:56:17 1554177377.58 650 CIRC_BW ID=3 READ=0 WRITTEN=651384
2019-04-02 04:56:18 1554177378.58 650 BW 0 0
2019-04-02 04:56:18 1554177378.58 650 STREAM_BW 43 0 743514
2019-04-02 04:56:18 1554177378.58 650 CIRC_BW ID=3 READ=0 WRITTEN=743514
2019-04-02 04:56:19 1554177379.58 650 BW 0 0
2019-04-02 04:56:19 1554177379.58 650 STREAM_BW 43 0 562740
2019-04-02 04:56:19 1554177379.58 650 CIRC_BW ID=3 READ=0 WRITTEN=562740
2019-04-02 04:56:20 1554177380.59 650 BW 0 0
2019-04-02 04:56:20 1554177380.59 650 STREAM_BW 43 0 508458
2019-04-02 04:56:20 1554177380.59 650 CIRC_BW ID=3 READ=0 WRITTEN=508458
2019-04-02 04:56:20 1554177380.59 650 CIRC 10 LAUNCHED BUILD_FLAGS=NEED_CAPACITY PURPOSE=GENERAL TIME_CREATED=2019-04-02T03:56:20.583968
2019-04-02 04:56:20 1554177380.61 650 CIRC 10 EXTENDED $46156FD75B36A72008643882B286A2FEDF2B40C1~Unnamed BUILD_FLAGS=NEED_CAPACITY PURPOSE=GENERAL TIME_CREATED=2019-04-02T03:56:20.583968
2019-04-02 04:56:20 1554177380.78 650 CIRC 10 EXTENDED $46156FD75B36A72008643882B286A2FEDF2B40C1~Unnamed,$E459E02374D0385D2E2515CBBE707EA208966BCF~AsiaArgento BUILD_FLAGS=NEED_CAPACITY PURPOSE=GENERAL TIME_CREATED=2019-04-02T03:56:20.583968
2019-04-02 04:56:20 1554177380.84 650 CIRC 10 EXTENDED $46156FD75B36A72008643882B286A2FEDF2B40C1~Unnamed,$E459E02374D0385D2E2515CBBE707EA208966BCF~AsiaArgento,$A2DB293FFC5A76A718863BF1AEDBC8DFB1CB1097~RSFPressFreedom BUILD_FLAGS=NEED_CAPACITY PURPOSE=GENERAL TIME_CREATED=2019-04-02T03:56:20.583968
2019-04-02 04:56:20 1554177380.84 650 CIRC 10 BUILT $46156FD75B36A72008643882B286A2FEDF2B40C1~Unnamed,$E459E02374D0385D2E2515CBBE707EA208966BCF~AsiaArgento,$A2DB293FFC5A76A718863BF1AEDBC8DFB1CB1097~RSFPressFreedom BUILD_FLAGS=NEED_CAPACITY PURPOSE=GENERAL TIME_CREATED=2019-04-02T03:56:20.583968
2019-04-02 04:56:21 1554177381.58 650 BW 0 0
2019-04-02 04:56:21 1554177381.58 650 STREAM_BW 43 0 542820
2019-04-02 04:56:21 1554177381.58 650 CIRC_BW ID=3 READ=0 WRITTEN=542820
2019-04-02 04:56:22 1554177382.58 650 BW 0 0
2019-04-02 04:56:22 1554177382.58 650 STREAM_BW 43 0 546804
2019-04-02 04:56:22 1554177382.58 650 CIRC_BW ID=3 READ=0 WRITTEN=546804
2019-04-02 04:56:23 1554177383.58 650 BW 0 0
2019-04-02 04:56:23 1554177383.58 650 STREAM_BW 43 0 679770
2019-04-02 04:56:23 1554177383.58 650 CIRC_BW ID=3 READ=0 WRITTEN=679770
2019-04-02 04:56:24 1554177384.52 650 STREAM_BW 43 0 593616
2019-04-02 04:56:24 1554177384.53 650 STREAM 43 CLOSED 3 137.50.19.20:8080 REASON=END REMOTE_REASON=DONE
2019-04-02 04:56:24 1554177384.53 650 STREAM 44 NEW 0 137.50.19.20:8080 SOURCE_ADDR=127.0.0.1:38092 PURPOSE=USER
2019-04-02 04:56:24 1554177384.53 650 STREAM 44 SENTCONNECT 3 137.50.19.20:8080
2019-04-02 04:56:24 1554177384.58 650 BW 0 0
2019-04-02 04:56:24 1554177384.58 650 STREAM_BW 44 13 2
2019-04-02 04:56:24 1554177384.58 650 CIRC_BW ID=3 READ=0 WRITTEN=1187232
2019-04-02 04:56:25 1554177385.10 650 STREAM 44 REMAP 3 137.50.19.20:8080 SOURCE=EXIT
2019-04-02 04:56:25 1554177385.10 650 STREAM 44 SUCCEEDED 3 137.50.19.20:8080
2019-04-02 04:56:25 1554177385.58 650 BW 0 0
2019-04-02 04:56:25 1554177385.58 650 STREAM_BW 44 61 10
2019-04-02 04:56:25 1554177385.58 650 CIRC_BW ID=3 READ=61 WRITTEN=10
2019-04-02 04:56:26 1554177386.58 650 BW 0 0
2019-04-02 04:56:26 1554177386.58 650 STREAM_BW 44 0 655494
2019-04-02 04:56:26 1554177386.58 650 CIRC_BW ID=3 READ=0 WRITTEN=655494
2019-04-02 04:56:27 1554177387.58 650 BW 0 0
2019-04-02 04:56:27 1554177387.58 650 STREAM_BW 44 0 602082
2019-04-02 04:56:27 1554177387.58 650 CIRC_BW ID=3 READ=0 WRITTEN=602082
2019-04-02 04:56:28 1554177388.58 650 BW 0 0
2019-04-02 04:56:28 1554177388.58 650 STREAM_BW 44 0 702678
2019-04-02 04:56:28 1554177388.58 650 CIRC_BW ID=3 READ=0 WRITTEN=702678
2019-04-02 04:56:29 1554177389.58 650 BW 0 0
2019-04-02 04:56:29 1554177389.58 650 STREAM_BW 44 0 590130
2019-04-02 04:56:29 1554177389.58 650 CIRC_BW ID=3 READ=0 WRITTEN=590130
2019-04-02 04:56:30 1554177390.58 650 BW 0 0
2019-04-02 04:56:30 1554177390.58 650 STREAM_BW 44 0 686742
2019-04-02 04:56:30 1554177390.58 650 CIRC_BW ID=3 READ=0 WRITTEN=686742
2019-04-02 04:56:31 1554177391.59 650 BW 0 0
2019-04-02 04:56:31 1554177391.59 650 STREAM_BW 44 0 657360
2019-04-02 04:56:31 1554177391.59 650 CIRC_BW ID=3 READ=0 WRITTEN=657360
2019-04-02 04:56:31 1554177391.59 650 CIRC 11 LAUNCHED BUILD_FLAGS=NEED_CAPACITY PURPOSE=GENERAL TIME_CREATED=2019-04-02T03:56:31.583800
2019-04-02 04:56:31 1554177391.62 650 CIRC 11 EXTENDED $46156FD75B36A72008643882B286A2FEDF2B40C1~Unnamed BUILD_FLAGS=NEED_CAPACITY PURPOSE=GENERAL TIME_CREATED=2019-04-02T03:56:31.583800
2019-04-02 04:56:31 1554177391.81 650 CIRC 11 EXTENDED $46156FD75B36A72008643882B286A2FEDF2B40C1~Unnamed,$D49B86C50B7B55C9709C116B6BE35054D1DCFFA7~Unnamed BUILD_FLAGS=NEED_CAPACITY PURPOSE=GENERAL TIME_CREATED=2019-04-02T03:56:31.583800
2019-04-02 04:56:31 1554177391.96 650 CIRC 11 EXTENDED $46156FD75B36A72008643882B286A2FEDF2B40C1~Unnamed,$D49B86C50B7B55C9709C116B6BE35054D1DCFFA7~Unnamed,$0D874D3BBCBE88A61EFC8379A68AC3F1314D4B7A~TORKeFFORG BUILD_FLAGS=NEED_CAPACITY PURPOSE=GENERAL TIME_CREATED=2019-04-02T03:56:31.583800
2019-04-02 04:56:31 1554177391.96 650 CIRC 11 BUILT $46156FD75B36A72008643882B286A2FEDF2B40C1~Unnamed,$D49B86C50B7B55C9709C116B6BE35054D1DCFFA7~Unnamed,$0D874D3BBCBE88A61EFC8379A68AC3F1314D4B7A~TORKeFFORG BUILD_FLAGS=NEED_CAPACITY PURPOSE=GENERAL TIME_CREATED=2019-04-02T03:56:31.583800
2019-04-02 04:56:32 1554177392.58 650 BW 0 0
2019-04-02 04:56:32 1554177392.58 650 STREAM_BW 44 0 598098
2019-04-02 04:56:32 1554177392.58 650 CIRC_BW ID=3 READ=0 WRITTEN=598098
2019-04-02 04:56:33 1554177393.58 650 BW 0 0
2019-04-02 04:56:33 1554177393.58 650 STREAM_BW 44 0 378480
2019-04-02 04:56:33 1554177393.58 650 CIRC_BW ID=3 READ=0 WRITTEN=378480
2019-04-02 04:56:34 1554177394.58 650 BW 0 0
2019-04-02 04:56:34 1554177394.58 650 STREAM_BW 44 0 295314
2019-04-02 04:56:34 1554177394.58 650 CIRC_BW ID=3 READ=0 WRITTEN=295314
2019-04-02 04:56:34 1554177394.75 650 STREAM_BW 44 0 74700
2019-04-02 04:56:34 1554177394.75 650 STREAM 44 CLOSED 3 137.50.19.20:8080 REASON=END REMOTE_REASON=DONE
2019-04-02 04:56:34 1554177394.75 650 STREAM 45 NEW 0 137.50.19.20:8080 SOURCE_ADDR=127.0.0.1:38094 PURPOSE=USER
2019-04-02 04:56:34 1554177394.75 650 STREAM 45 SENTCONNECT 3 137.50.19.20:8080
2019-04-02 04:56:35 1554177395.32 650 STREAM 45 REMAP 3 137.50.19.20:8080 SOURCE=EXIT
2019-04-02 04:56:35 1554177395.32 650 STREAM 45 SUCCEEDED 3 137.50.19.20:8080
2019-04-02 04:56:35 1554177395.58 650 BW 0 0
2019-04-02 04:56:35 1554177395.58 650 STREAM_BW 45 74 12
2019-04-02 04:56:35 1554177395.58 650 CIRC_BW ID=3 READ=61 WRITTEN=149410
2019-04-02 04:56:36 1554177396.58 650 BW 0 0
2019-04-02 04:56:36 1554177396.58 650 STREAM_BW 45 0 288400
2019-04-02 04:56:36 1554177396.58 650 CIRC_BW ID=3 READ=0 WRITTEN=288400
2019-04-02 04:56:37 1554177397.58 650 BW 0 0
2019-04-02 04:56:37 1554177397.58 650 STREAM_BW 45 0 388440
2019-04-02 04:56:37 1554177397.58 650 CIRC_BW ID=3 READ=0 WRITTEN=388440
2019-04-02 04:56:38 1554177398.58 650 BW 0 0
2019-04-02 04:56:38 1554177398.58 650 STREAM_BW 45 0 397902
2019-04-02 04:56:38 1554177398.58 650 CIRC_BW ID=3 READ=0 WRITTEN=397902
2019-04-02 04:56:39 1554177399.58 650 BW 0 0
2019-04-02 04:56:39 1554177399.58 650 STREAM_BW 45 0 385950
2019-04-02 04:56:39 1554177399.58 650 CIRC_BW ID=3 READ=0 WRITTEN=385950
2019-04-02 04:56:40 1554177400.58 650 BW 0 0
2019-04-02 04:56:40 1554177400.58 650 STREAM_BW 45 0 512940
2019-04-02 04:56:40 1554177400.58 650 CIRC_BW ID=3 READ=0 WRITTEN=512940
2019-04-02 04:56:41 1554177401.58 650 BW 0 0
2019-04-02 04:56:41 1554177401.58 650 STREAM_BW 45 0 495012
2019-04-02 04:56:41 1554177401.58 650 CIRC_BW ID=3 READ=0 WRITTEN=495012
2019-04-02 04:56:41 1554177401.58 650 CIRC 1 CLOSED $0000000000000000000000000000000000000000 BUILD_FLAGS=ONEHOP_TUNNEL,IS_INTERNAL,NEED_CAPACITY PURPOSE=GENERAL TIME_CREATED=2019-04-02T03:55:40.584501 REASON=FINISHED
2019-04-02 04:56:42 1554177402.59 650 BW 0 0
2019-04-02 04:56:42 1554177402.59 650 STREAM_BW 45 0 583656
2019-04-02 04:56:42 1554177402.59 650 CIRC_BW ID=3 READ=0 WRITTEN=583656
2019-04-02 04:56:42 1554177402.59 650 CIRC 12 LAUNCHED BUILD_FLAGS=NEED_CAPACITY PURPOSE=GENERAL TIME_CREATED=2019-04-02T03:56:42.585427
2019-04-02 04:56:42 1554177402.60 650 CIRC 12 EXTENDED $46156FD75B36A72008643882B286A2FEDF2B40C1~Unnamed BUILD_FLAGS=NEED_CAPACITY PURPOSE=GENERAL TIME_CREATED=2019-04-02T03:56:42.585427
2019-04-02 04:56:43 1554177403.07 650 CIRC 12 EXTENDED $46156FD75B36A72008643882B286A2FEDF2B40C1~Unnamed,$3B4C5729F829CA2E895B81AF834A63DB336D0FFE~FissionEx4 BUILD_FLAGS=NEED_CAPACITY PURPOSE=GENERAL TIME_CREATED=2019-04-02T03:56:42.585427
2019-04-02 04:56:43 1554177403.23 650 CIRC 12 EXTENDED $46156FD75B36A72008643882B286A2FEDF2B40C1~Unnamed,$3B4C5729F829CA2E895B81AF834A63DB336D0FFE~FissionEx4,$C90CA3B7FE01A146B8268D56977DC4A2C024B9EA~cowcat BUILD_FLAGS=NEED_CAPACITY PURPOSE=GENERAL TIME_CREATED=2019-04-02T03:56:42.585427
2019-04-02 04:56:43 1554177403.23 650 CIRC 12 BUILT $46156FD75B36A72008643882B286A2FEDF2B40C1~Unnamed,$3B4C5729F829CA2E895B81AF834A63DB336D0FFE~FissionEx4,$C90CA3B7FE01A146B8268D56977DC4A2C024B9EA~cowcat BUILD_FLAGS=NEED_CAPACITY PURPOSE=GENERAL TIME_CREATED=2019-04-02T03:56:42.585427
2019-04-02 04:56:43 1554177403.58 650 BW 0 0
2019-04-02 04:56:43 1554177403.58 650 STREAM_BW 45 0 568716
2019-04-02 04:56:43 1554177403.58 650 CIRC_BW ID=3 READ=0 WRITTEN=568716
2019-04-02 04:56:44 1554177404.58 650 BW 0 0
2019-04-02 04:56:44 1554177404.58 650 STREAM_BW 45 0 541326
2019-04-02 04:56:44 1554177404.58 650 CIRC_BW ID=3 READ=0 WRITTEN=541326
2019-04-02 04:56:45 1554177405.58 650 BW 0 0
2019-04-02 04:56:45 1554177405.58 650 STREAM_BW 45 0 597600
2019-04-02 04:56:45 1554177405.58 650 CIRC_BW ID=3 READ=0 WRITTEN=597600
2019-04-02 04:56:46 1554177406.27 650 STREAM_BW 45 0 483013
2019-04-02 04:56:46 1554177406.27 650 STREAM 45 CLOSED 3 137.50.19.20:8080 REASON=END REMOTE_REASON=DONE
2019-04-02 04:56:46 1554177406.27 650 STREAM 46 NEW 0 137.50.19.20:8080 SOURCE_ADDR=127.0.0.1:38096 PURPOSE=USER
2019-04-02 04:56:46 1554177406.27 650 STREAM 46 SENTCONNECT 11 137.50.19.20:8080
2019-04-02 04:56:46 1554177406.45 650 STREAM 46 REMAP 11 137.50.19.20:8080 SOURCE=EXIT
2019-04-02 04:56:46 1554177406.45 650 STREAM 46 SUCCEEDED 11 137.50.19.20:8080
2019-04-02 04:56:46 1554177406.58 650 BW 0 0
2019-04-02 04:56:46 1554177406.58 650 STREAM_BW 46 74 12
2019-04-02 04:56:46 1554177406.58 650 CIRC_BW ID=11 READ=61 WRITTEN=10
2019-04-02 04:56:46 1554177406.58 650 CIRC_BW ID=3 READ=0 WRITTEN=966026
2019-04-02 04:56:47 1554177407.58 650 BW 0 0
2019-04-02 04:56:47 1554177407.58 650 STREAM_BW 46 0 814478
2019-04-02 04:56:47 1554177407.58 650 CIRC_BW ID=11 READ=0 WRITTEN=814478
2019-04-02 04:56:48 1554177408.58 650 BW 0 0
2019-04-02 04:56:48 1554177408.58 650 STREAM_BW 46 0 1244004
2019-04-02 04:56:48 1554177408.58 650 CIRC_BW ID=11 READ=0 WRITTEN=1244004
2019-04-02 04:56:49 1554177409.58 650 BW 0 0
2019-04-02 04:56:49 1554177409.58 650 STREAM_BW 46 0 999486
2019-04-02 04:56:49 1554177409.58 650 CIRC_BW ID=11 READ=0 WRITTEN=999486
2019-04-02 04:56:50 1554177410.58 650 BW 0 0
2019-04-02 04:56:50 1554177410.58 650 STREAM_BW 46 0 1167312
2019-04-02 04:56:50 1554177410.58 650 CIRC_BW ID=11 READ=0 WRITTEN=1167312
2019-04-02 04:56:51 1554177411.45 650 STREAM_BW 46 0 1014924
2019-04-02 04:56:51 1554177411.45 650 STREAM 46 CLOSED 11 137.50.19.20:8080 REASON=END REMOTE_REASON=DONE
2019-04-02 04:56:51 1554177411.45 650 STREAM 47 NEW 0 137.50.19.20:8080 SOURCE_ADDR=127.0.0.1:38098 PURPOSE=USER
2019-04-02 04:56:51 1554177411.45 650 STREAM 47 SENTCONNECT 11 137.50.19.20:8080
2019-04-02 04:56:51 1554177411.58 650 BW 0 0
2019-04-02 04:56:51 1554177411.58 650 STREAM_BW 47 13 2
2019-04-02 04:56:51 1554177411.58 650 CIRC_BW ID=11 READ=0 WRITTEN=2029848
2019-04-02 04:56:51 1554177411.76 650 STREAM 47 REMAP 11 137.50.19.20:8080 SOURCE=EXIT
2019-04-02 04:56:51 1554177411.76 650 STREAM 47 SUCCEEDED 11 137.50.19.20:8080
2019-04-02 04:56:52 1554177412.58 650 BW 0 0
2019-04-02 04:56:52 1554177412.58 650 STREAM_BW 47 61 669478
2019-04-02 04:56:52 1554177412.58 650 CIRC_BW ID=11 READ=61 WRITTEN=669478
2019-04-02 04:56:53 1554177413.59 650 BW 0 0
2019-04-02 04:56:53 1554177413.59 650 STREAM_BW 47 0 1084644
2019-04-02 04:56:53 1554177413.59 650 CIRC_BW ID=11 READ=0 WRITTEN=1084644
2019-04-02 04:56:53 1554177413.59 650 CIRC 13 LAUNCHED BUILD_FLAGS=NEED_CAPACITY PURPOSE=GENERAL TIME_CREATED=2019-04-02T03:56:53.583955
2019-04-02 04:56:53 1554177413.64 650 CIRC 13 EXTENDED $46156FD75B36A72008643882B286A2FEDF2B40C1~Unnamed BUILD_FLAGS=NEED_CAPACITY PURPOSE=GENERAL TIME_CREATED=2019-04-02T03:56:53.583955
2019-04-02 04:56:53 1554177413.94 650 CIRC 13 EXTENDED $46156FD75B36A72008643882B286A2FEDF2B40C1~Unnamed,$786926E8C497A6924ED69E23D48B13E92D1E07EE~memcpy BUILD_FLAGS=NEED_CAPACITY PURPOSE=GENERAL TIME_CREATED=2019-04-02T03:56:53.583955
2019-04-02 04:56:54 1554177414.14 650 CIRC 13 EXTENDED $46156FD75B36A72008643882B286A2FEDF2B40C1~Unnamed,$786926E8C497A6924ED69E23D48B13E92D1E07EE~memcpy,$A9F5135AE18C7E25C7C79117CD8C7619BFEB85ED~herlitzka BUILD_FLAGS=NEED_CAPACITY PURPOSE=GENERAL TIME_CREATED=2019-04-02T03:56:53.583955
2019-04-02 04:56:54 1554177414.14 650 CIRC 13 BUILT $46156FD75B36A72008643882B286A2FEDF2B40C1~Unnamed,$786926E8C497A6924ED69E23D48B13E92D1E07EE~memcpy,$A9F5135AE18C7E25C7C79117CD8C7619BFEB85ED~herlitzka BUILD_FLAGS=NEED_CAPACITY PURPOSE=GENERAL TIME_CREATED=2019-04-02T03:56:53.583955
2019-04-02 04:56:54 1554177414.58 650 BW 0 0
2019-04-02 04:56:54 1554177414.58 650 STREAM_BW 47 0 1182750
2019-04-02 04:56:54 1554177414.58 650 CIRC_BW ID=11 READ=0 WRITTEN=1182750
2019-04-02 04:56:55 1554177415.58 650 BW 0 0
2019-04-02 04:56:55 1554177415.58 650 STREAM_BW 47 0 1042314
2019-04-02 04:56:55 1554177415.58 650 CIRC_BW ID=11 READ=0 WRITTEN=1042314
2019-04-02 04:56:56 1554177416.58 650 BW 0 0
2019-04-02 04:56:56 1554177416.58 650 STREAM_BW 47 0 1199184
2019-04-02 04:56:56 1554177416.58 650 CIRC_BW ID=11 READ=0 WRITTEN=1199184
2019-04-02 04:56:56 1554177416.76 650 STREAM_BW 47 0 58266
2019-04-02 04:56:56 1554177416.76 650 STREAM 47 CLOSED 11 137.50.19.20:8080 REASON=END REMOTE_REASON=DONE
2019-04-02 04:56:56 1554177416.76 650 STREAM 48 NEW 0 137.50.19.20:8080 SOURCE_ADDR=127.0.0.1:38100 PURPOSE=USER
2019-04-02 04:56:56 1554177416.76 650 STREAM 48 SENTCONNECT 11 137.50.19.20:8080
2019-04-02 04:56:56 1554177416.90 650 STREAM 48 REMAP 11 137.50.19.20:8080 SOURCE=EXIT
2019-04-02 04:56:56 1554177416.90 650 STREAM 48 SUCCEEDED 11 137.50.19.20:8080
2019-04-02 04:56:57 1554177417.58 650 BW 0 0
2019-04-02 04:56:57 1554177417.58 650 STREAM_BW 48 74 553538
2019-04-02 04:56:57 1554177417.58 650 CIRC_BW ID=11 READ=61 WRITTEN=670068
2019-04-02 04:56:58 1554177418.58 650 BW 0 0
2019-04-02 04:56:58 1554177418.58 650 STREAM_BW 48 0 1106556
2019-04-02 04:56:58 1554177418.58 650 CIRC_BW ID=11 READ=0 WRITTEN=1106556
2019-04-02 04:56:59 1554177419.58 650 BW 0 0
2019-04-02 04:56:59 1554177419.58 650 STREAM_BW 48 0 999486
2019-04-02 04:56:59 1554177419.58 650 CIRC_BW ID=11 READ=0 WRITTEN=999486
2019-04-02 04:57:00 1554177420.58 650 BW 0 0
2019-04-02 04:57:00 1554177420.58 650 STREAM_BW 48 0 1241514
2019-04-02 04:57:00 1554177420.58 650 CIRC_BW ID=11 READ=0 WRITTEN=1241514
2019-04-02 04:57:01 1554177421.58 650 BW 0 0
2019-04-02 04:57:01 1554177421.58 650 STREAM_BW 48 0 999486
2019-04-02 04:57:01 1554177421.58 650 CIRC_BW ID=11 READ=0 WRITTEN=999486
2019-04-02 04:57:01 1554177421.86 650 STREAM_BW 48 0 341628
2019-04-02 04:57:01 1554177421.86 650 STREAM 48 CLOSED 11 137.50.19.20:8080 REASON=END REMOTE_REASON=DONE
2019-04-02 04:57:01 1554177421.86 650 STREAM 49 NEW 0 137.50.19.20:8080 SOURCE_ADDR=127.0.0.1:38102 PURPOSE=USER
2019-04-02 04:57:01 1554177421.86 650 STREAM 49 SENTCONNECT 11 137.50.19.20:8080
2019-04-02 04:57:02 1554177422.19 650 STREAM 49 REMAP 11 137.50.19.20:8080 SOURCE=EXIT
2019-04-02 04:57:02 1554177422.19 650 STREAM 49 SUCCEEDED 11 137.50.19.20:8080
2019-04-02 04:57:02 1554177422.58 650 BW 0 0
2019-04-02 04:57:02 1554177422.58 650 STREAM_BW 49 74 185770
2019-04-02 04:57:02 1554177422.58 650 CIRC_BW ID=11 READ=61 WRITTEN=869024
2019-04-02 04:57:03 1554177423.58 650 BW 0 0
2019-04-02 04:57:03 1554177423.58 650 STREAM_BW 49 0 1120200
2019-04-02 04:57:03 1554177423.58 650 CIRC_BW ID=11 READ=0 WRITTEN=1120200
2019-04-02 04:57:04 1554177424.59 650 BW 0 0
2019-04-02 04:57:04 1554177424.59 650 STREAM_BW 49 0 980064
2019-04-02 04:57:04 1554177424.59 650 CIRC_BW ID=11 READ=0 WRITTEN=980064
2019-04-02 04:57:04 1554177424.59 650 CIRC 14 LAUNCHED BUILD_FLAGS=NEED_CAPACITY PURPOSE=GENERAL TIME_CREATED=2019-04-02T03:57:04.583692
2019-04-02 04:57:04 1554177424.66 650 CIRC 14 EXTENDED $46156FD75B36A72008643882B286A2FEDF2B40C1~Unnamed BUILD_FLAGS=NEED_CAPACITY PURPOSE=GENERAL TIME_CREATED=2019-04-02T03:57:04.583692
2019-04-02 04:57:04 1554177424.89 650 CIRC 14 EXTENDED $46156FD75B36A72008643882B286A2FEDF2B40C1~Unnamed,$B95F4DFEA04004E493CD30FEB051B2ED3B8DD34B~powerrelay BUILD_FLAGS=NEED_CAPACITY PURPOSE=GENERAL TIME_CREATED=2019-04-02T03:57:04.583692
2019-04-02 04:57:05 1554177425.07 650 CIRC 14 EXTENDED $46156FD75B36A72008643882B286A2FEDF2B40C1~Unnamed,$B95F4DFEA04004E493CD30FEB051B2ED3B8DD34B~powerrelay,$5974B3F4C66D83BBC9622E0F0F023FE48428DB9B~amazonas BUILD_FLAGS=NEED_CAPACITY PURPOSE=GENERAL TIME_CREATED=2019-04-02T03:57:04.583692
2019-04-02 04:57:05 1554177425.07 650 CIRC 14 BUILT $46156FD75B36A72008643882B286A2FEDF2B40C1~Unnamed,$B95F4DFEA04004E493CD30FEB051B2ED3B8DD34B~powerrelay,$5974B3F4C66D83BBC9622E0F0F023FE48428DB9B~amazonas BUILD_FLAGS=NEED_CAPACITY PURPOSE=GENERAL TIME_CREATED=2019-04-02T03:57:04.583692
2019-04-02 04:57:05 1554177425.58 650 BW 0 0
2019-04-02 04:57:05 1554177425.58 650 STREAM_BW 49 0 1241514
2019-04-02 04:57:05 1554177425.58 650 CIRC_BW ID=11 READ=0 WRITTEN=1241514
2019-04-02 04:57:06 1554177426.58 650 BW 0 0
2019-04-02 04:57:06 1554177426.58 650 STREAM_BW 49 0 1015422
2019-04-02 04:57:06 1554177426.58 650 CIRC_BW ID=11 READ=0 WRITTEN=1015422
2019-04-02 04:57:07 1554177427.15 650 STREAM_BW 49 0 696204
2019-04-02 04:57:07 1554177427.15 650 STREAM 49 CLOSED 11 137.50.19.20:8080 REASON=END REMOTE_REASON=DONE
2019-04-02 04:57:07 1554177427.15 650 STREAM 50 NEW 0 137.50.19.20:8080 SOURCE_ADDR=127.0.0.1:38104 PURPOSE=USER
2019-04-02 04:57:07 1554177427.15 650 STREAM 50 SENTCONNECT 11 137.50.19.20:8080
2019-04-02 04:57:07 1554177427.47 650 STREAM 50 REMAP 11 137.50.19.20:8080 SOURCE=EXIT
2019-04-02 04:57:07 1554177427.47 650 STREAM 50 SUCCEEDED 11 137.50.19.20:8080
2019-04-02 04:57:07 1554177427.58 650 BW 0 0
2019-04-02 04:57:07 1554177427.58 650 STREAM_BW 50 75 12
2019-04-02 04:57:07 1554177427.58 650 CIRC_BW ID=11 READ=62 WRITTEN=1392418
2019-04-02 04:57:08 1554177428.58 650 BW 0 0
2019-04-02 04:57:08 1554177428.58 650 STREAM_BW 50 0 966323
2019-04-02 04:57:08 1554177428.58 650 CIRC_BW ID=11 READ=0 WRITTEN=966323
2019-04-02 04:57:09 1554177429.58 650 BW 0 0
2019-04-02 04:57:09 1554177429.58 650 STREAM_BW 50 0 1115520
2019-04-02 04:57:09 1554177429.58 650 CIRC_BW ID=11 READ=0 WRITTEN=1115520
2019-04-02 04:57:10 1554177430.58 650 BW 0 0
2019-04-02 04:57:10 1554177430.58 650 STREAM_BW 50 0 1125480
2019-04-02 04:57:10 1554177430.58 650 CIRC_BW ID=11 READ=0 WRITTEN=1125480
2019-04-02 04:57:11 1554177431.58 650 BW 0 0
2019-04-02 04:57:11 1554177431.58 650 STREAM_BW 50 0 996000
2019-04-02 04:57:11 1554177431.58 650 CIRC_BW ID=11 READ=0 WRITTEN=996000
2019-04-02 04:57:12 1554177432.50 650 STREAM_BW 50 0 1036836
2019-04-02 04:57:12 1554177432.50 650 STREAM 50 CLOSED 11 137.50.19.20:8080 REASON=END REMOTE_REASON=DONE
2019-04-02 04:57:12 1554177432.50 650 STREAM 51 NEW 0 137.50.19.20:8080 SOURCE_ADDR=127.0.0.1:38106 PURPOSE=USER
2019-04-02 04:57:12 1554177432.50 650 STREAM 51 SENTCONNECT 11 137.50.19.20:8080
