2019-04-02 06:05:25 1554181525.13 Starting torctl program on host bridge-measure using Tor version 0.2.9.16 (git-9ef571339967c1e5) status=recommended
2019-04-02 06:05:25 1554181525.13 NOTICE BOOTSTRAP PROGRESS=100 TAG=done SUMMARY="Done"
2019-04-02 06:05:25 1554181525.18 650 STREAM 59 NEW 0 137.50.19.20:8080 SOURCE_ADDR=127.0.0.1:52950 PURPOSE=USER
2019-04-02 06:05:25 1554181525.18 650 STREAM 59 SENTCONNECT 17 137.50.19.20:8080
2019-04-02 06:05:25 1554181525.18 650 CIRC 20 EXTENDED $5FFCBABB80BF5F20571B83297DBD1E49A8E48E61~AliceInWunderland,$1AFF59F9B2579D78284EF7173A183F34086D4B56~BlackBox,$9F29D0DD4AEB62E742BDAEEF2DFD3BDD76953403~ViaSEfWgRFE BUILD_FLAGS=IS_INTERNAL,NEED_CAPACITY,NEED_UPTIME PURPOSE=GENERAL TIME_CREATED=2019-04-02T05:05:23.988742
2019-04-02 06:05:25 1554181525.18 650 CIRC 20 BUILT $5FFCBABB80BF5F20571B83297DBD1E49A8E48E61~AliceInWunderland,$1AFF59F9B2579D78284EF7173A183F34086D4B56~BlackBox,$9F29D0DD4AEB62E742BDAEEF2DFD3BDD76953403~ViaSEfWgRFE BUILD_FLAGS=IS_INTERNAL,NEED_CAPACITY,NEED_UPTIME PURPOSE=GENERAL TIME_CREATED=2019-04-02T05:05:23.988742
2019-04-02 06:05:25 1554181525.52 650 STREAM 59 REMAP 17 137.50.19.20:8080 SOURCE=EXIT
2019-04-02 06:05:25 1554181525.52 650 STREAM 59 SUCCEEDED 17 137.50.19.20:8080
2019-04-02 06:05:25 1554181525.55 650 ORCONN $D965855F77A59FBBC5D1224DFB9C12A992355079~tor01 CONNECTED ID=57
2019-04-02 06:05:25 1554181525.70 650 CIRC 21 EXTENDED $D965855F77A59FBBC5D1224DFB9C12A992355079~tor01 BUILD_FLAGS=IS_INTERNAL,NEED_CAPACITY,NEED_UPTIME PURPOSE=GENERAL TIME_CREATED=2019-04-02T05:05:24.989043
2019-04-02 06:05:25 1554181525.85 650 CIRC 21 EXTENDED $D965855F77A59FBBC5D1224DFB9C12A992355079~tor01,$A4E46B4A479BFCE474386F5F942F6BA639E9405C~nodvrelay05 BUILD_FLAGS=IS_INTERNAL,NEED_CAPACITY,NEED_UPTIME PURPOSE=GENERAL TIME_CREATED=2019-04-02T05:05:24.989043
2019-04-02 06:05:25 1554181525.99 650 BW 5027 4115
2019-04-02 06:05:25 1554181525.99 650 STREAM_BW 59 74 12
2019-04-02 06:05:25 1554181525.99 650 CIRC_BW ID=17 READ=61 WRITTEN=10
2019-04-02 06:05:25 1554181525.99 650 CIRC 22 LAUNCHED BUILD_FLAGS=IS_INTERNAL,NEED_CAPACITY,NEED_UPTIME PURPOSE=GENERAL TIME_CREATED=2019-04-02T05:05:25.988933
2019-04-02 06:05:25 1554181525.99 650 ORCONN $410896FDC7AB93563533FB54DB8DD4EB2ABC738B~flowjob12 LAUNCHED ID=60
2019-04-02 06:05:26 1554181526.08 650 CIRC 21 EXTENDED $D965855F77A59FBBC5D1224DFB9C12A992355079~tor01,$A4E46B4A479BFCE474386F5F942F6BA639E9405C~nodvrelay05,$C86C538EF0A24E010342F30DBCACC2A7EB7CA833~eowyn BUILD_FLAGS=IS_INTERNAL,NEED_CAPACITY,NEED_UPTIME PURPOSE=GENERAL TIME_CREATED=2019-04-02T05:05:24.989043
2019-04-02 06:05:26 1554181526.08 650 CIRC 21 BUILT $D965855F77A59FBBC5D1224DFB9C12A992355079~tor01,$A4E46B4A479BFCE474386F5F942F6BA639E9405C~nodvrelay05,$C86C538EF0A24E010342F30DBCACC2A7EB7CA833~eowyn BUILD_FLAGS=IS_INTERNAL,NEED_CAPACITY,NEED_UPTIME PURPOSE=GENERAL TIME_CREATED=2019-04-02T05:05:24.989043
2019-04-02 06:05:26 1554181526.25 650 STREAM 26 CLOSED 10 88.207.135.95.$2F9A6B5ADBE91EC69F55AAFB7DC49619D31B8324.exit:19001 REASON=END REMOTE_REASON=DONE
2019-04-02 06:05:26 1554181526.73 650 ORCONN $410896FDC7AB93563533FB54DB8DD4EB2ABC738B~flowjob12 CONNECTED ID=60
2019-04-02 06:05:26 1554181526.91 650 CIRC 22 EXTENDED $410896FDC7AB93563533FB54DB8DD4EB2ABC738B~flowjob12 BUILD_FLAGS=IS_INTERNAL,NEED_CAPACITY,NEED_UPTIME PURPOSE=GENERAL TIME_CREATED=2019-04-02T05:05:25.988933
2019-04-02 06:05:26 1554181526.99 650 BW 403266 13146
2019-04-02 06:05:26 1554181526.99 650 STREAM_BW 59 0 384136
2019-04-02 06:05:26 1554181526.99 650 CIRC_BW ID=17 READ=0 WRITTEN=384136
2019-04-02 06:05:27 1554181527.44 650 CIRC 22 EXTENDED $410896FDC7AB93563533FB54DB8DD4EB2ABC738B~flowjob12,$70953563B6AC3EF22E0754B7345757C6FB205989~myTorVer BUILD_FLAGS=IS_INTERNAL,NEED_CAPACITY,NEED_UPTIME PURPOSE=GENERAL TIME_CREATED=2019-04-02T05:05:25.988933
2019-04-02 06:05:27 1554181527.95 650 CIRC 22 EXTENDED $410896FDC7AB93563533FB54DB8DD4EB2ABC738B~flowjob12,$70953563B6AC3EF22E0754B7345757C6FB205989~myTorVer,$C4546CF0854081F978E4183CE46E6AC6574593F4~voidray BUILD_FLAGS=IS_INTERNAL,NEED_CAPACITY,NEED_UPTIME PURPOSE=GENERAL TIME_CREATED=2019-04-02T05:05:25.988933
2019-04-02 06:05:27 1554181527.95 650 CIRC 22 BUILT $410896FDC7AB93563533FB54DB8DD4EB2ABC738B~flowjob12,$70953563B6AC3EF22E0754B7345757C6FB205989~myTorVer,$C4546CF0854081F978E4183CE46E6AC6574593F4~voidray BUILD_FLAGS=IS_INTERNAL,NEED_CAPACITY,NEED_UPTIME PURPOSE=GENERAL TIME_CREATED=2019-04-02T05:05:25.988933
2019-04-02 06:05:27 1554181527.99 650 BW 636362 20286
2019-04-02 06:05:27 1554181527.99 650 STREAM_BW 59 0 607062
2019-04-02 06:05:27 1554181527.99 650 CIRC_BW ID=17 READ=0 WRITTEN=607062
2019-04-02 06:05:28 1554181528.99 650 BW 670472 20800
2019-04-02 06:05:28 1554181528.99 650 STREAM_BW 59 0 689730
2019-04-02 06:05:28 1554181528.99 650 CIRC_BW ID=17 READ=0 WRITTEN=689730
2019-04-02 06:05:29 1554181529.99 650 BW 778891 24000
2019-04-02 06:05:29 1554181529.99 650 STREAM_BW 59 0 689730
2019-04-02 06:05:29 1554181529.99 650 CIRC_BW ID=17 READ=0 WRITTEN=689730
2019-04-02 06:05:30 1554181530.99 650 BW 722762 22400
2019-04-02 06:05:30 1554181530.99 650 STREAM_BW 59 0 728574
2019-04-02 06:05:30 1554181530.99 650 CIRC_BW ID=17 READ=0 WRITTEN=728574
2019-04-02 06:05:31 1554181531.99 650 BW 760739 23815
2019-04-02 06:05:31 1554181531.99 650 STREAM_BW 59 0 698196
2019-04-02 06:05:31 1554181531.99 650 CIRC_BW ID=17 READ=0 WRITTEN=698196
2019-04-02 06:05:32 1554181532.99 650 BW 702035 21343
2019-04-02 06:05:32 1554181532.99 650 STREAM_BW 59 0 742518
2019-04-02 06:05:32 1554181532.99 650 CIRC_BW ID=17 READ=0 WRITTEN=742518
2019-04-02 06:05:33 1554181533.65 650 ORCONN $D80EA21626BFAE8044E4037FE765252E157E3586~bonjour1 CONNECTED ID=54
2019-04-02 06:05:33 1554181533.99 650 BW 830111 26657
2019-04-02 06:05:33 1554181533.99 650 STREAM_BW 59 0 702180
2019-04-02 06:05:33 1554181533.99 650 CIRC_BW ID=17 READ=0 WRITTEN=702180
2019-04-02 06:05:34 1554181534.02 650 STREAM 59 CLOSED 17 137.50.19.20:8080 REASON=END REMOTE_REASON=DONE
2019-04-02 06:05:34 1554181534.02 650 STREAM 61 NEW 0 137.50.19.20:8080 SOURCE_ADDR=127.0.0.1:52954 PURPOSE=USER
2019-04-02 06:05:34 1554181534.02 650 STREAM 61 SENTCONNECT 17 137.50.19.20:8080
2019-04-02 06:05:34 1554181534.62 650 STREAM 61 REMAP 17 137.50.19.20:8080 SOURCE=EXIT
2019-04-02 06:05:34 1554181534.62 650 STREAM 61 SUCCEEDED 17 137.50.19.20:8080
2019-04-02 06:05:34 1554181534.99 650 BW 29132 2143
2019-04-02 06:05:34 1554181534.99 650 STREAM_BW 61 74 12
2019-04-02 06:05:34 1554181534.99 650 CIRC_BW ID=17 READ=61 WRITTEN=10
2019-04-02 06:05:35 1554181535.97 650 CIRC 18 EXTENDED $D80EA21626BFAE8044E4037FE765252E157E3586~bonjour1 BUILD_FLAGS=NEED_CAPACITY PURPOSE=GENERAL TIME_CREATED=2019-04-02T05:05:21.989207
2019-04-02 06:05:35 1554181535.99 650 BW 387496 11258
2019-04-02 06:05:35 1554181535.99 650 STREAM_BW 61 0 419390
2019-04-02 06:05:35 1554181535.99 650 CIRC_BW ID=17 READ=0 WRITTEN=419390
2019-04-02 06:05:36 1554181536.99 650 BW 776955 24717
2019-04-02 06:05:36 1554181536.99 650 STREAM_BW 61 0 792318
2019-04-02 06:05:36 1554181536.99 650 CIRC_BW ID=17 READ=0 WRITTEN=792318
2019-04-02 06:05:36 1554181536.99 650 CIRC 23 LAUNCHED BUILD_FLAGS=NEED_CAPACITY PURPOSE=GENERAL TIME_CREATED=2019-04-02T05:05:36.989339
2019-04-02 06:05:36 1554181536.99 650 ORCONN $2269C9905B04530E251186FAD6F56033654E5C99~BizNasty LAUNCHED ID=62
2019-04-02 06:05:37 1554181537.62 650 ORCONN $2269C9905B04530E251186FAD6F56033654E5C99~BizNasty CONNECTED ID=62
2019-04-02 06:05:37 1554181537.77 650 CIRC 23 EXTENDED $2269C9905B04530E251186FAD6F56033654E5C99~BizNasty BUILD_FLAGS=NEED_CAPACITY PURPOSE=GENERAL TIME_CREATED=2019-04-02T05:05:36.989339
2019-04-02 06:05:37 1554181537.97 650 CIRC 23 EXTENDED $2269C9905B04530E251186FAD6F56033654E5C99~BizNasty,$23AA8C61EC325C1F9B2443A64F5721C8D1074E0C~marschiertor BUILD_FLAGS=NEED_CAPACITY PURPOSE=GENERAL TIME_CREATED=2019-04-02T05:05:36.989339
2019-04-02 06:05:37 1554181537.99 650 BW 805764 27092
2019-04-02 06:05:37 1554181537.99 650 STREAM_BW 61 0 719610
2019-04-02 06:05:37 1554181537.99 650 CIRC_BW ID=17 READ=0 WRITTEN=719610
2019-04-02 06:05:38 1554181538.17 650 CIRC 23 EXTENDED $2269C9905B04530E251186FAD6F56033654E5C99~BizNasty,$23AA8C61EC325C1F9B2443A64F5721C8D1074E0C~marschiertor,$057D1F578A8E5252C8C33E1C85EB4C912B082BA7~Sub2PDP BUILD_FLAGS=NEED_CAPACITY PURPOSE=GENERAL TIME_CREATED=2019-04-02T05:05:36.989339
2019-04-02 06:05:38 1554181538.17 650 CIRC 23 BUILT $2269C9905B04530E251186FAD6F56033654E5C99~BizNasty,$23AA8C61EC325C1F9B2443A64F5721C8D1074E0C~marschiertor,$057D1F578A8E5252C8C33E1C85EB4C912B082BA7~Sub2PDP BUILD_FLAGS=NEED_CAPACITY PURPOSE=GENERAL TIME_CREATED=2019-04-02T05:05:36.989339
2019-04-02 06:05:38 1554181538.99 650 BW 773528 24746
2019-04-02 06:05:38 1554181538.99 650 STREAM_BW 61 0 744012
2019-04-02 06:05:38 1554181538.99 650 CIRC_BW ID=17 READ=0 WRITTEN=744012
2019-04-02 06:05:39 1554181539.99 650 BW 760842 23088
2019-04-02 06:05:39 1554181539.99 650 STREAM_BW 61 0 729072
2019-04-02 06:05:39 1554181539.99 650 CIRC_BW ID=17 READ=0 WRITTEN=729072
2019-04-02 06:05:40 1554181540.99 650 BW 776908 24174
2019-04-02 06:05:40 1554181540.99 650 STREAM_BW 61 0 770406
2019-04-02 06:05:40 1554181540.99 650 CIRC_BW ID=17 READ=0 WRITTEN=770406
2019-04-02 06:05:41 1554181541.99 650 BW 754623 23631
2019-04-02 06:05:41 1554181541.99 650 STREAM_BW 61 0 722598
2019-04-02 06:05:41 1554181541.99 650 CIRC_BW ID=17 READ=0 WRITTEN=722598
2019-04-02 06:05:42 1554181542.54 650 STREAM_BW 61 0 342624
2019-04-02 06:05:42 1554181542.54 650 STREAM 61 CLOSED 17 137.50.19.20:8080 REASON=END REMOTE_REASON=DONE
2019-04-02 06:05:42 1554181542.54 650 STREAM 63 NEW 0 137.50.19.20:8080 SOURCE_ADDR=127.0.0.1:52958 PURPOSE=USER
2019-04-02 06:05:42 1554181542.54 650 STREAM 63 SENTCONNECT 17 137.50.19.20:8080
2019-04-02 06:05:42 1554181542.92 650 STREAM 63 REMAP 17 137.50.19.20:8080 SOURCE=EXIT
2019-04-02 06:05:42 1554181542.92 650 STREAM 63 SUCCEEDED 17 137.50.19.20:8080
2019-04-02 06:05:42 1554181542.99 650 BW 437536 13915
2019-04-02 06:05:42 1554181542.99 650 STREAM_BW 63 74 12
2019-04-02 06:05:42 1554181542.99 650 CIRC_BW ID=17 READ=61 WRITTEN=685258
2019-04-02 06:05:43 1554181543.18 650 CIRC 18 EXTENDED $D80EA21626BFAE8044E4037FE765252E157E3586~bonjour1,$1841CB960128806151B61FC6D87AFBE9A98B99D7~SchulteTorRelay001 BUILD_FLAGS=NEED_CAPACITY PURPOSE=GENERAL TIME_CREATED=2019-04-02T05:05:21.989207
2019-04-02 06:05:43 1554181543.99 650 BW 243849 8688
2019-04-02 06:05:43 1554181543.99 650 STREAM_BW 63 0 304908
2019-04-02 06:05:43 1554181543.99 650 CIRC_BW ID=17 READ=0 WRITTEN=304908
2019-04-02 06:05:44 1554181544.99 650 BW 788474 24435
2019-04-02 06:05:44 1554181544.99 650 STREAM_BW 63 0 758964
2019-04-02 06:05:44 1554181544.99 650 CIRC_BW ID=17 READ=0 WRITTEN=758964
2019-04-02 06:05:45 1554181545.99 650 BW 755757 23892
2019-04-02 06:05:45 1554181545.99 650 STREAM_BW 63 0 712140
2019-04-02 06:05:45 1554181545.99 650 CIRC_BW ID=17 READ=0 WRITTEN=712140
2019-04-02 06:05:46 1554181546.99 650 BW 753359 23349
2019-04-02 06:05:46 1554181546.99 650 STREAM_BW 63 0 718614
2019-04-02 06:05:46 1554181546.99 650 CIRC_BW ID=17 READ=0 WRITTEN=718614
2019-04-02 06:05:47 1554181547.99 650 BW 851892 27150
2019-04-02 06:05:47 1554181547.99 650 STREAM_BW 63 0 749490
2019-04-02 06:05:47 1554181547.99 650 CIRC_BW ID=17 READ=0 WRITTEN=749490
2019-04-02 06:05:47 1554181547.99 650 CIRC 24 LAUNCHED BUILD_FLAGS=NEED_CAPACITY PURPOSE=GENERAL TIME_CREATED=2019-04-02T05:05:47.988969
2019-04-02 06:05:47 1554181547.99 650 ORCONN $BE0757BE6720A2B43DF0072B7CCE0583FCDD9E3A~mirinska LAUNCHED ID=64
2019-04-02 06:05:48 1554181548.63 650 ORCONN $BE0757BE6720A2B43DF0072B7CCE0583FCDD9E3A~mirinska CONNECTED ID=64
2019-04-02 06:05:48 1554181548.79 650 CIRC 24 EXTENDED $BE0757BE6720A2B43DF0072B7CCE0583FCDD9E3A~mirinska BUILD_FLAGS=NEED_CAPACITY PURPOSE=GENERAL TIME_CREATED=2019-04-02T05:05:47.988969
2019-04-02 06:05:48 1554181548.99 650 BW 734759 24746
2019-04-02 06:05:48 1554181548.99 650 STREAM_BW 63 0 768414
2019-04-02 06:05:48 1554181548.99 650 CIRC_BW ID=17 READ=0 WRITTEN=768414
2019-04-02 06:05:48 1554181549.00 650 CIRC 24 EXTENDED $BE0757BE6720A2B43DF0072B7CCE0583FCDD9E3A~mirinska,$3D615DEF97F387631F50201FAFA6E7B67FDF3FEF~elektrobier2 BUILD_FLAGS=NEED_CAPACITY PURPOSE=GENERAL TIME_CREATED=2019-04-02T05:05:47.988969
2019-04-02 06:05:49 1554181549.35 650 CIRC 24 EXTENDED $BE0757BE6720A2B43DF0072B7CCE0583FCDD9E3A~mirinska,$3D615DEF97F387631F50201FAFA6E7B67FDF3FEF~elektrobier2,$858983FD1C4130870B914E002B8D4F63C6B5A83B~8GHAP3GERK BUILD_FLAGS=NEED_CAPACITY PURPOSE=GENERAL TIME_CREATED=2019-04-02T05:05:47.988969
2019-04-02 06:05:49 1554181549.35 650 CIRC 24 BUILT $BE0757BE6720A2B43DF0072B7CCE0583FCDD9E3A~mirinska,$3D615DEF97F387631F50201FAFA6E7B67FDF3FEF~elektrobier2,$858983FD1C4130870B914E002B8D4F63C6B5A83B~8GHAP3GERK BUILD_FLAGS=NEED_CAPACITY PURPOSE=GENERAL TIME_CREATED=2019-04-02T05:05:47.988969
2019-04-02 06:05:49 1554181549.99 650 BW 803457 25521
2019-04-02 06:05:49 1554181549.99 650 STREAM_BW 63 0 773892
2019-04-02 06:05:49 1554181549.99 650 CIRC_BW ID=17 READ=0 WRITTEN=773892
2019-04-02 06:05:50 1554181550.68 650 STREAM_BW 63 0 453678
2019-04-02 06:05:50 1554181550.68 650 STREAM 63 CLOSED 17 137.50.19.20:8080 REASON=END REMOTE_REASON=DONE
2019-04-02 06:05:50 1554181550.68 650 STREAM 65 NEW 0 137.50.19.20:8080 SOURCE_ADDR=127.0.0.1:52962 PURPOSE=USER
2019-04-02 06:05:50 1554181550.68 650 STREAM 65 SENTCONNECT 17 137.50.19.20:8080
2019-04-02 06:05:50 1554181550.99 650 BW 553720 18462
2019-04-02 06:05:50 1554181550.99 650 STREAM_BW 65 13 2
2019-04-02 06:05:50 1554181550.99 650 CIRC_BW ID=17 READ=0 WRITTEN=907356
2019-04-02 06:05:51 1554181551.05 650 STREAM 65 REMAP 17 137.50.19.20:8080 SOURCE=EXIT
2019-04-02 06:05:51 1554181551.05 650 STREAM 65 SUCCEEDED 17 137.50.19.20:8080
2019-04-02 06:05:51 1554181551.28 650 CIRC 18 EXTENDED $D80EA21626BFAE8044E4037FE765252E157E3586~bonjour1,$1841CB960128806151B61FC6D87AFBE9A98B99D7~SchulteTorRelay001,$28F4F392F8F19E3FBDE09616D9DB8143A1E2DDD3~niftycottonmouse BUILD_FLAGS=NEED_CAPACITY PURPOSE=GENERAL TIME_CREATED=2019-04-02T05:05:21.989207
2019-04-02 06:05:51 1554181551.28 650 CIRC 18 BUILT $D80EA21626BFAE8044E4037FE765252E157E3586~bonjour1,$1841CB960128806151B61FC6D87AFBE9A98B99D7~SchulteTorRelay001,$28F4F392F8F19E3FBDE09616D9DB8143A1E2DDD3~niftycottonmouse BUILD_FLAGS=NEED_CAPACITY PURPOSE=GENERAL TIME_CREATED=2019-04-02T05:05:21.989207
2019-04-02 06:05:51 1554181551.99 650 BW 153367 4858
2019-04-02 06:05:51 1554181551.99 650 STREAM_BW 65 61 215770
2019-04-02 06:05:51 1554181551.99 650 CIRC_BW ID=17 READ=61 WRITTEN=215770
2019-04-02 06:05:52 1554181552.99 650 BW 806617 24920
2019-04-02 06:05:52 1554181552.99 650 STREAM_BW 65 0 734280
2019-04-02 06:05:52 1554181552.99 650 CIRC_BW ID=17 READ=0 WRITTEN=734280
2019-04-02 06:05:53 1554181553.99 650 BW 793837 25463
2019-04-02 06:05:53 1554181553.99 650 STREAM_BW 65 0 801780
2019-04-02 06:05:53 1554181553.99 650 CIRC_BW ID=17 READ=0 WRITTEN=801780
2019-04-02 06:05:54 1554181554.99 650 BW 761841 23349
2019-04-02 06:05:54 1554181554.99 650 STREAM_BW 65 0 678276
2019-04-02 06:05:54 1554181554.99 650 CIRC_BW ID=17 READ=0 WRITTEN=678276
2019-04-02 06:05:55 1554181555.99 650 BW 722013 22777
2019-04-02 06:05:55 1554181555.99 650 STREAM_BW 65 0 757956
2019-04-02 06:05:55 1554181555.99 650 CIRC_BW ID=17 READ=0 WRITTEN=757956
2019-04-02 06:05:56 1554181556.99 650 BW 730650 22777
2019-04-02 06:05:56 1554181556.99 650 STREAM_BW 65 0 711144
2019-04-02 06:05:56 1554181556.99 650 CIRC_BW ID=17 READ=0 WRITTEN=711144
2019-04-02 06:05:57 1554181557.99 650 BW 745306 23863
2019-04-02 06:05:57 1554181557.99 650 STREAM_BW 65 0 699192
2019-04-02 06:05:57 1554181557.99 650 CIRC_BW ID=17 READ=0 WRITTEN=699192
2019-04-02 06:05:58 1554181558.92 650 STREAM_BW 65 0 641922
2019-04-02 06:05:58 1554181558.92 650 STREAM 65 CLOSED 17 137.50.19.20:8080 REASON=END REMOTE_REASON=DONE
2019-04-02 06:05:58 1554181558.92 650 STREAM 66 NEW 0 137.50.19.20:8080 SOURCE_ADDR=127.0.0.1:52964 PURPOSE=USER
2019-04-02 06:05:58 1554181558.92 650 STREAM 66 SENTCONNECT 17 137.50.19.20:8080
2019-04-02 06:05:58 1554181559.00 650 BW 764788 23892
2019-04-02 06:05:58 1554181559.00 650 STREAM_BW 66 13 2
2019-04-02 06:05:58 1554181559.00 650 CIRC_BW ID=17 READ=0 WRITTEN=1283844
2019-04-02 06:05:58 1554181559.00 650 CIRC 25 LAUNCHED BUILD_FLAGS=NEED_CAPACITY PURPOSE=GENERAL TIME_CREATED=2019-04-02T05:05:58.988516
2019-04-02 06:05:58 1554181559.00 650 ORCONN $0ED0EA324C931CF41CB5272BFB1D015B3D5772A9~TOR2DFNrelB LAUNCHED ID=67
2019-04-02 06:05:59 1554181559.44 650 STREAM 66 REMAP 17 137.50.19.20:8080 SOURCE=EXIT
2019-04-02 06:05:59 1554181559.44 650 STREAM 66 SUCCEEDED 17 137.50.19.20:8080
2019-04-02 06:05:59 1554181559.56 650 ORCONN $0ED0EA324C931CF41CB5272BFB1D015B3D5772A9~TOR2DFNrelB CONNECTED ID=67
2019-04-02 06:05:59 1554181559.71 650 CIRC 25 EXTENDED $0ED0EA324C931CF41CB5272BFB1D015B3D5772A9~TOR2DFNrelB BUILD_FLAGS=NEED_CAPACITY PURPOSE=GENERAL TIME_CREATED=2019-04-02T05:05:58.988516
2019-04-02 06:05:59 1554181559.87 650 CIRC 25 EXTENDED $0ED0EA324C931CF41CB5272BFB1D015B3D5772A9~TOR2DFNrelB,$95ADD5B2875FA8FB8D875C333F0CCF8C63528E86~darklightRelay2 BUILD_FLAGS=NEED_CAPACITY PURPOSE=GENERAL TIME_CREATED=2019-04-02T05:05:58.988516
2019-04-02 06:05:59 1554181559.99 650 BW 19688 4120
2019-04-02 06:05:59 1554181559.99 650 STREAM_BW 66 61 26656
2019-04-02 06:05:59 1554181559.99 650 CIRC_BW ID=17 READ=61 WRITTEN=26656
2019-04-02 06:06:00 1554181560.07 650 CIRC 25 EXTENDED $0ED0EA324C931CF41CB5272BFB1D015B3D5772A9~TOR2DFNrelB,$95ADD5B2875FA8FB8D875C333F0CCF8C63528E86~darklightRelay2,$5D43E909C17514714FD8DCA35BD99EDE59A5ABEB~node7 BUILD_FLAGS=NEED_CAPACITY PURPOSE=GENERAL TIME_CREATED=2019-04-02T05:05:58.988516
2019-04-02 06:06:00 1554181560.07 650 CIRC 25 BUILT $0ED0EA324C931CF41CB5272BFB1D015B3D5772A9~TOR2DFNrelB,$95ADD5B2875FA8FB8D875C333F0CCF8C63528E86~darklightRelay2,$5D43E909C17514714FD8DCA35BD99EDE59A5ABEB~node7 BUILD_FLAGS=NEED_CAPACITY PURPOSE=GENERAL TIME_CREATED=2019-04-02T05:05:58.988516
2019-04-02 06:06:00 1554181560.99 650 BW 606623 18143
2019-04-02 06:06:00 1554181560.99 650 STREAM_BW 66 0 652780
2019-04-02 06:06:00 1554181560.99 650 CIRC_BW ID=17 READ=0 WRITTEN=652780
2019-04-02 06:06:01 1554181561.99 650 BW 778981 24000
2019-04-02 06:06:01 1554181561.99 650 STREAM_BW 66 0 722100
2019-04-02 06:06:01 1554181561.99 650 CIRC_BW ID=17 READ=0 WRITTEN=722100
2019-04-02 06:06:02 1554181562.99 650 BW 718397 22400
2019-04-02 06:06:02 1554181562.99 650 STREAM_BW 66 0 677280
2019-04-02 06:06:02 1554181562.99 650 CIRC_BW ID=17 READ=0 WRITTEN=677280
2019-04-02 06:06:03 1554181563.99 650 BW 736410 22400
2019-04-02 06:06:03 1554181563.99 650 STREAM_BW 66 0 721104
2019-04-02 06:06:03 1554181563.99 650 CIRC_BW ID=17 READ=0 WRITTEN=721104
2019-04-02 06:06:04 1554181564.99 650 BW 694335 21857
2019-04-02 06:06:04 1554181564.99 650 STREAM_BW 66 0 727578
2019-04-02 06:06:04 1554181564.99 650 CIRC_BW ID=17 READ=0 WRITTEN=727578
2019-04-02 06:06:05 1554181565.99 650 BW 801974 24543
2019-04-02 06:06:05 1554181565.99 650 STREAM_BW 66 0 716124
2019-04-02 06:06:05 1554181565.99 650 CIRC_BW ID=17 READ=0 WRITTEN=716124
2019-04-02 06:06:06 1554181566.99 650 BW 758459 23457
2019-04-02 06:06:06 1554181566.99 650 STREAM_BW 66 0 747000
2019-04-02 06:06:06 1554181566.99 650 CIRC_BW ID=17 READ=0 WRITTEN=747000
2019-04-02 06:06:07 1554181567.51 650 STREAM_BW 66 0 250992
2019-04-02 06:06:07 1554181567.51 650 STREAM 66 CLOSED 17 137.50.19.20:8080 REASON=END REMOTE_REASON=DONE
2019-04-02 06:06:07 1554181567.51 650 STREAM 68 NEW 0 137.50.19.20:8080 SOURCE_ADDR=127.0.0.1:52968 PURPOSE=USER
2019-04-02 06:06:07 1554181567.51 650 STREAM 68 SENTCONNECT 17 137.50.19.20:8080
2019-04-02 06:06:07 1554181567.99 650 BW 366391 12286
2019-04-02 06:06:07 1554181567.99 650 STREAM_BW 68 13 2
2019-04-02 06:06:07 1554181567.99 650 CIRC_BW ID=17 READ=0 WRITTEN=501984
2019-04-02 06:06:08 1554181568.07 650 STREAM 68 REMAP 17 137.50.19.20:8080 SOURCE=EXIT
2019-04-02 06:06:08 1554181568.07 650 STREAM 68 SUCCEEDED 17 137.50.19.20:8080
2019-04-02 06:06:08 1554181568.99 650 BW 130223 3743
2019-04-02 06:06:08 1554181568.99 650 STREAM_BW 68 61 207986
2019-04-02 06:06:08 1554181568.99 650 CIRC_BW ID=17 READ=61 WRITTEN=207986
2019-04-02 06:06:09 1554181570.00 650 BW 768532 24000
2019-04-02 06:06:09 1554181570.00 650 STREAM_BW 68 0 743480
2019-04-02 06:06:09 1554181570.00 650 CIRC_BW ID=17 READ=0 WRITTEN=743480
2019-04-02 06:06:09 1554181570.00 650 CIRC 26 LAUNCHED BUILD_FLAGS=NEED_CAPACITY PURPOSE=GENERAL TIME_CREATED=2019-04-02T05:06:09.989069
2019-04-02 06:06:09 1554181570.00 650 ORCONN $C546FD12702A9539D1F50B87C7AAC9A983B2C00F~Abbey2 LAUNCHED ID=69
2019-04-02 06:06:10 1554181570.99 650 BW 735612 22400
2019-04-02 06:06:10 1554181570.99 650 STREAM_BW 68 0 699192
2019-04-02 06:06:10 1554181570.99 650 CIRC_BW ID=17 READ=0 WRITTEN=699192
2019-04-02 06:06:11 1554181571.17 650 ORCONN $C546FD12702A9539D1F50B87C7AAC9A983B2C00F~Abbey2 CONNECTED ID=69
2019-04-02 06:06:11 1554181571.50 650 CIRC 26 EXTENDED $C546FD12702A9539D1F50B87C7AAC9A983B2C00F~Abbey2 BUILD_FLAGS=NEED_CAPACITY PURPOSE=GENERAL TIME_CREATED=2019-04-02T05:06:09.989069
2019-04-02 06:06:11 1554181571.98 650 CIRC 26 EXTENDED $C546FD12702A9539D1F50B87C7AAC9A983B2C00F~Abbey2,$3DCA95587F917F3F212B598731B97BDB85BFEE92~TykRelay04 BUILD_FLAGS=NEED_CAPACITY PURPOSE=GENERAL TIME_CREATED=2019-04-02T05:06:09.989069
2019-04-02 06:06:11 1554181571.99 650 BW 779345 25946
2019-04-02 06:06:11 1554181571.99 650 STREAM_BW 68 0 728076
2019-04-02 06:06:11 1554181571.99 650 CIRC_BW ID=17 READ=0 WRITTEN=728076
2019-04-02 06:06:12 1554181572.50 650 CIRC 26 EXTENDED $C546FD12702A9539D1F50B87C7AAC9A983B2C00F~Abbey2,$3DCA95587F917F3F212B598731B97BDB85BFEE92~TykRelay04,$4488EEA8CA1674020D9FCC2A176E1FDB9606F0B3~HORUS2 BUILD_FLAGS=NEED_CAPACITY PURPOSE=GENERAL TIME_CREATED=2019-04-02T05:06:09.989069
2019-04-02 06:06:12 1554181572.50 650 CIRC 26 BUILT $C546FD12702A9539D1F50B87C7AAC9A983B2C00F~Abbey2,$3DCA95587F917F3F212B598731B97BDB85BFEE92~TykRelay04,$4488EEA8CA1674020D9FCC2A176E1FDB9606F0B3~HORUS2 BUILD_FLAGS=NEED_CAPACITY PURPOSE=GENERAL TIME_CREATED=2019-04-02T05:06:09.989069
2019-04-02 06:06:12 1554181572.99 650 BW 739185 24000
2019-04-02 06:06:12 1554181572.99 650 STREAM_BW 68 0 717618
2019-04-02 06:06:12 1554181572.99 650 CIRC_BW ID=17 READ=0 WRITTEN=717618
2019-04-02 06:06:13 1554181573.99 650 BW 609040 18143
2019-04-02 06:06:13 1554181573.99 650 STREAM_BW 68 0 666822
2019-04-02 06:06:13 1554181573.99 650 CIRC_BW ID=17 READ=0 WRITTEN=666822
2019-04-02 06:06:14 1554181574.99 650 BW 706072 21857
2019-04-02 06:06:14 1554181574.99 650 STREAM_BW 68 0 642918
2019-04-02 06:06:14 1554181574.99 650 CIRC_BW ID=17 READ=0 WRITTEN=642918
2019-04-02 06:06:15 1554181575.99 650 BW 749815 22943
2019-04-02 06:06:15 1554181575.99 650 STREAM_BW 68 0 715626
2019-04-02 06:06:15 1554181575.99 650 CIRC_BW ID=17 READ=0 WRITTEN=715626
2019-04-02 06:06:16 1554181576.35 650 STREAM_BW 68 0 120018
2019-04-02 06:06:16 1554181576.35 650 STREAM 68 CLOSED 17 137.50.19.20:8080 REASON=END REMOTE_REASON=DONE
2019-04-02 06:06:16 1554181576.35 650 STREAM 70 NEW 0 137.50.19.20:8080 SOURCE_ADDR=127.0.0.1:52972 PURPOSE=USER
2019-04-02 06:06:16 1554181576.35 650 STREAM 70 SENTCONNECT 17 137.50.19.20:8080
2019-04-02 06:06:16 1554181576.93 650 STREAM 70 REMAP 17 137.50.19.20:8080 SOURCE=EXIT
2019-04-02 06:06:16 1554181576.93 650 STREAM 70 SUCCEEDED 17 137.50.19.20:8080
2019-04-02 06:06:16 1554181576.99 650 BW 262866 9600
2019-04-02 06:06:16 1554181576.99 650 STREAM_BW 70 74 12
2019-04-02 06:06:16 1554181576.99 650 CIRC_BW ID=17 READ=61 WRITTEN=240046
2019-04-02 06:06:16 1554181576.99 650 CIRC 2 CLOSED $BD6A829255CB08E66FBE7D3748363586E46B3810~maatuska BUILD_FLAGS=ONEHOP_TUNNEL,IS_INTERNAL,NEED_CAPACITY PURPOSE=GENERAL TIME_CREATED=2019-04-02T05:05:14.896619 REASON=FINISHED
2019-04-02 06:06:17 1554181577.99 650 BW 254803 8029
2019-04-02 06:06:17 1554181577.99 650 STREAM_BW 70 0 312278
2019-04-02 06:06:17 1554181577.99 650 CIRC_BW ID=17 READ=0 WRITTEN=312278
2019-04-02 06:06:18 1554181578.99 650 BW 756171 23457
2019-04-02 06:06:18 1554181578.99 650 STREAM_BW 70 0 718702
2019-04-02 06:06:18 1554181578.99 650 CIRC_BW ID=17 READ=0 WRITTEN=718702
2019-04-02 06:06:19 1554181579.99 650 BW 714037 22400
2019-04-02 06:06:19 1554181579.99 650 STREAM_BW 70 0 749490
2019-04-02 06:06:19 1554181579.99 650 CIRC_BW ID=17 READ=0 WRITTEN=749490
2019-04-02 06:06:19 1554181579.99 650 CIRC 16 CLOSED $DA53984DBA28420169F34F4F44CB24E3A0946747~barron BUILD_FLAGS=ONEHOP_TUNNEL,IS_INTERNAL,NEED_CAPACITY PURPOSE=GENERAL TIME_CREATED=2019-04-02T05:05:17.865387 REASON=DESTROYED REMOTE_REASON=FINISHED
2019-04-02 06:06:20 1554181580.99 650 BW 792067 24000
2019-04-02 06:06:20 1554181580.99 650 STREAM_BW 70 0 695208
2019-04-02 06:06:20 1554181580.99 650 CIRC_BW ID=17 READ=0 WRITTEN=695208
2019-04-02 06:06:20 1554181580.99 650 CIRC 27 LAUNCHED BUILD_FLAGS=NEED_CAPACITY PURPOSE=GENERAL TIME_CREATED=2019-04-02T05:06:20.988971
2019-04-02 06:06:20 1554181580.99 650 ORCONN $72430BB268B1E256005418B20FDD534AA2A73D62~molorelay LAUNCHED ID=71
2019-04-02 06:06:20 1554181580.99 650 CIRC 14 CLOSED $786926E8C497A6924ED69E23D48B13E92D1E07EE~memcpy BUILD_FLAGS=ONEHOP_TUNNEL,IS_INTERNAL,NEED_CAPACITY PURPOSE=GENERAL TIME_CREATED=2019-04-02T05:05:17.864861 REASON=DESTROYED REMOTE_REASON=FINISHED
2019-04-02 06:06:20 1554181580.99 650 CIRC 11 CLOSED $44DC23661E05DEFD94398936D9334987ABCB6E5E~currentlane BUILD_FLAGS=ONEHOP_TUNNEL,IS_INTERNAL,NEED_CAPACITY PURPOSE=GENERAL TIME_CREATED=2019-04-02T05:05:17.864064 REASON=DESTROYED REMOTE_REASON=FINISHED
2019-04-02 06:06:21 1554181581.62 650 ORCONN $72430BB268B1E256005418B20FDD534AA2A73D62~molorelay CONNECTED ID=71
2019-04-02 06:06:21 1554181581.80 650 CIRC 27 EXTENDED $72430BB268B1E256005418B20FDD534AA2A73D62~molorelay BUILD_FLAGS=NEED_CAPACITY PURPOSE=GENERAL TIME_CREATED=2019-04-02T05:06:20.988971
2019-04-02 06:06:21 1554181581.99 650 BW 728638 24348
2019-04-02 06:06:21 1554181581.99 650 STREAM_BW 70 0 693216
2019-04-02 06:06:21 1554181581.99 650 CIRC_BW ID=17 READ=0 WRITTEN=693216
2019-04-02 06:06:22 1554181582.03 650 CIRC 27 EXTENDED $72430BB268B1E256005418B20FDD534AA2A73D62~molorelay,$B5A91AAD55037CB751AB88D910D81AA6367A1A61~armik BUILD_FLAGS=NEED_CAPACITY PURPOSE=GENERAL TIME_CREATED=2019-04-02T05:06:20.988971
2019-04-02 06:06:22 1554181582.35 650 CIRC 27 EXTENDED $72430BB268B1E256005418B20FDD534AA2A73D62~molorelay,$B5A91AAD55037CB751AB88D910D81AA6367A1A61~armik,$5E68279563641AC178CBBFF884BA00F87C69971A~anney BUILD_FLAGS=NEED_CAPACITY PURPOSE=GENERAL TIME_CREATED=2019-04-02T05:06:20.988971
2019-04-02 06:06:22 1554181582.35 650 CIRC 27 BUILT $72430BB268B1E256005418B20FDD534AA2A73D62~molorelay,$B5A91AAD55037CB751AB88D910D81AA6367A1A61~armik,$5E68279563641AC178CBBFF884BA00F87C69971A~anney BUILD_FLAGS=NEED_CAPACITY PURPOSE=GENERAL TIME_CREATED=2019-04-02T05:06:20.988971
2019-04-02 06:06:22 1554181582.99 650 BW 724793 22943
2019-04-02 06:06:22 1554181582.99 650 STREAM_BW 70 0 770406
2019-04-02 06:06:22 1554181582.99 650 CIRC_BW ID=17 READ=0 WRITTEN=770406
2019-04-02 06:06:22 1554181582.99 650 CIRC 9 CLOSED $1CB6DB698C49965D3C75A09B8D9EBFDD0E3B5603~kleinbus BUILD_FLAGS=ONEHOP_TUNNEL,IS_INTERNAL,NEED_CAPACITY PURPOSE=GENERAL TIME_CREATED=2019-04-02T05:05:17.863558 REASON=DESTROYED REMOTE_REASON=FINISHED
2019-04-02 06:06:23 1554181583.99 650 BW 706179 22400
2019-04-02 06:06:23 1554181583.99 650 STREAM_BW 70 0 626982
2019-04-02 06:06:23 1554181583.99 650 CIRC_BW ID=17 READ=0 WRITTEN=626982
2019-04-02 06:06:24 1554181584.99 650 BW 725099 21343
2019-04-02 06:06:24 1554181584.99 650 STREAM_BW 70 0 673794
2019-04-02 06:06:24 1554181584.99 650 CIRC_BW ID=17 READ=0 WRITTEN=673794
2019-04-02 06:06:24 1554181584.99 650 CIRC 3 CLOSED $F01B0C11CAB9B58E395874D851E879F76BC7414B~drazisil BUILD_FLAGS=ONEHOP_TUNNEL,IS_INTERNAL,NEED_CAPACITY PURPOSE=GENERAL TIME_CREATED=2019-04-02T05:05:17.861999 REASON=DESTROYED REMOTE_REASON=FINISHED
2019-04-02 06:06:24 1554181584.99 650 CIRC 12 CLOSED $76F3A81A0784DCF536F6DE19F98EAEB1F89DECCF~stalkr BUILD_FLAGS=ONEHOP_TUNNEL,IS_INTERNAL,NEED_CAPACITY PURPOSE=GENERAL TIME_CREATED=2019-04-02T05:05:17.864316 REASON=DESTROYED REMOTE_REASON=FINISHED
2019-04-02 06:06:25 1554181585.06 650 STREAM 70 CLOSED 17 137.50.19.20:8080 REASON=END REMOTE_REASON=DONE
2019-04-02 06:06:25 1554181585.06 650 STREAM 72 NEW 0 137.50.19.20:8080 SOURCE_ADDR=127.0.0.1:52976 PURPOSE=USER
2019-04-02 06:06:25 1554181585.06 650 STREAM 72 SENTCONNECT 26 137.50.19.20:8080
2019-04-02 06:06:25 1554181585.73 650 STREAM 72 REMAP 26 137.50.19.20:8080 SOURCE=EXIT
2019-04-02 06:06:25 1554181585.73 650 STREAM 72 SUCCEEDED 26 137.50.19.20:8080
2019-04-02 06:06:25 1554181585.99 650 BW 82913 4286
2019-04-02 06:06:25 1554181585.99 650 STREAM_BW 72 74 12
2019-04-02 06:06:25 1554181585.99 650 CIRC_BW ID=26 READ=61 WRITTEN=10
2019-04-02 06:06:25 1554181585.99 650 CIRC 6 CLOSED $130E69E8F783DEF256E757FA78154B7DC2A39E0E~funkturm BUILD_FLAGS=ONEHOP_TUNNEL,IS_INTERNAL,NEED_CAPACITY PURPOSE=GENERAL TIME_CREATED=2019-04-02T05:05:17.862801 REASON=DESTROYED REMOTE_REASON=FINISHED
2019-04-02 06:06:25 1554181585.99 650 CIRC 13 CLOSED $E3F98C86C9E01138DD8EA06B1E660A0CDB4B2782~Finisterre BUILD_FLAGS=ONEHOP_TUNNEL,IS_INTERNAL,NEED_CAPACITY PURPOSE=GENERAL TIME_CREATED=2019-04-02T05:05:17.864567 REASON=DESTROYED REMOTE_REASON=FINISHED
2019-04-02 06:06:26 1554181586.99 650 BW 13806 0
2019-04-02 06:06:26 1554181586.99 650 STREAM_BW 72 0 19858
2019-04-02 06:06:26 1554181586.99 650 CIRC_BW ID=26 READ=0 WRITTEN=19858
2019-04-02 06:06:26 1554181586.99 650 CIRC 7 CLOSED $81893D8444F0C9100CCD963BD0D62BBC50121D14~geekboxNEO BUILD_FLAGS=ONEHOP_TUNNEL,IS_INTERNAL,NEED_CAPACITY PURPOSE=GENERAL TIME_CREATED=2019-04-02T05:05:17.863052 REASON=DESTROYED REMOTE_REASON=FINISHED
2019-04-02 06:06:27 1554181587.99 650 BW 70311 2143
2019-04-02 06:06:27 1554181587.99 650 STREAM_BW 72 0 56350
2019-04-02 06:06:27 1554181587.99 650 CIRC_BW ID=26 READ=0 WRITTEN=56350
2019-04-02 06:06:28 1554181588.99 650 BW 114299 3200
2019-04-02 06:06:28 1554181588.99 650 STREAM_BW 72 0 114438
2019-04-02 06:06:28 1554181588.99 650 CIRC_BW ID=26 READ=0 WRITTEN=114438
2019-04-02 06:06:28 1554181588.99 650 CIRC 4 CLOSED $45F1CEDD0D81BE2BF908A7CEF8EA799486E42206~Sw4n BUILD_FLAGS=ONEHOP_TUNNEL,IS_INTERNAL,NEED_CAPACITY PURPOSE=GENERAL TIME_CREATED=2019-04-02T05:05:17.862302 REASON=DESTROYED REMOTE_REASON=FINISHED
2019-04-02 06:06:29 1554181589.99 650 BW 143392 4800
2019-04-02 06:06:29 1554181589.99 650 STREAM_BW 72 0 149736
2019-04-02 06:06:29 1554181589.99 650 CIRC_BW ID=26 READ=0 WRITTEN=149736
2019-04-02 06:06:29 1554181589.99 650 CIRC 8 CLOSED $6973EF8DDEE95F61465D42A3E95852A3C54D6164~vasilievsky BUILD_FLAGS=ONEHOP_TUNNEL,IS_INTERNAL,NEED_CAPACITY PURPOSE=GENERAL TIME_CREATED=2019-04-02T05:05:17.863306 REASON=DESTROYED REMOTE_REASON=FINISHED
2019-04-02 06:06:30 1554181590.99 650 BW 205158 5857
2019-04-02 06:06:30 1554181590.99 650 STREAM_BW 72 0 181770
2019-04-02 06:06:30 1554181590.99 650 CIRC_BW ID=26 READ=0 WRITTEN=181770
2019-04-02 06:06:30 1554181590.99 650 CIRC 5 CLOSED $D39F66DE4910D3AE1C3415E4501219D3B99E184E~3zpzl3mnsqzy BUILD_FLAGS=ONEHOP_TUNNEL,IS_INTERNAL,NEED_CAPACITY PURPOSE=GENERAL TIME_CREATED=2019-04-02T05:05:17.862552 REASON=DESTROYED REMOTE_REASON=FINISHED
2019-04-02 06:06:30 1554181590.99 650 CIRC 15 CLOSED $36414078C521BA19168260F6DF23C97995976289~yatr BUILD_FLAGS=ONEHOP_TUNNEL,IS_INTERNAL,NEED_CAPACITY PURPOSE=GENERAL TIME_CREATED=2019-04-02T05:05:17.865115 REASON=DESTROYED REMOTE_REASON=FINISHED
2019-04-02 06:06:31 1554181591.99 650 BW 223220 6943
2019-04-02 06:06:31 1554181591.99 650 STREAM_BW 72 0 244518
2019-04-02 06:06:31 1554181591.99 650 CIRC_BW ID=26 READ=0 WRITTEN=244518
2019-04-02 06:06:31 1554181591.99 650 CIRC 28 LAUNCHED BUILD_FLAGS=NEED_CAPACITY PURPOSE=GENERAL TIME_CREATED=2019-04-02T05:06:31.988804
2019-04-02 06:06:31 1554181591.99 650 ORCONN $42B4F52C5B11E4D39855F654955425B0D5A0598B~ENiGMA LAUNCHED ID=73
2019-04-02 06:06:32 1554181592.62 650 ORCONN $42B4F52C5B11E4D39855F654955425B0D5A0598B~ENiGMA CONNECTED ID=73
2019-04-02 06:06:32 1554181592.78 650 CIRC 28 EXTENDED $42B4F52C5B11E4D39855F654955425B0D5A0598B~ENiGMA BUILD_FLAGS=NEED_CAPACITY PURPOSE=GENERAL TIME_CREATED=2019-04-02T05:06:31.988804
2019-04-02 06:06:32 1554181592.97 650 CIRC 28 EXTENDED $42B4F52C5B11E4D39855F654955425B0D5A0598B~ENiGMA,$786926E8C497A6924ED69E23D48B13E92D1E07EE~memcpy BUILD_FLAGS=NEED_CAPACITY PURPOSE=GENERAL TIME_CREATED=2019-04-02T05:06:31.988804
2019-04-02 06:06:32 1554181592.99 650 BW 298773 11017
2019-04-02 06:06:32 1554181592.99 650 STREAM_BW 72 0 260454
2019-04-02 06:06:32 1554181592.99 650 CIRC_BW ID=26 READ=0 WRITTEN=260454
2019-04-02 06:06:32 1554181592.99 650 CIRC 10 CLOSED $2F9A6B5ADBE91EC69F55AAFB7DC49619D31B8324~0x3d003 BUILD_FLAGS=ONEHOP_TUNNEL,IS_INTERNAL,NEED_CAPACITY PURPOSE=GENERAL TIME_CREATED=2019-04-02T05:05:17.863812 REASON=DESTROYED REMOTE_REASON=FINISHED
2019-04-02 06:06:33 1554181593.19 650 CIRC 28 EXTENDED $42B4F52C5B11E4D39855F654955425B0D5A0598B~ENiGMA,$786926E8C497A6924ED69E23D48B13E92D1E07EE~memcpy,$BC630CBBB518BE7E9F4E09712AB0269E9DC7D626~IPredator BUILD_FLAGS=NEED_CAPACITY PURPOSE=GENERAL TIME_CREATED=2019-04-02T05:06:31.988804
2019-04-02 06:06:33 1554181593.19 650 CIRC 28 BUILT $42B4F52C5B11E4D39855F654955425B0D5A0598B~ENiGMA,$786926E8C497A6924ED69E23D48B13E92D1E07EE~memcpy,$BC630CBBB518BE7E9F4E09712AB0269E9DC7D626~IPredator BUILD_FLAGS=NEED_CAPACITY PURPOSE=GENERAL TIME_CREATED=2019-04-02T05:06:31.988804
2019-04-02 06:06:33 1554181593.99 650 BW 305690 10143
2019-04-02 06:06:33 1554181593.99 650 STREAM_BW 72 0 284856
2019-04-02 06:06:33 1554181593.99 650 CIRC_BW ID=26 READ=0 WRITTEN=284856
2019-04-02 06:06:34 1554181594.99 650 BW 332906 10143
2019-04-02 06:06:34 1554181594.99 650 STREAM_BW 72 0 334656
2019-04-02 06:06:34 1554181594.99 650 CIRC_BW ID=26 READ=0 WRITTEN=334656
2019-04-02 06:06:35 1554181595.99 650 BW 339495 10657
2019-04-02 06:06:35 1554181595.99 650 STREAM_BW 72 0 331668
2019-04-02 06:06:35 1554181595.99 650 CIRC_BW ID=26 READ=0 WRITTEN=331668
2019-04-02 06:06:36 1554181596.99 650 BW 344199 10143
2019-04-02 06:06:36 1554181596.99 650 STREAM_BW 72 0 323700
2019-04-02 06:06:36 1554181596.99 650 CIRC_BW ID=26 READ=0 WRITTEN=323700
2019-04-02 06:06:37 1554181597.99 650 BW 314026 9600
2019-04-02 06:06:37 1554181597.99 650 STREAM_BW 72 0 343122
2019-04-02 06:06:37 1554181597.99 650 CIRC_BW ID=26 READ=0 WRITTEN=343122
2019-04-02 06:06:38 1554181598.99 650 BW 377052 12257
2019-04-02 06:06:38 1554181598.99 650 STREAM_BW 72 0 306768
2019-04-02 06:06:38 1554181598.99 650 CIRC_BW ID=26 READ=0 WRITTEN=306768
2019-04-02 06:06:39 1554181599.99 650 BW 321445 9600
2019-04-02 06:06:39 1554181599.99 650 STREAM_BW 72 0 300294
2019-04-02 06:06:39 1554181599.99 650 CIRC_BW ID=26 READ=0 WRITTEN=300294
2019-04-02 06:06:40 1554181600.99 650 BW 240641 8000
2019-04-02 06:06:40 1554181600.99 650 STREAM_BW 72 0 306270
2019-04-02 06:06:40 1554181600.99 650 CIRC_BW ID=26 READ=0 WRITTEN=306270
2019-04-02 06:06:41 1554181601.99 650 BW 378307 11200
2019-04-02 06:06:41 1554181601.99 650 STREAM_BW 72 0 310752
2019-04-02 06:06:41 1554181601.99 650 CIRC_BW ID=26 READ=0 WRITTEN=310752
2019-04-02 06:06:42 1554181602.99 650 BW 341697 10143
2019-04-02 06:06:42 1554181602.99 650 STREAM_BW 72 0 328680
2019-04-02 06:06:42 1554181602.99 650 CIRC_BW ID=26 READ=0 WRITTEN=328680
2019-04-02 06:06:42 1554181602.99 650 CIRC 29 LAUNCHED BUILD_FLAGS=NEED_CAPACITY PURPOSE=GENERAL TIME_CREATED=2019-04-02T05:06:42.989090
2019-04-02 06:06:42 1554181602.99 650 ORCONN $C9D02B1644BD47C136E379FDFAF4973D1A1CE07C~8af34cb1 LAUNCHED ID=74
2019-04-02 06:06:43 1554181603.69 650 ORCONN $C9D02B1644BD47C136E379FDFAF4973D1A1CE07C~8af34cb1 CONNECTED ID=74
2019-04-02 06:06:43 1554181603.87 650 CIRC 29 EXTENDED $C9D02B1644BD47C136E379FDFAF4973D1A1CE07C~8af34cb1 BUILD_FLAGS=NEED_CAPACITY PURPOSE=GENERAL TIME_CREATED=2019-04-02T05:06:42.989090
2019-04-02 06:06:43 1554181603.99 650 BW 386353 14200
2019-04-02 06:06:43 1554181603.99 650 STREAM_BW 72 0 370014
2019-04-02 06:06:43 1554181603.99 650 CIRC_BW ID=26 READ=0 WRITTEN=370014
2019-04-02 06:06:44 1554181604.11 650 CIRC 29 EXTENDED $C9D02B1644BD47C136E379FDFAF4973D1A1CE07C~8af34cb1,$CEC92F3BE8A2F3A46D3C042721D6BDBF2F40F4C5~boardwalk BUILD_FLAGS=NEED_CAPACITY PURPOSE=GENERAL TIME_CREATED=2019-04-02T05:06:42.989090
2019-04-02 06:06:44 1554181604.53 650 CIRC 29 EXTENDED $C9D02B1644BD47C136E379FDFAF4973D1A1CE07C~8af34cb1,$CEC92F3BE8A2F3A46D3C042721D6BDBF2F40F4C5~boardwalk,$1AF52F3EB9054CE27C394F69B52A3451604312F9~lon BUILD_FLAGS=NEED_CAPACITY PURPOSE=GENERAL TIME_CREATED=2019-04-02T05:06:42.989090
2019-04-02 06:06:44 1554181604.53 650 CIRC 29 BUILT $C9D02B1644BD47C136E379FDFAF4973D1A1CE07C~8af34cb1,$CEC92F3BE8A2F3A46D3C042721D6BDBF2F40F4C5~boardwalk,$1AF52F3EB9054CE27C394F69B52A3451604312F9~lon BUILD_FLAGS=NEED_CAPACITY PURPOSE=GENERAL TIME_CREATED=2019-04-02T05:06:42.989090
2019-04-02 06:06:44 1554181604.99 650 BW 320604 10143
2019-04-02 06:06:44 1554181604.99 650 STREAM_BW 72 0 298800
2019-04-02 06:06:44 1554181604.99 650 CIRC_BW ID=26 READ=0 WRITTEN=298800
2019-04-02 06:06:45 1554181605.99 650 BW 322276 10143
2019-04-02 06:06:45 1554181605.99 650 STREAM_BW 72 0 352584
2019-04-02 06:06:45 1554181605.99 650 CIRC_BW ID=26 READ=0 WRITTEN=352584
2019-04-02 06:06:46 1554181606.25 650 STREAM_BW 72 0 20916
2019-04-02 06:06:46 1554181606.25 650 STREAM 72 CLOSED 26 137.50.19.20:8080 REASON=END REMOTE_REASON=DONE
2019-04-02 06:06:46 1554181606.25 650 STREAM 75 NEW 0 137.50.19.20:8080 SOURCE_ADDR=127.0.0.1:52982 PURPOSE=USER
2019-04-02 06:06:46 1554181606.25 650 STREAM 75 SENTCONNECT 26 137.50.19.20:8080
2019-04-02 06:06:46 1554181606.99 650 BW 90658 3200
2019-04-02 06:06:46 1554181606.99 650 STREAM_BW 75 13 2
2019-04-02 06:06:46 1554181606.99 650 CIRC_BW ID=26 READ=0 WRITTEN=41832
2019-04-02 06:06:47 1554181607.18 650 STREAM 75 REMAP 26 137.50.19.20:8080 SOURCE=EXIT
2019-04-02 06:06:47 1554181607.18 650 STREAM 75 SUCCEEDED 26 137.50.19.20:8080
2019-04-02 06:06:47 1554181607.99 650 BW 12670 543
2019-04-02 06:06:47 1554181607.99 650 STREAM_BW 75 61 7334
2019-04-02 06:06:47 1554181607.99 650 CIRC_BW ID=26 READ=61 WRITTEN=7334
2019-04-02 06:06:47 1554181607.99 650 CIRC 17 CLOSED $F15F5BBB91175B81980FD0704F1762C04CF6AF1E~chungus,$F38597914A03B0490CC157E8F8AF1E0DADE920CC~godse,$53E4004473905F1D5CB823174C3900CF3826C9EA~exit4 BUILD_FLAGS=NEED_CAPACITY PURPOSE=GENERAL TIME_CREATED=2019-04-02T05:05:20.989571 REASON=FINISHED
2019-04-02 06:06:48 1554181608.99 650 BW 164251 5401
2019-04-02 06:06:48 1554181608.99 650 STREAM_BW 75 0 159158
2019-04-02 06:06:48 1554181608.99 650 CIRC_BW ID=26 READ=0 WRITTEN=159158
2019-04-02 06:06:49 1554181609.99 650 BW 287959 9231
2019-04-02 06:06:49 1554181609.99 650 STREAM_BW 75 0 291100
2019-04-02 06:06:49 1554181609.99 650 CIRC_BW ID=26 READ=0 WRITTEN=291100
2019-04-02 06:06:50 1554181610.99 650 BW 336392 10317
2019-04-02 06:06:50 1554181610.99 650 STREAM_BW 75 0 325194
2019-04-02 06:06:50 1554181610.99 650 CIRC_BW ID=26 READ=0 WRITTEN=325194
2019-04-02 06:06:51 1554181611.99 650 BW 363670 11403
2019-04-02 06:06:51 1554181611.99 650 STREAM_BW 75 0 372504
2019-04-02 06:06:51 1554181611.99 650 CIRC_BW ID=26 READ=0 WRITTEN=372504
2019-04-02 06:06:52 1554181612.99 650 BW 343292 11403
2019-04-02 06:06:52 1554181612.99 650 STREAM_BW 75 0 301290
2019-04-02 06:06:52 1554181612.99 650 CIRC_BW ID=26 READ=0 WRITTEN=301290
2019-04-02 06:06:53 1554181613.99 650 BW 332577 9774
2019-04-02 06:06:53 1554181613.99 650 STREAM_BW 75 0 354576
2019-04-02 06:06:53 1554181613.99 650 CIRC_BW ID=26 READ=0 WRITTEN=354576
2019-04-02 06:06:53 1554181613.99 650 CIRC 30 LAUNCHED BUILD_FLAGS=NEED_CAPACITY PURPOSE=GENERAL TIME_CREATED=2019-04-02T05:06:53.989000
2019-04-02 06:06:53 1554181613.99 650 ORCONN $B17AD1C4D985D70D948379D20772D60D4BA8D362~PersilfuersNetz2 LAUNCHED ID=76
2019-04-02 06:06:54 1554181614.59 650 ORCONN $B17AD1C4D985D70D948379D20772D60D4BA8D362~PersilfuersNetz2 CONNECTED ID=76
2019-04-02 06:06:54 1554181614.74 650 CIRC 30 EXTENDED $B17AD1C4D985D70D948379D20772D60D4BA8D362~PersilfuersNetz2 BUILD_FLAGS=NEED_CAPACITY PURPOSE=GENERAL TIME_CREATED=2019-04-02T05:06:53.989000
2019-04-02 06:06:54 1554181614.94 650 CIRC 30 EXTENDED $B17AD1C4D985D70D948379D20772D60D4BA8D362~PersilfuersNetz2,$169535CC4C75FF79C6D548D41720064EE4FE61D2~bradburn BUILD_FLAGS=NEED_CAPACITY PURPOSE=GENERAL TIME_CREATED=2019-04-02T05:06:53.989000
2019-04-02 06:06:54 1554181614.99 650 BW 337836 12804
2019-04-02 06:06:54 1554181614.99 650 STREAM_BW 75 0 295314
2019-04-02 06:06:54 1554181614.99 650 CIRC_BW ID=26 READ=0 WRITTEN=295314
2019-04-02 06:06:55 1554181615.19 650 CIRC 30 EXTENDED $B17AD1C4D985D70D948379D20772D60D4BA8D362~PersilfuersNetz2,$169535CC4C75FF79C6D548D41720064EE4FE61D2~bradburn,$B84F248233FEA90CAD439F292556A3139F6E1B82~tollana BUILD_FLAGS=NEED_CAPACITY PURPOSE=GENERAL TIME_CREATED=2019-04-02T05:06:53.989000
2019-04-02 06:06:55 1554181615.19 650 CIRC 30 BUILT $B17AD1C4D985D70D948379D20772D60D4BA8D362~PersilfuersNetz2,$169535CC4C75FF79C6D548D41720064EE4FE61D2~bradburn,$B84F248233FEA90CAD439F292556A3139F6E1B82~tollana BUILD_FLAGS=NEED_CAPACITY PURPOSE=GENERAL TIME_CREATED=2019-04-02T05:06:53.989000
2019-04-02 06:06:55 1554181615.99 650 BW 390933 12489
2019-04-02 06:06:55 1554181615.99 650 STREAM_BW 75 0 346608
2019-04-02 06:06:55 1554181615.99 650 CIRC_BW ID=26 READ=0 WRITTEN=346608
2019-04-02 06:06:56 1554181616.99 650 BW 312432 9774
2019-04-02 06:06:56 1554181616.99 650 STREAM_BW 75 0 345612
2019-04-02 06:06:56 1554181616.99 650 CIRC_BW ID=26 READ=0 WRITTEN=345612
2019-04-02 06:06:57 1554181617.99 650 BW 320223 10860
2019-04-02 06:06:57 1554181617.99 650 STREAM_BW 75 0 307266
2019-04-02 06:06:57 1554181617.99 650 CIRC_BW ID=26 READ=0 WRITTEN=307266
2019-04-02 06:06:58 1554181618.99 650 BW 328823 9774
2019-04-02 06:06:58 1554181618.99 650 STREAM_BW 75 0 270414
2019-04-02 06:06:58 1554181618.99 650 CIRC_BW ID=26 READ=0 WRITTEN=270414
2019-04-02 06:06:59 1554181619.99 650 BW 317356 10288
2019-04-02 06:06:59 1554181619.99 650 STREAM_BW 75 0 341130
2019-04-02 06:06:59 1554181619.99 650 CIRC_BW ID=26 READ=0 WRITTEN=341130
2019-04-02 06:07:00 1554181620.99 650 BW 382967 11403
2019-04-02 06:07:00 1554181620.99 650 STREAM_BW 75 0 331170
2019-04-02 06:07:00 1554181620.99 650 CIRC_BW ID=26 READ=0 WRITTEN=331170
2019-04-02 06:07:01 1554181621.99 650 BW 335802 10831
2019-04-02 06:07:01 1554181621.99 650 STREAM_BW 75 0 335154
2019-04-02 06:07:01 1554181621.99 650 CIRC_BW ID=26 READ=0 WRITTEN=335154
2019-04-02 06:07:02 1554181622.99 650 BW 333223 10317
2019-04-02 06:07:02 1554181622.99 650 STREAM_BW 75 0 357066
2019-04-02 06:07:02 1554181622.99 650 CIRC_BW ID=26 READ=0 WRITTEN=357066
2019-04-02 06:07:03 1554181623.99 650 BW 416753 13032
2019-04-02 06:07:03 1554181623.99 650 STREAM_BW 75 0 346608
2019-04-02 06:07:03 1554181623.99 650 CIRC_BW ID=26 READ=0 WRITTEN=346608
2019-04-02 06:07:04 1554181624.75 650 STREAM_BW 75 0 154380
2019-04-02 06:07:04 1554181624.75 650 STREAM 75 CLOSED 26 137.50.19.20:8080 REASON=END REMOTE_REASON=DONE
2019-04-02 06:07:04 1554181624.75 650 STREAM 77 NEW 0 137.50.19.20:8080 SOURCE_ADDR=127.0.0.1:52986 PURPOSE=USER
2019-04-02 06:07:04 1554181624.75 650 STREAM 77 SENTCONNECT 26 137.50.19.20:8080
2019-04-02 06:07:04 1554181624.99 650 BW 159669 5430
2019-04-02 06:07:04 1554181624.99 650 STREAM_BW 77 13 2
2019-04-02 06:07:04 1554181624.99 650 CIRC_BW ID=26 READ=0 WRITTEN=308760
2019-04-02 06:07:04 1554181624.99 650 CIRC 31 LAUNCHED BUILD_FLAGS=NEED_CAPACITY PURPOSE=GENERAL TIME_CREATED=2019-04-02T05:07:04.988878
2019-04-02 06:07:04 1554181624.99 650 ORCONN $5E5D856F1CFE290D672A12068BF3B73EE214340E~drakeforce1 LAUNCHED ID=78
2019-04-02 06:07:05 1554181625.51 650 ORCONN $5E5D856F1CFE290D672A12068BF3B73EE214340E~drakeforce1 CONNECTED ID=78
2019-04-02 06:07:05 1554181625.64 650 CIRC 31 EXTENDED $5E5D856F1CFE290D672A12068BF3B73EE214340E~drakeforce1 BUILD_FLAGS=NEED_CAPACITY PURPOSE=GENERAL TIME_CREATED=2019-04-02T05:07:04.988878
2019-04-02 06:07:05 1554181625.80 650 STREAM 77 REMAP 26 137.50.19.20:8080 SOURCE=EXIT
2019-04-02 06:07:05 1554181625.80 650 STREAM 77 SUCCEEDED 26 137.50.19.20:8080
2019-04-02 06:07:05 1554181625.81 650 CIRC 31 EXTENDED $5E5D856F1CFE290D672A12068BF3B73EE214340E~drakeforce1,$A853B76224569BDEFF49BF35EE3AF8B0B4607698~gongoing BUILD_FLAGS=NEED_CAPACITY PURPOSE=GENERAL TIME_CREATED=2019-04-02T05:07:04.988878
2019-04-02 06:07:05 1554181625.99 650 BW 4765 3034
2019-04-02 06:07:05 1554181625.99 650 STREAM_BW 77 62 10
2019-04-02 06:07:05 1554181625.99 650 CIRC_BW ID=26 READ=62 WRITTEN=10
2019-04-02 06:07:05 1554181626.00 650 CIRC 31 EXTENDED $5E5D856F1CFE290D672A12068BF3B73EE214340E~drakeforce1,$A853B76224569BDEFF49BF35EE3AF8B0B4607698~gongoing,$6F647831035CDB891B33103A073AEB9028122129~torturing BUILD_FLAGS=NEED_CAPACITY PURPOSE=GENERAL TIME_CREATED=2019-04-02T05:07:04.988878
2019-04-02 06:07:05 1554181626.00 650 CIRC 31 BUILT $5E5D856F1CFE290D672A12068BF3B73EE214340E~drakeforce1,$A853B76224569BDEFF49BF35EE3AF8B0B4607698~gongoing,$6F647831035CDB891B33103A073AEB9028122129~torturing BUILD_FLAGS=NEED_CAPACITY PURPOSE=GENERAL TIME_CREATED=2019-04-02T05:07:04.988878
2019-04-02 06:07:06 1554181626.99 650 BW 32933 1086
2019-04-02 06:07:06 1554181626.99 650 STREAM_BW 77 0 29045
2019-04-02 06:07:06 1554181626.99 650 CIRC_BW ID=26 READ=0 WRITTEN=29045
2019-04-02 06:07:07 1554181627.99 650 BW 79317 2715
2019-04-02 06:07:07 1554181627.99 650 STREAM_BW 77 0 119066
2019-04-02 06:07:07 1554181627.99 650 CIRC_BW ID=26 READ=0 WRITTEN=119066
2019-04-02 06:07:08 1554181628.99 650 BW 339411 10317
2019-04-02 06:07:08 1554181628.99 650 STREAM_BW 77 0 286394
2019-04-02 06:07:08 1554181628.99 650 CIRC_BW ID=26 READ=0 WRITTEN=286394
2019-04-02 06:07:09 1554181629.99 650 BW 102111 3258
2019-04-02 06:07:09 1554181629.99 650 STREAM_BW 77 0 202686
2019-04-02 06:07:09 1554181629.99 650 CIRC_BW ID=26 READ=0 WRITTEN=202686
2019-04-02 06:07:10 1554181630.99 650 BW 373666 11403
2019-04-02 06:07:10 1554181630.99 650 STREAM_BW 77 0 291828
2019-04-02 06:07:10 1554181630.99 650 CIRC_BW ID=26 READ=0 WRITTEN=291828
2019-04-02 06:07:11 1554181631.99 650 BW 318276 10317
2019-04-02 06:07:11 1554181631.99 650 STREAM_BW 77 0 312744
2019-04-02 06:07:11 1554181631.99 650 CIRC_BW ID=26 READ=0 WRITTEN=312744
2019-04-02 06:07:12 1554181632.99 650 BW 361991 10860
2019-04-02 06:07:12 1554181632.99 650 STREAM_BW 77 0 292824
2019-04-02 06:07:12 1554181632.99 650 CIRC_BW ID=26 READ=0 WRITTEN=292824
2019-04-02 06:07:13 1554181633.99 650 BW 260341 8145
2019-04-02 06:07:13 1554181633.99 650 STREAM_BW 77 0 296808
2019-04-02 06:07:13 1554181633.99 650 CIRC_BW ID=26 READ=0 WRITTEN=296808
2019-04-02 06:07:14 1554181634.99 650 BW 310297 9774
2019-04-02 06:07:14 1554181634.99 650 STREAM_BW 77 0 296310
2019-04-02 06:07:14 1554181634.99 650 CIRC_BW ID=26 READ=0 WRITTEN=296310
2019-04-02 06:07:15 1554181635.99 650 BW 357249 11403
2019-04-02 06:07:15 1554181635.99 650 STREAM_BW 77 0 327684
2019-04-02 06:07:15 1554181635.99 650 CIRC_BW ID=26 READ=0 WRITTEN=327684
2019-04-02 06:07:16 1554181636.99 650 BW 334307 10860
2019-04-02 06:07:16 1554181636.99 650 STREAM_BW 77 0 363540
2019-04-02 06:07:16 1554181636.99 650 CIRC_BW ID=26 READ=0 WRITTEN=363540
2019-04-02 06:07:17 1554181637.99 650 BW 345171 10317
2019-04-02 06:07:17 1554181637.99 650 STREAM_BW 77 0 276390
2019-04-02 06:07:17 1554181637.99 650 CIRC_BW ID=26 READ=0 WRITTEN=276390
2019-04-02 06:07:18 1554181638.99 650 BW 276142 9231
2019-04-02 06:07:18 1554181638.99 650 STREAM_BW 77 0 246510
2019-04-02 06:07:18 1554181638.99 650 CIRC_BW ID=26 READ=0 WRITTEN=246510
2019-04-02 06:07:19 1554181639.99 650 BW 344666 10317
2019-04-02 06:07:19 1554181639.99 650 STREAM_BW 77 0 358062
2019-04-02 06:07:19 1554181639.99 650 CIRC_BW ID=26 READ=0 WRITTEN=358062
2019-04-02 06:07:20 1554181640.99 650 BW 345462 11403
2019-04-02 06:07:20 1554181640.99 650 STREAM_BW 77 0 347106
2019-04-02 06:07:20 1554181640.99 650 CIRC_BW ID=26 READ=0 WRITTEN=347106
2019-04-02 06:07:21 1554181641.99 650 BW 355683 10860
2019-04-02 06:07:21 1554181641.99 650 STREAM_BW 77 0 324198
2019-04-02 06:07:21 1554181641.99 650 CIRC_BW ID=26 READ=0 WRITTEN=324198
2019-04-02 06:07:22 1554181642.99 650 BW 294675 9774
2019-04-02 06:07:22 1554181642.99 650 STREAM_BW 77 0 256968
2019-04-02 06:07:22 1554181642.99 650 CIRC_BW ID=26 READ=0 WRITTEN=256968
2019-04-02 06:07:23 1554181643.99 650 BW 350009 10317
2019-04-02 06:07:23 1554181643.99 650 STREAM_BW 77 0 342126
2019-04-02 06:07:23 1554181643.99 650 CIRC_BW ID=26 READ=0 WRITTEN=342126
2019-04-02 06:07:24 1554181644.84 650 STREAM_BW 77 0 271908
2019-04-02 06:07:24 1554181644.84 650 STREAM 77 CLOSED 26 137.50.19.20:8080 REASON=END REMOTE_REASON=DONE
2019-04-02 06:07:24 1554181644.84 650 STREAM 79 NEW 0 137.50.19.20:8080 SOURCE_ADDR=127.0.0.1:52990 PURPOSE=USER
2019-04-02 06:07:24 1554181644.84 650 STREAM 79 SENTCONNECT 25 137.50.19.20:8080
2019-04-02 06:07:24 1554181644.99 650 BW 290201 9774
2019-04-02 06:07:24 1554181644.99 650 STREAM_BW 79 13 2
2019-04-02 06:07:24 1554181644.99 650 CIRC_BW ID=26 READ=0 WRITTEN=543816
2019-04-02 06:07:24 1554181644.99 650 CIRC 32 LAUNCHED BUILD_FLAGS=NEED_CAPACITY PURPOSE=GENERAL TIME_CREATED=2019-04-02T05:07:24.989593
2019-04-02 06:07:24 1554181644.99 650 ORCONN $12CF6DB4DAE106206D6C6B09988E865C0509843B~ATZv5 LAUNCHED ID=80
