2019-04-02 06:02:32 1554181352.05 Starting torctl program on host bridge-measure using Tor version 0.2.9.16 (git-9ef571339967c1e5) status=recommended
2019-04-02 06:02:32 1554181352.05 NOTICE BOOTSTRAP PROGRESS=100 TAG=done SUMMARY="Done"
2019-04-02 06:02:32 1554181352.09 650 CIRC 6 EXTENDED $46156FD75B36A72008643882B286A2FEDF2B40C1~Unnamed,$495985474F547B5D97ACB2941C7AED048D7E7E14~Dunkelzahn,$FEDE31337E4E19E06B97D282F08B0A0E8B9C5526~csUniHB BUILD_FLAGS=IS_INTERNAL,NEED_CAPACITY,NEED_UPTIME PURPOSE=GENERAL TIME_CREATED=2019-04-02T05:02:30.932898
2019-04-02 06:02:32 1554181352.09 650 CIRC 6 BUILT $46156FD75B36A72008643882B286A2FEDF2B40C1~Unnamed,$495985474F547B5D97ACB2941C7AED048D7E7E14~Dunkelzahn,$FEDE31337E4E19E06B97D282F08B0A0E8B9C5526~csUniHB BUILD_FLAGS=IS_INTERNAL,NEED_CAPACITY,NEED_UPTIME PURPOSE=GENERAL TIME_CREATED=2019-04-02T05:02:30.932898
2019-04-02 06:02:32 1554181352.09 650 STREAM 43 NEW 0 137.50.19.20:8080 SOURCE_ADDR=127.0.0.1:50882 PURPOSE=USER
2019-04-02 06:02:32 1554181352.09 650 STREAM 43 SENTCONNECT 3 137.50.19.20:8080
2019-04-02 06:02:32 1554181352.17 650 CIRC 7 EXTENDED $46156FD75B36A72008643882B286A2FEDF2B40C1~Unnamed BUILD_FLAGS=IS_INTERNAL,NEED_CAPACITY,NEED_UPTIME PURPOSE=GENERAL TIME_CREATED=2019-04-02T05:02:31.933460
2019-04-02 06:02:32 1554181352.54 650 STREAM 43 REMAP 3 137.50.19.20:8080 SOURCE=EXIT
2019-04-02 06:02:32 1554181352.54 650 STREAM 43 SUCCEEDED 3 137.50.19.20:8080
2019-04-02 06:02:32 1554181352.78 650 CIRC 7 EXTENDED $46156FD75B36A72008643882B286A2FEDF2B40C1~Unnamed,$9AC1E6D6D65D8036A42F3F6B88ADC2BEBDE17F17~ingmar BUILD_FLAGS=IS_INTERNAL,NEED_CAPACITY,NEED_UPTIME PURPOSE=GENERAL TIME_CREATED=2019-04-02T05:02:31.933460
2019-04-02 06:02:32 1554181352.93 650 BW 0 0
2019-04-02 06:02:32 1554181352.93 650 STREAM_BW 43 74 12
2019-04-02 06:02:32 1554181352.93 650 CIRC_BW ID=3 READ=61 WRITTEN=10
2019-04-02 06:02:33 1554181353.27 650 CIRC 7 EXTENDED $46156FD75B36A72008643882B286A2FEDF2B40C1~Unnamed,$9AC1E6D6D65D8036A42F3F6B88ADC2BEBDE17F17~ingmar,$81A42E356C220F084B7EC8AB022EA9B4FE73E649~BigBen BUILD_FLAGS=IS_INTERNAL,NEED_CAPACITY,NEED_UPTIME PURPOSE=GENERAL TIME_CREATED=2019-04-02T05:02:31.933460
2019-04-02 06:02:33 1554181353.27 650 CIRC 7 BUILT $46156FD75B36A72008643882B286A2FEDF2B40C1~Unnamed,$9AC1E6D6D65D8036A42F3F6B88ADC2BEBDE17F17~ingmar,$81A42E356C220F084B7EC8AB022EA9B4FE73E649~BigBen BUILD_FLAGS=IS_INTERNAL,NEED_CAPACITY,NEED_UPTIME PURPOSE=GENERAL TIME_CREATED=2019-04-02T05:02:31.933460
2019-04-02 06:02:33 1554181353.93 650 BW 0 0
2019-04-02 06:02:33 1554181353.93 650 STREAM_BW 43 0 220832
2019-04-02 06:02:33 1554181353.93 650 CIRC_BW ID=3 READ=0 WRITTEN=220832
2019-04-02 06:02:34 1554181354.93 650 BW 0 0
2019-04-02 06:02:34 1554181354.93 650 STREAM_BW 43 0 367816
2019-04-02 06:02:34 1554181354.93 650 CIRC_BW ID=3 READ=0 WRITTEN=367816
2019-04-02 06:02:35 1554181355.93 650 BW 0 0
2019-04-02 06:02:35 1554181355.93 650 STREAM_BW 43 0 431766
2019-04-02 06:02:35 1554181355.93 650 CIRC_BW ID=3 READ=0 WRITTEN=431766
2019-04-02 06:02:36 1554181356.93 650 BW 0 0
2019-04-02 06:02:36 1554181356.93 650 STREAM_BW 43 0 500988
2019-04-02 06:02:36 1554181356.93 650 CIRC_BW ID=3 READ=0 WRITTEN=500988
2019-04-02 06:02:37 1554181357.93 650 BW 0 0
2019-04-02 06:02:37 1554181357.93 650 STREAM_BW 43 0 420810
2019-04-02 06:02:37 1554181357.93 650 CIRC_BW ID=3 READ=0 WRITTEN=420810
2019-04-02 06:02:38 1554181358.93 650 BW 0 0
2019-04-02 06:02:38 1554181358.93 650 STREAM_BW 43 0 500490
2019-04-02 06:02:38 1554181358.93 650 CIRC_BW ID=3 READ=0 WRITTEN=500490
2019-04-02 06:02:39 1554181359.93 650 BW 0 0
2019-04-02 06:02:39 1554181359.93 650 STREAM_BW 43 0 436746
2019-04-02 06:02:39 1554181359.93 650 CIRC_BW ID=3 READ=0 WRITTEN=436746
2019-04-02 06:02:40 1554181360.93 650 BW 0 0
2019-04-02 06:02:40 1554181360.93 650 STREAM_BW 43 0 498000
2019-04-02 06:02:40 1554181360.93 650 CIRC_BW ID=3 READ=0 WRITTEN=498000
2019-04-02 06:02:41 1554181361.93 650 BW 0 0
2019-04-02 06:02:41 1554181361.93 650 STREAM_BW 43 0 431766
2019-04-02 06:02:41 1554181361.93 650 CIRC_BW ID=3 READ=0 WRITTEN=431766
2019-04-02 06:02:42 1554181362.94 650 BW 0 0
2019-04-02 06:02:42 1554181362.94 650 STREAM_BW 43 0 439734
2019-04-02 06:02:42 1554181362.94 650 CIRC_BW ID=3 READ=0 WRITTEN=439734
2019-04-02 06:02:42 1554181362.94 650 CIRC 8 LAUNCHED BUILD_FLAGS=NEED_CAPACITY PURPOSE=GENERAL TIME_CREATED=2019-04-02T05:02:42.933267
2019-04-02 06:02:43 1554181363.34 650 CIRC 8 EXTENDED $46156FD75B36A72008643882B286A2FEDF2B40C1~Unnamed BUILD_FLAGS=NEED_CAPACITY PURPOSE=GENERAL TIME_CREATED=2019-04-02T05:02:42.933267
2019-04-02 06:02:43 1554181363.93 650 BW 0 0
2019-04-02 06:02:43 1554181363.93 650 STREAM_BW 43 0 473100
2019-04-02 06:02:43 1554181363.93 650 CIRC_BW ID=3 READ=0 WRITTEN=473100
2019-04-02 06:02:43 1554181363.98 650 CIRC 8 EXTENDED $46156FD75B36A72008643882B286A2FEDF2B40C1~Unnamed,$9BF04559224F0F1C3C953D641F1744AF0192543A~geekbox BUILD_FLAGS=NEED_CAPACITY PURPOSE=GENERAL TIME_CREATED=2019-04-02T05:02:42.933267
2019-04-02 06:02:44 1554181364.49 650 CIRC 8 EXTENDED $46156FD75B36A72008643882B286A2FEDF2B40C1~Unnamed,$9BF04559224F0F1C3C953D641F1744AF0192543A~geekbox,$6CADB707B2E0170B5F13557E42DB7E5C151CC0BC~niftyhutia BUILD_FLAGS=NEED_CAPACITY PURPOSE=GENERAL TIME_CREATED=2019-04-02T05:02:42.933267
2019-04-02 06:02:44 1554181364.49 650 CIRC 8 BUILT $46156FD75B36A72008643882B286A2FEDF2B40C1~Unnamed,$9BF04559224F0F1C3C953D641F1744AF0192543A~geekbox,$6CADB707B2E0170B5F13557E42DB7E5C151CC0BC~niftyhutia BUILD_FLAGS=NEED_CAPACITY PURPOSE=GENERAL TIME_CREATED=2019-04-02T05:02:42.933267
2019-04-02 06:02:44 1554181364.93 650 BW 0 0
2019-04-02 06:02:44 1554181364.93 650 STREAM_BW 43 0 494016
2019-04-02 06:02:44 1554181364.93 650 CIRC_BW ID=3 READ=0 WRITTEN=494016
2019-04-02 06:02:45 1554181365.00 650 STREAM_BW 43 0 24900
2019-04-02 06:02:45 1554181365.00 650 STREAM 43 CLOSED 3 137.50.19.20:8080 REASON=END REMOTE_REASON=DONE
2019-04-02 06:02:45 1554181365.00 650 STREAM 44 NEW 0 137.50.19.20:8080 SOURCE_ADDR=127.0.0.1:50884 PURPOSE=USER
2019-04-02 06:02:45 1554181365.00 650 STREAM 44 SENTCONNECT 3 137.50.19.20:8080
2019-04-02 06:02:45 1554181365.72 650 STREAM 44 REMAP 3 137.50.19.20:8080 SOURCE=EXIT
2019-04-02 06:02:45 1554181365.72 650 STREAM 44 SUCCEEDED 3 137.50.19.20:8080
2019-04-02 06:02:45 1554181365.93 650 BW 0 0
2019-04-02 06:02:45 1554181365.93 650 STREAM_BW 44 74 12
2019-04-02 06:02:45 1554181365.93 650 CIRC_BW ID=3 READ=61 WRITTEN=49810
2019-04-02 06:02:46 1554181366.93 650 BW 0 0
2019-04-02 06:02:46 1554181366.93 650 STREAM_BW 44 0 160010
2019-04-02 06:02:46 1554181366.93 650 CIRC_BW ID=3 READ=0 WRITTEN=160010
2019-04-02 06:02:47 1554181367.93 650 BW 0 0
2019-04-02 06:02:47 1554181367.93 650 STREAM_BW 44 0 373360
2019-04-02 06:02:47 1554181367.93 650 CIRC_BW ID=3 READ=0 WRITTEN=373360
2019-04-02 06:02:48 1554181368.93 650 BW 0 0
2019-04-02 06:02:48 1554181368.93 650 STREAM_BW 44 0 499494
2019-04-02 06:02:48 1554181368.93 650 CIRC_BW ID=3 READ=0 WRITTEN=499494
2019-04-02 06:02:49 1554181369.93 650 BW 0 0
2019-04-02 06:02:49 1554181369.93 650 STREAM_BW 44 0 431268
2019-04-02 06:02:49 1554181369.93 650 CIRC_BW ID=3 READ=0 WRITTEN=431268
2019-04-02 06:02:50 1554181370.93 650 BW 0 0
2019-04-02 06:02:50 1554181370.93 650 STREAM_BW 44 0 501486
2019-04-02 06:02:50 1554181370.93 650 CIRC_BW ID=3 READ=0 WRITTEN=501486
2019-04-02 06:02:51 1554181371.93 650 BW 0 0
2019-04-02 06:02:51 1554181371.93 650 STREAM_BW 44 0 483060
2019-04-02 06:02:51 1554181371.93 650 CIRC_BW ID=3 READ=0 WRITTEN=483060
2019-04-02 06:02:52 1554181372.93 650 BW 0 0
2019-04-02 06:02:52 1554181372.93 650 STREAM_BW 44 0 435750
2019-04-02 06:02:52 1554181372.93 650 CIRC_BW ID=3 READ=0 WRITTEN=435750
2019-04-02 06:02:53 1554181373.94 650 BW 0 0
2019-04-02 06:02:53 1554181373.94 650 STREAM_BW 44 0 503976
2019-04-02 06:02:53 1554181373.94 650 CIRC_BW ID=3 READ=0 WRITTEN=503976
2019-04-02 06:02:53 1554181373.94 650 CIRC 9 LAUNCHED BUILD_FLAGS=NEED_CAPACITY PURPOSE=GENERAL TIME_CREATED=2019-04-02T05:02:53.933165
2019-04-02 06:02:54 1554181374.43 650 CIRC 9 EXTENDED $46156FD75B36A72008643882B286A2FEDF2B40C1~Unnamed BUILD_FLAGS=NEED_CAPACITY PURPOSE=GENERAL TIME_CREATED=2019-04-02T05:02:53.933165
2019-04-02 06:02:54 1554181374.93 650 BW 0 0
2019-04-02 06:02:54 1554181374.93 650 STREAM_BW 44 0 437244
2019-04-02 06:02:54 1554181374.93 650 CIRC_BW ID=3 READ=0 WRITTEN=437244
2019-04-02 06:02:54 1554181374.95 650 CIRC 9 EXTENDED $46156FD75B36A72008643882B286A2FEDF2B40C1~Unnamed,$D24D0C28AB48768CF8B79DD762D61DB4FD015677~kukuruz BUILD_FLAGS=NEED_CAPACITY PURPOSE=GENERAL TIME_CREATED=2019-04-02T05:02:53.933165
2019-04-02 06:02:55 1554181375.36 650 CIRC 9 EXTENDED $46156FD75B36A72008643882B286A2FEDF2B40C1~Unnamed,$D24D0C28AB48768CF8B79DD762D61DB4FD015677~kukuruz,$749EF4A434DFD00DAB31E93DE86233FB916D31E3~ExitNinja BUILD_FLAGS=NEED_CAPACITY PURPOSE=GENERAL TIME_CREATED=2019-04-02T05:02:53.933165
2019-04-02 06:02:55 1554181375.36 650 CIRC 9 BUILT $46156FD75B36A72008643882B286A2FEDF2B40C1~Unnamed,$D24D0C28AB48768CF8B79DD762D61DB4FD015677~kukuruz,$749EF4A434DFD00DAB31E93DE86233FB916D31E3~ExitNinja BUILD_FLAGS=NEED_CAPACITY PURPOSE=GENERAL TIME_CREATED=2019-04-02T05:02:53.933165
2019-04-02 06:02:55 1554181375.93 650 BW 0 0
2019-04-02 06:02:55 1554181375.93 650 STREAM_BW 44 0 499494
2019-04-02 06:02:55 1554181375.93 650 CIRC_BW ID=3 READ=0 WRITTEN=499494
2019-04-02 06:02:56 1554181376.93 650 BW 0 0
2019-04-02 06:02:56 1554181376.93 650 STREAM_BW 44 0 489534
2019-04-02 06:02:56 1554181376.93 650 CIRC_BW ID=3 READ=0 WRITTEN=489534
2019-04-02 06:02:57 1554181377.83 650 STREAM_BW 44 0 425790
2019-04-02 06:02:57 1554181377.83 650 STREAM 44 CLOSED 3 137.50.19.20:8080 REASON=END REMOTE_REASON=DONE
2019-04-02 06:02:57 1554181377.83 650 STREAM 45 NEW 0 137.50.19.20:8080 SOURCE_ADDR=127.0.0.1:50886 PURPOSE=USER
2019-04-02 06:02:57 1554181377.83 650 STREAM 45 SENTCONNECT 3 137.50.19.20:8080
2019-04-02 06:02:57 1554181377.93 650 BW 0 0
2019-04-02 06:02:57 1554181377.93 650 STREAM_BW 45 13 2
2019-04-02 06:02:57 1554181377.93 650 CIRC_BW ID=3 READ=0 WRITTEN=851580
2019-04-02 06:02:58 1554181378.55 650 STREAM 45 REMAP 3 137.50.19.20:8080 SOURCE=EXIT
2019-04-02 06:02:58 1554181378.55 650 STREAM 45 SUCCEEDED 3 137.50.19.20:8080
2019-04-02 06:02:58 1554181378.93 650 BW 0 0
2019-04-02 06:02:58 1554181378.93 650 STREAM_BW 45 61 10
2019-04-02 06:02:58 1554181378.93 650 CIRC_BW ID=3 READ=61 WRITTEN=10
2019-04-02 06:02:59 1554181379.93 650 BW 0 0
2019-04-02 06:02:59 1554181379.93 650 STREAM_BW 45 0 199464
2019-04-02 06:02:59 1554181379.93 650 CIRC_BW ID=3 READ=0 WRITTEN=199464
2019-04-02 06:03:00 1554181380.93 650 BW 0 0
2019-04-02 06:03:00 1554181380.93 650 STREAM_BW 45 0 438984
2019-04-02 06:03:00 1554181380.93 650 CIRC_BW ID=3 READ=0 WRITTEN=438984
2019-04-02 06:03:01 1554181381.93 650 BW 0 0
2019-04-02 06:03:01 1554181381.93 650 STREAM_BW 45 0 434754
2019-04-02 06:03:01 1554181381.93 650 CIRC_BW ID=3 READ=0 WRITTEN=434754
2019-04-02 06:03:02 1554181382.93 650 BW 0 0
2019-04-02 06:03:02 1554181382.93 650 STREAM_BW 45 0 436746
2019-04-02 06:03:02 1554181382.93 650 CIRC_BW ID=3 READ=0 WRITTEN=436746
2019-04-02 06:03:03 1554181383.93 650 BW 0 0
2019-04-02 06:03:03 1554181383.93 650 STREAM_BW 45 0 498000
2019-04-02 06:03:03 1554181383.93 650 CIRC_BW ID=3 READ=0 WRITTEN=498000
2019-04-02 06:03:04 1554181384.94 650 BW 0 0
2019-04-02 06:03:04 1554181384.94 650 STREAM_BW 45 0 434754
2019-04-02 06:03:04 1554181384.94 650 CIRC_BW ID=3 READ=0 WRITTEN=434754
2019-04-02 06:03:04 1554181384.94 650 CIRC 10 LAUNCHED BUILD_FLAGS=NEED_CAPACITY PURPOSE=GENERAL TIME_CREATED=2019-04-02T05:03:04.932695
2019-04-02 06:03:05 1554181385.42 650 CIRC 10 EXTENDED $46156FD75B36A72008643882B286A2FEDF2B40C1~Unnamed BUILD_FLAGS=NEED_CAPACITY PURPOSE=GENERAL TIME_CREATED=2019-04-02T05:03:04.932695
2019-04-02 06:03:05 1554181385.93 650 BW 0 0
2019-04-02 06:03:05 1554181385.93 650 STREAM_BW 45 0 436746
2019-04-02 06:03:05 1554181385.93 650 CIRC_BW ID=3 READ=0 WRITTEN=436746
2019-04-02 06:03:06 1554181386.07 650 CIRC 10 EXTENDED $46156FD75B36A72008643882B286A2FEDF2B40C1~Unnamed,$8F22AFDD06AA4238ADD93A8EA6FBC2BB9C652711~danby BUILD_FLAGS=NEED_CAPACITY PURPOSE=GENERAL TIME_CREATED=2019-04-02T05:03:04.932695
2019-04-02 06:03:06 1554181386.60 650 CIRC 10 EXTENDED $46156FD75B36A72008643882B286A2FEDF2B40C1~Unnamed,$8F22AFDD06AA4238ADD93A8EA6FBC2BB9C652711~danby,$D729C688382CC2A576089716BE10490D2D66FCE4~weizenbaum3 BUILD_FLAGS=NEED_CAPACITY PURPOSE=GENERAL TIME_CREATED=2019-04-02T05:03:04.932695
2019-04-02 06:03:06 1554181386.60 650 CIRC 10 BUILT $46156FD75B36A72008643882B286A2FEDF2B40C1~Unnamed,$8F22AFDD06AA4238ADD93A8EA6FBC2BB9C652711~danby,$D729C688382CC2A576089716BE10490D2D66FCE4~weizenbaum3 BUILD_FLAGS=NEED_CAPACITY PURPOSE=GENERAL TIME_CREATED=2019-04-02T05:03:04.932695
2019-04-02 06:03:06 1554181386.93 650 BW 0 0
2019-04-02 06:03:06 1554181386.93 650 STREAM_BW 45 0 498000
2019-04-02 06:03:06 1554181386.93 650 CIRC_BW ID=3 READ=0 WRITTEN=498000
2019-04-02 06:03:07 1554181387.93 650 BW 0 0
2019-04-02 06:03:07 1554181387.93 650 STREAM_BW 45 0 265434
2019-04-02 06:03:07 1554181387.93 650 CIRC_BW ID=3 READ=0 WRITTEN=265434
2019-04-02 06:03:08 1554181388.93 650 BW 0 0
2019-04-02 06:03:08 1554181388.93 650 STREAM_BW 45 0 287346
2019-04-02 06:03:08 1554181388.93 650 CIRC_BW ID=3 READ=0 WRITTEN=287346
2019-04-02 06:03:09 1554181389.93 650 BW 0 0
2019-04-02 06:03:09 1554181389.93 650 STREAM_BW 45 0 439236
2019-04-02 06:03:09 1554181389.93 650 CIRC_BW ID=3 READ=0 WRITTEN=439236
2019-04-02 06:03:10 1554181390.93 650 BW 0 0
2019-04-02 06:03:10 1554181390.93 650 STREAM_BW 45 0 463638
2019-04-02 06:03:10 1554181390.93 650 CIRC_BW ID=3 READ=0 WRITTEN=463638
2019-04-02 06:03:11 1554181391.76 650 STREAM_BW 45 0 407862
2019-04-02 06:03:11 1554181391.76 650 STREAM 45 CLOSED 3 137.50.19.20:8080 REASON=END REMOTE_REASON=DONE
2019-04-02 06:03:11 1554181391.76 650 STREAM 46 NEW 0 137.50.19.20:8080 SOURCE_ADDR=127.0.0.1:50888 PURPOSE=USER
2019-04-02 06:03:11 1554181391.76 650 STREAM 46 SENTCONNECT 3 137.50.19.20:8080
2019-04-02 06:03:11 1554181391.93 650 BW 0 0
2019-04-02 06:03:11 1554181391.93 650 STREAM_BW 46 13 2
2019-04-02 06:03:11 1554181391.93 650 CIRC_BW ID=3 READ=0 WRITTEN=815724
2019-04-02 06:03:12 1554181392.48 650 STREAM 46 REMAP 3 137.50.19.20:8080 SOURCE=EXIT
2019-04-02 06:03:12 1554181392.48 650 STREAM 46 SUCCEEDED 3 137.50.19.20:8080
2019-04-02 06:03:12 1554181392.93 650 BW 0 0
2019-04-02 06:03:12 1554181392.93 650 STREAM_BW 46 61 10
2019-04-02 06:03:12 1554181392.93 650 CIRC_BW ID=3 READ=61 WRITTEN=10
2019-04-02 06:03:13 1554181393.93 650 BW 0 0
2019-04-02 06:03:13 1554181393.93 650 STREAM_BW 46 0 220334
2019-04-02 06:03:13 1554181393.93 650 CIRC_BW ID=3 READ=0 WRITTEN=220334
2019-04-02 06:03:14 1554181394.93 650 BW 0 0
2019-04-02 06:03:14 1554181394.93 650 STREAM_BW 46 0 410644
2019-04-02 06:03:14 1554181394.93 650 CIRC_BW ID=3 READ=0 WRITTEN=410644
2019-04-02 06:03:15 1554181395.96 650 BW 0 0
2019-04-02 06:03:15 1554181395.96 650 STREAM_BW 46 0 501486
2019-04-02 06:03:15 1554181395.96 650 CIRC_BW ID=3 READ=0 WRITTEN=501486
2019-04-02 06:03:15 1554181395.96 650 CIRC 11 LAUNCHED BUILD_FLAGS=NEED_CAPACITY PURPOSE=GENERAL TIME_CREATED=2019-04-02T05:03:15.932770
2019-04-02 06:03:16 1554181396.39 650 CIRC 11 EXTENDED $46156FD75B36A72008643882B286A2FEDF2B40C1~Unnamed BUILD_FLAGS=NEED_CAPACITY PURPOSE=GENERAL TIME_CREATED=2019-04-02T05:03:15.932770
2019-04-02 06:03:16 1554181396.93 650 CIRC 11 EXTENDED $46156FD75B36A72008643882B286A2FEDF2B40C1~Unnamed,$EBE718E1A49EE229071702964F8DB1F318075FF8~fluxe4 BUILD_FLAGS=NEED_CAPACITY PURPOSE=GENERAL TIME_CREATED=2019-04-02T05:03:15.932770
2019-04-02 06:03:16 1554181396.93 650 BW 0 0
2019-04-02 06:03:16 1554181396.93 650 STREAM_BW 46 0 498498
2019-04-02 06:03:16 1554181396.93 650 CIRC_BW ID=3 READ=0 WRITTEN=498498
2019-04-02 06:03:17 1554181397.34 650 CIRC 11 EXTENDED $46156FD75B36A72008643882B286A2FEDF2B40C1~Unnamed,$EBE718E1A49EE229071702964F8DB1F318075FF8~fluxe4,$3EBDF84DE3B16F0EBF7D51450F07913A02EFDA6C~BrassHornExit05 BUILD_FLAGS=NEED_CAPACITY PURPOSE=GENERAL TIME_CREATED=2019-04-02T05:03:15.932770
2019-04-02 06:03:17 1554181397.34 650 CIRC 11 BUILT $46156FD75B36A72008643882B286A2FEDF2B40C1~Unnamed,$EBE718E1A49EE229071702964F8DB1F318075FF8~fluxe4,$3EBDF84DE3B16F0EBF7D51450F07913A02EFDA6C~BrassHornExit05 BUILD_FLAGS=NEED_CAPACITY PURPOSE=GENERAL TIME_CREATED=2019-04-02T05:03:15.932770
2019-04-02 06:03:17 1554181397.93 650 BW 0 0
2019-04-02 06:03:17 1554181397.93 650 STREAM_BW 46 0 438240
2019-04-02 06:03:17 1554181397.93 650 CIRC_BW ID=3 READ=0 WRITTEN=438240
2019-04-02 06:03:18 1554181398.93 650 BW 0 0
2019-04-02 06:03:18 1554181398.93 650 STREAM_BW 46 0 400890
2019-04-02 06:03:18 1554181398.93 650 CIRC_BW ID=3 READ=0 WRITTEN=400890
2019-04-02 06:03:19 1554181399.93 650 BW 0 0
2019-04-02 06:03:19 1554181399.93 650 STREAM_BW 46 0 459156
2019-04-02 06:03:19 1554181399.93 650 CIRC_BW ID=3 READ=0 WRITTEN=459156
2019-04-02 06:03:20 1554181400.93 650 BW 0 0
2019-04-02 06:03:20 1554181400.93 650 STREAM_BW 46 0 386448
2019-04-02 06:03:20 1554181400.93 650 CIRC_BW ID=3 READ=0 WRITTEN=386448
2019-04-02 06:03:21 1554181401.93 650 BW 0 0
2019-04-02 06:03:21 1554181401.93 650 STREAM_BW 46 0 486546
2019-04-02 06:03:21 1554181401.93 650 CIRC_BW ID=3 READ=0 WRITTEN=486546
2019-04-02 06:03:22 1554181402.93 650 BW 0 0
2019-04-02 06:03:22 1554181402.93 650 STREAM_BW 46 0 496506
2019-04-02 06:03:22 1554181402.93 650 CIRC_BW ID=3 READ=0 WRITTEN=496506
2019-04-02 06:03:23 1554181403.93 650 BW 0 0
2019-04-02 06:03:23 1554181403.93 650 STREAM_BW 46 0 434754
2019-04-02 06:03:23 1554181403.93 650 CIRC_BW ID=3 READ=0 WRITTEN=434754
2019-04-02 06:03:24 1554181404.93 650 BW 0 0
2019-04-02 06:03:24 1554181404.93 650 STREAM_BW 46 0 495012
2019-04-02 06:03:24 1554181404.93 650 CIRC_BW ID=3 READ=0 WRITTEN=495012
2019-04-02 06:03:24 1554181404.98 650 STREAM_BW 46 0 14441
2019-04-02 06:03:24 1554181404.98 650 STREAM 46 CLOSED 3 137.50.19.20:8080 REASON=END REMOTE_REASON=DONE
2019-04-02 06:03:24 1554181404.98 650 STREAM 47 NEW 0 137.50.19.20:8080 SOURCE_ADDR=127.0.0.1:50890 PURPOSE=USER
2019-04-02 06:03:24 1554181404.98 650 STREAM 47 SENTCONNECT 3 137.50.19.20:8080
2019-04-02 06:03:25 1554181405.70 650 STREAM 47 REMAP 3 137.50.19.20:8080 SOURCE=EXIT
2019-04-02 06:03:25 1554181405.70 650 STREAM 47 SUCCEEDED 3 137.50.19.20:8080
2019-04-02 06:03:25 1554181405.93 650 BW 0 0
2019-04-02 06:03:25 1554181405.93 650 STREAM_BW 47 74 12
2019-04-02 06:03:25 1554181405.93 650 CIRC_BW ID=3 READ=61 WRITTEN=28892
2019-04-02 06:03:26 1554181406.95 650 BW 0 0
2019-04-02 06:03:26 1554181406.95 650 STREAM_BW 47 0 159014
2019-04-02 06:03:26 1554181406.95 650 CIRC_BW ID=3 READ=0 WRITTEN=159014
2019-04-02 06:03:26 1554181406.95 650 CIRC 12 LAUNCHED BUILD_FLAGS=NEED_CAPACITY PURPOSE=GENERAL TIME_CREATED=2019-04-02T05:03:26.932759
2019-04-02 06:03:27 1554181407.49 650 CIRC 12 EXTENDED $46156FD75B36A72008643882B286A2FEDF2B40C1~Unnamed BUILD_FLAGS=NEED_CAPACITY PURPOSE=GENERAL TIME_CREATED=2019-04-02T05:03:26.932759
2019-04-02 06:03:27 1554181407.93 650 BW 0 0
2019-04-02 06:03:27 1554181407.93 650 STREAM_BW 47 0 410246
2019-04-02 06:03:27 1554181407.93 650 CIRC_BW ID=3 READ=0 WRITTEN=410246
2019-04-02 06:03:28 1554181408.04 650 CIRC 12 EXTENDED $46156FD75B36A72008643882B286A2FEDF2B40C1~Unnamed,$2EB3C230180694A1E848001E20F36F76A2287039~Alastor BUILD_FLAGS=NEED_CAPACITY PURPOSE=GENERAL TIME_CREATED=2019-04-02T05:03:26.932759
2019-04-02 06:03:28 1554181408.55 650 CIRC 12 EXTENDED $46156FD75B36A72008643882B286A2FEDF2B40C1~Unnamed,$2EB3C230180694A1E848001E20F36F76A2287039~Alastor,$A0DB820FEC87C0405F7BF05DEE5E4ADED2BB9904~QuintexAirVPN29 BUILD_FLAGS=NEED_CAPACITY PURPOSE=GENERAL TIME_CREATED=2019-04-02T05:03:26.932759
2019-04-02 06:03:28 1554181408.55 650 CIRC 12 BUILT $46156FD75B36A72008643882B286A2FEDF2B40C1~Unnamed,$2EB3C230180694A1E848001E20F36F76A2287039~Alastor,$A0DB820FEC87C0405F7BF05DEE5E4ADED2BB9904~QuintexAirVPN29 BUILD_FLAGS=NEED_CAPACITY PURPOSE=GENERAL TIME_CREATED=2019-04-02T05:03:26.932759
2019-04-02 06:03:28 1554181408.93 650 BW 0 0
2019-04-02 06:03:28 1554181408.93 650 STREAM_BW 47 0 444714
2019-04-02 06:03:28 1554181408.93 650 CIRC_BW ID=3 READ=0 WRITTEN=444714
2019-04-02 06:03:29 1554181409.93 650 BW 0 0
2019-04-02 06:03:29 1554181409.93 650 STREAM_BW 47 0 483558
2019-04-02 06:03:29 1554181409.93 650 CIRC_BW ID=3 READ=0 WRITTEN=483558
2019-04-02 06:03:30 1554181410.93 650 BW 0 0
2019-04-02 06:03:30 1554181410.93 650 STREAM_BW 47 0 497502
2019-04-02 06:03:30 1554181410.93 650 CIRC_BW ID=3 READ=0 WRITTEN=497502
2019-04-02 06:03:31 1554181411.93 650 BW 0 0
2019-04-02 06:03:31 1554181411.93 650 STREAM_BW 47 0 436746
2019-04-02 06:03:31 1554181411.93 650 CIRC_BW ID=3 READ=0 WRITTEN=436746
2019-04-02 06:03:32 1554181412.93 650 BW 0 0
2019-04-02 06:03:32 1554181412.93 650 STREAM_BW 47 0 498000
2019-04-02 06:03:32 1554181412.93 650 CIRC_BW ID=3 READ=0 WRITTEN=498000
2019-04-02 06:03:33 1554181413.93 650 BW 0 0
2019-04-02 06:03:33 1554181413.93 650 STREAM_BW 47 0 434754
2019-04-02 06:03:33 1554181413.93 650 CIRC_BW ID=3 READ=0 WRITTEN=434754
2019-04-02 06:03:34 1554181414.93 650 BW 0 0
2019-04-02 06:03:34 1554181414.93 650 STREAM_BW 47 0 472602
2019-04-02 06:03:34 1554181414.93 650 CIRC_BW ID=3 READ=0 WRITTEN=472602
2019-04-02 06:03:35 1554181415.93 650 BW 0 0
2019-04-02 06:03:35 1554181415.93 650 STREAM_BW 47 0 437244
2019-04-02 06:03:35 1554181415.93 650 CIRC_BW ID=3 READ=0 WRITTEN=437244
2019-04-02 06:03:36 1554181416.93 650 BW 0 0
2019-04-02 06:03:36 1554181416.93 650 STREAM_BW 47 0 478080
2019-04-02 06:03:36 1554181416.93 650 CIRC_BW ID=3 READ=0 WRITTEN=478080
2019-04-02 06:03:37 1554181417.94 650 BW 0 0
2019-04-02 06:03:37 1554181417.94 650 STREAM_BW 47 0 477084
2019-04-02 06:03:37 1554181417.94 650 CIRC_BW ID=3 READ=0 WRITTEN=477084
2019-04-02 06:03:37 1554181417.94 650 CIRC 13 LAUNCHED BUILD_FLAGS=NEED_CAPACITY PURPOSE=GENERAL TIME_CREATED=2019-04-02T05:03:37.932642
2019-04-02 06:03:38 1554181418.02 650 STREAM_BW 47 0 11952
2019-04-02 06:03:38 1554181418.02 650 STREAM 47 CLOSED 3 137.50.19.20:8080 REASON=END REMOTE_REASON=DONE
2019-04-02 06:03:38 1554181418.02 650 STREAM 48 NEW 0 137.50.19.20:8080 SOURCE_ADDR=127.0.0.1:50892 PURPOSE=USER
2019-04-02 06:03:38 1554181418.02 650 STREAM 48 SENTCONNECT 4 137.50.19.20:8080
2019-04-02 06:03:38 1554181418.26 650 CIRC 13 EXTENDED $46156FD75B36A72008643882B286A2FEDF2B40C1~Unnamed BUILD_FLAGS=NEED_CAPACITY PURPOSE=GENERAL TIME_CREATED=2019-04-02T05:03:37.932642
2019-04-02 06:03:38 1554181418.63 650 STREAM 48 REMAP 4 137.50.19.20:8080 SOURCE=EXIT
2019-04-02 06:03:38 1554181418.63 650 STREAM 48 SUCCEEDED 4 137.50.19.20:8080
2019-04-02 06:03:38 1554181418.75 650 CIRC 13 EXTENDED $46156FD75B36A72008643882B286A2FEDF2B40C1~Unnamed,$CCD879EE5FBC5FE758C8EC098D40372C7C82C5C0~orwell38 BUILD_FLAGS=NEED_CAPACITY PURPOSE=GENERAL TIME_CREATED=2019-04-02T05:03:37.932642
2019-04-02 06:03:38 1554181418.93 650 BW 0 0
2019-04-02 06:03:38 1554181418.93 650 STREAM_BW 48 74 12
2019-04-02 06:03:38 1554181418.93 650 CIRC_BW ID=3 READ=0 WRITTEN=23904
2019-04-02 06:03:38 1554181418.93 650 CIRC_BW ID=4 READ=61 WRITTEN=10
2019-04-02 06:03:39 1554181419.11 650 CIRC 13 EXTENDED $46156FD75B36A72008643882B286A2FEDF2B40C1~Unnamed,$CCD879EE5FBC5FE758C8EC098D40372C7C82C5C0~orwell38,$93FAB6F91C2EF33D0ACEEF7448177FCA2CEB99A0~geri BUILD_FLAGS=NEED_CAPACITY PURPOSE=GENERAL TIME_CREATED=2019-04-02T05:03:37.932642
2019-04-02 06:03:39 1554181419.11 650 CIRC 13 BUILT $46156FD75B36A72008643882B286A2FEDF2B40C1~Unnamed,$CCD879EE5FBC5FE758C8EC098D40372C7C82C5C0~orwell38,$93FAB6F91C2EF33D0ACEEF7448177FCA2CEB99A0~geri BUILD_FLAGS=NEED_CAPACITY PURPOSE=GENERAL TIME_CREATED=2019-04-02T05:03:37.932642
2019-04-02 06:03:39 1554181419.93 650 BW 0 0
2019-04-02 06:03:39 1554181419.93 650 STREAM_BW 48 0 64792
2019-04-02 06:03:39 1554181419.93 650 CIRC_BW ID=4 READ=0 WRITTEN=64792
2019-04-02 06:03:40 1554181420.93 650 BW 0 0
2019-04-02 06:03:40 1554181420.93 650 STREAM_BW 48 0 284646
2019-04-02 06:03:40 1554181420.93 650 CIRC_BW ID=4 READ=0 WRITTEN=284646
2019-04-02 06:03:41 1554181421.93 650 BW 0 0
2019-04-02 06:03:41 1554181421.93 650 STREAM_BW 48 0 238044
2019-04-02 06:03:41 1554181421.93 650 CIRC_BW ID=4 READ=0 WRITTEN=238044
2019-04-02 06:03:42 1554181422.93 650 BW 0 0
2019-04-02 06:03:42 1554181422.93 650 STREAM_BW 48 0 176292
2019-04-02 06:03:42 1554181422.93 650 CIRC_BW ID=4 READ=0 WRITTEN=176292
2019-04-02 06:03:43 1554181423.93 650 BW 0 0
2019-04-02 06:03:43 1554181423.93 650 STREAM_BW 48 0 238542
2019-04-02 06:03:43 1554181423.93 650 CIRC_BW ID=4 READ=0 WRITTEN=238542
2019-04-02 06:03:44 1554181424.93 650 BW 0 0
2019-04-02 06:03:44 1554181424.93 650 STREAM_BW 48 0 383958
2019-04-02 06:03:44 1554181424.93 650 CIRC_BW ID=4 READ=0 WRITTEN=383958
2019-04-02 06:03:45 1554181425.93 650 BW 0 0
2019-04-02 06:03:45 1554181425.93 650 STREAM_BW 48 0 322704
2019-04-02 06:03:45 1554181425.93 650 CIRC_BW ID=4 READ=0 WRITTEN=322704
2019-04-02 06:03:46 1554181426.93 650 BW 0 0
2019-04-02 06:03:46 1554181426.93 650 STREAM_BW 48 0 297306
2019-04-02 06:03:46 1554181426.93 650 CIRC_BW ID=4 READ=0 WRITTEN=297306
2019-04-02 06:03:47 1554181427.93 650 BW 0 0
2019-04-02 06:03:47 1554181427.93 650 STREAM_BW 48 0 278880
2019-04-02 06:03:47 1554181427.93 650 CIRC_BW ID=4 READ=0 WRITTEN=278880
2019-04-02 06:03:48 1554181428.94 650 BW 0 0
2019-04-02 06:03:48 1554181428.94 650 STREAM_BW 48 0 279378
2019-04-02 06:03:48 1554181428.94 650 CIRC_BW ID=4 READ=0 WRITTEN=279378
2019-04-02 06:03:48 1554181428.94 650 CIRC 14 LAUNCHED BUILD_FLAGS=NEED_CAPACITY PURPOSE=GENERAL TIME_CREATED=2019-04-02T05:03:48.932611
2019-04-02 06:03:49 1554181429.24 650 CIRC 14 EXTENDED $46156FD75B36A72008643882B286A2FEDF2B40C1~Unnamed BUILD_FLAGS=NEED_CAPACITY PURPOSE=GENERAL TIME_CREATED=2019-04-02T05:03:48.932611
2019-04-02 06:03:49 1554181429.93 650 BW 0 0
2019-04-02 06:03:49 1554181429.93 650 STREAM_BW 48 0 175296
2019-04-02 06:03:49 1554181429.93 650 CIRC_BW ID=4 READ=0 WRITTEN=175296
2019-04-02 06:03:49 1554181429.93 650 CIRC 1 CLOSED $0000000000000000000000000000000000000000 BUILD_FLAGS=ONEHOP_TUNNEL,IS_INTERNAL,NEED_CAPACITY PURPOSE=GENERAL TIME_CREATED=2019-04-02T05:02:17.932757 REASON=FINISHED
2019-04-02 06:03:49 1554181429.93 650 CIRC 2 CLOSED $46156FD75B36A72008643882B286A2FEDF2B40C1~Unnamed BUILD_FLAGS=ONEHOP_TUNNEL,IS_INTERNAL,NEED_CAPACITY PURPOSE=GENERAL TIME_CREATED=2019-04-02T05:02:20.565884 REASON=FINISHED
2019-04-02 06:03:49 1554181429.93 650 CIRC 3 CLOSED $46156FD75B36A72008643882B286A2FEDF2B40C1~Unnamed,$63BF46A63F9C21FD315CD061B3EAA3EB05283A0A~zwiebeltoralf,$93FAB6F91C2EF33D0ACEEF7448177FCA2CEB99A0~geri BUILD_FLAGS=NEED_CAPACITY PURPOSE=GENERAL TIME_CREATED=2019-04-02T05:02:27.932939 REASON=FINISHED
2019-04-02 06:03:50 1554181430.93 650 BW 0 0
2019-04-02 06:03:50 1554181430.93 650 STREAM_BW 48 0 191232
2019-04-02 06:03:50 1554181430.93 650 CIRC_BW ID=4 READ=0 WRITTEN=191232
2019-04-02 06:03:51 1554181431.93 650 BW 0 0
2019-04-02 06:03:51 1554181431.93 650 STREAM_BW 48 0 150396
2019-04-02 06:03:51 1554181431.93 650 CIRC_BW ID=4 READ=0 WRITTEN=150396
2019-04-02 06:03:51 1554181431.93 650 CIRC 14 FAILED $46156FD75B36A72008643882B286A2FEDF2B40C1~Unnamed BUILD_FLAGS=NEED_CAPACITY PURPOSE=GENERAL TIME_CREATED=2019-04-02T05:03:48.932611 REASON=DESTROYED REMOTE_REASON=FINISHED
2019-04-02 06:03:52 1554181432.93 650 BW 0 0
2019-04-02 06:03:52 1554181432.93 650 STREAM_BW 48 0 163842
2019-04-02 06:03:52 1554181432.93 650 CIRC_BW ID=4 READ=0 WRITTEN=163842
2019-04-02 06:03:53 1554181433.93 650 BW 0 0
2019-04-02 06:03:53 1554181433.93 650 STREAM_BW 48 0 147906
2019-04-02 06:03:53 1554181433.93 650 CIRC_BW ID=4 READ=0 WRITTEN=147906
2019-04-02 06:03:54 1554181434.93 650 BW 0 0
2019-04-02 06:03:54 1554181434.93 650 STREAM_BW 48 0 143424
2019-04-02 06:03:54 1554181434.93 650 CIRC_BW ID=4 READ=0 WRITTEN=143424
2019-04-02 06:03:55 1554181435.93 650 BW 0 0
2019-04-02 06:03:55 1554181435.93 650 STREAM_BW 48 0 154878
2019-04-02 06:03:55 1554181435.93 650 CIRC_BW ID=4 READ=0 WRITTEN=154878
2019-04-02 06:03:56 1554181436.93 650 BW 0 0
2019-04-02 06:03:56 1554181436.93 650 STREAM_BW 48 0 103584
2019-04-02 06:03:56 1554181436.93 650 CIRC_BW ID=4 READ=0 WRITTEN=103584
2019-04-02 06:03:57 1554181437.93 650 BW 0 0
2019-04-02 06:03:57 1554181437.93 650 STREAM_BW 48 0 107070
2019-04-02 06:03:57 1554181437.93 650 CIRC_BW ID=4 READ=0 WRITTEN=107070
2019-04-02 06:03:58 1554181438.93 650 BW 0 0
2019-04-02 06:03:58 1554181438.93 650 STREAM_BW 48 0 124002
2019-04-02 06:03:58 1554181438.93 650 CIRC_BW ID=4 READ=0 WRITTEN=124002
2019-04-02 06:03:59 1554181439.94 650 BW 0 0
2019-04-02 06:03:59 1554181439.94 650 STREAM_BW 48 0 131970
2019-04-02 06:03:59 1554181439.94 650 CIRC_BW ID=4 READ=0 WRITTEN=131970
2019-04-02 06:03:59 1554181439.94 650 CIRC 15 LAUNCHED BUILD_FLAGS=NEED_CAPACITY PURPOSE=GENERAL TIME_CREATED=2019-04-02T05:03:59.932670
2019-04-02 06:04:00 1554181440.22 650 CIRC 15 EXTENDED $46156FD75B36A72008643882B286A2FEDF2B40C1~Unnamed BUILD_FLAGS=NEED_CAPACITY PURPOSE=GENERAL TIME_CREATED=2019-04-02T05:03:59.932670
2019-04-02 06:04:00 1554181440.93 650 BW 0 0
2019-04-02 06:04:00 1554181440.93 650 STREAM_BW 48 0 126492
2019-04-02 06:04:00 1554181440.93 650 CIRC_BW ID=4 READ=0 WRITTEN=126492
2019-04-02 06:04:00 1554181440.94 650 CIRC 15 EXTENDED $46156FD75B36A72008643882B286A2FEDF2B40C1~Unnamed,$5B8CC3256E50972D6C5DC0CB05C5535128878E13~wvds102296 BUILD_FLAGS=NEED_CAPACITY PURPOSE=GENERAL TIME_CREATED=2019-04-02T05:03:59.932670
2019-04-02 06:04:01 1554181441.54 650 CIRC 15 EXTENDED $46156FD75B36A72008643882B286A2FEDF2B40C1~Unnamed,$5B8CC3256E50972D6C5DC0CB05C5535128878E13~wvds102296,$14877C6384A9E793F422C8D1DDA447CACA4F7C4B~niftywoodmouse BUILD_FLAGS=NEED_CAPACITY PURPOSE=GENERAL TIME_CREATED=2019-04-02T05:03:59.932670
2019-04-02 06:04:01 1554181441.54 650 CIRC 15 BUILT $46156FD75B36A72008643882B286A2FEDF2B40C1~Unnamed,$5B8CC3256E50972D6C5DC0CB05C5535128878E13~wvds102296,$14877C6384A9E793F422C8D1DDA447CACA4F7C4B~niftywoodmouse BUILD_FLAGS=NEED_CAPACITY PURPOSE=GENERAL TIME_CREATED=2019-04-02T05:03:59.932670
2019-04-02 06:04:01 1554181441.93 650 BW 0 0
2019-04-02 06:04:01 1554181441.93 650 STREAM_BW 48 0 143424
2019-04-02 06:04:01 1554181441.93 650 CIRC_BW ID=4 READ=0 WRITTEN=143424
2019-04-02 06:04:02 1554181442.93 650 BW 0 0
2019-04-02 06:04:02 1554181442.93 650 STREAM_BW 48 0 171810
2019-04-02 06:04:02 1554181442.93 650 CIRC_BW ID=4 READ=0 WRITTEN=171810
2019-04-02 06:04:03 1554181443.93 650 BW 0 0
2019-04-02 06:04:03 1554181443.93 650 STREAM_BW 48 0 103584
2019-04-02 06:04:03 1554181443.93 650 CIRC_BW ID=4 READ=0 WRITTEN=103584
2019-04-02 06:04:04 1554181444.93 650 BW 0 0
2019-04-02 06:04:04 1554181444.93 650 STREAM_BW 48 0 151392
2019-04-02 06:04:04 1554181444.93 650 CIRC_BW ID=4 READ=0 WRITTEN=151392
2019-04-02 06:04:05 1554181445.93 650 BW 0 0
2019-04-02 06:04:05 1554181445.93 650 STREAM_BW 48 0 127488
2019-04-02 06:04:05 1554181445.93 650 CIRC_BW ID=4 READ=0 WRITTEN=127488
2019-04-02 06:04:06 1554181446.93 650 BW 0 0
2019-04-02 06:04:06 1554181446.93 650 STREAM_BW 48 0 131970
2019-04-02 06:04:06 1554181446.93 650 CIRC_BW ID=4 READ=0 WRITTEN=131970
2019-04-02 06:04:07 1554181447.81 650 STREAM_BW 48 0 127488
2019-04-02 06:04:07 1554181447.81 650 STREAM 48 CLOSED 4 137.50.19.20:8080 REASON=END REMOTE_REASON=DONE
2019-04-02 06:04:07 1554181447.81 650 STREAM 49 NEW 0 137.50.19.20:8080 SOURCE_ADDR=127.0.0.1:50894 PURPOSE=USER
2019-04-02 06:04:07 1554181447.81 650 STREAM 49 SENTCONNECT 4 137.50.19.20:8080
2019-04-02 06:04:07 1554181447.93 650 BW 0 0
2019-04-02 06:04:07 1554181447.93 650 STREAM_BW 49 13 2
2019-04-02 06:04:07 1554181447.93 650 CIRC_BW ID=4 READ=0 WRITTEN=254976
2019-04-02 06:04:08 1554181448.67 650 STREAM 49 REMAP 4 137.50.19.20:8080 SOURCE=EXIT
2019-04-02 06:04:08 1554181448.67 650 STREAM 49 SUCCEEDED 4 137.50.19.20:8080
2019-04-02 06:04:08 1554181448.93 650 BW 0 0
2019-04-02 06:04:08 1554181448.93 650 STREAM_BW 49 61 10
2019-04-02 06:04:08 1554181448.93 650 CIRC_BW ID=4 READ=61 WRITTEN=10
2019-04-02 06:04:09 1554181449.93 650 BW 0 0
2019-04-02 06:04:09 1554181449.93 650 STREAM_BW 49 0 13070
2019-04-02 06:04:09 1554181449.93 650 CIRC_BW ID=4 READ=0 WRITTEN=13070
2019-04-02 06:04:10 1554181450.94 650 BW 0 0
2019-04-02 06:04:10 1554181450.94 650 STREAM_BW 49 0 127488
2019-04-02 06:04:10 1554181450.94 650 CIRC_BW ID=4 READ=0 WRITTEN=127488
2019-04-02 06:04:10 1554181450.94 650 CIRC 16 LAUNCHED BUILD_FLAGS=NEED_CAPACITY PURPOSE=GENERAL TIME_CREATED=2019-04-02T05:04:10.932640
2019-04-02 06:04:11 1554181451.23 650 CIRC 16 EXTENDED $46156FD75B36A72008643882B286A2FEDF2B40C1~Unnamed BUILD_FLAGS=NEED_CAPACITY PURPOSE=GENERAL TIME_CREATED=2019-04-02T05:04:10.932640
2019-04-02 06:04:11 1554181451.59 650 CIRC 16 EXTENDED $46156FD75B36A72008643882B286A2FEDF2B40C1~Unnamed,$0CDCFB0B6E1500E57BDD7F240543EBAEF81C11CA~TheLoneGunmen BUILD_FLAGS=NEED_CAPACITY PURPOSE=GENERAL TIME_CREATED=2019-04-02T05:04:10.932640
2019-04-02 06:04:11 1554181451.93 650 BW 0 0
2019-04-02 06:04:11 1554181451.93 650 STREAM_BW 49 0 110556
2019-04-02 06:04:11 1554181451.93 650 CIRC_BW ID=4 READ=0 WRITTEN=110556
2019-04-02 06:04:11 1554181451.95 650 CIRC 16 EXTENDED $46156FD75B36A72008643882B286A2FEDF2B40C1~Unnamed,$0CDCFB0B6E1500E57BDD7F240543EBAEF81C11CA~TheLoneGunmen,$7C88890B66C8C7EFB0A24414219D39ED87FA24EA~Unnamed BUILD_FLAGS=NEED_CAPACITY PURPOSE=GENERAL TIME_CREATED=2019-04-02T05:04:10.932640
2019-04-02 06:04:11 1554181451.95 650 CIRC 16 BUILT $46156FD75B36A72008643882B286A2FEDF2B40C1~Unnamed,$0CDCFB0B6E1500E57BDD7F240543EBAEF81C11CA~TheLoneGunmen,$7C88890B66C8C7EFB0A24414219D39ED87FA24EA~Unnamed BUILD_FLAGS=NEED_CAPACITY PURPOSE=GENERAL TIME_CREATED=2019-04-02T05:04:10.932640
2019-04-02 06:04:12 1554181452.93 650 BW 0 0
2019-04-02 06:04:12 1554181452.93 650 STREAM_BW 49 0 144420
2019-04-02 06:04:12 1554181452.93 650 CIRC_BW ID=4 READ=0 WRITTEN=144420
2019-04-02 06:04:13 1554181453.93 650 BW 0 0
2019-04-02 06:04:13 1554181453.93 650 STREAM_BW 49 0 138942
2019-04-02 06:04:13 1554181453.93 650 CIRC_BW ID=4 READ=0 WRITTEN=138942
2019-04-02 06:04:14 1554181454.93 650 BW 0 0
2019-04-02 06:04:14 1554181454.93 650 STREAM_BW 49 0 151392
2019-04-02 06:04:14 1554181454.93 650 CIRC_BW ID=4 READ=0 WRITTEN=151392
2019-04-02 06:04:15 1554181455.93 650 BW 0 0
2019-04-02 06:04:15 1554181455.93 650 STREAM_BW 49 0 138942
2019-04-02 06:04:15 1554181455.93 650 CIRC_BW ID=4 READ=0 WRITTEN=138942
2019-04-02 06:04:16 1554181456.94 650 BW 0 0
2019-04-02 06:04:16 1554181456.94 650 STREAM_BW 49 0 112548
2019-04-02 06:04:16 1554181456.94 650 CIRC_BW ID=4 READ=0 WRITTEN=112548
2019-04-02 06:04:17 1554181457.93 650 BW 0 0
2019-04-02 06:04:17 1554181457.93 650 STREAM_BW 49 0 111552
2019-04-02 06:04:17 1554181457.93 650 CIRC_BW ID=4 READ=0 WRITTEN=111552
2019-04-02 06:04:18 1554181458.93 650 BW 0 0
2019-04-02 06:04:18 1554181458.93 650 STREAM_BW 49 0 250494
2019-04-02 06:04:18 1554181458.93 650 CIRC_BW ID=4 READ=0 WRITTEN=250494
2019-04-02 06:04:19 1554181459.93 650 BW 0 0
2019-04-02 06:04:19 1554181459.93 650 STREAM_BW 49 0 250992
2019-04-02 06:04:19 1554181459.93 650 CIRC_BW ID=4 READ=0 WRITTEN=250992
2019-04-02 06:04:20 1554181460.93 650 BW 0 0
2019-04-02 06:04:20 1554181460.93 650 STREAM_BW 49 0 235056
2019-04-02 06:04:20 1554181460.93 650 CIRC_BW ID=4 READ=0 WRITTEN=235056
2019-04-02 06:04:21 1554181461.94 650 BW 0 0
2019-04-02 06:04:21 1554181461.94 650 STREAM_BW 49 0 155874
2019-04-02 06:04:21 1554181461.94 650 CIRC_BW ID=4 READ=0 WRITTEN=155874
2019-04-02 06:04:21 1554181461.94 650 CIRC 17 LAUNCHED BUILD_FLAGS=NEED_CAPACITY PURPOSE=GENERAL TIME_CREATED=2019-04-02T05:04:21.933216
2019-04-02 06:04:22 1554181462.37 650 CIRC 17 EXTENDED $46156FD75B36A72008643882B286A2FEDF2B40C1~Unnamed BUILD_FLAGS=NEED_CAPACITY PURPOSE=GENERAL TIME_CREATED=2019-04-02T05:04:21.933216
2019-04-02 06:04:22 1554181462.86 650 CIRC 17 EXTENDED $46156FD75B36A72008643882B286A2FEDF2B40C1~Unnamed,$C97A354824321B4E5BD8992532091583EB0B63E7~toastworld BUILD_FLAGS=NEED_CAPACITY PURPOSE=GENERAL TIME_CREATED=2019-04-02T05:04:21.933216
2019-04-02 06:04:22 1554181462.93 650 BW 0 0
2019-04-02 06:04:22 1554181462.93 650 STREAM_BW 49 0 159360
2019-04-02 06:04:22 1554181462.93 650 CIRC_BW ID=4 READ=0 WRITTEN=159360
2019-04-02 06:04:23 1554181463.35 650 CIRC 17 EXTENDED $46156FD75B36A72008643882B286A2FEDF2B40C1~Unnamed,$C97A354824321B4E5BD8992532091583EB0B63E7~toastworld,$E91905CFEB230B1BEA6B0309816F9EE9C1A1A83A~tortoise BUILD_FLAGS=NEED_CAPACITY PURPOSE=GENERAL TIME_CREATED=2019-04-02T05:04:21.933216
2019-04-02 06:04:23 1554181463.35 650 CIRC 17 BUILT $46156FD75B36A72008643882B286A2FEDF2B40C1~Unnamed,$C97A354824321B4E5BD8992532091583EB0B63E7~toastworld,$E91905CFEB230B1BEA6B0309816F9EE9C1A1A83A~tortoise BUILD_FLAGS=NEED_CAPACITY PURPOSE=GENERAL TIME_CREATED=2019-04-02T05:04:21.933216
2019-04-02 06:04:23 1554181463.93 650 BW 0 0
2019-04-02 06:04:23 1554181463.93 650 STREAM_BW 49 0 150396
2019-04-02 06:04:23 1554181463.93 650 CIRC_BW ID=4 READ=0 WRITTEN=150396
2019-04-02 06:04:24 1554181464.93 650 BW 0 0
2019-04-02 06:04:24 1554181464.93 650 STREAM_BW 49 0 406368
2019-04-02 06:04:24 1554181464.93 650 CIRC_BW ID=4 READ=0 WRITTEN=406368
2019-04-02 06:04:25 1554181465.93 650 BW 0 0
2019-04-02 06:04:25 1554181465.93 650 STREAM_BW 49 0 251490
2019-04-02 06:04:25 1554181465.93 650 CIRC_BW ID=4 READ=0 WRITTEN=251490
2019-04-02 06:04:26 1554181466.93 650 BW 0 0
2019-04-02 06:04:26 1554181466.93 650 STREAM_BW 49 0 404376
2019-04-02 06:04:26 1554181466.93 650 CIRC_BW ID=4 READ=0 WRITTEN=404376
2019-04-02 06:04:27 1554181467.93 650 BW 0 0
2019-04-02 06:04:27 1554181467.93 650 STREAM_BW 49 0 494514
2019-04-02 06:04:27 1554181467.93 650 CIRC_BW ID=4 READ=0 WRITTEN=494514
2019-04-02 06:04:28 1554181468.93 650 BW 0 0
2019-04-02 06:04:28 1554181468.93 650 STREAM_BW 49 0 431766
2019-04-02 06:04:28 1554181468.93 650 CIRC_BW ID=4 READ=0 WRITTEN=431766
2019-04-02 06:04:29 1554181469.93 650 BW 0 0
2019-04-02 06:04:29 1554181469.93 650 STREAM_BW 49 0 501486
2019-04-02 06:04:29 1554181469.93 650 CIRC_BW ID=4 READ=0 WRITTEN=501486
2019-04-02 06:04:30 1554181470.93 650 BW 0 0
2019-04-02 06:04:30 1554181470.93 650 STREAM_BW 49 0 435252
2019-04-02 06:04:30 1554181470.93 650 CIRC_BW ID=4 READ=0 WRITTEN=435252
2019-04-02 06:04:31 1554181471.06 650 STREAM_BW 49 0 66234
2019-04-02 06:04:31 1554181471.06 650 STREAM 49 CLOSED 4 137.50.19.20:8080 REASON=END REMOTE_REASON=DONE
2019-04-02 06:04:31 1554181471.06 650 STREAM 50 NEW 0 137.50.19.20:8080 SOURCE_ADDR=127.0.0.1:50896 PURPOSE=USER
2019-04-02 06:04:31 1554181471.06 650 STREAM 50 SENTCONNECT 4 137.50.19.20:8080
2019-04-02 06:04:31 1554181471.78 650 STREAM 50 REMAP 4 137.50.19.20:8080 SOURCE=EXIT
2019-04-02 06:04:31 1554181471.78 650 STREAM 50 SUCCEEDED 4 137.50.19.20:8080
2019-04-02 06:04:31 1554181471.93 650 BW 0 0
2019-04-02 06:04:31 1554181471.93 650 STREAM_BW 50 74 12
2019-04-02 06:04:31 1554181471.93 650 CIRC_BW ID=4 READ=61 WRITTEN=132478
2019-04-02 06:04:32 1554181472.93 650 BW 0 0
2019-04-02 06:04:32 1554181472.93 650 STREAM_BW 50 0 125080
2019-04-02 06:04:32 1554181472.93 650 CIRC_BW ID=4 READ=0 WRITTEN=125080
2019-04-02 06:04:33 1554181473.93 650 BW 0 0
2019-04-02 06:04:33 1554181473.93 650 STREAM_BW 50 0 362878
2019-04-02 06:04:33 1554181473.93 650 CIRC_BW ID=4 READ=0 WRITTEN=362878
2019-04-02 06:04:34 1554181474.93 650 BW 0 0
2019-04-02 06:04:34 1554181474.93 650 STREAM_BW 50 0 494016
2019-04-02 06:04:34 1554181474.93 650 CIRC_BW ID=4 READ=0 WRITTEN=494016
2019-04-02 06:04:35 1554181475.93 650 BW 0 0
2019-04-02 06:04:35 1554181475.93 650 STREAM_BW 50 0 438738
2019-04-02 06:04:35 1554181475.93 650 CIRC_BW ID=4 READ=0 WRITTEN=438738
2019-04-02 06:04:36 1554181476.93 650 BW 0 0
2019-04-02 06:04:36 1554181476.93 650 STREAM_BW 50 0 498000
2019-04-02 06:04:36 1554181476.93 650 CIRC_BW ID=4 READ=0 WRITTEN=498000
2019-04-02 06:04:37 1554181477.93 650 BW 0 0
2019-04-02 06:04:37 1554181477.93 650 STREAM_BW 50 0 473100
2019-04-02 06:04:37 1554181477.93 650 CIRC_BW ID=4 READ=0 WRITTEN=473100
2019-04-02 06:04:38 1554181478.93 650 BW 0 0
2019-04-02 06:04:38 1554181478.93 650 STREAM_BW 50 0 436746
2019-04-02 06:04:38 1554181478.93 650 CIRC_BW ID=4 READ=0 WRITTEN=436746
2019-04-02 06:04:39 1554181479.93 650 BW 0 0
2019-04-02 06:04:39 1554181479.93 650 STREAM_BW 50 0 498000
2019-04-02 06:04:39 1554181479.93 650 CIRC_BW ID=4 READ=0 WRITTEN=498000
2019-04-02 06:04:40 1554181480.93 650 BW 0 0
2019-04-02 06:04:40 1554181480.93 650 STREAM_BW 50 0 434754
2019-04-02 06:04:40 1554181480.93 650 CIRC_BW ID=4 READ=0 WRITTEN=434754
2019-04-02 06:04:41 1554181481.93 650 BW 0 0
2019-04-02 06:04:41 1554181481.93 650 STREAM_BW 50 0 486546
2019-04-02 06:04:41 1554181481.93 650 CIRC_BW ID=4 READ=0 WRITTEN=486546
2019-04-02 06:04:42 1554181482.93 650 BW 0 0
2019-04-02 06:04:42 1554181482.93 650 STREAM_BW 50 0 434754
2019-04-02 06:04:42 1554181482.93 650 CIRC_BW ID=4 READ=0 WRITTEN=434754
2019-04-02 06:04:43 1554181483.93 650 BW 0 0
2019-04-02 06:04:43 1554181483.93 650 STREAM_BW 50 0 498000
2019-04-02 06:04:43 1554181483.93 650 CIRC_BW ID=4 READ=0 WRITTEN=498000
2019-04-02 06:04:43 1554181483.98 650 STREAM_BW 50 0 59262
2019-04-02 06:04:43 1554181483.98 650 STREAM 50 CLOSED 4 137.50.19.20:8080 REASON=END REMOTE_REASON=DONE
2019-04-02 06:04:43 1554181483.98 650 STREAM 51 NEW 0 137.50.19.20:8080 SOURCE_ADDR=127.0.0.1:50898 PURPOSE=USER
2019-04-02 06:04:43 1554181483.98 650 STREAM 51 SENTCONNECT 11 137.50.19.20:8080
2019-04-02 06:04:44 1554181484.70 650 STREAM 51 REMAP 11 137.50.19.20:8080 SOURCE=EXIT
2019-04-02 06:04:44 1554181484.70 650 STREAM 51 SUCCEEDED 11 137.50.19.20:8080
2019-04-02 06:04:44 1554181484.95 650 BW 0 0
2019-04-02 06:04:44 1554181484.95 650 STREAM_BW 51 74 12
2019-04-02 06:04:44 1554181484.95 650 CIRC_BW ID=11 READ=61 WRITTEN=10
2019-04-02 06:04:44 1554181484.95 650 CIRC_BW ID=4 READ=0 WRITTEN=118524
2019-04-02 06:04:44 1554181484.95 650 CIRC 18 LAUNCHED BUILD_FLAGS=NEED_CAPACITY PURPOSE=GENERAL TIME_CREATED=2019-04-02T05:04:44.932817
2019-04-02 06:04:45 1554181485.07 650 CIRC 18 EXTENDED $46156FD75B36A72008643882B286A2FEDF2B40C1~Unnamed BUILD_FLAGS=NEED_CAPACITY PURPOSE=GENERAL TIME_CREATED=2019-04-02T05:04:44.932817
2019-04-02 06:04:45 1554181485.55 650 CIRC 18 EXTENDED $46156FD75B36A72008643882B286A2FEDF2B40C1~Unnamed,$3BE0D62966415D68F31EFDA56BEB636579323FDB~angeltest10 BUILD_FLAGS=NEED_CAPACITY PURPOSE=GENERAL TIME_CREATED=2019-04-02T05:04:44.932817
2019-04-02 06:04:45 1554181485.93 650 BW 0 0
2019-04-02 06:04:45 1554181485.93 650 STREAM_BW 51 0 99950
2019-04-02 06:04:45 1554181485.93 650 CIRC_BW ID=11 READ=0 WRITTEN=99950
2019-04-02 06:04:46 1554181486.05 650 CIRC 18 EXTENDED $46156FD75B36A72008643882B286A2FEDF2B40C1~Unnamed,$3BE0D62966415D68F31EFDA56BEB636579323FDB~angeltest10,$7E6E9A6FDDB8DC7C92F0CFCC3CBE76C29F061799~Quintex48 BUILD_FLAGS=NEED_CAPACITY PURPOSE=GENERAL TIME_CREATED=2019-04-02T05:04:44.932817
2019-04-02 06:04:46 1554181486.05 650 CIRC 18 BUILT $46156FD75B36A72008643882B286A2FEDF2B40C1~Unnamed,$3BE0D62966415D68F31EFDA56BEB636579323FDB~angeltest10,$7E6E9A6FDDB8DC7C92F0CFCC3CBE76C29F061799~Quintex48 BUILD_FLAGS=NEED_CAPACITY PURPOSE=GENERAL TIME_CREATED=2019-04-02T05:04:44.932817
2019-04-02 06:04:46 1554181486.93 650 BW 0 0
2019-04-02 06:04:46 1554181486.93 650 STREAM_BW 51 0 143810
2019-04-02 06:04:46 1554181486.93 650 CIRC_BW ID=11 READ=0 WRITTEN=143810
2019-04-02 06:04:47 1554181487.93 650 BW 0 0
2019-04-02 06:04:47 1554181487.93 650 STREAM_BW 51 0 241038
2019-04-02 06:04:47 1554181487.93 650 CIRC_BW ID=11 READ=0 WRITTEN=241038
2019-04-02 06:04:48 1554181488.93 650 BW 0 0
2019-04-02 06:04:48 1554181488.93 650 STREAM_BW 51 0 483632
2019-04-02 06:04:48 1554181488.93 650 CIRC_BW ID=11 READ=0 WRITTEN=483632
2019-04-02 06:04:49 1554181489.93 650 BW 0 0
2019-04-02 06:04:49 1554181489.93 650 STREAM_BW 51 0 492522
2019-04-02 06:04:49 1554181489.93 650 CIRC_BW ID=11 READ=0 WRITTEN=492522
2019-04-02 06:04:50 1554181490.93 650 BW 0 0
2019-04-02 06:04:50 1554181490.93 650 STREAM_BW 51 0 440730
2019-04-02 06:04:50 1554181490.93 650 CIRC_BW ID=11 READ=0 WRITTEN=440730
2019-04-02 06:04:51 1554181491.93 650 BW 0 0
2019-04-02 06:04:51 1554181491.93 650 STREAM_BW 51 0 498000
2019-04-02 06:04:51 1554181491.93 650 CIRC_BW ID=11 READ=0 WRITTEN=498000
2019-04-02 06:04:51 1554181491.93 650 CIRC 4 CLOSED $46156FD75B36A72008643882B286A2FEDF2B40C1~Unnamed,$51800AF38B30ED1454DD74CB412BADCED5F60593~Unnamed,$064D3C4CC1B854839B0979FE1C2F05ABAB7F9D68~SanitaryLandslide BUILD_FLAGS=NEED_CAPACITY PURPOSE=GENERAL TIME_CREATED=2019-04-02T05:02:28.933830 REASON=FINISHED
2019-04-02 06:04:52 1554181492.93 650 BW 0 0
2019-04-02 06:04:52 1554181492.93 650 STREAM_BW 51 0 498000
2019-04-02 06:04:52 1554181492.93 650 CIRC_BW ID=11 READ=0 WRITTEN=498000
2019-04-02 06:04:53 1554181493.93 650 BW 0 0
2019-04-02 06:04:53 1554181493.93 650 STREAM_BW 51 0 499494
2019-04-02 06:04:53 1554181493.93 650 CIRC_BW ID=11 READ=0 WRITTEN=499494
2019-04-02 06:04:54 1554181494.93 650 BW 0 0
2019-04-02 06:04:54 1554181494.93 650 STREAM_BW 51 0 433260
2019-04-02 06:04:54 1554181494.93 650 CIRC_BW ID=11 READ=0 WRITTEN=433260
2019-04-02 06:04:55 1554181495.93 650 BW 0 0
2019-04-02 06:04:55 1554181495.93 650 STREAM_BW 51 0 498000
2019-04-02 06:04:55 1554181495.93 650 CIRC_BW ID=11 READ=0 WRITTEN=498000
2019-04-02 06:04:56 1554181496.93 650 BW 0 0
2019-04-02 06:04:56 1554181496.93 650 STREAM_BW 51 0 498000
2019-04-02 06:04:56 1554181496.93 650 CIRC_BW ID=11 READ=0 WRITTEN=498000
2019-04-02 06:04:57 1554181497.78 650 STREAM_BW 51 0 413340
2019-04-02 06:04:57 1554181497.78 650 STREAM 51 CLOSED 11 137.50.19.20:8080 REASON=END REMOTE_REASON=DONE
2019-04-02 06:04:57 1554181497.78 650 STREAM 52 NEW 0 137.50.19.20:8080 SOURCE_ADDR=127.0.0.1:50900 PURPOSE=USER
2019-04-02 06:04:57 1554181497.78 650 STREAM 52 SENTCONNECT 11 137.50.19.20:8080
2019-04-02 06:04:57 1554181497.93 650 BW 0 0
2019-04-02 06:04:57 1554181497.93 650 STREAM_BW 52 13 2
2019-04-02 06:04:57 1554181497.93 650 CIRC_BW ID=11 READ=0 WRITTEN=826680
2019-04-02 06:04:58 1554181498.51 650 STREAM 52 REMAP 11 137.50.19.20:8080 SOURCE=EXIT
2019-04-02 06:04:58 1554181498.51 650 STREAM 52 SUCCEEDED 11 137.50.19.20:8080
2019-04-02 06:04:58 1554181498.93 650 BW 0 0
2019-04-02 06:04:58 1554181498.93 650 STREAM_BW 52 62 10
2019-04-02 06:04:58 1554181498.93 650 CIRC_BW ID=11 READ=62 WRITTEN=10
2019-04-02 06:04:59 1554181499.93 650 BW 0 0
2019-04-02 06:04:59 1554181499.93 650 STREAM_BW 52 0 124161
2019-04-02 06:04:59 1554181499.93 650 CIRC_BW ID=11 READ=0 WRITTEN=124161
2019-04-02 06:05:00 1554181500.93 650 BW 0 0
2019-04-02 06:05:00 1554181500.93 650 STREAM_BW 52 0 337382
2019-04-02 06:05:00 1554181500.93 650 CIRC_BW ID=11 READ=0 WRITTEN=337382
2019-04-02 06:05:01 1554181501.93 650 BW 0 0
2019-04-02 06:05:01 1554181501.93 650 STREAM_BW 52 0 470948
2019-04-02 06:05:01 1554181501.93 650 CIRC_BW ID=11 READ=0 WRITTEN=470948
2019-04-02 06:05:02 1554181502.93 650 BW 0 0
2019-04-02 06:05:02 1554181502.93 650 STREAM_BW 52 0 407392
2019-04-02 06:05:02 1554181502.93 650 CIRC_BW ID=11 READ=0 WRITTEN=407392
2019-04-02 06:05:03 1554181503.93 650 BW 0 0
2019-04-02 06:05:03 1554181503.93 650 STREAM_BW 52 0 474892
2019-04-02 06:05:03 1554181503.93 650 CIRC_BW ID=11 READ=0 WRITTEN=474892
2019-04-02 06:05:04 1554181504.93 650 BW 0 0
2019-04-02 06:05:04 1554181504.93 650 STREAM_BW 52 0 471606
2019-04-02 06:05:04 1554181504.93 650 CIRC_BW ID=11 READ=0 WRITTEN=471606
2019-04-02 06:05:05 1554181505.93 650 BW 0 0
2019-04-02 06:05:05 1554181505.93 650 STREAM_BW 52 0 435750
2019-04-02 06:05:05 1554181505.93 650 CIRC_BW ID=11 READ=0 WRITTEN=435750
2019-04-02 06:05:06 1554181506.93 650 BW 0 0
2019-04-02 06:05:06 1554181506.93 650 STREAM_BW 52 0 476088
2019-04-02 06:05:06 1554181506.93 650 CIRC_BW ID=11 READ=0 WRITTEN=476088
2019-04-02 06:05:07 1554181507.93 650 BW 0 0
2019-04-02 06:05:07 1554181507.93 650 STREAM_BW 52 0 494016
2019-04-02 06:05:07 1554181507.93 650 CIRC_BW ID=11 READ=0 WRITTEN=494016
2019-04-02 06:05:08 1554181508.93 650 BW 0 0
2019-04-02 06:05:08 1554181508.93 650 STREAM_BW 52 0 477084
2019-04-02 06:05:08 1554181508.93 650 CIRC_BW ID=11 READ=0 WRITTEN=477084
2019-04-02 06:05:09 1554181509.93 650 BW 0 0
2019-04-02 06:05:09 1554181509.93 650 STREAM_BW 52 0 384456
2019-04-02 06:05:09 1554181509.93 650 CIRC_BW ID=11 READ=0 WRITTEN=384456
2019-04-02 06:05:10 1554181510.93 650 BW 0 0
2019-04-02 06:05:10 1554181510.93 650 STREAM_BW 52 0 446706
2019-04-02 06:05:10 1554181510.93 650 CIRC_BW ID=11 READ=0 WRITTEN=446706
2019-04-02 06:05:11 1554181511.51 650 STREAM_BW 52 0 241530
2019-04-02 06:05:11 1554181511.51 650 STREAM 52 CLOSED 11 137.50.19.20:8080 REASON=END REMOTE_REASON=DONE
2019-04-02 06:05:11 1554181511.51 650 STREAM 53 NEW 0 137.50.19.20:8080 SOURCE_ADDR=127.0.0.1:50902 PURPOSE=USER
2019-04-02 06:05:11 1554181511.51 650 STREAM 53 SENTCONNECT 11 137.50.19.20:8080
