2019-04-02 04:57:22 1554177442.73 Starting torctl program on host bridge-measure using Tor version 0.2.9.16 (git-9ef571339967c1e5) status=recommended
2019-04-02 04:57:22 1554177442.73 NOTICE BOOTSTRAP PROGRESS=100 TAG=done SUMMARY="Done"
2019-04-02 04:57:22 1554177442.78 650 STREAM 58 NEW 0 137.50.19.20:8080 SOURCE_ADDR=127.0.0.1:33150 PURPOSE=USER
2019-04-02 04:57:22 1554177442.78 650 STREAM 58 SENTCONNECT 17 137.50.19.20:8080
2019-04-02 04:57:22 1554177442.80 650 ORCONN $9A7BBFE2DFD7CA22FFA6F50122C44C92876F38DF~regressverbot CONNECTED ID=56
2019-04-02 04:57:22 1554177442.87 650 CIRC 21 EXTENDED $9A7BBFE2DFD7CA22FFA6F50122C44C92876F38DF~regressverbot BUILD_FLAGS=IS_INTERNAL,NEED_CAPACITY,NEED_UPTIME PURPOSE=GENERAL TIME_CREATED=2019-04-02T03:57:22.559759
2019-04-02 04:57:22 1554177442.98 650 CIRC 21 EXTENDED $9A7BBFE2DFD7CA22FFA6F50122C44C92876F38DF~regressverbot,$7961FF5A7B77DFA46721ABE5B8DCF5FBBE26EF7B~Unnamed BUILD_FLAGS=IS_INTERNAL,NEED_CAPACITY,NEED_UPTIME PURPOSE=GENERAL TIME_CREATED=2019-04-02T03:57:22.559759
2019-04-02 04:57:23 1554177443.11 650 STREAM 58 REMAP 17 137.50.19.20:8080 SOURCE=EXIT
2019-04-02 04:57:23 1554177443.11 650 STREAM 58 SUCCEEDED 17 137.50.19.20:8080
2019-04-02 04:57:23 1554177443.29 650 CIRC 21 EXTENDED $9A7BBFE2DFD7CA22FFA6F50122C44C92876F38DF~regressverbot,$7961FF5A7B77DFA46721ABE5B8DCF5FBBE26EF7B~Unnamed,$823701D5C4C5D72C3FF533113F25A1922DED6303~DefiantDaveRelay01 BUILD_FLAGS=IS_INTERNAL,NEED_CAPACITY,NEED_UPTIME PURPOSE=GENERAL TIME_CREATED=2019-04-02T03:57:22.559759
2019-04-02 04:57:23 1554177443.29 650 CIRC 21 BUILT $9A7BBFE2DFD7CA22FFA6F50122C44C92876F38DF~regressverbot,$7961FF5A7B77DFA46721ABE5B8DCF5FBBE26EF7B~Unnamed,$823701D5C4C5D72C3FF533113F25A1922DED6303~DefiantDaveRelay01 BUILD_FLAGS=IS_INTERNAL,NEED_CAPACITY,NEED_UPTIME PURPOSE=GENERAL TIME_CREATED=2019-04-02T03:57:22.559759
2019-04-02 04:57:23 1554177443.56 650 BW 5289 3570
2019-04-02 04:57:23 1554177443.56 650 STREAM_BW 58 74 8380
2019-04-02 04:57:23 1554177443.56 650 CIRC_BW ID=17 READ=61 WRITTEN=8378
2019-04-02 04:57:24 1554177444.56 650 BW 387496 11200
2019-04-02 04:57:24 1554177444.56 650 STREAM_BW 58 0 409128
2019-04-02 04:57:24 1554177444.56 650 CIRC_BW ID=17 READ=0 WRITTEN=409128
2019-04-02 04:57:25 1554177445.56 650 BW 517783 16000
2019-04-02 04:57:25 1554177445.56 650 STREAM_BW 58 0 447702
2019-04-02 04:57:25 1554177445.56 650 CIRC_BW ID=17 READ=0 WRITTEN=447702
2019-04-02 04:57:26 1554177446.56 650 BW 440791 13343
2019-04-02 04:57:26 1554177446.56 650 STREAM_BW 58 0 446208
2019-04-02 04:57:26 1554177446.56 650 CIRC_BW ID=17 READ=0 WRITTEN=446208
2019-04-02 04:57:27 1554177447.56 650 BW 494654 15457
2019-04-02 04:57:27 1554177447.56 650 STREAM_BW 58 0 478578
2019-04-02 04:57:27 1554177447.56 650 CIRC_BW ID=17 READ=0 WRITTEN=478578
2019-04-02 04:57:28 1554177448.56 650 BW 489933 14943
2019-04-02 04:57:28 1554177448.56 650 STREAM_BW 58 0 491526
2019-04-02 04:57:28 1554177448.56 650 CIRC_BW ID=17 READ=0 WRITTEN=491526
2019-04-02 04:57:29 1554177449.56 650 BW 414893 12800
2019-04-02 04:57:29 1554177449.56 650 STREAM_BW 58 0 419814
2019-04-02 04:57:29 1554177449.56 650 CIRC_BW ID=17 READ=0 WRITTEN=419814
2019-04-02 04:57:30 1554177450.56 650 BW 496431 15457
2019-04-02 04:57:30 1554177450.56 650 STREAM_BW 58 0 469614
2019-04-02 04:57:30 1554177450.56 650 CIRC_BW ID=17 READ=0 WRITTEN=469614
2019-04-02 04:57:31 1554177451.56 650 BW 441610 14400
2019-04-02 04:57:31 1554177451.56 650 STREAM_BW 58 0 410850
2019-04-02 04:57:31 1554177451.56 650 CIRC_BW ID=17 READ=0 WRITTEN=410850
2019-04-02 04:57:32 1554177452.56 650 BW 490917 14400
2019-04-02 04:57:32 1554177452.56 650 STREAM_BW 58 0 419316
2019-04-02 04:57:32 1554177452.56 650 CIRC_BW ID=17 READ=0 WRITTEN=419316
2019-04-02 04:57:33 1554177453.57 650 BW 442202 13343
2019-04-02 04:57:33 1554177453.57 650 STREAM_BW 58 0 469116
2019-04-02 04:57:33 1554177453.57 650 CIRC_BW ID=17 READ=0 WRITTEN=469116
2019-04-02 04:57:33 1554177453.57 650 CIRC 22 LAUNCHED BUILD_FLAGS=NEED_CAPACITY PURPOSE=GENERAL TIME_CREATED=2019-04-02T03:57:33.559525
2019-04-02 04:57:33 1554177453.57 650 ORCONN $E409F30BFF353F7883F07DC4973DFB62361AD54F~zwewwlSE1 LAUNCHED ID=59
2019-04-02 04:57:33 1554177453.84 650 ORCONN $E409F30BFF353F7883F07DC4973DFB62361AD54F~zwewwlSE1 CONNECTED ID=59
2019-04-02 04:57:33 1554177453.91 650 CIRC 22 EXTENDED $E409F30BFF353F7883F07DC4973DFB62361AD54F~zwewwlSE1 BUILD_FLAGS=NEED_CAPACITY PURPOSE=GENERAL TIME_CREATED=2019-04-02T03:57:33.559525
2019-04-02 04:57:34 1554177454.09 650 CIRC 22 EXTENDED $E409F30BFF353F7883F07DC4973DFB62361AD54F~zwewwlSE1,$502A7E668D1E14F011E62214DE0261F1647B619E~snap269 BUILD_FLAGS=NEED_CAPACITY PURPOSE=GENERAL TIME_CREATED=2019-04-02T03:57:33.559525
2019-04-02 04:57:34 1554177454.25 650 CIRC 22 EXTENDED $E409F30BFF353F7883F07DC4973DFB62361AD54F~zwewwlSE1,$502A7E668D1E14F011E62214DE0261F1647B619E~snap269,$FAEC86A9A37152F0371D67917ABA398467DFBD9C~niftytreerat BUILD_FLAGS=NEED_CAPACITY PURPOSE=GENERAL TIME_CREATED=2019-04-02T03:57:33.559525
2019-04-02 04:57:34 1554177454.25 650 CIRC 22 BUILT $E409F30BFF353F7883F07DC4973DFB62361AD54F~zwewwlSE1,$502A7E668D1E14F011E62214DE0261F1647B619E~snap269,$FAEC86A9A37152F0371D67917ABA398467DFBD9C~niftytreerat BUILD_FLAGS=NEED_CAPACITY PURPOSE=GENERAL TIME_CREATED=2019-04-02T03:57:33.559525
2019-04-02 04:57:34 1554177454.56 650 BW 440349 16344
2019-04-02 04:57:34 1554177454.56 650 STREAM_BW 58 0 382464
2019-04-02 04:57:34 1554177454.56 650 CIRC_BW ID=17 READ=0 WRITTEN=382464
2019-04-02 04:57:35 1554177455.56 650 BW 416218 12800
2019-04-02 04:57:35 1554177455.56 650 STREAM_BW 58 0 389436
2019-04-02 04:57:35 1554177455.56 650 CIRC_BW ID=17 READ=0 WRITTEN=389436
2019-04-02 04:57:35 1554177455.56 650 STREAM 58 CLOSED 17 137.50.19.20:8080 REASON=END REMOTE_REASON=DONE
2019-04-02 04:57:35 1554177455.56 650 STREAM 60 NEW 0 137.50.19.20:8080 SOURCE_ADDR=127.0.0.1:33154 PURPOSE=USER
2019-04-02 04:57:35 1554177455.56 650 STREAM 60 SENTCONNECT 17 137.50.19.20:8080
2019-04-02 04:57:36 1554177456.05 650 STREAM 60 REMAP 17 137.50.19.20:8080 SOURCE=EXIT
2019-04-02 04:57:36 1554177456.05 650 STREAM 60 SUCCEEDED 17 137.50.19.20:8080
2019-04-02 04:57:36 1554177456.56 650 BW 43389 2172
2019-04-02 04:57:36 1554177456.56 650 STREAM_BW 60 74 157736
2019-04-02 04:57:36 1554177456.56 650 CIRC_BW ID=17 READ=61 WRITTEN=157734
2019-04-02 04:57:37 1554177457.56 650 BW 604444 18462
2019-04-02 04:57:37 1554177457.56 650 STREAM_BW 60 0 482856
2019-04-02 04:57:37 1554177457.56 650 CIRC_BW ID=17 READ=0 WRITTEN=482856
2019-04-02 04:57:38 1554177458.56 650 BW 492701 15747
2019-04-02 04:57:38 1554177458.56 650 STREAM_BW 60 0 474594
2019-04-02 04:57:38 1554177458.56 650 CIRC_BW ID=17 READ=0 WRITTEN=474594
2019-04-02 04:57:39 1554177459.56 650 BW 544072 16833
2019-04-02 04:57:39 1554177459.56 650 STREAM_BW 60 0 517920
2019-04-02 04:57:39 1554177459.56 650 CIRC_BW ID=17 READ=0 WRITTEN=517920
2019-04-02 04:57:40 1554177460.56 650 BW 449799 14661
2019-04-02 04:57:40 1554177460.56 650 STREAM_BW 60 0 544812
2019-04-02 04:57:40 1554177460.56 650 CIRC_BW ID=17 READ=0 WRITTEN=544812
2019-04-02 04:57:41 1554177461.56 650 BW 562372 17376
2019-04-02 04:57:41 1554177461.56 650 STREAM_BW 60 0 451188
2019-04-02 04:57:41 1554177461.56 650 CIRC_BW ID=17 READ=0 WRITTEN=451188
2019-04-02 04:57:42 1554177462.56 650 BW 543417 16833
2019-04-02 04:57:42 1554177462.56 650 STREAM_BW 60 0 502482
2019-04-02 04:57:42 1554177462.56 650 CIRC_BW ID=17 READ=0 WRITTEN=502482
2019-04-02 04:57:43 1554177463.56 650 BW 518718 16290
2019-04-02 04:57:43 1554177463.56 650 STREAM_BW 60 0 468618
2019-04-02 04:57:43 1554177463.56 650 CIRC_BW ID=17 READ=0 WRITTEN=468618
2019-04-02 04:57:44 1554177464.57 650 BW 467777 14661
2019-04-02 04:57:44 1554177464.57 650 STREAM_BW 60 0 473100
2019-04-02 04:57:44 1554177464.57 650 CIRC_BW ID=17 READ=0 WRITTEN=473100
2019-04-02 04:57:44 1554177464.57 650 CIRC 23 LAUNCHED BUILD_FLAGS=NEED_CAPACITY PURPOSE=GENERAL TIME_CREATED=2019-04-02T03:57:44.558932
2019-04-02 04:57:44 1554177464.57 650 ORCONN $E4CB0C293588C3E5FA7DB94485FF2686E128267F~Killer LAUNCHED ID=61
2019-04-02 04:57:44 1554177464.69 650 ORCONN $E4CB0C293588C3E5FA7DB94485FF2686E128267F~Killer CONNECTED ID=61
2019-04-02 04:57:44 1554177464.73 650 CIRC 23 EXTENDED $E4CB0C293588C3E5FA7DB94485FF2686E128267F~Killer BUILD_FLAGS=NEED_CAPACITY PURPOSE=GENERAL TIME_CREATED=2019-04-02T03:57:44.558932
2019-04-02 04:57:44 1554177464.86 650 CIRC 23 EXTENDED $E4CB0C293588C3E5FA7DB94485FF2686E128267F~Killer,$0569ED9E50E2ADCE86C5AABE18EFB4EA0997DD2E~snap269 BUILD_FLAGS=NEED_CAPACITY PURPOSE=GENERAL TIME_CREATED=2019-04-02T03:57:44.558932
2019-04-02 04:57:45 1554177465.15 650 CIRC 23 EXTENDED $E4CB0C293588C3E5FA7DB94485FF2686E128267F~Killer,$0569ED9E50E2ADCE86C5AABE18EFB4EA0997DD2E~snap269,$78C7C299DB4C4BD119A22B87B57D5AF5F3741A79~cmutornode BUILD_FLAGS=NEED_CAPACITY PURPOSE=GENERAL TIME_CREATED=2019-04-02T03:57:44.558932
2019-04-02 04:57:45 1554177465.15 650 CIRC 23 BUILT $E4CB0C293588C3E5FA7DB94485FF2686E128267F~Killer,$0569ED9E50E2ADCE86C5AABE18EFB4EA0997DD2E~snap269,$78C7C299DB4C4BD119A22B87B57D5AF5F3741A79~cmutornode BUILD_FLAGS=NEED_CAPACITY PURPOSE=GENERAL TIME_CREATED=2019-04-02T03:57:44.558932
2019-04-02 04:57:45 1554177465.56 650 BW 549714 19868
2019-04-02 04:57:45 1554177465.56 650 STREAM_BW 60 0 548298
2019-04-02 04:57:45 1554177465.56 650 CIRC_BW ID=17 READ=0 WRITTEN=548298
2019-04-02 04:57:46 1554177466.56 650 BW 440960 13575
2019-04-02 04:57:46 1554177466.56 650 STREAM_BW 60 0 429276
2019-04-02 04:57:46 1554177466.56 650 CIRC_BW ID=17 READ=0 WRITTEN=429276
2019-04-02 04:57:47 1554177467.08 650 STREAM_BW 60 0 189738
2019-04-02 04:57:47 1554177467.08 650 STREAM 60 CLOSED 17 137.50.19.20:8080 REASON=END REMOTE_REASON=DONE
2019-04-02 04:57:47 1554177467.08 650 STREAM 62 NEW 0 137.50.19.20:8080 SOURCE_ADDR=127.0.0.1:33158 PURPOSE=USER
2019-04-02 04:57:47 1554177467.08 650 STREAM 62 SENTCONNECT 17 137.50.19.20:8080
2019-04-02 04:57:47 1554177467.56 650 BW 254549 8688
2019-04-02 04:57:47 1554177467.56 650 STREAM_BW 62 13 2
2019-04-02 04:57:47 1554177467.56 650 CIRC_BW ID=17 READ=0 WRITTEN=379476
2019-04-02 04:57:47 1554177467.60 650 STREAM 62 REMAP 17 137.50.19.20:8080 SOURCE=EXIT
2019-04-02 04:57:47 1554177467.60 650 STREAM 62 SUCCEEDED 17 137.50.19.20:8080
2019-04-02 04:57:48 1554177468.56 650 BW 380126 12489
2019-04-02 04:57:48 1554177468.56 650 STREAM_BW 62 61 415446
2019-04-02 04:57:48 1554177468.56 650 CIRC_BW ID=17 READ=61 WRITTEN=415446
2019-04-02 04:57:49 1554177469.56 650 BW 526611 16290
2019-04-02 04:57:49 1554177469.56 650 STREAM_BW 62 0 448200
2019-04-02 04:57:49 1554177469.56 650 CIRC_BW ID=17 READ=0 WRITTEN=448200
2019-04-02 04:57:50 1554177470.56 650 BW 492139 15204
2019-04-02 04:57:50 1554177470.56 650 STREAM_BW 62 0 520410
2019-04-02 04:57:50 1554177470.56 650 CIRC_BW ID=17 READ=0 WRITTEN=520410
2019-04-02 04:57:51 1554177471.56 650 BW 454939 14661
2019-04-02 04:57:51 1554177471.56 650 STREAM_BW 62 0 443220
2019-04-02 04:57:51 1554177471.56 650 CIRC_BW ID=17 READ=0 WRITTEN=443220
2019-04-02 04:57:52 1554177472.56 650 BW 480319 14661
2019-04-02 04:57:52 1554177472.56 650 STREAM_BW 62 0 453180
2019-04-02 04:57:52 1554177472.56 650 CIRC_BW ID=17 READ=0 WRITTEN=453180
2019-04-02 04:57:53 1554177473.56 650 BW 543783 17376
2019-04-02 04:57:53 1554177473.56 650 STREAM_BW 62 0 525390
2019-04-02 04:57:53 1554177473.56 650 CIRC_BW ID=17 READ=0 WRITTEN=525390
2019-04-02 04:57:54 1554177474.56 650 BW 466510 14661
2019-04-02 04:57:54 1554177474.56 650 STREAM_BW 62 0 423300
2019-04-02 04:57:54 1554177474.56 650 CIRC_BW ID=17 READ=0 WRITTEN=423300
2019-04-02 04:57:55 1554177475.57 650 BW 519860 16290
2019-04-02 04:57:55 1554177475.57 650 STREAM_BW 62 0 543816
2019-04-02 04:57:55 1554177475.57 650 CIRC_BW ID=17 READ=0 WRITTEN=543816
2019-04-02 04:57:55 1554177475.57 650 CIRC 24 LAUNCHED BUILD_FLAGS=NEED_CAPACITY PURPOSE=GENERAL TIME_CREATED=2019-04-02T03:57:55.559096
2019-04-02 04:57:55 1554177475.57 650 ORCONN $E0EAA536856FBD3C3AB46C2BAA398E7CDFDAFF5D~as44194a36s01 LAUNCHED ID=63
2019-04-02 04:57:55 1554177475.70 650 ORCONN $E0EAA536856FBD3C3AB46C2BAA398E7CDFDAFF5D~as44194a36s01 CONNECTED ID=63
2019-04-02 04:57:55 1554177475.75 650 CIRC 24 EXTENDED $E0EAA536856FBD3C3AB46C2BAA398E7CDFDAFF5D~as44194a36s01 BUILD_FLAGS=NEED_CAPACITY PURPOSE=GENERAL TIME_CREATED=2019-04-02T03:57:55.559096
2019-04-02 04:57:55 1554177475.83 650 CIRC 24 EXTENDED $E0EAA536856FBD3C3AB46C2BAA398E7CDFDAFF5D~as44194a36s01,$AE3893E8F6941E7701963EE1C4FD90491E3FDB8F~MonsterX BUILD_FLAGS=NEED_CAPACITY PURPOSE=GENERAL TIME_CREATED=2019-04-02T03:57:55.559096
2019-04-02 04:57:55 1554177475.96 650 CIRC 24 EXTENDED $E0EAA536856FBD3C3AB46C2BAA398E7CDFDAFF5D~as44194a36s01,$AE3893E8F6941E7701963EE1C4FD90491E3FDB8F~MonsterX,$71CFDEB4D9E00CCC3E31EC4E8A29E109BBC1FB36~niftypedetidae BUILD_FLAGS=NEED_CAPACITY PURPOSE=GENERAL TIME_CREATED=2019-04-02T03:57:55.559096
2019-04-02 04:57:55 1554177475.96 650 CIRC 24 BUILT $E0EAA536856FBD3C3AB46C2BAA398E7CDFDAFF5D~as44194a36s01,$AE3893E8F6941E7701963EE1C4FD90491E3FDB8F~MonsterX,$71CFDEB4D9E00CCC3E31EC4E8A29E109BBC1FB36~niftypedetidae BUILD_FLAGS=NEED_CAPACITY PURPOSE=GENERAL TIME_CREATED=2019-04-02T03:57:55.559096
2019-04-02 04:57:56 1554177476.56 650 BW 547078 19333
2019-04-02 04:57:56 1554177476.56 650 STREAM_BW 62 0 453678
2019-04-02 04:57:56 1554177476.56 650 CIRC_BW ID=17 READ=0 WRITTEN=453678
2019-04-02 04:57:57 1554177477.56 650 BW 470067 14661
2019-04-02 04:57:57 1554177477.56 650 STREAM_BW 62 0 517422
2019-04-02 04:57:57 1554177477.56 650 CIRC_BW ID=17 READ=0 WRITTEN=517422
2019-04-02 04:57:58 1554177478.56 650 BW 569545 17919
2019-04-02 04:57:58 1554177478.56 650 STREAM_BW 62 0 494514
2019-04-02 04:57:58 1554177478.56 650 CIRC_BW ID=17 READ=0 WRITTEN=494514
2019-04-02 04:57:58 1554177478.66 650 STREAM_BW 62 0 3486
2019-04-02 04:57:58 1554177478.66 650 STREAM 62 CLOSED 17 137.50.19.20:8080 REASON=END REMOTE_REASON=DONE
2019-04-02 04:57:58 1554177478.66 650 STREAM 64 NEW 0 137.50.19.20:8080 SOURCE_ADDR=127.0.0.1:33162 PURPOSE=USER
2019-04-02 04:57:58 1554177478.66 650 STREAM 64 SENTCONNECT 17 137.50.19.20:8080
2019-04-02 04:57:59 1554177479.36 650 STREAM 64 REMAP 17 137.50.19.20:8080 SOURCE=EXIT
2019-04-02 04:57:59 1554177479.36 650 STREAM 64 SUCCEEDED 17 137.50.19.20:8080
2019-04-02 04:57:59 1554177479.56 650 BW 23561 2172
2019-04-02 04:57:59 1554177479.56 650 STREAM_BW 64 74 12
2019-04-02 04:57:59 1554177479.56 650 CIRC_BW ID=17 READ=61 WRITTEN=6982
2019-04-02 04:58:00 1554177480.56 650 BW 466081 14118
2019-04-02 04:58:00 1554177480.56 650 STREAM_BW 64 0 445384
2019-04-02 04:58:00 1554177480.56 650 CIRC_BW ID=17 READ=0 WRITTEN=445384
2019-04-02 04:58:01 1554177481.56 650 BW 449452 14118
2019-04-02 04:58:01 1554177481.56 650 STREAM_BW 64 0 463140
2019-04-02 04:58:01 1554177481.56 650 CIRC_BW ID=17 READ=0 WRITTEN=463140
2019-04-02 04:58:02 1554177482.56 650 BW 364439 11403
2019-04-02 04:58:02 1554177482.56 650 STREAM_BW 64 0 374496
2019-04-02 04:58:02 1554177482.56 650 CIRC_BW ID=17 READ=0 WRITTEN=374496
2019-04-02 04:58:03 1554177483.56 650 BW 534306 16833
2019-04-02 04:58:03 1554177483.56 650 STREAM_BW 64 0 477084
2019-04-02 04:58:03 1554177483.56 650 CIRC_BW ID=17 READ=0 WRITTEN=477084
2019-04-02 04:58:04 1554177484.56 650 BW 569700 17919
2019-04-02 04:58:04 1554177484.56 650 STREAM_BW 64 0 522402
2019-04-02 04:58:04 1554177484.56 650 CIRC_BW ID=17 READ=0 WRITTEN=522402
2019-04-02 04:58:05 1554177485.56 650 BW 467754 14661
2019-04-02 04:58:05 1554177485.56 650 STREAM_BW 64 0 464634
2019-04-02 04:58:05 1554177485.56 650 CIRC_BW ID=17 READ=0 WRITTEN=464634
2019-04-02 04:58:06 1554177486.56 650 BW 543614 16833
2019-04-02 04:58:06 1554177486.56 650 STREAM_BW 64 0 577680
2019-04-02 04:58:06 1554177486.56 650 CIRC_BW ID=17 READ=0 WRITTEN=577680
2019-04-02 04:58:06 1554177486.56 650 CIRC 25 LAUNCHED BUILD_FLAGS=NEED_CAPACITY PURPOSE=GENERAL TIME_CREATED=2019-04-02T03:58:06.558997
2019-04-02 04:58:06 1554177486.56 650 ORCONN $4E9796481C1E75F75D57E8C1FC8C8ED111433316~brwyatt2 LAUNCHED ID=65
2019-04-02 04:58:07 1554177487.17 650 ORCONN $4E9796481C1E75F75D57E8C1FC8C8ED111433316~brwyatt2 CONNECTED ID=65
2019-04-02 04:58:07 1554177487.33 650 CIRC 25 EXTENDED $4E9796481C1E75F75D57E8C1FC8C8ED111433316~brwyatt2 BUILD_FLAGS=NEED_CAPACITY PURPOSE=GENERAL TIME_CREATED=2019-04-02T03:58:06.558997
2019-04-02 04:58:07 1554177487.56 650 BW 520306 18247
2019-04-02 04:58:07 1554177487.56 650 STREAM_BW 64 0 451686
2019-04-02 04:58:07 1554177487.56 650 CIRC_BW ID=17 READ=0 WRITTEN=451686
2019-04-02 04:58:07 1554177487.63 650 CIRC 25 EXTENDED $4E9796481C1E75F75D57E8C1FC8C8ED111433316~brwyatt2,$FB07F10AE9DCDFC43E24C50D399D42DE89BD428E~stannaz BUILD_FLAGS=NEED_CAPACITY PURPOSE=GENERAL TIME_CREATED=2019-04-02T03:58:06.558997
2019-04-02 04:58:07 1554177487.93 650 CIRC 25 EXTENDED $4E9796481C1E75F75D57E8C1FC8C8ED111433316~brwyatt2,$FB07F10AE9DCDFC43E24C50D399D42DE89BD428E~stannaz,$45D6A70CAEC4A2C2FCE46A127E461FF852A41280~whatconfig BUILD_FLAGS=NEED_CAPACITY PURPOSE=GENERAL TIME_CREATED=2019-04-02T03:58:06.558997
2019-04-02 04:58:07 1554177487.94 650 CIRC 25 BUILT $4E9796481C1E75F75D57E8C1FC8C8ED111433316~brwyatt2,$FB07F10AE9DCDFC43E24C50D399D42DE89BD428E~stannaz,$45D6A70CAEC4A2C2FCE46A127E461FF852A41280~whatconfig BUILD_FLAGS=NEED_CAPACITY PURPOSE=GENERAL TIME_CREATED=2019-04-02T03:58:06.558997
2019-04-02 04:58:08 1554177488.56 650 BW 487468 15747
2019-04-02 04:58:08 1554177488.56 650 STREAM_BW 64 0 469614
2019-04-02 04:58:08 1554177488.56 650 CIRC_BW ID=17 READ=0 WRITTEN=469614
2019-04-02 04:58:09 1554177489.56 650 BW 552604 17376
2019-04-02 04:58:09 1554177489.56 650 STREAM_BW 64 0 501486
2019-04-02 04:58:09 1554177489.56 650 CIRC_BW ID=17 READ=0 WRITTEN=501486
2019-04-02 04:58:10 1554177490.56 650 BW 464086 14661
2019-04-02 04:58:10 1554177490.56 650 STREAM_BW 64 0 494514
2019-04-02 04:58:10 1554177490.56 650 CIRC_BW ID=17 READ=0 WRITTEN=494514
2019-04-02 04:58:10 1554177490.68 650 STREAM 64 CLOSED 17 137.50.19.20:8080 REASON=END REMOTE_REASON=DONE
2019-04-02 04:58:10 1554177490.68 650 STREAM 66 NEW 0 137.50.19.20:8080 SOURCE_ADDR=127.0.0.1:33166 PURPOSE=USER
2019-04-02 04:58:10 1554177490.68 650 STREAM 66 SENTCONNECT 17 137.50.19.20:8080
2019-04-02 04:58:11 1554177491.26 650 STREAM 66 REMAP 17 137.50.19.20:8080 SOURCE=EXIT
2019-04-02 04:58:11 1554177491.26 650 STREAM 66 SUCCEEDED 17 137.50.19.20:8080
2019-04-02 04:58:11 1554177491.56 650 BW 54489 2715
2019-04-02 04:58:11 1554177491.56 650 STREAM_BW 66 74 12
2019-04-02 04:58:11 1554177491.56 650 CIRC_BW ID=17 READ=61 WRITTEN=10
2019-04-02 04:58:12 1554177492.56 650 BW 517330 15747
2019-04-02 04:58:12 1554177492.56 650 STREAM_BW 66 0 613606
2019-04-02 04:58:12 1554177492.56 650 CIRC_BW ID=17 READ=0 WRITTEN=613606
2019-04-02 04:58:13 1554177493.56 650 BW 569526 17919
2019-04-02 04:58:13 1554177493.56 650 STREAM_BW 66 0 441726
2019-04-02 04:58:13 1554177493.56 650 CIRC_BW ID=17 READ=0 WRITTEN=441726
2019-04-02 04:58:14 1554177494.56 650 BW 467841 14661
2019-04-02 04:58:14 1554177494.56 650 STREAM_BW 66 0 476586
2019-04-02 04:58:14 1554177494.56 650 CIRC_BW ID=17 READ=0 WRITTEN=476586
2019-04-02 04:58:15 1554177495.56 650 BW 517856 16290
2019-04-02 04:58:15 1554177495.56 650 STREAM_BW 66 0 499992
2019-04-02 04:58:15 1554177495.56 650 CIRC_BW ID=17 READ=0 WRITTEN=499992
2019-04-02 04:58:16 1554177496.56 650 BW 470044 14661
2019-04-02 04:58:16 1554177496.56 650 STREAM_BW 66 0 474594
2019-04-02 04:58:16 1554177496.56 650 CIRC_BW ID=17 READ=0 WRITTEN=474594
2019-04-02 04:58:16 1554177496.56 650 CIRC 3 CLOSED $68D2ABD936233A569E2B46D6228816149A16B4FA~sFtor4 BUILD_FLAGS=ONEHOP_TUNNEL,IS_INTERNAL,NEED_CAPACITY PURPOSE=GENERAL TIME_CREATED=2019-04-02T03:57:16.391367 REASON=DESTROYED REMOTE_REASON=FINISHED
2019-04-02 04:58:17 1554177497.57 650 BW 569288 17919
2019-04-02 04:58:17 1554177497.57 650 STREAM_BW 66 0 473598
2019-04-02 04:58:17 1554177497.57 650 CIRC_BW ID=17 READ=0 WRITTEN=473598
2019-04-02 04:58:17 1554177497.57 650 CIRC 26 LAUNCHED BUILD_FLAGS=NEED_CAPACITY PURPOSE=GENERAL TIME_CREATED=2019-04-02T03:58:17.559461
2019-04-02 04:58:17 1554177497.57 650 ORCONN $875F74A3DC14737BECA06F8B500022154D1A29D1~Babylonian LAUNCHED ID=67
2019-04-02 04:58:17 1554177497.58 650 CIRC 2 CLOSED $7BE683E65D48141321C5ED92F075C55364AC7123~dannenberg BUILD_FLAGS=ONEHOP_TUNNEL,IS_INTERNAL,NEED_CAPACITY PURPOSE=GENERAL TIME_CREATED=2019-04-02T03:57:15.342443 REASON=FINISHED
2019-04-02 04:58:17 1554177497.58 650 CIRC 5 CLOSED $30C0B4DE58CFBB350485B326A0D67352E0138CCF~torvic BUILD_FLAGS=ONEHOP_TUNNEL,IS_INTERNAL,NEED_CAPACITY PURPOSE=GENERAL TIME_CREATED=2019-04-02T03:57:16.391891 REASON=FINISHED
2019-04-02 04:58:17 1554177497.58 650 CIRC 7 CLOSED $FB90BD242C588B941EDD9BB0CC3C5944CEAFEFC4~idabwells BUILD_FLAGS=ONEHOP_TUNNEL,IS_INTERNAL,NEED_CAPACITY PURPOSE=GENERAL TIME_CREATED=2019-04-02T03:57:16.392394 REASON=FINISHED
2019-04-02 04:58:17 1554177497.58 650 CIRC 8 CLOSED $A0F39D32028CEC7F35419E9570401DE15B1B4564~pldtor BUILD_FLAGS=ONEHOP_TUNNEL,IS_INTERNAL,NEED_CAPACITY PURPOSE=GENERAL TIME_CREATED=2019-04-02T03:57:16.392756 REASON=FINISHED
2019-04-02 04:58:17 1554177497.58 650 CIRC 9 CLOSED $0ED0EA324C931CF41CB5272BFB1D015B3D5772A9~TOR2DFNrelB BUILD_FLAGS=ONEHOP_TUNNEL,IS_INTERNAL,NEED_CAPACITY PURPOSE=GENERAL TIME_CREATED=2019-04-02T03:57:16.393085 REASON=FINISHED
2019-04-02 04:58:17 1554177497.58 650 CIRC 10 CLOSED $33DBA330433E2915BD0EE66787A48863C818C0BB~2HG BUILD_FLAGS=ONEHOP_TUNNEL,IS_INTERNAL,NEED_CAPACITY PURPOSE=GENERAL TIME_CREATED=2019-04-02T03:57:16.393396 REASON=FINISHED
2019-04-02 04:58:17 1554177497.58 650 CIRC 11 CLOSED $FB4531817DB73168B0410AD4BFEAAFE206F1A763~PankyBG1 BUILD_FLAGS=ONEHOP_TUNNEL,IS_INTERNAL,NEED_CAPACITY PURPOSE=GENERAL TIME_CREATED=2019-04-02T03:57:16.393749 REASON=FINISHED
2019-04-02 04:58:17 1554177497.58 650 CIRC 12 CLOSED $05D57E78593931AA9AC0B71277D417A2F611FBF1~Unnamed BUILD_FLAGS=ONEHOP_TUNNEL,IS_INTERNAL,NEED_CAPACITY PURPOSE=GENERAL TIME_CREATED=2019-04-02T03:57:16.394151 REASON=FINISHED
2019-04-02 04:58:17 1554177497.58 650 CIRC 13 CLOSED $134DED8B9FC5EEFD61AEF65659CF4AF0AA7FBCB5~Unnamed BUILD_FLAGS=ONEHOP_TUNNEL,IS_INTERNAL,NEED_CAPACITY PURPOSE=GENERAL TIME_CREATED=2019-04-02T03:57:16.394515 REASON=FINISHED
2019-04-02 04:58:17 1554177497.58 650 CIRC 14 CLOSED $ED2338CAC2711B3E331392E1ED2831219B794024~SEC6xFreeBSD64 BUILD_FLAGS=ONEHOP_TUNNEL,IS_INTERNAL,NEED_CAPACITY PURPOSE=GENERAL TIME_CREATED=2019-04-02T03:57:16.394939 REASON=FINISHED
2019-04-02 04:58:17 1554177497.58 650 CIRC 15 CLOSED $E19D4503D2FD584C8099A954270A9BC819596E74~Unnamed BUILD_FLAGS=ONEHOP_TUNNEL,IS_INTERNAL,NEED_CAPACITY PURPOSE=GENERAL TIME_CREATED=2019-04-02T03:57:16.395319 REASON=FINISHED
2019-04-02 04:58:17 1554177497.58 650 CIRC 16 CLOSED $22E975935BA77EA59A28EA1AA8387F906034FCBE~hydrogenuine BUILD_FLAGS=ONEHOP_TUNNEL,IS_INTERNAL,NEED_CAPACITY PURPOSE=GENERAL TIME_CREATED=2019-04-02T03:57:16.395547 REASON=FINISHED
2019-04-02 04:58:17 1554177497.77 650 ORCONN $875F74A3DC14737BECA06F8B500022154D1A29D1~Babylonian CONNECTED ID=67
2019-04-02 04:58:17 1554177497.83 650 CIRC 26 EXTENDED $875F74A3DC14737BECA06F8B500022154D1A29D1~Babylonian BUILD_FLAGS=NEED_CAPACITY PURPOSE=GENERAL TIME_CREATED=2019-04-02T03:58:17.559461
2019-04-02 04:58:17 1554177497.94 650 CIRC 26 EXTENDED $875F74A3DC14737BECA06F8B500022154D1A29D1~Babylonian,$C86C538EF0A24E010342F30DBCACC2A7EB7CA833~eowyn BUILD_FLAGS=NEED_CAPACITY PURPOSE=GENERAL TIME_CREATED=2019-04-02T03:58:17.559461
2019-04-02 04:58:18 1554177498.17 650 CIRC 26 EXTENDED $875F74A3DC14737BECA06F8B500022154D1A29D1~Babylonian,$C86C538EF0A24E010342F30DBCACC2A7EB7CA833~eowyn,$8B80169BEF71450FC4069A190853523B7AEA45E1~Quintex35 BUILD_FLAGS=NEED_CAPACITY PURPOSE=GENERAL TIME_CREATED=2019-04-02T03:58:17.559461
2019-04-02 04:58:18 1554177498.18 650 CIRC 26 BUILT $875F74A3DC14737BECA06F8B500022154D1A29D1~Babylonian,$C86C538EF0A24E010342F30DBCACC2A7EB7CA833~eowyn,$8B80169BEF71450FC4069A190853523B7AEA45E1~Quintex35 BUILD_FLAGS=NEED_CAPACITY PURPOSE=GENERAL TIME_CREATED=2019-04-02T03:58:17.559461
2019-04-02 04:58:18 1554177498.56 650 BW 412178 22031
2019-04-02 04:58:18 1554177498.56 650 STREAM_BW 66 0 471108
2019-04-02 04:58:18 1554177498.56 650 CIRC_BW ID=17 READ=0 WRITTEN=471108
2019-04-02 04:58:19 1554177499.56 650 BW 526217 16290
2019-04-02 04:58:19 1554177499.56 650 STREAM_BW 66 0 438240
2019-04-02 04:58:19 1554177499.56 650 CIRC_BW ID=17 READ=0 WRITTEN=438240
2019-04-02 04:58:20 1554177500.56 650 BW 493641 15204
2019-04-02 04:58:20 1554177500.56 650 STREAM_BW 66 0 505968
2019-04-02 04:58:20 1554177500.56 650 CIRC_BW ID=17 READ=0 WRITTEN=505968
2019-04-02 04:58:20 1554177500.56 650 CIRC 6 CLOSED $81C55D403A82BF6E7C3FBDBD41D102B7088900D9~InMemoryOfJohnKerr BUILD_FLAGS=ONEHOP_TUNNEL,IS_INTERNAL,NEED_CAPACITY PURPOSE=GENERAL TIME_CREATED=2019-04-02T03:57:16.392142 REASON=DESTROYED REMOTE_REASON=FINISHED
2019-04-02 04:58:21 1554177501.56 650 BW 484756 15747
2019-04-02 04:58:21 1554177501.56 650 STREAM_BW 66 0 476586
2019-04-02 04:58:21 1554177501.56 650 CIRC_BW ID=17 READ=0 WRITTEN=476586
2019-04-02 04:58:22 1554177502.46 650 STREAM_BW 66 0 370014
2019-04-02 04:58:22 1554177502.46 650 STREAM 66 CLOSED 17 137.50.19.20:8080 REASON=END REMOTE_REASON=DONE
2019-04-02 04:58:22 1554177502.46 650 STREAM 68 NEW 0 137.50.19.20:8080 SOURCE_ADDR=127.0.0.1:33170 PURPOSE=USER
2019-04-02 04:58:22 1554177502.46 650 STREAM 68 SENTCONNECT 26 137.50.19.20:8080
2019-04-02 04:58:22 1554177502.56 650 BW 446814 13575
2019-04-02 04:58:22 1554177502.56 650 STREAM_BW 68 13 2
2019-04-02 04:58:22 1554177502.56 650 CIRC_BW ID=17 READ=0 WRITTEN=740028
2019-04-02 04:58:22 1554177502.82 650 STREAM 68 REMAP 26 137.50.19.20:8080 SOURCE=EXIT
2019-04-02 04:58:22 1554177502.82 650 STREAM 68 SUCCEEDED 26 137.50.19.20:8080
2019-04-02 04:58:23 1554177503.56 650 BW 40013 2172
2019-04-02 04:58:23 1554177503.56 650 STREAM_BW 68 61 77746
2019-04-02 04:58:23 1554177503.56 650 CIRC_BW ID=26 READ=61 WRITTEN=77746
2019-04-02 04:58:23 1554177503.56 650 CIRC 1 CLOSED $BCEDF6C193AA687AE471B8A22EBF6BC57C2D285E~gurgle BUILD_FLAGS=ONEHOP_TUNNEL,IS_INTERNAL,NEED_CAPACITY PURPOSE=GENERAL TIME_CREATED=2019-04-02T03:57:15.342365 REASON=DESTROYED REMOTE_REASON=FINISHED
2019-04-02 04:58:24 1554177504.56 650 BW 629767 19200
2019-04-02 04:58:24 1554177504.56 650 STREAM_BW 68 0 617530
2019-04-02 04:58:24 1554177504.56 650 CIRC_BW ID=26 READ=0 WRITTEN=617530
2019-04-02 04:58:24 1554177504.56 650 CIRC 4 CLOSED $CCDAC36BEE4BCFA5787144214F4C1F96630953EA~snap269 BUILD_FLAGS=ONEHOP_TUNNEL,IS_INTERNAL,NEED_CAPACITY PURPOSE=GENERAL TIME_CREATED=2019-04-02T03:57:16.391641 REASON=DESTROYED REMOTE_REASON=FINISHED
2019-04-02 04:58:25 1554177505.56 650 BW 736007 23457
2019-04-02 04:58:25 1554177505.56 650 STREAM_BW 68 0 723594
2019-04-02 04:58:25 1554177505.56 650 CIRC_BW ID=26 READ=0 WRITTEN=723594
2019-04-02 04:58:26 1554177506.56 650 BW 707961 21343
2019-04-02 04:58:26 1554177506.56 650 STREAM_BW 68 0 651882
2019-04-02 04:58:26 1554177506.56 650 CIRC_BW ID=26 READ=0 WRITTEN=651882
2019-04-02 04:58:27 1554177507.56 650 BW 741719 23457
2019-04-02 04:58:27 1554177507.56 650 STREAM_BW 68 0 736542
2019-04-02 04:58:27 1554177507.56 650 CIRC_BW ID=26 READ=0 WRITTEN=736542
2019-04-02 04:58:28 1554177508.56 650 BW 749597 22400
2019-04-02 04:58:28 1554177508.56 650 STREAM_BW 68 0 745008
2019-04-02 04:58:28 1554177508.56 650 CIRC_BW ID=26 READ=0 WRITTEN=745008
2019-04-02 04:58:28 1554177508.56 650 CIRC 27 LAUNCHED BUILD_FLAGS=NEED_CAPACITY PURPOSE=GENERAL TIME_CREATED=2019-04-02T03:58:28.558959
2019-04-02 04:58:28 1554177508.56 650 ORCONN $86381172FA4D85EC2FF94AAE291866441DB56190~Unnamed LAUNCHED ID=69
2019-04-02 04:58:28 1554177508.92 650 ORCONN $86381172FA4D85EC2FF94AAE291866441DB56190~Unnamed CONNECTED ID=69
2019-04-02 04:58:29 1554177509.01 650 CIRC 27 EXTENDED $86381172FA4D85EC2FF94AAE291866441DB56190~Unnamed BUILD_FLAGS=NEED_CAPACITY PURPOSE=GENERAL TIME_CREATED=2019-04-02T03:58:28.558959
2019-04-02 04:58:29 1554177509.13 650 CIRC 27 EXTENDED $86381172FA4D85EC2FF94AAE291866441DB56190~Unnamed,$AEA760EE120B630262C70C1C11D4158BBF12C602~Sif BUILD_FLAGS=NEED_CAPACITY PURPOSE=GENERAL TIME_CREATED=2019-04-02T03:58:28.558959
2019-04-02 04:58:29 1554177509.35 650 CIRC 27 EXTENDED $86381172FA4D85EC2FF94AAE291866441DB56190~Unnamed,$AEA760EE120B630262C70C1C11D4158BBF12C602~Sif,$B0DD527BE01842D46030265FBD9928217A709F28~AccessNow005 BUILD_FLAGS=NEED_CAPACITY PURPOSE=GENERAL TIME_CREATED=2019-04-02T03:58:28.558959
2019-04-02 04:58:29 1554177509.35 650 CIRC 27 BUILT $86381172FA4D85EC2FF94AAE291866441DB56190~Unnamed,$AEA760EE120B630262C70C1C11D4158BBF12C602~Sif,$B0DD527BE01842D46030265FBD9928217A709F28~AccessNow005 BUILD_FLAGS=NEED_CAPACITY PURPOSE=GENERAL TIME_CREATED=2019-04-02T03:58:28.558959
2019-04-02 04:58:29 1554177509.56 650 BW 779663 26500
2019-04-02 04:58:29 1554177509.56 650 STREAM_BW 68 0 707658
2019-04-02 04:58:29 1554177509.56 650 CIRC_BW ID=26 READ=0 WRITTEN=707658
2019-04-02 04:58:30 1554177510.56 650 BW 781412 24000
2019-04-02 04:58:30 1554177510.56 650 STREAM_BW 68 0 724590
2019-04-02 04:58:30 1554177510.56 650 CIRC_BW ID=26 READ=0 WRITTEN=724590
2019-04-02 04:58:31 1554177511.01 650 STREAM_BW 68 0 258415
2019-04-02 04:58:31 1554177511.01 650 STREAM 68 CLOSED 26 137.50.19.20:8080 REASON=DONE
2019-04-02 04:58:31 1554177511.01 650 STREAM 70 NEW 0 137.50.19.20:8080 SOURCE_ADDR=127.0.0.1:33174 PURPOSE=USER
2019-04-02 04:58:31 1554177511.01 650 STREAM 70 SENTCONNECT 26 137.50.19.20:8080
2019-04-02 04:58:31 1554177511.51 650 STREAM 70 REMAP 26 137.50.19.20:8080 SOURCE=EXIT
2019-04-02 04:58:31 1554177511.51 650 STREAM 70 SUCCEEDED 26 137.50.19.20:8080
2019-04-02 04:58:31 1554177511.56 650 BW 307450 10686
2019-04-02 04:58:31 1554177511.56 650 STREAM_BW 70 74 12
2019-04-02 04:58:31 1554177511.56 650 CIRC_BW ID=26 READ=61 WRITTEN=516840
2019-04-02 04:58:32 1554177512.56 650 BW 289364 9231
2019-04-02 04:58:32 1554177512.56 650 STREAM_BW 70 0 364662
2019-04-02 04:58:32 1554177512.56 650 CIRC_BW ID=26 READ=0 WRITTEN=364662
2019-04-02 04:58:33 1554177513.56 650 BW 746708 23349
2019-04-02 04:58:33 1554177513.56 650 STREAM_BW 70 0 689730
2019-04-02 04:58:33 1554177513.56 650 CIRC_BW ID=26 READ=0 WRITTEN=689730
2019-04-02 04:58:34 1554177514.56 650 BW 750753 23349
2019-04-02 04:58:34 1554177514.56 650 STREAM_BW 70 0 751980
2019-04-02 04:58:34 1554177514.56 650 CIRC_BW ID=26 READ=0 WRITTEN=751980
2019-04-02 04:58:35 1554177515.56 650 BW 778901 24435
2019-04-02 04:58:35 1554177515.56 650 STREAM_BW 70 0 725088
2019-04-02 04:58:35 1554177515.56 650 CIRC_BW ID=26 READ=0 WRITTEN=725088
2019-04-02 04:58:36 1554177516.56 650 BW 772366 24435
2019-04-02 04:58:36 1554177516.56 650 STREAM_BW 70 0 721602
2019-04-02 04:58:36 1554177516.56 650 CIRC_BW ID=26 READ=0 WRITTEN=721602
2019-04-02 04:58:37 1554177517.56 650 BW 621536 19548
2019-04-02 04:58:37 1554177517.56 650 STREAM_BW 70 0 575190
2019-04-02 04:58:37 1554177517.56 650 CIRC_BW ID=26 READ=0 WRITTEN=575190
2019-04-02 04:58:38 1554177518.56 650 BW 783018 24435
2019-04-02 04:58:38 1554177518.56 650 STREAM_BW 70 0 723096
2019-04-02 04:58:38 1554177518.56 650 CIRC_BW ID=26 READ=0 WRITTEN=723096
2019-04-02 04:58:39 1554177519.58 650 BW 724156 22806
2019-04-02 04:58:39 1554177519.58 650 STREAM_BW 70 0 690228
2019-04-02 04:58:39 1554177519.58 650 CIRC_BW ID=26 READ=0 WRITTEN=690228
2019-04-02 04:58:39 1554177519.58 650 CIRC 28 LAUNCHED BUILD_FLAGS=NEED_CAPACITY PURPOSE=GENERAL TIME_CREATED=2019-04-02T03:58:39.559493
2019-04-02 04:58:39 1554177519.58 650 ORCONN $9423A72BBC8B5C6AC9DE9F57735EB2B08E4156E8~TorOrDie4privacyNET LAUNCHED ID=71
2019-04-02 04:58:39 1554177519.58 650 STREAM 70 CLOSED 26 137.50.19.20:8080 REASON=END REMOTE_REASON=DONE
2019-04-02 04:58:39 1554177519.58 650 STREAM 72 NEW 0 137.50.19.20:8080 SOURCE_ADDR=127.0.0.1:33178 PURPOSE=USER
2019-04-02 04:58:39 1554177519.58 650 STREAM 72 SENTCONNECT 26 137.50.19.20:8080
2019-04-02 04:58:39 1554177519.72 650 ORCONN $9423A72BBC8B5C6AC9DE9F57735EB2B08E4156E8~TorOrDie4privacyNET CONNECTED ID=71
2019-04-02 04:58:39 1554177519.76 650 CIRC 28 EXTENDED $9423A72BBC8B5C6AC9DE9F57735EB2B08E4156E8~TorOrDie4privacyNET BUILD_FLAGS=NEED_CAPACITY PURPOSE=GENERAL TIME_CREATED=2019-04-02T03:58:39.559493
2019-04-02 04:58:39 1554177519.83 650 CIRC 28 EXTENDED $9423A72BBC8B5C6AC9DE9F57735EB2B08E4156E8~TorOrDie4privacyNET,$A9F5135AE18C7E25C7C79117CD8C7619BFEB85ED~herlitzka BUILD_FLAGS=NEED_CAPACITY PURPOSE=GENERAL TIME_CREATED=2019-04-02T03:58:39.559493
2019-04-02 04:58:39 1554177519.93 650 STREAM 72 REMAP 26 137.50.19.20:8080 SOURCE=EXIT
2019-04-02 04:58:39 1554177519.93 650 STREAM 72 SUCCEEDED 26 137.50.19.20:8080
2019-04-02 04:58:39 1554177519.97 650 CIRC 28 EXTENDED $9423A72BBC8B5C6AC9DE9F57735EB2B08E4156E8~TorOrDie4privacyNET,$A9F5135AE18C7E25C7C79117CD8C7619BFEB85ED~herlitzka,$3EBDF84DE3B16F0EBF7D51450F07913A02EFDA6C~BrassHornExit05 BUILD_FLAGS=NEED_CAPACITY PURPOSE=GENERAL TIME_CREATED=2019-04-02T03:58:39.559493
2019-04-02 04:58:39 1554177519.97 650 CIRC 28 BUILT $9423A72BBC8B5C6AC9DE9F57735EB2B08E4156E8~TorOrDie4privacyNET,$A9F5135AE18C7E25C7C79117CD8C7619BFEB85ED~herlitzka,$3EBDF84DE3B16F0EBF7D51450F07913A02EFDA6C~BrassHornExit05 BUILD_FLAGS=NEED_CAPACITY PURPOSE=GENERAL TIME_CREATED=2019-04-02T03:58:39.559493
2019-04-02 04:58:40 1554177520.56 650 BW 41449 4658
2019-04-02 04:58:40 1554177520.56 650 STREAM_BW 72 74 67810
2019-04-02 04:58:40 1554177520.56 650 CIRC_BW ID=26 READ=61 WRITTEN=67808
2019-04-02 04:58:41 1554177521.56 650 BW 736703 22806
2019-04-02 04:58:41 1554177521.56 650 STREAM_BW 72 0 737096
2019-04-02 04:58:41 1554177521.56 650 CIRC_BW ID=26 READ=0 WRITTEN=737096
2019-04-02 04:58:42 1554177522.56 650 BW 782128 24435
2019-04-02 04:58:42 1554177522.56 650 STREAM_BW 72 0 682260
2019-04-02 04:58:42 1554177522.56 650 CIRC_BW ID=26 READ=0 WRITTEN=682260
2019-04-02 04:58:43 1554177523.56 650 BW 785565 24978
2019-04-02 04:58:43 1554177523.56 650 STREAM_BW 72 0 770904
2019-04-02 04:58:43 1554177523.56 650 CIRC_BW ID=26 READ=0 WRITTEN=770904
2019-04-02 04:58:44 1554177524.56 650 BW 741321 23349
2019-04-02 04:58:44 1554177524.56 650 STREAM_BW 72 0 770904
2019-04-02 04:58:44 1554177524.56 650 CIRC_BW ID=26 READ=0 WRITTEN=770904
2019-04-02 04:58:45 1554177525.56 650 BW 768510 23892
2019-04-02 04:58:45 1554177525.56 650 STREAM_BW 72 0 746004
2019-04-02 04:58:45 1554177525.56 650 CIRC_BW ID=26 READ=0 WRITTEN=746004
2019-04-02 04:58:46 1554177526.56 650 BW 788377 24978
2019-04-02 04:58:46 1554177526.56 650 STREAM_BW 72 0 754470
2019-04-02 04:58:46 1554177526.56 650 CIRC_BW ID=26 READ=0 WRITTEN=754470
2019-04-02 04:58:47 1554177527.56 650 BW 793104 24978
2019-04-02 04:58:47 1554177527.56 650 STREAM_BW 72 0 712140
2019-04-02 04:58:47 1554177527.56 650 CIRC_BW ID=26 READ=0 WRITTEN=712140
2019-04-02 04:58:47 1554177527.57 650 STREAM 72 CLOSED 26 137.50.19.20:8080 REASON=END REMOTE_REASON=DONE
2019-04-02 04:58:47 1554177527.57 650 STREAM 73 NEW 0 137.50.19.20:8080 SOURCE_ADDR=127.0.0.1:33180 PURPOSE=USER
2019-04-02 04:58:47 1554177527.57 650 STREAM 73 SENTCONNECT 26 137.50.19.20:8080
2019-04-02 04:58:48 1554177528.10 650 STREAM 73 REMAP 26 137.50.19.20:8080 SOURCE=EXIT
2019-04-02 04:58:48 1554177528.10 650 STREAM 73 SUCCEEDED 26 137.50.19.20:8080
2019-04-02 04:58:48 1554177528.56 650 BW 43570 2172
2019-04-02 04:58:48 1554177528.56 650 STREAM_BW 73 74 13190
2019-04-02 04:58:48 1554177528.56 650 CIRC_BW ID=26 READ=61 WRITTEN=13188
2019-04-02 04:58:48 1554177528.56 650 CIRC 17 CLOSED $D1AFBF3117B308B6D1A7AA762B1315FD86A6B8AF~theia2,$715A4343E852BD3856BD35176875D6A0A78DC729~FsPeterPan0,$348B89013EDDD99E4755951D1EC284D9FED71226~niftysquirrel BUILD_FLAGS=NEED_CAPACITY PURPOSE=GENERAL TIME_CREATED=2019-04-02T03:57:18.559285 REASON=FINISHED
2019-04-02 04:58:49 1554177529.56 650 BW 471352 15204
2019-04-02 04:58:49 1554177529.56 650 STREAM_BW 73 0 475984
2019-04-02 04:58:49 1554177529.56 650 CIRC_BW ID=26 READ=0 WRITTEN=475984
2019-04-02 04:58:50 1554177530.56 650 BW 766107 23892
2019-04-02 04:58:50 1554177530.56 650 STREAM_BW 73 0 770406
2019-04-02 04:58:50 1554177530.56 650 CIRC_BW ID=26 READ=0 WRITTEN=770406
2019-04-02 04:58:50 1554177530.56 650 CIRC 29 LAUNCHED BUILD_FLAGS=NEED_CAPACITY PURPOSE=GENERAL TIME_CREATED=2019-04-02T03:58:50.559239
2019-04-02 04:58:50 1554177530.56 650 ORCONN $707F51E232E0CDAF64EC446609E7112CD3AD11F8~Arrow LAUNCHED ID=74
2019-04-02 04:58:50 1554177530.70 650 ORCONN $707F51E232E0CDAF64EC446609E7112CD3AD11F8~Arrow CONNECTED ID=74
2019-04-02 04:58:50 1554177530.73 650 CIRC 29 EXTENDED $707F51E232E0CDAF64EC446609E7112CD3AD11F8~Arrow BUILD_FLAGS=NEED_CAPACITY PURPOSE=GENERAL TIME_CREATED=2019-04-02T03:58:50.559239
2019-04-02 04:58:50 1554177530.78 650 CIRC 29 EXTENDED $707F51E232E0CDAF64EC446609E7112CD3AD11F8~Arrow,$9FB3192D81D612B1287F25E7DCF6F8E629BE7D98~Desert BUILD_FLAGS=NEED_CAPACITY PURPOSE=GENERAL TIME_CREATED=2019-04-02T03:58:50.559239
2019-04-02 04:58:50 1554177530.94 650 CIRC 29 EXTENDED $707F51E232E0CDAF64EC446609E7112CD3AD11F8~Arrow,$9FB3192D81D612B1287F25E7DCF6F8E629BE7D98~Desert,$7C0AA4E3B73E407E9F5FEB1912F8BE26D8AA124D~ibibUNC0 BUILD_FLAGS=NEED_CAPACITY PURPOSE=GENERAL TIME_CREATED=2019-04-02T03:58:50.559239
2019-04-02 04:58:50 1554177530.95 650 CIRC 29 BUILT $707F51E232E0CDAF64EC446609E7112CD3AD11F8~Arrow,$9FB3192D81D612B1287F25E7DCF6F8E629BE7D98~Desert,$7C0AA4E3B73E407E9F5FEB1912F8BE26D8AA124D~ibibUNC0 BUILD_FLAGS=NEED_CAPACITY PURPOSE=GENERAL TIME_CREATED=2019-04-02T03:58:50.559239
2019-04-02 04:58:51 1554177531.56 650 BW 779556 26933
2019-04-02 04:58:51 1554177531.56 650 STREAM_BW 73 0 730566
2019-04-02 04:58:51 1554177531.56 650 CIRC_BW ID=26 READ=0 WRITTEN=730566
2019-04-02 04:58:52 1554177532.56 650 BW 730803 22806
2019-04-02 04:58:52 1554177532.56 650 STREAM_BW 73 0 712638
2019-04-02 04:58:52 1554177532.56 650 CIRC_BW ID=26 READ=0 WRITTEN=712638
2019-04-02 04:58:53 1554177533.56 650 BW 800030 24978
2019-04-02 04:58:53 1554177533.56 650 STREAM_BW 73 0 750486
2019-04-02 04:58:53 1554177533.56 650 CIRC_BW ID=26 READ=0 WRITTEN=750486
2019-04-02 04:58:54 1554177534.56 650 BW 704415 22263
2019-04-02 04:58:54 1554177534.56 650 STREAM_BW 73 0 745008
2019-04-02 04:58:54 1554177534.56 650 CIRC_BW ID=26 READ=0 WRITTEN=745008
2019-04-02 04:58:55 1554177535.56 650 BW 804066 24978
2019-04-02 04:58:55 1554177535.56 650 STREAM_BW 73 0 771402
2019-04-02 04:58:55 1554177535.56 650 CIRC_BW ID=26 READ=0 WRITTEN=771402
2019-04-02 04:58:55 1554177535.99 650 STREAM_BW 73 0 270414
2019-04-02 04:58:55 1554177535.99 650 STREAM 73 CLOSED 26 137.50.19.20:8080 REASON=END REMOTE_REASON=DONE
2019-04-02 04:58:55 1554177535.99 650 STREAM 75 NEW 0 137.50.19.20:8080 SOURCE_ADDR=127.0.0.1:33184 PURPOSE=USER
2019-04-02 04:58:55 1554177535.99 650 STREAM 75 SENTCONNECT 26 137.50.19.20:8080
2019-04-02 04:58:56 1554177536.49 650 STREAM 75 REMAP 26 137.50.19.20:8080 SOURCE=EXIT
2019-04-02 04:58:56 1554177536.49 650 STREAM 75 SUCCEEDED 26 137.50.19.20:8080
2019-04-02 04:58:56 1554177536.56 650 BW 412891 13575
2019-04-02 04:58:56 1554177536.56 650 STREAM_BW 75 75 12
2019-04-02 04:58:56 1554177536.56 650 CIRC_BW ID=26 READ=62 WRITTEN=540838
2019-04-02 04:58:57 1554177537.56 650 BW 304667 9774
2019-04-02 04:58:57 1554177537.56 650 STREAM_BW 75 0 381641
2019-04-02 04:58:57 1554177537.56 650 CIRC_BW ID=26 READ=0 WRITTEN=381641
2019-04-02 04:58:58 1554177538.56 650 BW 746572 23349
2019-04-02 04:58:58 1554177538.56 650 STREAM_BW 75 0 706164
2019-04-02 04:58:58 1554177538.56 650 CIRC_BW ID=26 READ=0 WRITTEN=706164
2019-04-02 04:58:59 1554177539.56 650 BW 785045 24978
2019-04-02 04:58:59 1554177539.56 650 STREAM_BW 75 0 750486
2019-04-02 04:58:59 1554177539.56 650 CIRC_BW ID=26 READ=0 WRITTEN=750486
2019-04-02 04:59:00 1554177540.56 650 BW 726563 22806
2019-04-02 04:59:00 1554177540.56 650 STREAM_BW 75 0 743016
2019-04-02 04:59:00 1554177540.56 650 CIRC_BW ID=26 READ=0 WRITTEN=743016
2019-04-02 04:59:01 1554177541.56 650 BW 780066 24435
2019-04-02 04:59:01 1554177541.56 650 STREAM_BW 75 0 697698
2019-04-02 04:59:01 1554177541.57 650 CIRC_BW ID=26 READ=0 WRITTEN=697698
2019-04-02 04:59:01 1554177541.57 650 CIRC 30 LAUNCHED BUILD_FLAGS=NEED_CAPACITY PURPOSE=GENERAL TIME_CREATED=2019-04-02T03:59:01.559470
2019-04-02 04:59:01 1554177541.57 650 ORCONN $F8DE8132E599A194E20DDB738AF64A7200CD5949~flo LAUNCHED ID=76
2019-04-02 04:59:01 1554177541.71 650 ORCONN $F8DE8132E599A194E20DDB738AF64A7200CD5949~flo CONNECTED ID=76
2019-04-02 04:59:01 1554177541.77 650 CIRC 30 EXTENDED $F8DE8132E599A194E20DDB738AF64A7200CD5949~flo BUILD_FLAGS=NEED_CAPACITY PURPOSE=GENERAL TIME_CREATED=2019-04-02T03:59:01.559470
2019-04-02 04:59:01 1554177541.95 650 CIRC 30 EXTENDED $F8DE8132E599A194E20DDB738AF64A7200CD5949~flo,$9B1A1B79D45FD3995F597C5E3DFAE0634304B6CF~Unnamed BUILD_FLAGS=NEED_CAPACITY PURPOSE=GENERAL TIME_CREATED=2019-04-02T03:59:01.559470
2019-04-02 04:59:02 1554177542.31 650 CIRC 30 EXTENDED $F8DE8132E599A194E20DDB738AF64A7200CD5949~flo,$9B1A1B79D45FD3995F597C5E3DFAE0634304B6CF~Unnamed,$8CF987FF43FB7F3D9AA4C4F3D96FFDF247A9A6C2~zucchini BUILD_FLAGS=NEED_CAPACITY PURPOSE=GENERAL TIME_CREATED=2019-04-02T03:59:01.559470
2019-04-02 04:59:02 1554177542.31 650 CIRC 30 BUILT $F8DE8132E599A194E20DDB738AF64A7200CD5949~flo,$9B1A1B79D45FD3995F597C5E3DFAE0634304B6CF~Unnamed,$8CF987FF43FB7F3D9AA4C4F3D96FFDF247A9A6C2~zucchini BUILD_FLAGS=NEED_CAPACITY PURPOSE=GENERAL TIME_CREATED=2019-04-02T03:59:01.559470
2019-04-02 04:59:02 1554177542.56 650 BW 752188 25843
2019-04-02 04:59:02 1554177542.56 650 STREAM_BW 75 0 746004
2019-04-02 04:59:02 1554177542.56 650 CIRC_BW ID=26 READ=0 WRITTEN=746004
2019-04-02 04:59:03 1554177543.56 650 BW 729763 22806
2019-04-02 04:59:03 1554177543.56 650 STREAM_BW 75 0 652380
2019-04-02 04:59:03 1554177543.56 650 CIRC_BW ID=26 READ=0 WRITTEN=652380
2019-04-02 04:59:04 1554177544.35 650 STREAM_BW 75 0 565230
2019-04-02 04:59:04 1554177544.35 650 STREAM 75 CLOSED 26 137.50.19.20:8080 REASON=END REMOTE_REASON=DONE
2019-04-02 04:59:04 1554177544.35 650 STREAM 77 NEW 0 137.50.19.20:8080 SOURCE_ADDR=127.0.0.1:33188 PURPOSE=USER
2019-04-02 04:59:04 1554177544.35 650 STREAM 77 SENTCONNECT 26 137.50.19.20:8080
2019-04-02 04:59:04 1554177544.56 650 BW 647270 21177
2019-04-02 04:59:04 1554177544.56 650 STREAM_BW 77 13 2
2019-04-02 04:59:04 1554177544.56 650 CIRC_BW ID=26 READ=0 WRITTEN=1130460
