2019-03-13 13:25:38 1552483538.27 Starting torctl program on host bridge-measure using Tor version 0.2.9.16 (git-9ef571339967c1e5) status=recommended
2019-03-13 13:25:38 1552483538.27 NOTICE BOOTSTRAP PROGRESS=100 TAG=done SUMMARY="Done"
2019-03-13 13:25:38 1552483538.33 650 STREAM 58 NEW 0 piebohrhsw6cbaks.onion:8080 SOURCE_ADDR=127.0.0.1:49972 PURPOSE=USER
2019-03-13 13:25:38 1552483538.33 650 STREAM 60 NEW 0 94.199.173.217.$170EF19C0FA0491DFCEA6E1FB0941670B80506E1.exit:9001 PURPOSE=DIR_FETCH
2019-03-13 13:25:38 1552483538.33 650 HS_DESC REQUESTED piebohrhsw6cbaks NO_AUTH $170EF19C0FA0491DFCEA6E1FB0941670B80506E1~bella9 c4hgsutiua2upxy5wimhav66hq4e5hgj
2019-03-13 13:25:38 1552483538.33 650 CIRC_MINOR 20 CANNIBALIZED $1C90D3AEADFF3BCD079810632C8B85637924A58E~Multivac,$0512FE6BE9CCA0ED133152E64010B2FBA141EB10~FalkensteinTor02,$AB71D1C620442BEFFC45D3474272F2B0B30196B2~FsPeterPan2 BUILD_FLAGS=IS_INTERNAL,NEED_CAPACITY,NEED_UPTIME PURPOSE=GENERAL TIME_CREATED=2019-03-13T13:25:37.704091 OLD_PURPOSE=GENERAL OLD_TIME_CREATED=2019-03-13T13:25:37.800018
2019-03-13 13:25:38 1552483538.46 650 CIRC 20 EXTENDED $1C90D3AEADFF3BCD079810632C8B85637924A58E~Multivac,$0512FE6BE9CCA0ED133152E64010B2FBA141EB10~FalkensteinTor02,$AB71D1C620442BEFFC45D3474272F2B0B30196B2~FsPeterPan2,$170EF19C0FA0491DFCEA6E1FB0941670B80506E1~bella9 BUILD_FLAGS=IS_INTERNAL,NEED_CAPACITY,NEED_UPTIME PURPOSE=GENERAL TIME_CREATED=2019-03-13T13:25:37.704091
2019-03-13 13:25:38 1552483538.46 650 CIRC 20 BUILT $1C90D3AEADFF3BCD079810632C8B85637924A58E~Multivac,$0512FE6BE9CCA0ED133152E64010B2FBA141EB10~FalkensteinTor02,$AB71D1C620442BEFFC45D3474272F2B0B30196B2~FsPeterPan2,$170EF19C0FA0491DFCEA6E1FB0941670B80506E1~bella9 BUILD_FLAGS=IS_INTERNAL,NEED_CAPACITY,NEED_UPTIME PURPOSE=GENERAL TIME_CREATED=2019-03-13T13:25:37.704091
2019-03-13 13:25:38 1552483538.47 650 STREAM 60 SENTCONNECT 20 94.199.173.217.$170EF19C0FA0491DFCEA6E1FB0941670B80506E1.exit:9001
2019-03-13 13:25:38 1552483538.57 650 STREAM 60 SUCCEEDED 20 94.199.173.217.$170EF19C0FA0491DFCEA6E1FB0941670B80506E1.exit:9001
2019-03-13 13:25:38 1552483538.67 650 STREAM_BW 60 93 0
2019-03-13 13:25:38 1552483538.67 650 STREAM 60 CLOSED 20 94.199.173.217.$170EF19C0FA0491DFCEA6E1FB0941670B80506E1.exit:9001 REASON=END REMOTE_REASON=DONE
2019-03-13 13:25:38 1552483538.67 650 HS_DESC RECEIVED piebohrhsw6cbaks NO_AUTH $170EF19C0FA0491DFCEA6E1FB0941670B80506E1~bella9 c2fxfp2dpg74cx6vzlzd7ptxeca7tb5f
2019-03-13 13:25:38 1552483538.67 650+HS_DESC_CONTENT piebohrhsw6cbaks c4hgsutiua2upxy5wimhav66hq4e5hgj $170EF19C0FA0491DFCEA6E1FB0941670B80506E1~bella9
rendezvous-service-descriptor c4hgsutiua2upxy5wimhav66hq4e5hgj
version 2
permanent-key
-----BEGIN RSA PUBLIC KEY-----
MIGJAoGBANxT02Gf2OI5QF0zJOLN2LSGyBQwNV5LQvVCVGqdAReh8RNAbG8t2vZq
mBBoGzGh7mMGjyNJs1xQ0/AxhORBuFopOqpnB5T/eX5Su9BghDWrxFcI5XL74Q77
KxnxHyJ23w6dWP5Dmu+lsJWfKmuIrW//ZkjZIcFeuhTqMk4Y14aVAgMBAAE=
-----END RSA PUBLIC KEY-----
secret-id-part nd65kcx4t364ifd64jj4qbc5cguizk2n
publication-time 2019-03-13 13:00:00
protocol-versions 2,3
introduction-points
-----BEGIN MESSAGE-----
aW50cm9kdWN0aW9uLXBvaW50IHpiNWVsY3U0bnl3bmZnYXVzZGV6d2dmcDRlbDdt
aWh3CmlwLWFkZHJlc3MgNTQuMzcuMjM1LjEzMwpvbmlvbi1wb3J0IDQ0Mwpvbmlv
bi1rZXkKLS0tLS1CRUdJTiBSU0EgUFVCTElDIEtFWS0tLS0tCk1JR0pBb0dCQUtk
M1hzeUNwSkczSE9IalExS0ExenMwWTBzdDI2SHdnempwYm1CcEcrbWNKaXlkWEQ0
ZXdNREUKR2xUWHhlM0wxZVQ4YW05OWZJdWJYZklNTnQxZXd0bncvVzAwMnYzVVB3
RXBRTmZ5VXY0QzI0R1ZjRVdYL3NBSApCUkU4MWJxRUlLeUFHMC9HZ1pMSTE3WGg0
TDhYMkpjY1I0RTNXcDljRUVzZVJnaVdIUVh4QWdNQkFBRT0KLS0tLS1FTkQgUlNB
IFBVQkxJQyBLRVktLS0tLQpzZXJ2aWNlLWtleQotLS0tLUJFR0lOIFJTQSBQVUJM
SUMgS0VZLS0tLS0KTUlHSkFvR0JBTEt0RWRVd3I4UU5Nek9FeVIrelNFTmNPcUM1
bFBhWUN3ckFvb0ZjdDk4aFg1UitxZnl1ZHpwUgozZ1RWNUNGaTFPSUtTeGkzbHN6
RlNXUlJiK0p0NjlGQnBGOGNoQ0tkSkJ6QzJ3SmdJZDVrUWNoclk4Ynp0dmRkCkZL
djQ1M1NBbktKY2h5aVhXMEJIZlNnSEtyODZWSDBFMDhkYjhZNUJoMGVUZ0xpSEhN
dlZBZ01CQUFFPQotLS0tLUVORCBSU0EgUFVCTElDIEtFWS0tLS0tCmludHJvZHVj
dGlvbi1wb2ludCBqdGI0bmV0bG83anV5ZGtzZ3VtdzNxN25ncjNxbzd0NwppcC1h
ZGRyZXNzIDE5NS4yMDEuMjAuMTgxCm9uaW9uLXBvcnQgNDQzCm9uaW9uLWtleQot
LS0tLUJFR0lOIFJTQSBQVUJMSUMgS0VZLS0tLS0KTUlHSkFvR0JBS25zRG0zbUh6
alhmejFuYldWcW9VSThmSVA2RnZBWCtEZGpHOGpWRjh4OVl4UlpzL3MyV2VXcQpJ
SGx1ZWVPRVVUVTZwT0lFd2dPWHg2Q2swNjVHK21Kb29RVnh4S20ybEllSVJhU3RC
cDVlZEtWTC9DeTRodUZZCnhQdTBxa01DVUFINkpPYWJVbU5DR1o1c1A5S210ZkJw
dDhlZlFXbHdjTURaYXJFRkFsN1RBZ01CQUFFPQotLS0tLUVORCBSU0EgUFVCTElD
IEtFWS0tLS0tCnNlcnZpY2Uta2V5Ci0tLS0tQkVHSU4gUlNBIFBVQkxJQyBLRVkt
LS0tLQpNSUdKQW9HQkFMejBSN3JGV1EydGwwS3Q3ZlM5OHRKL0xHVVBLTDJ3Y2Ru
ei9OTUdrcjRmMFU2QjRaUHgvT2JSCjdBZ0NwTGpwZHlYZXdYUnVTUU10SFA1NEIr
RG9OWm1SenRPMXFZN2UyK2tZRnNzNTRNTkpya2I0YjBnTmI3ZEIKVk0wVzRjc3py
blZzMU1HV2FCNm5ZNU1sM3NZTldYb0RLN1hxaVRsZksvUDFoWHd5Z2NZYkFnTUJB
QUU9Ci0tLS0tRU5EIFJTQSBQVUJMSUMgS0VZLS0tLS0KaW50cm9kdWN0aW9uLXBv
aW50IG0zZmZpNWJ1bjQyNmc1b2Uycml1eXVuZmlia2ZncjdvCmlwLWFkZHJlc3Mg
MTM4LjIwMS44My4xNzEKb25pb24tcG9ydCA5MDAxCm9uaW9uLWtleQotLS0tLUJF
R0lOIFJTQSBQVUJMSUMgS0VZLS0tLS0KTUlHSkFvR0JBTEJoRnFKUDNDbTExb3VI
amJMWllsalVRWlF3TmZzWUtuOGpJYnNXd1pZdDQ5WTVNa2VHRjAyNQpSSzc5WGRP
QTRqbDZRTXdmR3REWkI3T1N0TGxvUHZlS2YzeE1hK1NBOUEyTDNjaXJkcjM0RkE5
MGRaZEdKeEdyClRmaVRYYmpCU2YxUVUxQTY1V3MrVUFLWnBuT0VOUDBLekpyM3hP
UU5OZ1JpaDFzaDA4ZDNBZ01CQUFFPQotLS0tLUVORCBSU0EgUFVCTElDIEtFWS0t
LS0tCnNlcnZpY2Uta2V5Ci0tLS0tQkVHSU4gUlNBIFBVQkxJQyBLRVktLS0tLQpN
SUdKQW9HQkFMaXIxNXpvT0ZrSEwwaVVwdkRxUGlBK253ZXJTQm81czcxN3VQZzVJ
eU82SVlIOW9CaUgyaUZWCnZQcjJ4WThxYUNja0NZWTE1eG9sUG5NYlUwWEZVV21W
M3MrTzQ3TzZVZ3BDcjVsUG1Vc3RWQ1ZYa2VSVGZXMHQKMkl0Z0QrOUFJUWxGMldP
UElVdEVMYmxVK1VhRHoxd09CWmtrK1dKUUNsNnJiRXJOTmNRekFnTUJBQUU9Ci0t
LS0tRU5EIFJTQSBQVUJMSUMgS0VZLS0tLS0KCg==
-----END MESSAGE-----
signature
-----BEGIN SIGNATURE-----
ZLJDUF0JIT3xoe4bL0DqHPOMvrZmHTppSUEEH4pHo4inWh9pXyNvrQD18VaXuw/v
w6mksRpJAHvR6MwgIf26c7TktzC+7F3mZAHdEv7RQNhpTZdvJAp7AO29r5t+9L6G
VOmv2kkU/gel0lbm2fYG+6Bvd65MSjLt3JmUWwYOR8Y=
-----END SIGNATURE-----
.
650 OK
2019-03-13 13:25:38 1552483538.67 650 CIRC_MINOR 19 PURPOSE_CHANGED $06BBEAA6F73759A1795EB461D39D2AA168F305D1~r,$04E3B5925EB5F66C6EC810A3D7702E0CA3F9D5E7~rofltor08,$150D5725F3CEDF1EA62DC11FF1E5C66074646691~Unnamed BUILD_FLAGS=IS_INTERNAL,NEED_CAPACITY,NEED_UPTIME PURPOSE=HS_CLIENT_REND HS_STATE=HSCR_CONNECTING TIME_CREATED=2019-03-13T13:25:36.703761 OLD_PURPOSE=GENERAL
2019-03-13 13:25:38 1552483538.67 650 CIRC_MINOR 19 CANNIBALIZED $06BBEAA6F73759A1795EB461D39D2AA168F305D1~r,$04E3B5925EB5F66C6EC810A3D7702E0CA3F9D5E7~rofltor08,$150D5725F3CEDF1EA62DC11FF1E5C66074646691~Unnamed BUILD_FLAGS=IS_INTERNAL,NEED_CAPACITY,NEED_UPTIME PURPOSE=HS_CLIENT_REND HS_STATE=HSCR_CONNECTING TIME_CREATED=2019-03-13T13:25:36.703761 OLD_PURPOSE=GENERAL OLD_TIME_CREATED=2019-03-13T13:25:36.777816
2019-03-13 13:25:38 1552483538.67 650 CIRC 19 BUILT $06BBEAA6F73759A1795EB461D39D2AA168F305D1~r,$04E3B5925EB5F66C6EC810A3D7702E0CA3F9D5E7~rofltor08,$150D5725F3CEDF1EA62DC11FF1E5C66074646691~Unnamed BUILD_FLAGS=IS_INTERNAL,NEED_CAPACITY,NEED_UPTIME PURPOSE=HS_CLIENT_REND HS_STATE=HSCR_CONNECTING REND_QUERY=piebohrhsw6cbaks TIME_CREATED=2019-03-13T13:25:36.703761
2019-03-13 13:25:38 1552483538.67 650 CIRC 21 LAUNCHED BUILD_FLAGS=IS_INTERNAL,NEED_CAPACITY PURPOSE=HS_CLIENT_INTRO HS_STATE=HSCI_CONNECTING TIME_CREATED=2019-03-13T13:25:38.666129
2019-03-13 13:25:38 1552483538.67 650 ORCONN $3CCA722A0DB4E676B96109D61C4E9DCF2F0009EB~1EpHny LAUNCHED ID=61
2019-03-13 13:25:38 1552483538.71 650 BW 5838 4099
2019-03-13 13:25:38 1552483538.71 650 STREAM_BW 58 32 2
2019-03-13 13:25:38 1552483538.71 650 CIRC_BW ID=20 READ=93 WRITTEN=0
2019-03-13 13:25:38 1552483538.71 650 CIRC 22 LAUNCHED BUILD_FLAGS=IS_INTERNAL,NEED_CAPACITY,NEED_UPTIME PURPOSE=GENERAL TIME_CREATED=2019-03-13T13:25:38.703817
2019-03-13 13:25:38 1552483538.71 650 ORCONN $0677DF0B05ECDA2EF45F26C3332731043BB89AB8~niftyflorescaverat LAUNCHED ID=62
2019-03-13 13:25:38 1552483538.80 650 CIRC_MINOR 19 PURPOSE_CHANGED $06BBEAA6F73759A1795EB461D39D2AA168F305D1~r,$04E3B5925EB5F66C6EC810A3D7702E0CA3F9D5E7~rofltor08,$150D5725F3CEDF1EA62DC11FF1E5C66074646691~Unnamed BUILD_FLAGS=IS_INTERNAL,NEED_CAPACITY,NEED_UPTIME PURPOSE=HS_CLIENT_REND HS_STATE=HSCR_ESTABLISHED_IDLE REND_QUERY=piebohrhsw6cbaks TIME_CREATED=2019-03-13T13:25:36.703761 OLD_PURPOSE=HS_CLIENT_REND OLD_HS_STATE=HSCR_CONNECTING
2019-03-13 13:25:38 1552483538.90 650 ORCONN $0677DF0B05ECDA2EF45F26C3332731043BB89AB8~niftyflorescaverat CONNECTED ID=62
2019-03-13 13:25:38 1552483538.95 650 CIRC 22 EXTENDED $0677DF0B05ECDA2EF45F26C3332731043BB89AB8~niftyflorescaverat BUILD_FLAGS=IS_INTERNAL,NEED_CAPACITY,NEED_UPTIME PURPOSE=GENERAL TIME_CREATED=2019-03-13T13:25:38.703817
2019-03-13 13:25:39 1552483539.03 650 ORCONN $3CCA722A0DB4E676B96109D61C4E9DCF2F0009EB~1EpHny CONNECTED ID=61
2019-03-13 13:25:39 1552483539.03 650 CIRC 22 EXTENDED $0677DF0B05ECDA2EF45F26C3332731043BB89AB8~niftyflorescaverat,$86358C6E56B7B04D05469A18CED35A972F93C775~puffy BUILD_FLAGS=IS_INTERNAL,NEED_CAPACITY,NEED_UPTIME PURPOSE=GENERAL TIME_CREATED=2019-03-13T13:25:38.703817
2019-03-13 13:25:39 1552483539.13 650 CIRC 21 EXTENDED $3CCA722A0DB4E676B96109D61C4E9DCF2F0009EB~1EpHny BUILD_FLAGS=IS_INTERNAL,NEED_CAPACITY PURPOSE=HS_CLIENT_INTRO HS_STATE=HSCI_CONNECTING REND_QUERY=piebohrhsw6cbaks TIME_CREATED=2019-03-13T13:25:38.666129
2019-03-13 13:25:39 1552483539.14 650 CIRC 22 EXTENDED $0677DF0B05ECDA2EF45F26C3332731043BB89AB8~niftyflorescaverat,$86358C6E56B7B04D05469A18CED35A972F93C775~puffy,$41EEC4CFA01E8982643F1AF3CD84315329D2B58E~RNVR217 BUILD_FLAGS=IS_INTERNAL,NEED_CAPACITY,NEED_UPTIME PURPOSE=GENERAL TIME_CREATED=2019-03-13T13:25:38.703817
2019-03-13 13:25:39 1552483539.14 650 CIRC 22 BUILT $0677DF0B05ECDA2EF45F26C3332731043BB89AB8~niftyflorescaverat,$86358C6E56B7B04D05469A18CED35A972F93C775~puffy,$41EEC4CFA01E8982643F1AF3CD84315329D2B58E~RNVR217 BUILD_FLAGS=IS_INTERNAL,NEED_CAPACITY,NEED_UPTIME PURPOSE=GENERAL TIME_CREATED=2019-03-13T13:25:38.703817
2019-03-13 13:25:39 1552483539.35 650 CIRC 21 EXTENDED $3CCA722A0DB4E676B96109D61C4E9DCF2F0009EB~1EpHny,$645C3F0545E0975A49F69EC272C0C3EA28586825~theWOPR BUILD_FLAGS=IS_INTERNAL,NEED_CAPACITY PURPOSE=HS_CLIENT_INTRO HS_STATE=HSCI_CONNECTING REND_QUERY=piebohrhsw6cbaks TIME_CREATED=2019-03-13T13:25:38.666129
2019-03-13 13:25:39 1552483539.59 650 CIRC 21 EXTENDED $3CCA722A0DB4E676B96109D61C4E9DCF2F0009EB~1EpHny,$645C3F0545E0975A49F69EC272C0C3EA28586825~theWOPR,$71D15B4A7DD9FB70B0E1439F7D350B8FACCFC306~nionyn BUILD_FLAGS=IS_INTERNAL,NEED_CAPACITY PURPOSE=HS_CLIENT_INTRO HS_STATE=HSCI_CONNECTING REND_QUERY=piebohrhsw6cbaks TIME_CREATED=2019-03-13T13:25:38.666129
2019-03-13 13:25:39 1552483539.71 650 BW 14236 6090
2019-03-13 13:25:39 1552483539.71 650 CIRC 23 LAUNCHED BUILD_FLAGS=IS_INTERNAL,NEED_CAPACITY,NEED_UPTIME PURPOSE=GENERAL TIME_CREATED=2019-03-13T13:25:39.704400
2019-03-13 13:25:39 1552483539.71 650 ORCONN $33689152ACDF449C00BB63ADCF84ECBEB148D471~TrypticNode5 LAUNCHED ID=63
2019-03-13 13:25:39 1552483539.81 650 ORCONN $33689152ACDF449C00BB63ADCF84ECBEB148D471~TrypticNode5 CONNECTED ID=63
2019-03-13 13:25:39 1552483539.84 650 CIRC 23 EXTENDED $33689152ACDF449C00BB63ADCF84ECBEB148D471~TrypticNode5 BUILD_FLAGS=IS_INTERNAL,NEED_CAPACITY,NEED_UPTIME PURPOSE=GENERAL TIME_CREATED=2019-03-13T13:25:39.704400
2019-03-13 13:25:39 1552483539.87 650 CIRC 21 EXTENDED $3CCA722A0DB4E676B96109D61C4E9DCF2F0009EB~1EpHny,$645C3F0545E0975A49F69EC272C0C3EA28586825~theWOPR,$71D15B4A7DD9FB70B0E1439F7D350B8FACCFC306~nionyn,$C87A458A9C6E2CD2981490C99B18AFE117F620F6~ExplosionTOR BUILD_FLAGS=IS_INTERNAL,NEED_CAPACITY PURPOSE=HS_CLIENT_INTRO HS_STATE=HSCI_CONNECTING REND_QUERY=piebohrhsw6cbaks TIME_CREATED=2019-03-13T13:25:38.666129
2019-03-13 13:25:39 1552483539.87 650 CIRC 21 BUILT $3CCA722A0DB4E676B96109D61C4E9DCF2F0009EB~1EpHny,$645C3F0545E0975A49F69EC272C0C3EA28586825~theWOPR,$71D15B4A7DD9FB70B0E1439F7D350B8FACCFC306~nionyn,$C87A458A9C6E2CD2981490C99B18AFE117F620F6~ExplosionTOR BUILD_FLAGS=IS_INTERNAL,NEED_CAPACITY PURPOSE=HS_CLIENT_INTRO HS_STATE=HSCI_CONNECTING REND_QUERY=piebohrhsw6cbaks TIME_CREATED=2019-03-13T13:25:38.666129
2019-03-13 13:25:39 1552483539.87 650 CIRC_MINOR 21 PURPOSE_CHANGED $3CCA722A0DB4E676B96109D61C4E9DCF2F0009EB~1EpHny,$645C3F0545E0975A49F69EC272C0C3EA28586825~theWOPR,$71D15B4A7DD9FB70B0E1439F7D350B8FACCFC306~nionyn,$C87A458A9C6E2CD2981490C99B18AFE117F620F6~ExplosionTOR BUILD_FLAGS=IS_INTERNAL,NEED_CAPACITY PURPOSE=HS_CLIENT_INTRO HS_STATE=HSCI_INTRO_SENT REND_QUERY=piebohrhsw6cbaks TIME_CREATED=2019-03-13T13:25:38.666129 OLD_PURPOSE=HS_CLIENT_INTRO OLD_HS_STATE=HSCI_CONNECTING
2019-03-13 13:25:40 1552483540.05 650 CIRC 23 EXTENDED $33689152ACDF449C00BB63ADCF84ECBEB148D471~TrypticNode5,$10010B5FAFA85B65F5E068613E2B9E63CE7C041F~somerandomguyontor BUILD_FLAGS=IS_INTERNAL,NEED_CAPACITY,NEED_UPTIME PURPOSE=GENERAL TIME_CREATED=2019-03-13T13:25:39.704400
2019-03-13 13:25:40 1552483540.23 650 CIRC_MINOR 19 PURPOSE_CHANGED $06BBEAA6F73759A1795EB461D39D2AA168F305D1~r,$04E3B5925EB5F66C6EC810A3D7702E0CA3F9D5E7~rofltor08,$150D5725F3CEDF1EA62DC11FF1E5C66074646691~Unnamed BUILD_FLAGS=IS_INTERNAL,NEED_CAPACITY,NEED_UPTIME PURPOSE=HS_CLIENT_REND HS_STATE=HSCR_ESTABLISHED_WAITING REND_QUERY=piebohrhsw6cbaks TIME_CREATED=2019-03-13T13:25:36.703761 OLD_PURPOSE=HS_CLIENT_REND OLD_HS_STATE=HSCR_ESTABLISHED_IDLE
2019-03-13 13:25:40 1552483540.23 650 CIRC_MINOR 21 PURPOSE_CHANGED $3CCA722A0DB4E676B96109D61C4E9DCF2F0009EB~1EpHny,$645C3F0545E0975A49F69EC272C0C3EA28586825~theWOPR,$71D15B4A7DD9FB70B0E1439F7D350B8FACCFC306~nionyn,$C87A458A9C6E2CD2981490C99B18AFE117F620F6~ExplosionTOR BUILD_FLAGS=IS_INTERNAL,NEED_CAPACITY PURPOSE=HS_CLIENT_INTRO HS_STATE=HSCI_DONE REND_QUERY=piebohrhsw6cbaks TIME_CREATED=2019-03-13T13:25:38.666129 OLD_PURPOSE=HS_CLIENT_INTRO OLD_HS_STATE=HSCI_INTRO_SENT
2019-03-13 13:25:40 1552483540.39 650 CIRC_MINOR 19 PURPOSE_CHANGED $06BBEAA6F73759A1795EB461D39D2AA168F305D1~r,$04E3B5925EB5F66C6EC810A3D7702E0CA3F9D5E7~rofltor08,$150D5725F3CEDF1EA62DC11FF1E5C66074646691~Unnamed BUILD_FLAGS=IS_INTERNAL,NEED_CAPACITY,NEED_UPTIME PURPOSE=HS_CLIENT_REND HS_STATE=HSCR_JOINED REND_QUERY=piebohrhsw6cbaks TIME_CREATED=2019-03-13T13:25:36.703761 OLD_PURPOSE=HS_CLIENT_REND OLD_HS_STATE=HSCR_ESTABLISHED_WAITING
2019-03-13 13:25:40 1552483540.39 650 STREAM 58 SENTCONNECT 19 piebohrhsw6cbaks.onion:8080
2019-03-13 13:25:40 1552483540.40 650 CIRC 23 EXTENDED $33689152ACDF449C00BB63ADCF84ECBEB148D471~TrypticNode5,$10010B5FAFA85B65F5E068613E2B9E63CE7C041F~somerandomguyontor,$BFF707280D2764F31D6AD4F7B6EE2355A40B7E66~FreedomForAll404 BUILD_FLAGS=IS_INTERNAL,NEED_CAPACITY,NEED_UPTIME PURPOSE=GENERAL TIME_CREATED=2019-03-13T13:25:39.704400
2019-03-13 13:25:40 1552483540.40 650 CIRC 23 BUILT $33689152ACDF449C00BB63ADCF84ECBEB148D471~TrypticNode5,$10010B5FAFA85B65F5E068613E2B9E63CE7C041F~somerandomguyontor,$BFF707280D2764F31D6AD4F7B6EE2355A40B7E66~FreedomForAll404 BUILD_FLAGS=IS_INTERNAL,NEED_CAPACITY,NEED_UPTIME PURPOSE=GENERAL TIME_CREATED=2019-03-13T13:25:39.704400
2019-03-13 13:25:40 1552483540.59 650 STREAM 58 SUCCEEDED 19 piebohrhsw6cbaks.onion:8080
2019-03-13 13:25:40 1552483540.74 650 BW 6929 4127
2019-03-13 13:25:40 1552483540.74 650 STREAM_BW 58 61 10
2019-03-13 13:25:40 1552483540.74 650 CIRC_BW ID=19 READ=61 WRITTEN=10
2019-03-13 13:25:40 1552483540.74 650 CIRC 24 LAUNCHED BUILD_FLAGS=IS_INTERNAL,NEED_CAPACITY,NEED_UPTIME PURPOSE=GENERAL TIME_CREATED=2019-03-13T13:25:40.704071
2019-03-13 13:25:40 1552483540.74 650 ORCONN $74B8B22AF950B0BE11D8A228FB09D2F5279FB757~tiflin LAUNCHED ID=64
2019-03-13 13:25:40 1552483540.74 650 CIRC 21 CLOSED $3CCA722A0DB4E676B96109D61C4E9DCF2F0009EB~1EpHny,$645C3F0545E0975A49F69EC272C0C3EA28586825~theWOPR,$71D15B4A7DD9FB70B0E1439F7D350B8FACCFC306~nionyn,$C87A458A9C6E2CD2981490C99B18AFE117F620F6~ExplosionTOR BUILD_FLAGS=IS_INTERNAL,NEED_CAPACITY PURPOSE=HS_CLIENT_INTRO HS_STATE=HSCI_DONE REND_QUERY=piebohrhsw6cbaks TIME_CREATED=2019-03-13T13:25:38.666129 REASON=FINISHED
2019-03-13 13:25:40 1552483540.81 650 ORCONN $74B8B22AF950B0BE11D8A228FB09D2F5279FB757~tiflin CONNECTED ID=64
2019-03-13 13:25:40 1552483540.84 650 CIRC 24 EXTENDED $74B8B22AF950B0BE11D8A228FB09D2F5279FB757~tiflin BUILD_FLAGS=IS_INTERNAL,NEED_CAPACITY,NEED_UPTIME PURPOSE=GENERAL TIME_CREATED=2019-03-13T13:25:40.704071
2019-03-13 13:25:40 1552483540.91 650 CIRC 24 EXTENDED $74B8B22AF950B0BE11D8A228FB09D2F5279FB757~tiflin,$54A403A1B015F6E5A641AD121530966BD873136E~ulula BUILD_FLAGS=IS_INTERNAL,NEED_CAPACITY,NEED_UPTIME PURPOSE=GENERAL TIME_CREATED=2019-03-13T13:25:40.704071
2019-03-13 13:25:40 1552483540.99 650 CIRC 24 EXTENDED $74B8B22AF950B0BE11D8A228FB09D2F5279FB757~tiflin,$54A403A1B015F6E5A641AD121530966BD873136E~ulula,$06BBEAA6F73759A1795EB461D39D2AA168F305D1~r BUILD_FLAGS=IS_INTERNAL,NEED_CAPACITY,NEED_UPTIME PURPOSE=GENERAL TIME_CREATED=2019-03-13T13:25:40.704071
2019-03-13 13:25:40 1552483540.99 650 CIRC 24 BUILT $74B8B22AF950B0BE11D8A228FB09D2F5279FB757~tiflin,$54A403A1B015F6E5A641AD121530966BD873136E~ulula,$06BBEAA6F73759A1795EB461D39D2AA168F305D1~r BUILD_FLAGS=IS_INTERNAL,NEED_CAPACITY,NEED_UPTIME PURPOSE=GENERAL TIME_CREATED=2019-03-13T13:25:40.704071
2019-03-13 13:25:41 1552483541.70 650 BW 679043 23831
2019-03-13 13:25:41 1552483541.70 650 STREAM_BW 58 0 689162
2019-03-13 13:25:41 1552483541.70 650 CIRC_BW ID=19 READ=0 WRITTEN=689162
2019-03-13 13:25:42 1552483542.70 650 BW 834552 25600
2019-03-13 13:25:42 1552483542.70 650 STREAM_BW 58 0 837576
2019-03-13 13:25:42 1552483542.70 650 CIRC_BW ID=19 READ=0 WRITTEN=837576
2019-03-13 13:25:43 1552483543.70 650 BW 846114 25600
2019-03-13 13:25:43 1552483543.70 650 STREAM_BW 58 0 852964
2019-03-13 13:25:43 1552483543.70 650 CIRC_BW ID=19 READ=0 WRITTEN=852964
2019-03-13 13:25:44 1552483544.70 650 BW 938503 28800
2019-03-13 13:25:44 1552483544.70 650 STREAM_BW 58 0 820196
2019-03-13 13:25:44 1552483544.70 650 CIRC_BW ID=19 READ=0 WRITTEN=820196
2019-03-13 13:25:45 1552483545.70 650 BW 855047 26143
2019-03-13 13:25:45 1552483545.70 650 STREAM_BW 58 0 792408
2019-03-13 13:25:45 1552483545.70 650 CIRC_BW ID=19 READ=0 WRITTEN=792408
2019-03-13 13:25:46 1552483546.70 650 BW 825741 25600
2019-03-13 13:25:46 1552483546.70 650 STREAM_BW 58 0 788424
2019-03-13 13:25:46 1552483546.70 650 CIRC_BW ID=19 READ=0 WRITTEN=788424
2019-03-13 13:25:47 1552483547.25 650 STREAM_BW 58 0 460246
2019-03-13 13:25:47 1552483547.25 650 STREAM 58 CLOSED 19 piebohrhsw6cbaks.onion:8080 REASON=END REMOTE_REASON=DONE
2019-03-13 13:25:47 1552483547.25 650 STREAM 65 NEW 0 piebohrhsw6cbaks.onion:8080 SOURCE_ADDR=127.0.0.1:49986 PURPOSE=USER
2019-03-13 13:25:47 1552483547.25 650 STREAM 65 SENTCONNECT 19 piebohrhsw6cbaks.onion:8080
2019-03-13 13:25:47 1552483547.55 650 STREAM 65 SUCCEEDED 19 piebohrhsw6cbaks.onion:8080
2019-03-13 13:25:47 1552483547.71 650 BW 505790 17086
2019-03-13 13:25:47 1552483547.71 650 STREAM_BW 65 93 12
2019-03-13 13:25:47 1552483547.71 650 CIRC_BW ID=19 READ=61 WRITTEN=920502
2019-03-13 13:25:48 1552483548.70 650 BW 773790 23892
2019-03-13 13:25:48 1552483548.70 650 STREAM_BW 65 0 764122
2019-03-13 13:25:48 1552483548.70 650 CIRC_BW ID=19 READ=0 WRITTEN=764122
2019-03-13 13:25:49 1552483549.70 650 BW 792846 24978
2019-03-13 13:25:49 1552483549.70 650 STREAM_BW 65 0 878262
2019-03-13 13:25:49 1552483549.70 650 CIRC_BW ID=19 READ=0 WRITTEN=878262
2019-03-13 13:25:50 1552483550.70 650 BW 894993 28236
2019-03-13 13:25:50 1552483550.70 650 STREAM_BW 65 0 811282
2019-03-13 13:25:50 1552483550.70 650 CIRC_BW ID=19 READ=0 WRITTEN=811282
2019-03-13 13:25:51 1552483551.71 650 BW 924756 28779
2019-03-13 13:25:51 1552483551.71 650 STREAM_BW 65 0 838074
2019-03-13 13:25:51 1552483551.71 650 CIRC_BW ID=19 READ=0 WRITTEN=838074
2019-03-13 13:25:51 1552483551.71 650 CIRC 25 LAUNCHED BUILD_FLAGS=NEED_CAPACITY PURPOSE=GENERAL TIME_CREATED=2019-03-13T13:25:51.704017
2019-03-13 13:25:51 1552483551.71 650 ORCONN $C811DDE7CC3C2413FC34026C751380DE7FF72975~flowjob01 LAUNCHED ID=66
2019-03-13 13:25:51 1552483551.87 650 ORCONN $C811DDE7CC3C2413FC34026C751380DE7FF72975~flowjob01 CONNECTED ID=66
2019-03-13 13:25:51 1552483551.92 650 CIRC 25 EXTENDED $C811DDE7CC3C2413FC34026C751380DE7FF72975~flowjob01 BUILD_FLAGS=NEED_CAPACITY PURPOSE=GENERAL TIME_CREATED=2019-03-13T13:25:51.704017
2019-03-13 13:25:52 1552483552.70 650 BW 837900 28021
2019-03-13 13:25:52 1552483552.70 650 STREAM_BW 65 0 798334
2019-03-13 13:25:52 1552483552.70 650 CIRC_BW ID=19 READ=0 WRITTEN=798334
2019-03-13 13:25:53 1552483553.08 650 CIRC 25 EXTENDED $C811DDE7CC3C2413FC34026C751380DE7FF72975~flowjob01,$0F8E3EF1E204EC8194CD336B806E27C3F4CD57CF~snap269 BUILD_FLAGS=NEED_CAPACITY PURPOSE=GENERAL TIME_CREATED=2019-03-13T13:25:51.704017
2019-03-13 13:25:53 1552483553.70 650 BW 955980 30951
2019-03-13 13:25:53 1552483553.70 650 STREAM_BW 65 0 913520
2019-03-13 13:25:53 1552483553.70 650 CIRC_BW ID=19 READ=0 WRITTEN=913520
2019-03-13 13:25:54 1552483554.03 650 STREAM_BW 65 0 236846
2019-03-13 13:25:54 1552483554.03 650 STREAM 65 CLOSED 19 piebohrhsw6cbaks.onion:8080 REASON=END REMOTE_REASON=DONE
2019-03-13 13:25:54 1552483554.03 650 STREAM 67 NEW 0 piebohrhsw6cbaks.onion:8080 SOURCE_ADDR=127.0.0.1:49994 PURPOSE=USER
2019-03-13 13:25:54 1552483554.03 650 STREAM 67 SENTCONNECT 19 piebohrhsw6cbaks.onion:8080
2019-03-13 13:25:54 1552483554.35 650 STREAM 67 SUCCEEDED 19 piebohrhsw6cbaks.onion:8080
2019-03-13 13:25:54 1552483554.58 650 CIRC 25 EXTENDED $C811DDE7CC3C2413FC34026C751380DE7FF72975~flowjob01,$0F8E3EF1E204EC8194CD336B806E27C3F4CD57CF~snap269,$1F5274BC3BFA8821471A884295126AD48D3C2683~iriseden BUILD_FLAGS=NEED_CAPACITY PURPOSE=GENERAL TIME_CREATED=2019-03-13T13:25:51.704017
2019-03-13 13:25:54 1552483554.58 650 CIRC 25 BUILT $C811DDE7CC3C2413FC34026C751380DE7FF72975~flowjob01,$0F8E3EF1E204EC8194CD336B806E27C3F4CD57CF~snap269,$1F5274BC3BFA8821471A884295126AD48D3C2683~iriseden BUILD_FLAGS=NEED_CAPACITY PURPOSE=GENERAL TIME_CREATED=2019-03-13T13:25:51.704017
2019-03-13 13:25:54 1552483554.70 650 BW 477353 15747
2019-03-13 13:25:54 1552483554.70 650 STREAM_BW 67 93 247802
2019-03-13 13:25:54 1552483554.70 650 CIRC_BW ID=19 READ=61 WRITTEN=721492
2019-03-13 13:25:55 1552483555.70 650 BW 856958 27150
2019-03-13 13:25:55 1552483555.70 650 STREAM_BW 67 0 769550
2019-03-13 13:25:55 1552483555.70 650 CIRC_BW ID=19 READ=0 WRITTEN=769550
2019-03-13 13:25:56 1552483556.70 650 BW 955612 29865
2019-03-13 13:25:56 1552483556.70 650 STREAM_BW 67 0 929456
2019-03-13 13:25:56 1552483556.70 650 CIRC_BW ID=19 READ=0 WRITTEN=929456
2019-03-13 13:25:57 1552483557.70 650 BW 804738 25521
2019-03-13 13:25:57 1552483557.70 650 STREAM_BW 67 0 880752
2019-03-13 13:25:57 1552483557.70 650 CIRC_BW ID=19 READ=0 WRITTEN=880752
2019-03-13 13:25:58 1552483558.70 650 BW 965196 29865
2019-03-13 13:25:58 1552483558.70 650 STREAM_BW 67 0 778962
2019-03-13 13:25:58 1552483558.70 650 CIRC_BW ID=19 READ=0 WRITTEN=778962
2019-03-13 13:25:59 1552483559.70 650 BW 822615 26064
2019-03-13 13:25:59 1552483559.70 650 STREAM_BW 67 0 915064
2019-03-13 13:25:59 1552483559.70 650 CIRC_BW ID=19 READ=0 WRITTEN=915064
2019-03-13 13:26:00 1552483560.65 650 STREAM_BW 67 0 718406
2019-03-13 13:26:00 1552483560.65 650 STREAM 67 CLOSED 19 piebohrhsw6cbaks.onion:8080 REASON=END REMOTE_REASON=DONE
2019-03-13 13:26:00 1552483560.65 650 STREAM 68 NEW 0 piebohrhsw6cbaks.onion:8080 SOURCE_ADDR=127.0.0.1:49998 PURPOSE=USER
2019-03-13 13:26:00 1552483560.65 650 STREAM 68 SENTCONNECT 19 piebohrhsw6cbaks.onion:8080
2019-03-13 13:26:00 1552483560.70 650 BW 891181 27693
2019-03-13 13:26:00 1552483560.70 650 STREAM_BW 68 32 2
2019-03-13 13:26:00 1552483560.70 650 CIRC_BW ID=19 READ=0 WRITTEN=1436812
2019-03-13 13:26:00 1552483560.96 650 STREAM 68 SUCCEEDED 19 piebohrhsw6cbaks.onion:8080
2019-03-13 13:26:01 1552483561.70 650 BW 344832 11946
2019-03-13 13:26:01 1552483561.70 650 STREAM_BW 68 61 435456
2019-03-13 13:26:01 1552483561.70 650 CIRC_BW ID=19 READ=61 WRITTEN=435456
2019-03-13 13:26:02 1552483562.71 650 BW 934074 29322
2019-03-13 13:26:02 1552483562.71 650 STREAM_BW 68 0 847984
2019-03-13 13:26:02 1552483562.71 650 CIRC_BW ID=19 READ=0 WRITTEN=847984
2019-03-13 13:26:02 1552483562.71 650 CIRC 26 LAUNCHED BUILD_FLAGS=NEED_CAPACITY PURPOSE=GENERAL TIME_CREATED=2019-03-13T13:26:02.703965
2019-03-13 13:26:02 1552483562.71 650 ORCONN $97AEE1EEFBCBB6FF8FA482029830E8E10A961883~paprika LAUNCHED ID=69
2019-03-13 13:26:02 1552483562.87 650 ORCONN $97AEE1EEFBCBB6FF8FA482029830E8E10A961883~paprika CONNECTED ID=69
2019-03-13 13:26:02 1552483562.92 650 CIRC 26 EXTENDED $97AEE1EEFBCBB6FF8FA482029830E8E10A961883~paprika BUILD_FLAGS=NEED_CAPACITY PURPOSE=GENERAL TIME_CREATED=2019-03-13T13:26:02.703965
2019-03-13 13:26:03 1552483563.07 650 CIRC 26 EXTENDED $97AEE1EEFBCBB6FF8FA482029830E8E10A961883~paprika,$3DF9F80FF3675B2CD0C45AF4E6804291E4CB85E2~ServbrQuebec BUILD_FLAGS=NEED_CAPACITY PURPOSE=GENERAL TIME_CREATED=2019-03-13T13:26:02.703965
2019-03-13 13:26:03 1552483563.45 650 CIRC 26 EXTENDED $97AEE1EEFBCBB6FF8FA482029830E8E10A961883~paprika,$3DF9F80FF3675B2CD0C45AF4E6804291E4CB85E2~ServbrQuebec,$5E5040EA472AEB11C3DD4BEAC37EBE50EF40C93B~servicePublic3 BUILD_FLAGS=NEED_CAPACITY PURPOSE=GENERAL TIME_CREATED=2019-03-13T13:26:02.703965
2019-03-13 13:26:03 1552483563.45 650 CIRC 26 BUILT $97AEE1EEFBCBB6FF8FA482029830E8E10A961883~paprika,$3DF9F80FF3675B2CD0C45AF4E6804291E4CB85E2~ServbrQuebec,$5E5040EA472AEB11C3DD4BEAC37EBE50EF40C93B~servicePublic3 BUILD_FLAGS=NEED_CAPACITY PURPOSE=GENERAL TIME_CREATED=2019-03-13T13:26:02.703965
2019-03-13 13:26:03 1552483563.70 650 BW 913933 31268
2019-03-13 13:26:03 1552483563.70 650 STREAM_BW 68 0 848482
2019-03-13 13:26:03 1552483563.70 650 CIRC_BW ID=19 READ=0 WRITTEN=848482
2019-03-13 13:26:04 1552483564.70 650 BW 821868 25521
2019-03-13 13:26:04 1552483564.70 650 STREAM_BW 68 0 882744
2019-03-13 13:26:04 1552483564.70 650 CIRC_BW ID=19 READ=0 WRITTEN=882744
2019-03-13 13:26:05 1552483565.70 650 BW 963118 30408
2019-03-13 13:26:05 1552483565.70 650 STREAM_BW 68 0 805804
2019-03-13 13:26:05 1552483565.70 650 CIRC_BW ID=19 READ=0 WRITTEN=805804
2019-03-13 13:26:06 1552483566.70 650 BW 806614 24978
2019-03-13 13:26:06 1552483566.70 650 STREAM_BW 68 0 747240
2019-03-13 13:26:06 1552483566.70 650 CIRC_BW ID=19 READ=0 WRITTEN=747240
2019-03-13 13:26:07 1552483567.48 650 STREAM_BW 68 0 672740
2019-03-13 13:26:07 1552483567.48 650 STREAM 68 CLOSED 19 piebohrhsw6cbaks.onion:8080 REASON=END REMOTE_REASON=DONE
2019-03-13 13:26:07 1552483567.48 650 STREAM 70 NEW 0 piebohrhsw6cbaks.onion:8080 SOURCE_ADDR=127.0.0.1:50006 PURPOSE=USER
2019-03-13 13:26:07 1552483567.48 650 STREAM 70 SENTCONNECT 19 piebohrhsw6cbaks.onion:8080
2019-03-13 13:26:07 1552483567.70 650 BW 708019 23349
2019-03-13 13:26:07 1552483567.70 650 STREAM_BW 70 32 2
2019-03-13 13:26:07 1552483567.70 650 CIRC_BW ID=19 READ=0 WRITTEN=1345480
2019-03-13 13:26:07 1552483567.75 650 STREAM 70 SUCCEEDED 19 piebohrhsw6cbaks.onion:8080
2019-03-13 13:26:08 1552483568.70 650 BW 697022 21459
2019-03-13 13:26:08 1552483568.70 650 STREAM_BW 70 61 731862
2019-03-13 13:26:08 1552483568.70 650 CIRC_BW ID=19 READ=61 WRITTEN=731862
2019-03-13 13:26:09 1552483569.70 650 BW 855901 26947
2019-03-13 13:26:09 1552483569.70 650 STREAM_BW 70 0 806800
2019-03-13 13:26:09 1552483569.70 650 CIRC_BW ID=19 READ=0 WRITTEN=806800
2019-03-13 13:26:10 1552483570.70 650 BW 955931 29662
2019-03-13 13:26:10 1552483570.70 650 STREAM_BW 70 0 885234
2019-03-13 13:26:10 1552483570.70 650 CIRC_BW ID=19 READ=0 WRITTEN=885234
2019-03-13 13:26:11 1552483571.70 650 BW 860070 26976
2019-03-13 13:26:11 1552483571.70 650 STREAM_BW 70 0 901120
2019-03-13 13:26:11 1552483571.70 650 CIRC_BW ID=19 READ=0 WRITTEN=901120
2019-03-13 13:26:12 1552483572.70 650 BW 916525 29235
2019-03-13 13:26:12 1552483572.70 650 STREAM_BW 70 0 863870
2019-03-13 13:26:12 1552483572.70 650 CIRC_BW ID=19 READ=0 WRITTEN=863870
2019-03-13 13:26:13 1552483573.71 650 BW 903030 27374
2019-03-13 13:26:13 1552483573.71 650 STREAM_BW 70 0 933390
2019-03-13 13:26:13 1552483573.71 650 CIRC_BW ID=19 READ=0 WRITTEN=933390
2019-03-13 13:26:13 1552483573.71 650 CIRC 27 LAUNCHED BUILD_FLAGS=NEED_CAPACITY PURPOSE=GENERAL TIME_CREATED=2019-03-13T13:26:13.703863
2019-03-13 13:26:13 1552483573.71 650 ORCONN $15953F0C52F1A9E5CA6988A195DBA57351CC64BC~MCOfficerMe1 LAUNCHED ID=71
2019-03-13 13:26:13 1552483573.81 650 ORCONN $15953F0C52F1A9E5CA6988A195DBA57351CC64BC~MCOfficerMe1 CONNECTED ID=71
2019-03-13 13:26:13 1552483573.85 650 CIRC 27 EXTENDED $15953F0C52F1A9E5CA6988A195DBA57351CC64BC~MCOfficerMe1 BUILD_FLAGS=NEED_CAPACITY PURPOSE=GENERAL TIME_CREATED=2019-03-13T13:26:13.703863
2019-03-13 13:26:13 1552483573.91 650 CIRC 27 EXTENDED $15953F0C52F1A9E5CA6988A195DBA57351CC64BC~MCOfficerMe1,$117B99D5CE22174DEA7F1AD3BE25ECE993F486B5~servbr12 BUILD_FLAGS=NEED_CAPACITY PURPOSE=GENERAL TIME_CREATED=2019-03-13T13:26:13.703863
2019-03-13 13:26:13 1552483573.97 650 STREAM_BW 70 0 119170
2019-03-13 13:26:13 1552483573.97 650 STREAM 70 CLOSED 19 piebohrhsw6cbaks.onion:8080 REASON=END REMOTE_REASON=DONE
2019-03-13 13:26:13 1552483573.97 650 STREAM 72 NEW 0 piebohrhsw6cbaks.onion:8080 SOURCE_ADDR=127.0.0.1:50014 PURPOSE=USER
2019-03-13 13:26:13 1552483573.97 650 STREAM 72 SENTCONNECT 19 piebohrhsw6cbaks.onion:8080
2019-03-13 13:26:14 1552483574.00 650 CIRC 27 EXTENDED $15953F0C52F1A9E5CA6988A195DBA57351CC64BC~MCOfficerMe1,$117B99D5CE22174DEA7F1AD3BE25ECE993F486B5~servbr12,$AB4761E23AF511E8306E95E78F7E82F77B2E487F~hviv118 BUILD_FLAGS=NEED_CAPACITY PURPOSE=GENERAL TIME_CREATED=2019-03-13T13:26:13.703863
2019-03-13 13:26:14 1552483574.00 650 CIRC 27 BUILT $15953F0C52F1A9E5CA6988A195DBA57351CC64BC~MCOfficerMe1,$117B99D5CE22174DEA7F1AD3BE25ECE993F486B5~servbr12,$AB4761E23AF511E8306E95E78F7E82F77B2E487F~hviv118 BUILD_FLAGS=NEED_CAPACITY PURPOSE=GENERAL TIME_CREATED=2019-03-13T13:26:13.703863
2019-03-13 13:26:14 1552483574.23 650 STREAM 72 SUCCEEDED 19 piebohrhsw6cbaks.onion:8080
2019-03-13 13:26:14 1552483574.71 650 BW 554839 21351
2019-03-13 13:26:14 1552483574.71 650 STREAM_BW 72 93 267634
2019-03-13 13:26:14 1552483574.71 650 CIRC_BW ID=19 READ=61 WRITTEN=505972
2019-03-13 13:26:15 1552483575.70 650 BW 934450 28721
2019-03-13 13:26:15 1552483575.70 650 STREAM_BW 72 0 895194
2019-03-13 13:26:15 1552483575.70 650 CIRC_BW ID=19 READ=0 WRITTEN=895194
2019-03-13 13:26:16 1552483576.70 650 BW 799034 24949
2019-03-13 13:26:16 1552483576.70 650 STREAM_BW 72 0 768056
2019-03-13 13:26:16 1552483576.70 650 CIRC_BW ID=19 READ=0 WRITTEN=768056
2019-03-13 13:26:17 1552483577.70 650 BW 843876 26549
2019-03-13 13:26:17 1552483577.70 650 STREAM_BW 72 0 884736
2019-03-13 13:26:17 1552483577.70 650 CIRC_BW ID=19 READ=0 WRITTEN=884736
2019-03-13 13:26:18 1552483578.70 650 BW 867187 27121
2019-03-13 13:26:18 1552483578.70 650 STREAM_BW 72 0 737778
2019-03-13 13:26:18 1552483578.70 650 CIRC_BW ID=19 READ=0 WRITTEN=737778
2019-03-13 13:26:19 1552483579.70 650 BW 756379 24406
2019-03-13 13:26:19 1552483579.70 650 STREAM_BW 72 0 741214
2019-03-13 13:26:19 1552483579.70 650 CIRC_BW ID=19 READ=0 WRITTEN=741214
2019-03-13 13:26:20 1552483580.70 650 BW 682724 21177
2019-03-13 13:26:20 1552483580.70 650 STREAM_BW 72 0 706504
2019-03-13 13:26:20 1552483580.70 650 CIRC_BW ID=19 READ=0 WRITTEN=706504
2019-03-13 13:26:21 1552483581.11 650 STREAM_BW 72 0 241776
2019-03-13 13:26:21 1552483581.11 650 STREAM 72 CLOSED 19 piebohrhsw6cbaks.onion:8080 REASON=END REMOTE_REASON=DONE
2019-03-13 13:26:21 1552483581.11 650 STREAM 73 NEW 0 piebohrhsw6cbaks.onion:8080 SOURCE_ADDR=127.0.0.1:50018 PURPOSE=USER
2019-03-13 13:26:21 1552483581.11 650 STREAM 73 SENTCONNECT 19 piebohrhsw6cbaks.onion:8080
2019-03-13 13:26:21 1552483581.34 650 STREAM 73 SUCCEEDED 19 piebohrhsw6cbaks.onion:8080
2019-03-13 13:26:21 1552483581.70 650 BW 535052 17347
2019-03-13 13:26:21 1552483581.70 650 STREAM_BW 73 93 244864
2019-03-13 13:26:21 1552483581.70 650 CIRC_BW ID=19 READ=61 WRITTEN=728414
2019-03-13 13:26:22 1552483582.70 650 BW 695192 21720
2019-03-13 13:26:22 1552483582.70 650 STREAM_BW 73 0 679164
2019-03-13 13:26:22 1552483582.70 650 CIRC_BW ID=19 READ=0 WRITTEN=679164
2019-03-13 13:26:23 1552483583.70 650 BW 816603 26064
2019-03-13 13:26:23 1552483583.70 650 STREAM_BW 73 0 778514
2019-03-13 13:26:23 1552483583.70 650 CIRC_BW ID=19 READ=0 WRITTEN=778514
2019-03-13 13:26:24 1552483584.71 650 BW 740294 22806
2019-03-13 13:26:24 1552483584.71 650 STREAM_BW 73 0 728316
2019-03-13 13:26:24 1552483584.71 650 CIRC_BW ID=19 READ=0 WRITTEN=728316
2019-03-13 13:26:24 1552483584.71 650 CIRC 28 LAUNCHED BUILD_FLAGS=NEED_CAPACITY PURPOSE=GENERAL TIME_CREATED=2019-03-13T13:26:24.704414
2019-03-13 13:26:24 1552483584.71 650 ORCONN $98BBF6E23F9DC564A290D81A4601F963743A8B27~drazisil LAUNCHED ID=74
2019-03-13 13:26:24 1552483584.81 650 ORCONN $98BBF6E23F9DC564A290D81A4601F963743A8B27~drazisil CONNECTED ID=74
2019-03-13 13:26:24 1552483584.84 650 CIRC 28 EXTENDED $98BBF6E23F9DC564A290D81A4601F963743A8B27~drazisil BUILD_FLAGS=NEED_CAPACITY PURPOSE=GENERAL TIME_CREATED=2019-03-13T13:26:24.704414
2019-03-13 13:26:24 1552483584.90 650 CIRC 28 EXTENDED $98BBF6E23F9DC564A290D81A4601F963743A8B27~drazisil,$E0CCA7B57DF4679ADCC90959E886EC215E89CF65~Homwer BUILD_FLAGS=NEED_CAPACITY PURPOSE=GENERAL TIME_CREATED=2019-03-13T13:26:24.704414
2019-03-13 13:26:25 1552483585.70 650 BW 913586 31281
2019-03-13 13:26:25 1552483585.70 650 STREAM_BW 73 0 815216
2019-03-13 13:26:25 1552483585.70 650 CIRC_BW ID=19 READ=0 WRITTEN=815216
2019-03-13 13:26:26 1552483586.70 650 BW 730454 22806
2019-03-13 13:26:26 1552483586.70 650 STREAM_BW 73 0 735786
2019-03-13 13:26:26 1552483586.70 650 CIRC_BW ID=19 READ=0 WRITTEN=735786
2019-03-13 13:26:27 1552483587.70 650 BW 883947 27693
2019-03-13 13:26:27 1552483587.70 650 STREAM_BW 73 0 862426
2019-03-13 13:26:27 1552483587.70 650 CIRC_BW ID=19 READ=0 WRITTEN=862426
2019-03-13 13:26:28 1552483588.35 650 STREAM_BW 73 0 397200
2019-03-13 13:26:28 1552483588.35 650 STREAM 73 CLOSED 19 piebohrhsw6cbaks.onion:8080 REASON=END REMOTE_REASON=DONE
2019-03-13 13:26:28 1552483588.35 650 STREAM 75 NEW 0 piebohrhsw6cbaks.onion:8080 SOURCE_ADDR=127.0.0.1:50026 PURPOSE=USER
2019-03-13 13:26:28 1552483588.35 650 STREAM 75 SENTCONNECT 19 piebohrhsw6cbaks.onion:8080
2019-03-13 13:26:28 1552483588.59 650 STREAM 75 SUCCEEDED 19 piebohrhsw6cbaks.onion:8080
2019-03-13 13:26:28 1552483588.70 650 BW 503444 17376
2019-03-13 13:26:28 1552483588.70 650 STREAM_BW 75 93 12
2019-03-13 13:26:28 1552483588.70 650 CIRC_BW ID=19 READ=61 WRITTEN=794410
2019-03-13 13:26:29 1552483589.70 650 BW 794611 24435
2019-03-13 13:26:29 1552483589.70 650 STREAM_BW 75 0 885770
2019-03-13 13:26:29 1552483589.70 650 CIRC_BW ID=19 READ=0 WRITTEN=885770
2019-03-13 13:26:29 1552483589.70 650 CIRC 2 CLOSED $7EA6EAD6FD83083C538F44038BBFA077587DD755~dizum BUILD_FLAGS=ONEHOP_TUNNEL,IS_INTERNAL,NEED_CAPACITY PURPOSE=GENERAL TIME_CREATED=2019-03-13T13:25:27.624608 REASON=FINISHED
2019-03-13 13:26:30 1552483590.70 650 BW 987852 31494
2019-03-13 13:26:30 1552483590.70 650 STREAM_BW 75 0 846042
2019-03-13 13:26:30 1552483590.70 650 CIRC_BW ID=19 READ=0 WRITTEN=846042
2019-03-13 13:26:31 1552483591.41 650 CIRC 28 EXTENDED $98BBF6E23F9DC564A290D81A4601F963743A8B27~drazisil,$E0CCA7B57DF4679ADCC90959E886EC215E89CF65~Homwer,$04A78F3B4FC2F35F4F72C7CD9C81FE5EE098A5F1~MS3cTOR93 BUILD_FLAGS=NEED_CAPACITY PURPOSE=GENERAL TIME_CREATED=2019-03-13T13:26:24.704414
2019-03-13 13:26:31 1552483591.41 650 CIRC 28 BUILT $98BBF6E23F9DC564A290D81A4601F963743A8B27~drazisil,$E0CCA7B57DF4679ADCC90959E886EC215E89CF65~Homwer,$04A78F3B4FC2F35F4F72C7CD9C81FE5EE098A5F1~MS3cTOR93 BUILD_FLAGS=NEED_CAPACITY PURPOSE=GENERAL TIME_CREATED=2019-03-13T13:26:24.704414
2019-03-13 13:26:31 1552483591.70 650 BW 901066 28236
2019-03-13 13:26:31 1552483591.70 650 STREAM_BW 75 0 893650
2019-03-13 13:26:31 1552483591.70 650 CIRC_BW ID=19 READ=0 WRITTEN=893650
2019-03-13 13:26:32 1552483592.70 650 BW 888268 28236
2019-03-13 13:26:32 1552483592.70 650 STREAM_BW 75 0 884736
2019-03-13 13:26:32 1552483592.70 650 CIRC_BW ID=19 READ=0 WRITTEN=884736
2019-03-13 13:26:33 1552483593.70 650 BW 904964 28236
2019-03-13 13:26:33 1552483593.70 650 STREAM_BW 75 0 783942
2019-03-13 13:26:33 1552483593.70 650 CIRC_BW ID=19 READ=0 WRITTEN=783942
2019-03-13 13:26:34 1552483594.70 650 BW 831351 26064
2019-03-13 13:26:34 1552483594.70 650 STREAM_BW 75 0 855454
2019-03-13 13:26:34 1552483594.70 650 CIRC_BW ID=19 READ=0 WRITTEN=855454
2019-03-13 13:26:34 1552483594.70 650 CIRC 8 CLOSED $A40126415458363BDF60C4D066727982B3D41ECC~grezer2 BUILD_FLAGS=ONEHOP_TUNNEL,IS_INTERNAL,NEED_CAPACITY PURPOSE=GENERAL TIME_CREATED=2019-03-13T13:25:32.909913 REASON=DESTROYED REMOTE_REASON=FINISHED
2019-03-13 13:26:34 1552483594.85 650 STREAM_BW 75 0 91382
2019-03-13 13:26:34 1552483594.85 650 STREAM 75 CLOSED 19 piebohrhsw6cbaks.onion:8080 REASON=END REMOTE_REASON=DONE
2019-03-13 13:26:34 1552483594.85 650 STREAM 76 NEW 0 piebohrhsw6cbaks.onion:8080 SOURCE_ADDR=127.0.0.1:50030 PURPOSE=USER
2019-03-13 13:26:34 1552483594.85 650 STREAM 76 SENTCONNECT 19 piebohrhsw6cbaks.onion:8080
2019-03-13 13:26:35 1552483595.07 650 STREAM 76 SUCCEEDED 19 piebohrhsw6cbaks.onion:8080
2019-03-13 13:26:35 1552483595.71 650 BW 482131 15747
2019-03-13 13:26:35 1552483595.71 650 STREAM_BW 76 93 443376
2019-03-13 13:26:35 1552483595.71 650 CIRC_BW ID=19 READ=61 WRITTEN=626138
2019-03-13 13:26:35 1552483595.71 650 CIRC 29 LAUNCHED BUILD_FLAGS=NEED_CAPACITY PURPOSE=GENERAL TIME_CREATED=2019-03-13T13:26:35.703888
2019-03-13 13:26:35 1552483595.71 650 ORCONN $AC3DAFEDBBA5A78007A5835F4728E2408B094E49~CheenaTorRelay1 LAUNCHED ID=77
2019-03-13 13:26:35 1552483595.71 650 CIRC 7 CLOSED $B4CAFD9CBFB34EC5DAAC146920DC7DFAFE91EA20~netimanmu BUILD_FLAGS=ONEHOP_TUNNEL,IS_INTERNAL,NEED_CAPACITY PURPOSE=GENERAL TIME_CREATED=2019-03-13T13:25:32.909594 REASON=DESTROYED REMOTE_REASON=FINISHED
2019-03-13 13:26:35 1552483595.71 650 CIRC 5 CLOSED $C5115179DEBAF80A0FB59EBDA72A2A44CC4CEDC6~pasiphae BUILD_FLAGS=ONEHOP_TUNNEL,IS_INTERNAL,NEED_CAPACITY PURPOSE=GENERAL TIME_CREATED=2019-03-13T13:25:32.909013 REASON=DESTROYED REMOTE_REASON=FINISHED
2019-03-13 13:26:35 1552483595.71 650 CIRC 10 CLOSED $2096BCFEBB95A1134F39FCF8CEB076FF41A2B48B~freja BUILD_FLAGS=ONEHOP_TUNNEL,IS_INTERNAL,NEED_CAPACITY PURPOSE=GENERAL TIME_CREATED=2019-03-13T13:25:32.910496 REASON=DESTROYED REMOTE_REASON=FINISHED
2019-03-13 13:26:36 1552483596.02 650 ORCONN $AC3DAFEDBBA5A78007A5835F4728E2408B094E49~CheenaTorRelay1 CONNECTED ID=77
2019-03-13 13:26:36 1552483596.11 650 CIRC 29 EXTENDED $AC3DAFEDBBA5A78007A5835F4728E2408B094E49~CheenaTorRelay1 BUILD_FLAGS=NEED_CAPACITY PURPOSE=GENERAL TIME_CREATED=2019-03-13T13:26:35.703888
2019-03-13 13:26:36 1552483596.26 650 CIRC 29 EXTENDED $AC3DAFEDBBA5A78007A5835F4728E2408B094E49~CheenaTorRelay1,$F01B0C11CAB9B58E395874D851E879F76BC7414B~drazisil BUILD_FLAGS=NEED_CAPACITY PURPOSE=GENERAL TIME_CREATED=2019-03-13T13:26:35.703888
2019-03-13 13:26:36 1552483596.47 650 CIRC 29 EXTENDED $AC3DAFEDBBA5A78007A5835F4728E2408B094E49~CheenaTorRelay1,$F01B0C11CAB9B58E395874D851E879F76BC7414B~drazisil,$1F5274BC3BFA8821471A884295126AD48D3C2683~iriseden BUILD_FLAGS=NEED_CAPACITY PURPOSE=GENERAL TIME_CREATED=2019-03-13T13:26:35.703888
2019-03-13 13:26:36 1552483596.47 650 CIRC 29 BUILT $AC3DAFEDBBA5A78007A5835F4728E2408B094E49~CheenaTorRelay1,$F01B0C11CAB9B58E395874D851E879F76BC7414B~drazisil,$1F5274BC3BFA8821471A884295126AD48D3C2683~iriseden BUILD_FLAGS=NEED_CAPACITY PURPOSE=GENERAL TIME_CREATED=2019-03-13T13:26:35.703888
2019-03-13 13:26:36 1552483596.70 650 BW 912401 31268
2019-03-13 13:26:36 1552483596.70 650 STREAM_BW 76 0 761134
2019-03-13 13:26:36 1552483596.70 650 CIRC_BW ID=19 READ=0 WRITTEN=761134
2019-03-13 13:26:37 1552483597.70 650 BW 877354 27693
2019-03-13 13:26:37 1552483597.70 650 STREAM_BW 76 0 830106
2019-03-13 13:26:37 1552483597.70 650 CIRC_BW ID=19 READ=0 WRITTEN=830106
2019-03-13 13:26:37 1552483597.70 650 CIRC 15 CLOSED $DABFBC2B0DDC103E99B45B4FA4A92F37515DF1E8~paulbsd BUILD_FLAGS=ONEHOP_TUNNEL,IS_INTERNAL,NEED_CAPACITY PURPOSE=GENERAL TIME_CREATED=2019-03-13T13:25:32.912102 REASON=DESTROYED REMOTE_REASON=FINISHED
2019-03-13 13:26:37 1552483597.70 650 CIRC 13 CLOSED $E379A6CACEFAFE1B8EA68503BFCFF1215BF1EE7F~hackeriet1 BUILD_FLAGS=ONEHOP_TUNNEL,IS_INTERNAL,NEED_CAPACITY PURPOSE=GENERAL TIME_CREATED=2019-03-13T13:25:32.911527 REASON=DESTROYED REMOTE_REASON=FINISHED
2019-03-13 13:26:38 1552483598.70 650 BW 912268 28236
2019-03-13 13:26:38 1552483598.70 650 STREAM_BW 76 0 907096
2019-03-13 13:26:38 1552483598.70 650 CIRC_BW ID=19 READ=0 WRITTEN=907096
2019-03-13 13:26:39 1552483599.70 650 BW 884502 27693
2019-03-13 13:26:39 1552483599.70 650 STREAM_BW 76 0 849976
2019-03-13 13:26:39 1552483599.70 650 CIRC_BW ID=19 READ=0 WRITTEN=849976
2019-03-13 13:26:40 1552483600.70 650 BW 957044 30408
2019-03-13 13:26:40 1552483600.70 650 STREAM_BW 76 0 875324
2019-03-13 13:26:40 1552483600.70 650 CIRC_BW ID=19 READ=0 WRITTEN=875324
2019-03-13 13:26:40 1552483600.70 650 CIRC 9 CLOSED $CB6115D071E8DE107D560D9ADE4D9E4C1B554A03~Unnamed BUILD_FLAGS=ONEHOP_TUNNEL,IS_INTERNAL,NEED_CAPACITY PURPOSE=GENERAL TIME_CREATED=2019-03-13T13:25:32.910188 REASON=DESTROYED REMOTE_REASON=FINISHED
2019-03-13 13:26:40 1552483600.71 650 CIRC 3 CLOSED $3FACF4C4650A55985672749E57CE3D8263C97623~ChomelesDEionos BUILD_FLAGS=ONEHOP_TUNNEL,IS_INTERNAL,NEED_CAPACITY PURPOSE=GENERAL TIME_CREATED=2019-03-13T13:25:32.908379 REASON=DESTROYED REMOTE_REASON=FINISHED
2019-03-13 13:26:41 1552483601.45 650 STREAM_BW 76 0 574436
2019-03-13 13:26:41 1552483601.45 650 STREAM 76 CLOSED 19 piebohrhsw6cbaks.onion:8080 REASON=END REMOTE_REASON=DONE
2019-03-13 13:26:41 1552483601.45 650 STREAM 78 NEW 0 piebohrhsw6cbaks.onion:8080 SOURCE_ADDR=127.0.0.1:50036 PURPOSE=USER
2019-03-13 13:26:41 1552483601.45 650 STREAM 78 SENTCONNECT 19 piebohrhsw6cbaks.onion:8080
2019-03-13 13:26:41 1552483601.70 650 BW 633908 20634
2019-03-13 13:26:41 1552483601.70 650 STREAM_BW 78 32 2
2019-03-13 13:26:41 1552483601.70 650 CIRC_BW ID=19 READ=0 WRITTEN=1148872
2019-03-13 13:26:41 1552483601.70 650 CIRC 12 CLOSED $2806D9396FEEF3A2D055B341F9D0D7465104639C~NuernbergTor01 BUILD_FLAGS=ONEHOP_TUNNEL,IS_INTERNAL,NEED_CAPACITY PURPOSE=GENERAL TIME_CREATED=2019-03-13T13:25:32.911159 REASON=DESTROYED REMOTE_REASON=FINISHED
2019-03-13 13:26:41 1552483601.74 650 STREAM 78 SUCCEEDED 19 piebohrhsw6cbaks.onion:8080
2019-03-13 13:26:42 1552483602.70 650 BW 576673 18317
2019-03-13 13:26:42 1552483602.70 650 STREAM_BW 78 62 663377
2019-03-13 13:26:42 1552483602.70 650 CIRC_BW ID=19 READ=62 WRITTEN=663377
2019-03-13 13:26:42 1552483602.70 650 CIRC 16 CLOSED $EBF3B467D0F1CB868491E982795CA7C6A094C943~banjo BUILD_FLAGS=ONEHOP_TUNNEL,IS_INTERNAL,NEED_CAPACITY PURPOSE=GENERAL TIME_CREATED=2019-03-13T13:25:32.912370 REASON=DESTROYED REMOTE_REASON=FINISHED
2019-03-13 13:26:42 1552483602.71 650 CIRC 11 CLOSED $EE4AF632058F0734C1426B1AD689F47445CA2056~angeltest7 BUILD_FLAGS=ONEHOP_TUNNEL,IS_INTERNAL,NEED_CAPACITY PURPOSE=GENERAL TIME_CREATED=2019-03-13T13:25:32.910820 REASON=DESTROYED REMOTE_REASON=FINISHED
2019-03-13 13:26:42 1552483602.71 650 CIRC 4 CLOSED $63DE54637F349FD686CF1C036827B5BE826B9F7C~Hydra6 BUILD_FLAGS=ONEHOP_TUNNEL,IS_INTERNAL,NEED_CAPACITY PURPOSE=GENERAL TIME_CREATED=2019-03-13T13:25:32.908692 REASON=DESTROYED REMOTE_REASON=FINISHED
2019-03-13 13:26:43 1552483603.70 650 BW 954770 29575
2019-03-13 13:26:43 1552483603.70 650 STREAM_BW 78 0 822686
2019-03-13 13:26:43 1552483603.70 650 CIRC_BW ID=19 READ=0 WRITTEN=822686
2019-03-13 13:26:43 1552483603.70 650 CIRC 14 CLOSED $F5C3DA7642BB037E0D279359AE88CD7FC03A98A0~FalkensteinTor02 BUILD_FLAGS=ONEHOP_TUNNEL,IS_INTERNAL,NEED_CAPACITY PURPOSE=GENERAL TIME_CREATED=2019-03-13T13:25:32.911832 REASON=DESTROYED REMOTE_REASON=FINISHED
2019-03-13 13:26:44 1552483604.70 650 BW 802408 24717
2019-03-13 13:26:44 1552483604.70 650 STREAM_BW 78 0 785934
2019-03-13 13:26:44 1552483604.70 650 CIRC_BW ID=19 READ=0 WRITTEN=785934
2019-03-13 13:26:45 1552483605.70 650 BW 926812 28945
2019-03-13 13:26:45 1552483605.70 650 STREAM_BW 78 0 887724
2019-03-13 13:26:45 1552483605.70 650 CIRC_BW ID=19 READ=0 WRITTEN=887724
2019-03-13 13:26:46 1552483606.71 650 BW 957450 29546
2019-03-13 13:26:46 1552483606.71 650 STREAM_BW 78 0 910034
2019-03-13 13:26:46 1552483606.71 650 CIRC_BW ID=19 READ=0 WRITTEN=910034
2019-03-13 13:26:46 1552483606.71 650 CIRC 30 LAUNCHED BUILD_FLAGS=NEED_CAPACITY PURPOSE=GENERAL TIME_CREATED=2019-03-13T13:26:46.703407
2019-03-13 13:26:46 1552483606.71 650 ORCONN $9AF8B24D173DE688018A6BDD424FBE90676CCCC6~tagos LAUNCHED ID=79
2019-03-13 13:26:46 1552483606.79 650 ORCONN $9AF8B24D173DE688018A6BDD424FBE90676CCCC6~tagos CONNECTED ID=79
2019-03-13 13:26:46 1552483606.81 650 CIRC 30 EXTENDED $9AF8B24D173DE688018A6BDD424FBE90676CCCC6~tagos BUILD_FLAGS=NEED_CAPACITY PURPOSE=GENERAL TIME_CREATED=2019-03-13T13:26:46.703407
2019-03-13 13:26:46 1552483606.87 650 CIRC 30 EXTENDED $9AF8B24D173DE688018A6BDD424FBE90676CCCC6~tagos,$0E2EEC125A6AC8D5EBF5DB36B776A3DA5510E7A0~Mitsuha BUILD_FLAGS=NEED_CAPACITY PURPOSE=GENERAL TIME_CREATED=2019-03-13T13:26:46.703407
2019-03-13 13:26:46 1552483606.98 650 CIRC 30 EXTENDED $9AF8B24D173DE688018A6BDD424FBE90676CCCC6~tagos,$0E2EEC125A6AC8D5EBF5DB36B776A3DA5510E7A0~Mitsuha,$BC630CBBB518BE7E9F4E09712AB0269E9DC7D626~IPredator BUILD_FLAGS=NEED_CAPACITY PURPOSE=GENERAL TIME_CREATED=2019-03-13T13:26:46.703407
2019-03-13 13:26:46 1552483606.98 650 CIRC 30 BUILT $9AF8B24D173DE688018A6BDD424FBE90676CCCC6~tagos,$0E2EEC125A6AC8D5EBF5DB36B776A3DA5510E7A0~Mitsuha,$BC630CBBB518BE7E9F4E09712AB0269E9DC7D626~IPredator BUILD_FLAGS=NEED_CAPACITY PURPOSE=GENERAL TIME_CREATED=2019-03-13T13:26:46.703407
2019-03-13 13:26:47 1552483607.70 650 BW 815222 27613
2019-03-13 13:26:47 1552483607.70 650 STREAM_BW 78 0 798832
2019-03-13 13:26:47 1552483607.70 650 CIRC_BW ID=19 READ=0 WRITTEN=798832
2019-03-13 13:26:48 1552483608.17 650 STREAM_BW 78 0 373894
2019-03-13 13:26:48 1552483608.17 650 STREAM 78 CLOSED 19 piebohrhsw6cbaks.onion:8080 REASON=END REMOTE_REASON=DONE
2019-03-13 13:26:48 1552483608.17 650 STREAM 80 NEW 0 piebohrhsw6cbaks.onion:8080 SOURCE_ADDR=127.0.0.1:50042 PURPOSE=USER
2019-03-13 13:26:48 1552483608.17 650 STREAM 80 SENTCONNECT 19 piebohrhsw6cbaks.onion:8080
