2019-03-13 13:24:53 1552483493.27 Starting torctl program on host bridge-measure using Tor version 0.2.9.16 (git-9ef571339967c1e5) status=recommended
2019-03-13 13:24:53 1552483493.27 NOTICE BOOTSTRAP PROGRESS=100 TAG=done SUMMARY="Done"
2019-03-13 13:24:53 1552483493.99 650 BW 1058 891
2019-03-13 13:24:53 1552483494.00 650 CIRC 20 LAUNCHED BUILD_FLAGS=IS_INTERNAL,NEED_UPTIME PURPOSE=HS_SERVICE_INTRO HS_STATE=HSSI_CONNECTING TIME_CREATED=2019-03-13T13:24:53.890856
2019-03-13 13:24:53 1552483494.00 650 ORCONN $A6101C5AC0CAC1CE37CE52236E79144A45FF5C80~brenter LAUNCHED ID=58
2019-03-13 13:24:53 1552483494.00 650 CIRC 21 LAUNCHED BUILD_FLAGS=IS_INTERNAL,NEED_UPTIME PURPOSE=HS_SERVICE_INTRO HS_STATE=HSSI_CONNECTING TIME_CREATED=2019-03-13T13:24:53.919525
2019-03-13 13:24:53 1552483494.00 650 ORCONN $4B76C5029CE212082371306B7E7511A5734DEF1D~lehlbauern LAUNCHED ID=59
2019-03-13 13:24:53 1552483494.00 650 CIRC 22 LAUNCHED BUILD_FLAGS=IS_INTERNAL,NEED_UPTIME PURPOSE=HS_SERVICE_INTRO HS_STATE=HSSI_CONNECTING TIME_CREATED=2019-03-13T13:24:53.937884
2019-03-13 13:24:53 1552483494.00 650 ORCONN $35DC5458435AF46E6BE427012C844274B54C7BA3~flowjob04 LAUNCHED ID=60
2019-03-13 13:24:53 1552483494.00 650 CIRC 23 LAUNCHED BUILD_FLAGS=IS_INTERNAL,NEED_UPTIME PURPOSE=HS_SERVICE_INTRO HS_STATE=HSSI_CONNECTING TIME_CREATED=2019-03-13T13:24:53.970613
2019-03-13 13:24:53 1552483494.00 650 ORCONN $0C3D5E19E3C75B505C8ACD26F89DCA2DF970553E~HORUS1 LAUNCHED ID=61
2019-03-13 13:24:53 1552483494.00 650 CIRC 24 LAUNCHED BUILD_FLAGS=IS_INTERNAL,NEED_UPTIME PURPOSE=HS_SERVICE_INTRO HS_STATE=HSSI_CONNECTING TIME_CREATED=2019-03-13T13:24:53.987935
2019-03-13 13:24:53 1552483494.00 650 ORCONN $E37E019AED87250982DF670E4D8D09704DDB44C1~Coderx64 LAUNCHED ID=62
2019-03-13 13:24:53 1552483494.00 650 CIRC 25 LAUNCHED BUILD_FLAGS=IS_INTERNAL,NEED_CAPACITY,NEED_UPTIME PURPOSE=GENERAL TIME_CREATED=2019-03-13T13:24:53.990547
2019-03-13 13:24:53 1552483494.00 650 ORCONN $DB131E7C4CD8807373B95EA2A5C8CF5A2269244E~drazisil LAUNCHED ID=63
2019-03-13 13:24:54 1552483494.05 650 ORCONN $A6101C5AC0CAC1CE37CE52236E79144A45FF5C80~brenter CONNECTED ID=58
2019-03-13 13:24:54 1552483494.07 650 CIRC 20 EXTENDED $A6101C5AC0CAC1CE37CE52236E79144A45FF5C80~brenter BUILD_FLAGS=IS_INTERNAL,NEED_UPTIME PURPOSE=HS_SERVICE_INTRO HS_STATE=HSSI_CONNECTING REND_QUERY=piebohrhsw6cbaks TIME_CREATED=2019-03-13T13:24:53.890856
2019-03-13 13:24:54 1552483494.08 650 ORCONN $DB131E7C4CD8807373B95EA2A5C8CF5A2269244E~drazisil CONNECTED ID=63
2019-03-13 13:24:54 1552483494.09 650 ORCONN $35DC5458435AF46E6BE427012C844274B54C7BA3~flowjob04 CONNECTED ID=60
2019-03-13 13:24:54 1552483494.10 650 ORCONN $0C3D5E19E3C75B505C8ACD26F89DCA2DF970553E~HORUS1 CONNECTED ID=61
2019-03-13 13:24:54 1552483494.11 650 CIRC 25 EXTENDED $DB131E7C4CD8807373B95EA2A5C8CF5A2269244E~drazisil BUILD_FLAGS=IS_INTERNAL,NEED_CAPACITY,NEED_UPTIME PURPOSE=GENERAL TIME_CREATED=2019-03-13T13:24:53.990547
2019-03-13 13:24:54 1552483494.12 650 CIRC 22 EXTENDED $35DC5458435AF46E6BE427012C844274B54C7BA3~flowjob04 BUILD_FLAGS=IS_INTERNAL,NEED_UPTIME PURPOSE=HS_SERVICE_INTRO HS_STATE=HSSI_CONNECTING REND_QUERY=piebohrhsw6cbaks TIME_CREATED=2019-03-13T13:24:53.937884
2019-03-13 13:24:54 1552483494.13 650 ORCONN $4B76C5029CE212082371306B7E7511A5734DEF1D~lehlbauern CONNECTED ID=59
2019-03-13 13:24:54 1552483494.14 650 CIRC 23 EXTENDED $0C3D5E19E3C75B505C8ACD26F89DCA2DF970553E~HORUS1 BUILD_FLAGS=IS_INTERNAL,NEED_UPTIME PURPOSE=HS_SERVICE_INTRO HS_STATE=HSSI_CONNECTING REND_QUERY=piebohrhsw6cbaks TIME_CREATED=2019-03-13T13:24:53.970613
2019-03-13 13:24:54 1552483494.16 650 CIRC 20 EXTENDED $A6101C5AC0CAC1CE37CE52236E79144A45FF5C80~brenter,$763B7D67A6B2D19B3E9EA57D1FBDC48F3B85B559~fenchel BUILD_FLAGS=IS_INTERNAL,NEED_UPTIME PURPOSE=HS_SERVICE_INTRO HS_STATE=HSSI_CONNECTING REND_QUERY=piebohrhsw6cbaks TIME_CREATED=2019-03-13T13:24:53.890856
2019-03-13 13:24:54 1552483494.18 650 CIRC 21 EXTENDED $4B76C5029CE212082371306B7E7511A5734DEF1D~lehlbauern BUILD_FLAGS=IS_INTERNAL,NEED_UPTIME PURPOSE=HS_SERVICE_INTRO HS_STATE=HSSI_CONNECTING REND_QUERY=piebohrhsw6cbaks TIME_CREATED=2019-03-13T13:24:53.919525
2019-03-13 13:24:54 1552483494.18 650 ORCONN $87170E0A9DA0209A4EB653F4E6CA1D64FBA88F23~asshai CONNECTED ID=55
2019-03-13 13:24:54 1552483494.18 650 CIRC 25 EXTENDED $DB131E7C4CD8807373B95EA2A5C8CF5A2269244E~drazisil,$EC82FBE8417C805B1A38FEAD399C9D082B80361D~UseMoaBandwidth2 BUILD_FLAGS=IS_INTERNAL,NEED_CAPACITY,NEED_UPTIME PURPOSE=GENERAL TIME_CREATED=2019-03-13T13:24:53.990547
2019-03-13 13:24:54 1552483494.19 650 CIRC 22 EXTENDED $35DC5458435AF46E6BE427012C844274B54C7BA3~flowjob04,$71352E96D8AD222E03AF404CA0ED6A2AC056F7D8~Goetze BUILD_FLAGS=IS_INTERNAL,NEED_UPTIME PURPOSE=HS_SERVICE_INTRO HS_STATE=HSSI_CONNECTING REND_QUERY=piebohrhsw6cbaks TIME_CREATED=2019-03-13T13:24:53.937884
2019-03-13 13:24:54 1552483494.20 650 CIRC 23 EXTENDED $0C3D5E19E3C75B505C8ACD26F89DCA2DF970553E~HORUS1,$3DCA95587F917F3F212B598731B97BDB85BFEE92~TykRelay04 BUILD_FLAGS=IS_INTERNAL,NEED_UPTIME PURPOSE=HS_SERVICE_INTRO HS_STATE=HSSI_CONNECTING REND_QUERY=piebohrhsw6cbaks TIME_CREATED=2019-03-13T13:24:53.970613
2019-03-13 13:24:54 1552483494.23 650 CIRC 19 EXTENDED $87170E0A9DA0209A4EB653F4E6CA1D64FBA88F23~asshai BUILD_FLAGS=IS_INTERNAL,NEED_CAPACITY,NEED_UPTIME PURPOSE=GENERAL TIME_CREATED=2019-03-13T13:24:52.865163
2019-03-13 13:24:54 1552483494.27 650 CIRC 20 EXTENDED $A6101C5AC0CAC1CE37CE52236E79144A45FF5C80~brenter,$763B7D67A6B2D19B3E9EA57D1FBDC48F3B85B559~fenchel,$C87A458A9C6E2CD2981490C99B18AFE117F620F6~ExplosionTOR BUILD_FLAGS=IS_INTERNAL,NEED_UPTIME PURPOSE=HS_SERVICE_INTRO HS_STATE=HSSI_CONNECTING REND_QUERY=piebohrhsw6cbaks TIME_CREATED=2019-03-13T13:24:53.890856
2019-03-13 13:24:54 1552483494.27 650 CIRC 20 BUILT $A6101C5AC0CAC1CE37CE52236E79144A45FF5C80~brenter,$763B7D67A6B2D19B3E9EA57D1FBDC48F3B85B559~fenchel,$C87A458A9C6E2CD2981490C99B18AFE117F620F6~ExplosionTOR BUILD_FLAGS=IS_INTERNAL,NEED_UPTIME PURPOSE=HS_SERVICE_INTRO HS_STATE=HSSI_CONNECTING REND_QUERY=piebohrhsw6cbaks TIME_CREATED=2019-03-13T13:24:53.890856
2019-03-13 13:24:54 1552483494.27 650 CIRC 22 EXTENDED $35DC5458435AF46E6BE427012C844274B54C7BA3~flowjob04,$71352E96D8AD222E03AF404CA0ED6A2AC056F7D8~Goetze,$66CA5474346F35E375C4D4514C51A540545347EE~ToolspireRelay BUILD_FLAGS=IS_INTERNAL,NEED_UPTIME PURPOSE=HS_SERVICE_INTRO HS_STATE=HSSI_CONNECTING REND_QUERY=piebohrhsw6cbaks TIME_CREATED=2019-03-13T13:24:53.937884
2019-03-13 13:24:54 1552483494.27 650 CIRC 22 BUILT $35DC5458435AF46E6BE427012C844274B54C7BA3~flowjob04,$71352E96D8AD222E03AF404CA0ED6A2AC056F7D8~Goetze,$66CA5474346F35E375C4D4514C51A540545347EE~ToolspireRelay BUILD_FLAGS=IS_INTERNAL,NEED_UPTIME PURPOSE=HS_SERVICE_INTRO HS_STATE=HSSI_CONNECTING REND_QUERY=piebohrhsw6cbaks TIME_CREATED=2019-03-13T13:24:53.937884
2019-03-13 13:24:54 1552483494.27 650 CIRC 21 EXTENDED $4B76C5029CE212082371306B7E7511A5734DEF1D~lehlbauern,$8C94FAB733C8F1E6C1828946DB77699DD9AC63D7~vaseduva BUILD_FLAGS=IS_INTERNAL,NEED_UPTIME PURPOSE=HS_SERVICE_INTRO HS_STATE=HSSI_CONNECTING REND_QUERY=piebohrhsw6cbaks TIME_CREATED=2019-03-13T13:24:53.919525
2019-03-13 13:24:54 1552483494.28 650 CIRC 23 EXTENDED $0C3D5E19E3C75B505C8ACD26F89DCA2DF970553E~HORUS1,$3DCA95587F917F3F212B598731B97BDB85BFEE92~TykRelay04,$4CC3C6926B77D34C0D5235196DC3ED3477077E7F~mani BUILD_FLAGS=IS_INTERNAL,NEED_UPTIME PURPOSE=HS_SERVICE_INTRO HS_STATE=HSSI_CONNECTING REND_QUERY=piebohrhsw6cbaks TIME_CREATED=2019-03-13T13:24:53.970613
2019-03-13 13:24:54 1552483494.28 650 CIRC 23 BUILT $0C3D5E19E3C75B505C8ACD26F89DCA2DF970553E~HORUS1,$3DCA95587F917F3F212B598731B97BDB85BFEE92~TykRelay04,$4CC3C6926B77D34C0D5235196DC3ED3477077E7F~mani BUILD_FLAGS=IS_INTERNAL,NEED_UPTIME PURPOSE=HS_SERVICE_INTRO HS_STATE=HSSI_CONNECTING REND_QUERY=piebohrhsw6cbaks TIME_CREATED=2019-03-13T13:24:53.970613
2019-03-13 13:24:54 1552483494.29 650 ORCONN $E37E019AED87250982DF670E4D8D09704DDB44C1~Coderx64 CONNECTED ID=62
2019-03-13 13:24:54 1552483494.30 650 CIRC 25 EXTENDED $DB131E7C4CD8807373B95EA2A5C8CF5A2269244E~drazisil,$EC82FBE8417C805B1A38FEAD399C9D082B80361D~UseMoaBandwidth2,$71D15B4A7DD9FB70B0E1439F7D350B8FACCFC306~nionyn BUILD_FLAGS=IS_INTERNAL,NEED_CAPACITY,NEED_UPTIME PURPOSE=GENERAL TIME_CREATED=2019-03-13T13:24:53.990547
2019-03-13 13:24:54 1552483494.30 650 CIRC 25 BUILT $DB131E7C4CD8807373B95EA2A5C8CF5A2269244E~drazisil,$EC82FBE8417C805B1A38FEAD399C9D082B80361D~UseMoaBandwidth2,$71D15B4A7DD9FB70B0E1439F7D350B8FACCFC306~nionyn BUILD_FLAGS=IS_INTERNAL,NEED_CAPACITY,NEED_UPTIME PURPOSE=GENERAL TIME_CREATED=2019-03-13T13:24:53.990547
2019-03-13 13:24:54 1552483494.31 650 CIRC 19 EXTENDED $87170E0A9DA0209A4EB653F4E6CA1D64FBA88F23~asshai,$DCC6C70E8F4340CBD633F506BC9E7D99818601D9~eludemailrelay BUILD_FLAGS=IS_INTERNAL,NEED_CAPACITY,NEED_UPTIME PURPOSE=GENERAL TIME_CREATED=2019-03-13T13:24:52.865163
2019-03-13 13:24:54 1552483494.35 650 CIRC_MINOR 22 PURPOSE_CHANGED $35DC5458435AF46E6BE427012C844274B54C7BA3~flowjob04,$71352E96D8AD222E03AF404CA0ED6A2AC056F7D8~Goetze,$66CA5474346F35E375C4D4514C51A540545347EE~ToolspireRelay BUILD_FLAGS=IS_INTERNAL,NEED_UPTIME PURPOSE=HS_SERVICE_INTRO HS_STATE=HSSI_ESTABLISHED REND_QUERY=piebohrhsw6cbaks TIME_CREATED=2019-03-13T13:24:53.937884 OLD_PURPOSE=HS_SERVICE_INTRO OLD_HS_STATE=HSSI_CONNECTING
2019-03-13 13:24:54 1552483494.37 650 CIRC_MINOR 23 PURPOSE_CHANGED $0C3D5E19E3C75B505C8ACD26F89DCA2DF970553E~HORUS1,$3DCA95587F917F3F212B598731B97BDB85BFEE92~TykRelay04,$4CC3C6926B77D34C0D5235196DC3ED3477077E7F~mani BUILD_FLAGS=IS_INTERNAL,NEED_UPTIME PURPOSE=HS_SERVICE_INTRO HS_STATE=HSSI_ESTABLISHED REND_QUERY=piebohrhsw6cbaks TIME_CREATED=2019-03-13T13:24:53.970613 OLD_PURPOSE=HS_SERVICE_INTRO OLD_HS_STATE=HSSI_CONNECTING
2019-03-13 13:24:54 1552483494.37 650 CIRC 24 EXTENDED $E37E019AED87250982DF670E4D8D09704DDB44C1~Coderx64 BUILD_FLAGS=IS_INTERNAL,NEED_UPTIME PURPOSE=HS_SERVICE_INTRO HS_STATE=HSSI_CONNECTING REND_QUERY=piebohrhsw6cbaks TIME_CREATED=2019-03-13T13:24:53.987935
2019-03-13 13:24:54 1552483494.38 650 CIRC_MINOR 20 PURPOSE_CHANGED $A6101C5AC0CAC1CE37CE52236E79144A45FF5C80~brenter,$763B7D67A6B2D19B3E9EA57D1FBDC48F3B85B559~fenchel,$C87A458A9C6E2CD2981490C99B18AFE117F620F6~ExplosionTOR BUILD_FLAGS=IS_INTERNAL,NEED_UPTIME PURPOSE=HS_SERVICE_INTRO HS_STATE=HSSI_ESTABLISHED REND_QUERY=piebohrhsw6cbaks TIME_CREATED=2019-03-13T13:24:53.890856 OLD_PURPOSE=HS_SERVICE_INTRO OLD_HS_STATE=HSSI_CONNECTING
2019-03-13 13:24:54 1552483494.40 650 CIRC 19 EXTENDED $87170E0A9DA0209A4EB653F4E6CA1D64FBA88F23~asshai,$DCC6C70E8F4340CBD633F506BC9E7D99818601D9~eludemailrelay,$5F276A6F7AA74AFB2AF100EADA28C7A6F48BA50F~Planetclaire61 BUILD_FLAGS=IS_INTERNAL,NEED_CAPACITY,NEED_UPTIME PURPOSE=GENERAL TIME_CREATED=2019-03-13T13:24:52.865163
2019-03-13 13:24:54 1552483494.40 650 CIRC 19 BUILT $87170E0A9DA0209A4EB653F4E6CA1D64FBA88F23~asshai,$DCC6C70E8F4340CBD633F506BC9E7D99818601D9~eludemailrelay,$5F276A6F7AA74AFB2AF100EADA28C7A6F48BA50F~Planetclaire61 BUILD_FLAGS=IS_INTERNAL,NEED_CAPACITY,NEED_UPTIME PURPOSE=GENERAL TIME_CREATED=2019-03-13T13:24:52.865163
2019-03-13 13:24:54 1552483494.42 650 CIRC 21 EXTENDED $4B76C5029CE212082371306B7E7511A5734DEF1D~lehlbauern,$8C94FAB733C8F1E6C1828946DB77699DD9AC63D7~vaseduva,$AB71D1C620442BEFFC45D3474272F2B0B30196B2~FsPeterPan2 BUILD_FLAGS=IS_INTERNAL,NEED_UPTIME PURPOSE=HS_SERVICE_INTRO HS_STATE=HSSI_CONNECTING REND_QUERY=piebohrhsw6cbaks TIME_CREATED=2019-03-13T13:24:53.919525
2019-03-13 13:24:54 1552483494.42 650 CIRC 21 BUILT $4B76C5029CE212082371306B7E7511A5734DEF1D~lehlbauern,$8C94FAB733C8F1E6C1828946DB77699DD9AC63D7~vaseduva,$AB71D1C620442BEFFC45D3474272F2B0B30196B2~FsPeterPan2 BUILD_FLAGS=IS_INTERNAL,NEED_UPTIME PURPOSE=HS_SERVICE_INTRO HS_STATE=HSSI_CONNECTING REND_QUERY=piebohrhsw6cbaks TIME_CREATED=2019-03-13T13:24:53.919525
2019-03-13 13:24:54 1552483494.42 650 CIRC_MINOR 21 PURPOSE_CHANGED $4B76C5029CE212082371306B7E7511A5734DEF1D~lehlbauern,$8C94FAB733C8F1E6C1828946DB77699DD9AC63D7~vaseduva,$AB71D1C620442BEFFC45D3474272F2B0B30196B2~FsPeterPan2 BUILD_FLAGS=IS_INTERNAL,NEED_UPTIME PURPOSE=GENERAL REND_QUERY=piebohrhsw6cbaks TIME_CREATED=2019-03-13T13:24:53.919525 OLD_PURPOSE=HS_SERVICE_INTRO OLD_HS_STATE=HSSI_CONNECTING
2019-03-13 13:24:54 1552483494.42 650 CIRC 21 BUILT $4B76C5029CE212082371306B7E7511A5734DEF1D~lehlbauern,$8C94FAB733C8F1E6C1828946DB77699DD9AC63D7~vaseduva,$AB71D1C620442BEFFC45D3474272F2B0B30196B2~FsPeterPan2 BUILD_FLAGS=IS_INTERNAL,NEED_UPTIME PURPOSE=GENERAL TIME_CREATED=2019-03-13T13:24:53.919525
2019-03-13 13:24:54 1552483494.53 650 CIRC 24 EXTENDED $E37E019AED87250982DF670E4D8D09704DDB44C1~Coderx64,$B1045E12FA4EA0D457A74013866CB41DC0D290BF~broccoli BUILD_FLAGS=IS_INTERNAL,NEED_UPTIME PURPOSE=HS_SERVICE_INTRO HS_STATE=HSSI_CONNECTING REND_QUERY=piebohrhsw6cbaks TIME_CREATED=2019-03-13T13:24:53.987935
2019-03-13 13:24:54 1552483494.72 650 CIRC 24 EXTENDED $E37E019AED87250982DF670E4D8D09704DDB44C1~Coderx64,$B1045E12FA4EA0D457A74013866CB41DC0D290BF~broccoli,$547C1CDB516798EC66A01F04A5884DCE1A151919~Tange2LV BUILD_FLAGS=IS_INTERNAL,NEED_UPTIME PURPOSE=HS_SERVICE_INTRO HS_STATE=HSSI_CONNECTING REND_QUERY=piebohrhsw6cbaks TIME_CREATED=2019-03-13T13:24:53.987935
2019-03-13 13:24:54 1552483494.72 650 CIRC 24 BUILT $E37E019AED87250982DF670E4D8D09704DDB44C1~Coderx64,$B1045E12FA4EA0D457A74013866CB41DC0D290BF~broccoli,$547C1CDB516798EC66A01F04A5884DCE1A151919~Tange2LV BUILD_FLAGS=IS_INTERNAL,NEED_UPTIME PURPOSE=HS_SERVICE_INTRO HS_STATE=HSSI_CONNECTING REND_QUERY=piebohrhsw6cbaks TIME_CREATED=2019-03-13T13:24:53.987935
2019-03-13 13:24:54 1552483494.72 650 CIRC_MINOR 24 PURPOSE_CHANGED $E37E019AED87250982DF670E4D8D09704DDB44C1~Coderx64,$B1045E12FA4EA0D457A74013866CB41DC0D290BF~broccoli,$547C1CDB516798EC66A01F04A5884DCE1A151919~Tange2LV BUILD_FLAGS=IS_INTERNAL,NEED_UPTIME PURPOSE=GENERAL REND_QUERY=piebohrhsw6cbaks TIME_CREATED=2019-03-13T13:24:53.987935 OLD_PURPOSE=HS_SERVICE_INTRO OLD_HS_STATE=HSSI_CONNECTING
2019-03-13 13:24:54 1552483494.72 650 CIRC 24 BUILT $E37E019AED87250982DF670E4D8D09704DDB44C1~Coderx64,$B1045E12FA4EA0D457A74013866CB41DC0D290BF~broccoli,$547C1CDB516798EC66A01F04A5884DCE1A151919~Tange2LV BUILD_FLAGS=IS_INTERNAL,NEED_UPTIME PURPOSE=GENERAL TIME_CREATED=2019-03-13T13:24:53.987935
2019-03-13 13:24:54 1552483494.87 650 BW 33846 18757
2019-03-13 13:24:55 1552483495.87 650 BW 0 0
2019-03-13 13:24:56 1552483496.87 650 BW 0 0
2019-03-13 13:24:57 1552483497.87 650 BW 0 0
2019-03-13 13:24:58 1552483498.87 650 BW 0 0
2019-03-13 13:24:59 1552483499.87 650 BW 0 0
2019-03-13 13:25:00 1552483500.87 650 BW 0 0
2019-03-13 13:25:01 1552483501.87 650 BW 0 0
2019-03-13 13:25:02 1552483502.87 650 BW 0 0
2019-03-13 13:25:03 1552483503.87 650 BW 0 0
2019-03-13 13:25:04 1552483504.87 650 BW 0 0
2019-03-13 13:25:04 1552483504.87 650 CIRC 26 LAUNCHED BUILD_FLAGS=NEED_CAPACITY PURPOSE=GENERAL TIME_CREATED=2019-03-13T13:25:04.865413
2019-03-13 13:25:04 1552483504.87 650 ORCONN $E459E02374D0385D2E2515CBBE707EA208966BCF~AsiaArgento LAUNCHED ID=64
2019-03-13 13:25:04 1552483504.97 650 ORCONN $E459E02374D0385D2E2515CBBE707EA208966BCF~AsiaArgento CONNECTED ID=64
2019-03-13 13:25:04 1552483504.99 650 CIRC 26 EXTENDED $E459E02374D0385D2E2515CBBE707EA208966BCF~AsiaArgento BUILD_FLAGS=NEED_CAPACITY PURPOSE=GENERAL TIME_CREATED=2019-03-13T13:25:04.865413
2019-03-13 13:25:05 1552483505.03 650 CIRC 26 EXTENDED $E459E02374D0385D2E2515CBBE707EA208966BCF~AsiaArgento,$B08E51FED96A7A7A6081ACC96299713F3F171B3A~ServbrRome BUILD_FLAGS=NEED_CAPACITY PURPOSE=GENERAL TIME_CREATED=2019-03-13T13:25:04.865413
2019-03-13 13:25:05 1552483505.16 650 CIRC 26 EXTENDED $E459E02374D0385D2E2515CBBE707EA208966BCF~AsiaArgento,$B08E51FED96A7A7A6081ACC96299713F3F171B3A~ServbrRome,$B34CC9056250847D1980F08285B01CF0B718C0B6~CalyxInstitute12 BUILD_FLAGS=NEED_CAPACITY PURPOSE=GENERAL TIME_CREATED=2019-03-13T13:25:04.865413
2019-03-13 13:25:05 1552483505.16 650 CIRC 26 BUILT $E459E02374D0385D2E2515CBBE707EA208966BCF~AsiaArgento,$B08E51FED96A7A7A6081ACC96299713F3F171B3A~ServbrRome,$B34CC9056250847D1980F08285B01CF0B718C0B6~CalyxInstitute12 BUILD_FLAGS=NEED_CAPACITY PURPOSE=GENERAL TIME_CREATED=2019-03-13T13:25:04.865413
2019-03-13 13:25:05 1552483505.87 650 BW 3925 2498
2019-03-13 13:25:06 1552483506.87 650 BW 0 0
2019-03-13 13:25:07 1552483507.87 650 BW 0 0
2019-03-13 13:25:08 1552483508.87 650 BW 0 0
2019-03-13 13:25:09 1552483509.87 650 BW 0 0
2019-03-13 13:25:10 1552483510.87 650 BW 0 0
2019-03-13 13:25:11 1552483511.87 650 BW 0 0
2019-03-13 13:25:12 1552483512.87 650 BW 0 0
2019-03-13 13:25:13 1552483513.87 650 BW 0 0
2019-03-13 13:25:14 1552483514.87 650 BW 0 0
2019-03-13 13:25:15 1552483515.87 650 BW 0 0
2019-03-13 13:25:15 1552483515.87 650 CIRC 27 LAUNCHED BUILD_FLAGS=NEED_CAPACITY PURPOSE=GENERAL TIME_CREATED=2019-03-13T13:25:15.865796
2019-03-13 13:25:15 1552483515.87 650 ORCONN $4CC3C6926B77D34C0D5235196DC3ED3477077E7F~mani LAUNCHED ID=65
2019-03-13 13:25:15 1552483516.00 650 ORCONN $4CC3C6926B77D34C0D5235196DC3ED3477077E7F~mani CONNECTED ID=65
2019-03-13 13:25:16 1552483516.04 650 CIRC 27 EXTENDED $4CC3C6926B77D34C0D5235196DC3ED3477077E7F~mani BUILD_FLAGS=NEED_CAPACITY PURPOSE=GENERAL TIME_CREATED=2019-03-13T13:25:15.865796
2019-03-13 13:25:16 1552483516.09 650 CIRC 27 EXTENDED $4CC3C6926B77D34C0D5235196DC3ED3477077E7F~mani,$103336165A0D2EFCAD3605339843A0A7710B8B92~RelayStation BUILD_FLAGS=NEED_CAPACITY PURPOSE=GENERAL TIME_CREATED=2019-03-13T13:25:15.865796
2019-03-13 13:25:16 1552483516.28 650 CIRC 27 EXTENDED $4CC3C6926B77D34C0D5235196DC3ED3477077E7F~mani,$103336165A0D2EFCAD3605339843A0A7710B8B92~RelayStation,$3F129FB71EB2B019B47403A5552EB2D40E5369F2~niftywoodlemming BUILD_FLAGS=NEED_CAPACITY PURPOSE=GENERAL TIME_CREATED=2019-03-13T13:25:15.865796
2019-03-13 13:25:16 1552483516.28 650 CIRC 27 BUILT $4CC3C6926B77D34C0D5235196DC3ED3477077E7F~mani,$103336165A0D2EFCAD3605339843A0A7710B8B92~RelayStation,$3F129FB71EB2B019B47403A5552EB2D40E5369F2~niftywoodlemming BUILD_FLAGS=NEED_CAPACITY PURPOSE=GENERAL TIME_CREATED=2019-03-13T13:25:15.865796
2019-03-13 13:25:16 1552483516.87 650 BW 4732 2482
2019-03-13 13:25:17 1552483517.87 650 BW 0 0
2019-03-13 13:25:18 1552483518.87 650 BW 0 0
2019-03-13 13:25:19 1552483519.87 650 BW 0 0
2019-03-13 13:25:20 1552483520.87 650 BW 0 0
2019-03-13 13:25:21 1552483521.87 650 BW 0 0
2019-03-13 13:25:22 1552483522.87 650 BW 0 0
2019-03-13 13:25:23 1552483523.87 650 BW 0 0
2019-03-13 13:25:24 1552483524.87 650 BW 0 0
2019-03-13 13:25:25 1552483525.87 650 BW 0 0
2019-03-13 13:25:25 1552483525.87 650 HS_DESC CREATED piebohrhsw6cbaks UNKNOWN UNKNOWN nasp2earnpflzwhufa46ycobar4fug73 REPLICA=0
2019-03-13 13:25:25 1552483525.87 650 HS_DESC CREATED piebohrhsw6cbaks UNKNOWN UNKNOWN c4hgsutiua2upxy5wimhav66hq4e5hgj REPLICA=1
2019-03-13 13:25:25 1552483525.87 650 STREAM 67 NEW 0 200.129.132.18.$684220112E040806735FB47AAAD0C5476DB175CA.exit:9001 PURPOSE=DIR_FETCH
2019-03-13 13:25:25 1552483525.87 650 HS_DESC UPLOAD piebohrhsw6cbaks UNKNOWN $684220112E040806735FB47AAAD0C5476DB175CA~freebfder nasp2earnpflzwhufa46ycobar4fug73
2019-03-13 13:25:25 1552483525.87 650 STREAM 69 NEW 0 192.52.167.70.$6867E951BD7E1AD2EE8ACD6E7E7C7093428720A2.exit:443 PURPOSE=DIR_FETCH
2019-03-13 13:25:25 1552483525.87 650 HS_DESC UPLOAD piebohrhsw6cbaks UNKNOWN $6867E951BD7E1AD2EE8ACD6E7E7C7093428720A2~Unnamed nasp2earnpflzwhufa46ycobar4fug73
2019-03-13 13:25:25 1552483525.87 650 STREAM 71 NEW 0 176.107.82.36.$6879820EB5A3CC2B58E5489592F0798323AE219C.exit:4433 PURPOSE=DIR_FETCH
2019-03-13 13:25:25 1552483525.87 650 HS_DESC UPLOAD piebohrhsw6cbaks UNKNOWN $6879820EB5A3CC2B58E5489592F0798323AE219C~MYNONEEXITRELAY nasp2earnpflzwhufa46ycobar4fug73
2019-03-13 13:25:25 1552483525.87 650 STREAM 73 NEW 0 94.199.173.217.$170EF19C0FA0491DFCEA6E1FB0941670B80506E1.exit:9001 PURPOSE=DIR_FETCH
2019-03-13 13:25:25 1552483525.87 650 HS_DESC UPLOAD piebohrhsw6cbaks UNKNOWN $170EF19C0FA0491DFCEA6E1FB0941670B80506E1~bella9 c4hgsutiua2upxy5wimhav66hq4e5hgj
2019-03-13 13:25:25 1552483525.87 650 STREAM 75 NEW 0 194.55.13.162.$171B71C46314F9BBBDEF73A70F9535CBBF3AFF9A.exit:9001 PURPOSE=DIR_FETCH
2019-03-13 13:25:25 1552483525.87 650 HS_DESC UPLOAD piebohrhsw6cbaks UNKNOWN $171B71C46314F9BBBDEF73A70F9535CBBF3AFF9A~suthernfriend c4hgsutiua2upxy5wimhav66hq4e5hgj
2019-03-13 13:25:25 1552483525.87 650 STREAM 77 NEW 0 144.76.96.7.$172DC95F3245A3304F982DD1C44BFB7813CE2787.exit:9001 PURPOSE=DIR_FETCH
2019-03-13 13:25:25 1552483525.87 650 HS_DESC UPLOAD piebohrhsw6cbaks UNKNOWN $172DC95F3245A3304F982DD1C44BFB7813CE2787~bmwanon4 c4hgsutiua2upxy5wimhav66hq4e5hgj
2019-03-13 13:25:25 1552483525.89 650 CIRC_MINOR 25 CANNIBALIZED $DB131E7C4CD8807373B95EA2A5C8CF5A2269244E~drazisil,$EC82FBE8417C805B1A38FEAD399C9D082B80361D~UseMoaBandwidth2,$71D15B4A7DD9FB70B0E1439F7D350B8FACCFC306~nionyn BUILD_FLAGS=IS_INTERNAL,NEED_CAPACITY,NEED_UPTIME PURPOSE=GENERAL TIME_CREATED=2019-03-13T13:24:53.990547 OLD_PURPOSE=GENERAL OLD_TIME_CREATED=2019-03-13T13:24:54.082024
2019-03-13 13:25:25 1552483525.89 650 CIRC_MINOR 19 CANNIBALIZED $87170E0A9DA0209A4EB653F4E6CA1D64FBA88F23~asshai,$DCC6C70E8F4340CBD633F506BC9E7D99818601D9~eludemailrelay,$5F276A6F7AA74AFB2AF100EADA28C7A6F48BA50F~Planetclaire61 BUILD_FLAGS=IS_INTERNAL,NEED_CAPACITY,NEED_UPTIME PURPOSE=GENERAL TIME_CREATED=2019-03-13T13:24:52.865163 OLD_PURPOSE=GENERAL OLD_TIME_CREATED=2019-03-13T13:24:54.182401
2019-03-13 13:25:25 1552483525.89 650 CIRC 28 LAUNCHED BUILD_FLAGS=IS_INTERNAL,NEED_CAPACITY PURPOSE=GENERAL TIME_CREATED=2019-03-13T13:25:25.871836
2019-03-13 13:25:25 1552483525.89 650 ORCONN $8C94FAB733C8F1E6C1828946DB77699DD9AC63D7~vaseduva LAUNCHED ID=78
2019-03-13 13:25:25 1552483525.89 650 CIRC 29 LAUNCHED BUILD_FLAGS=IS_INTERNAL,NEED_CAPACITY PURPOSE=GENERAL TIME_CREATED=2019-03-13T13:25:25.876344
2019-03-13 13:25:25 1552483525.89 650 ORCONN $D24D0C28AB48768CF8B79DD762D61DB4FD015677~kukuruz LAUNCHED ID=79
2019-03-13 13:25:25 1552483525.89 650 CIRC 30 LAUNCHED BUILD_FLAGS=IS_INTERNAL,NEED_CAPACITY PURPOSE=GENERAL TIME_CREATED=2019-03-13T13:25:25.880539
2019-03-13 13:25:25 1552483525.89 650 ORCONN $D8E4BB7FED74D267829CF3BD45F82C809A5D3792~AMBROOS LAUNCHED ID=80
2019-03-13 13:25:25 1552483525.89 650 CIRC 31 LAUNCHED BUILD_FLAGS=IS_INTERNAL,NEED_CAPACITY PURPOSE=GENERAL TIME_CREATED=2019-03-13T13:25:25.884487
2019-03-13 13:25:25 1552483525.89 650 ORCONN $51800AF38B30ED1454DD74CB412BADCED5F60593~Unnamed LAUNCHED ID=81
2019-03-13 13:25:25 1552483525.97 650 ORCONN $D8E4BB7FED74D267829CF3BD45F82C809A5D3792~AMBROOS CONNECTED ID=80
2019-03-13 13:25:25 1552483525.98 650 ORCONN $8C94FAB733C8F1E6C1828946DB77699DD9AC63D7~vaseduva CONNECTED ID=78
2019-03-13 13:25:25 1552483525.99 650 CIRC 30 EXTENDED $D8E4BB7FED74D267829CF3BD45F82C809A5D3792~AMBROOS BUILD_FLAGS=IS_INTERNAL,NEED_CAPACITY PURPOSE=GENERAL TIME_CREATED=2019-03-13T13:25:25.880539
2019-03-13 13:25:26 1552483526.00 650 CIRC 28 EXTENDED $8C94FAB733C8F1E6C1828946DB77699DD9AC63D7~vaseduva BUILD_FLAGS=IS_INTERNAL,NEED_CAPACITY PURPOSE=GENERAL TIME_CREATED=2019-03-13T13:25:25.871836
2019-03-13 13:25:26 1552483526.03 650 CIRC 30 EXTENDED $D8E4BB7FED74D267829CF3BD45F82C809A5D3792~AMBROOS,$B13642CF19AAAFD0654090CFF616693F92DE2DE8~privacyguardian BUILD_FLAGS=IS_INTERNAL,NEED_CAPACITY PURPOSE=GENERAL TIME_CREATED=2019-03-13T13:25:25.880539
2019-03-13 13:25:26 1552483526.04 650 ORCONN $D24D0C28AB48768CF8B79DD762D61DB4FD015677~kukuruz CONNECTED ID=79
2019-03-13 13:25:26 1552483526.06 650 CIRC 28 EXTENDED $8C94FAB733C8F1E6C1828946DB77699DD9AC63D7~vaseduva,$65EE8924AC3D8A6B7A88E823D2F3527BB773EC8E~colossal BUILD_FLAGS=IS_INTERNAL,NEED_CAPACITY PURPOSE=GENERAL TIME_CREATED=2019-03-13T13:25:25.871836
2019-03-13 13:25:26 1552483526.07 650 ORCONN $51800AF38B30ED1454DD74CB412BADCED5F60593~Unnamed CONNECTED ID=81
2019-03-13 13:25:26 1552483526.10 650 CIRC 29 EXTENDED $D24D0C28AB48768CF8B79DD762D61DB4FD015677~kukuruz BUILD_FLAGS=IS_INTERNAL,NEED_CAPACITY PURPOSE=GENERAL TIME_CREATED=2019-03-13T13:25:25.876344
2019-03-13 13:25:26 1552483526.11 650 CIRC 30 EXTENDED $D8E4BB7FED74D267829CF3BD45F82C809A5D3792~AMBROOS,$B13642CF19AAAFD0654090CFF616693F92DE2DE8~privacyguardian,$C8AF3B160D33DA2BF12DE63A5E2356833C2167D7~DUS002TORS001 BUILD_FLAGS=IS_INTERNAL,NEED_CAPACITY PURPOSE=GENERAL TIME_CREATED=2019-03-13T13:25:25.880539
2019-03-13 13:25:26 1552483526.13 650 CIRC 31 EXTENDED $51800AF38B30ED1454DD74CB412BADCED5F60593~Unnamed BUILD_FLAGS=IS_INTERNAL,NEED_CAPACITY PURPOSE=GENERAL TIME_CREATED=2019-03-13T13:25:25.884487
2019-03-13 13:25:26 1552483526.15 650 CIRC 28 EXTENDED $8C94FAB733C8F1E6C1828946DB77699DD9AC63D7~vaseduva,$65EE8924AC3D8A6B7A88E823D2F3527BB773EC8E~colossal,$33D88F331408141F2A2CC563239E54E48F7A211B~c BUILD_FLAGS=IS_INTERNAL,NEED_CAPACITY PURPOSE=GENERAL TIME_CREATED=2019-03-13T13:25:25.871836
2019-03-13 13:25:26 1552483526.17 650 CIRC 19 EXTENDED $87170E0A9DA0209A4EB653F4E6CA1D64FBA88F23~asshai,$DCC6C70E8F4340CBD633F506BC9E7D99818601D9~eludemailrelay,$5F276A6F7AA74AFB2AF100EADA28C7A6F48BA50F~Planetclaire61,$6867E951BD7E1AD2EE8ACD6E7E7C7093428720A2~Unnamed BUILD_FLAGS=IS_INTERNAL,NEED_CAPACITY,NEED_UPTIME PURPOSE=GENERAL TIME_CREATED=2019-03-13T13:24:52.865163
2019-03-13 13:25:26 1552483526.17 650 CIRC 19 BUILT $87170E0A9DA0209A4EB653F4E6CA1D64FBA88F23~asshai,$DCC6C70E8F4340CBD633F506BC9E7D99818601D9~eludemailrelay,$5F276A6F7AA74AFB2AF100EADA28C7A6F48BA50F~Planetclaire61,$6867E951BD7E1AD2EE8ACD6E7E7C7093428720A2~Unnamed BUILD_FLAGS=IS_INTERNAL,NEED_CAPACITY,NEED_UPTIME PURPOSE=GENERAL TIME_CREATED=2019-03-13T13:24:52.865163
2019-03-13 13:25:26 1552483526.17 650 STREAM 69 SENTCONNECT 19 192.52.167.70.$6867E951BD7E1AD2EE8ACD6E7E7C7093428720A2.exit:443
2019-03-13 13:25:26 1552483526.17 650 CIRC 29 EXTENDED $D24D0C28AB48768CF8B79DD762D61DB4FD015677~kukuruz,$1CB6DB698C49965D3C75A09B8D9EBFDD0E3B5603~kleinbus BUILD_FLAGS=IS_INTERNAL,NEED_CAPACITY PURPOSE=GENERAL TIME_CREATED=2019-03-13T13:25:25.876344
2019-03-13 13:25:26 1552483526.24 650 CIRC 30 EXTENDED $D8E4BB7FED74D267829CF3BD45F82C809A5D3792~AMBROOS,$B13642CF19AAAFD0654090CFF616693F92DE2DE8~privacyguardian,$C8AF3B160D33DA2BF12DE63A5E2356833C2167D7~DUS002TORS001,$171B71C46314F9BBBDEF73A70F9535CBBF3AFF9A~suthernfriend BUILD_FLAGS=IS_INTERNAL,NEED_CAPACITY PURPOSE=GENERAL TIME_CREATED=2019-03-13T13:25:25.880539
2019-03-13 13:25:26 1552483526.24 650 CIRC 30 BUILT $D8E4BB7FED74D267829CF3BD45F82C809A5D3792~AMBROOS,$B13642CF19AAAFD0654090CFF616693F92DE2DE8~privacyguardian,$C8AF3B160D33DA2BF12DE63A5E2356833C2167D7~DUS002TORS001,$171B71C46314F9BBBDEF73A70F9535CBBF3AFF9A~suthernfriend BUILD_FLAGS=IS_INTERNAL,NEED_CAPACITY PURPOSE=GENERAL TIME_CREATED=2019-03-13T13:25:25.880539
2019-03-13 13:25:26 1552483526.24 650 STREAM 75 SENTCONNECT 30 194.55.13.162.$171B71C46314F9BBBDEF73A70F9535CBBF3AFF9A.exit:9001
2019-03-13 13:25:26 1552483526.24 650 CIRC 31 EXTENDED $51800AF38B30ED1454DD74CB412BADCED5F60593~Unnamed,$397FE3841AD4F1FBAD059503EA3708E690A43C5A~Unnamed BUILD_FLAGS=IS_INTERNAL,NEED_CAPACITY PURPOSE=GENERAL TIME_CREATED=2019-03-13T13:25:25.884487
2019-03-13 13:25:26 1552483526.25 650 CIRC 25 EXTENDED $DB131E7C4CD8807373B95EA2A5C8CF5A2269244E~drazisil,$EC82FBE8417C805B1A38FEAD399C9D082B80361D~UseMoaBandwidth2,$71D15B4A7DD9FB70B0E1439F7D350B8FACCFC306~nionyn,$684220112E040806735FB47AAAD0C5476DB175CA~freebfder BUILD_FLAGS=IS_INTERNAL,NEED_CAPACITY,NEED_UPTIME PURPOSE=GENERAL TIME_CREATED=2019-03-13T13:24:53.990547
2019-03-13 13:25:26 1552483526.25 650 CIRC 25 BUILT $DB131E7C4CD8807373B95EA2A5C8CF5A2269244E~drazisil,$EC82FBE8417C805B1A38FEAD399C9D082B80361D~UseMoaBandwidth2,$71D15B4A7DD9FB70B0E1439F7D350B8FACCFC306~nionyn,$684220112E040806735FB47AAAD0C5476DB175CA~freebfder BUILD_FLAGS=IS_INTERNAL,NEED_CAPACITY,NEED_UPTIME PURPOSE=GENERAL TIME_CREATED=2019-03-13T13:24:53.990547
2019-03-13 13:25:26 1552483526.25 650 STREAM 67 SENTCONNECT 25 200.129.132.18.$684220112E040806735FB47AAAD0C5476DB175CA.exit:9001
2019-03-13 13:25:26 1552483526.29 650 CIRC 29 EXTENDED $D24D0C28AB48768CF8B79DD762D61DB4FD015677~kukuruz,$1CB6DB698C49965D3C75A09B8D9EBFDD0E3B5603~kleinbus,$12FD624EE73CEF37137C90D38B2406A66F68FAA2~thanatosCZ BUILD_FLAGS=IS_INTERNAL,NEED_CAPACITY PURPOSE=GENERAL TIME_CREATED=2019-03-13T13:25:25.876344
2019-03-13 13:25:26 1552483526.33 650 CIRC 28 EXTENDED $8C94FAB733C8F1E6C1828946DB77699DD9AC63D7~vaseduva,$65EE8924AC3D8A6B7A88E823D2F3527BB773EC8E~colossal,$33D88F331408141F2A2CC563239E54E48F7A211B~c,$6879820EB5A3CC2B58E5489592F0798323AE219C~MYNONEEXITRELAY BUILD_FLAGS=IS_INTERNAL,NEED_CAPACITY PURPOSE=GENERAL TIME_CREATED=2019-03-13T13:25:25.871836
2019-03-13 13:25:26 1552483526.33 650 CIRC 28 BUILT $8C94FAB733C8F1E6C1828946DB77699DD9AC63D7~vaseduva,$65EE8924AC3D8A6B7A88E823D2F3527BB773EC8E~colossal,$33D88F331408141F2A2CC563239E54E48F7A211B~c,$6879820EB5A3CC2B58E5489592F0798323AE219C~MYNONEEXITRELAY BUILD_FLAGS=IS_INTERNAL,NEED_CAPACITY PURPOSE=GENERAL TIME_CREATED=2019-03-13T13:25:25.871836
2019-03-13 13:25:26 1552483526.33 650 STREAM 71 SENTCONNECT 28 176.107.82.36.$6879820EB5A3CC2B58E5489592F0798323AE219C.exit:4433
2019-03-13 13:25:26 1552483526.35 650 STREAM 75 SUCCEEDED 30 194.55.13.162.$171B71C46314F9BBBDEF73A70F9535CBBF3AFF9A.exit:9001
2019-03-13 13:25:26 1552483526.36 650 CIRC 31 EXTENDED $51800AF38B30ED1454DD74CB412BADCED5F60593~Unnamed,$397FE3841AD4F1FBAD059503EA3708E690A43C5A~Unnamed,$81A42E356C220F084B7EC8AB022EA9B4FE73E649~BigBen BUILD_FLAGS=IS_INTERNAL,NEED_CAPACITY PURPOSE=GENERAL TIME_CREATED=2019-03-13T13:25:25.884487
2019-03-13 13:25:26 1552483526.41 650 STREAM_BW 75 3347 0
2019-03-13 13:25:26 1552483526.41 650 STREAM 75 CLOSED 30 194.55.13.162.$171B71C46314F9BBBDEF73A70F9535CBBF3AFF9A.exit:9001 REASON=END REMOTE_REASON=DONE
2019-03-13 13:25:26 1552483526.41 650 HS_DESC UPLOADED piebohrhsw6cbaks UNKNOWN $171B71C46314F9BBBDEF73A70F9535CBBF3AFF9A~suthernfriend
2019-03-13 13:25:26 1552483526.45 650 CIRC 29 EXTENDED $D24D0C28AB48768CF8B79DD762D61DB4FD015677~kukuruz,$1CB6DB698C49965D3C75A09B8D9EBFDD0E3B5603~kleinbus,$12FD624EE73CEF37137C90D38B2406A66F68FAA2~thanatosCZ,$170EF19C0FA0491DFCEA6E1FB0941670B80506E1~bella9 BUILD_FLAGS=IS_INTERNAL,NEED_CAPACITY PURPOSE=GENERAL TIME_CREATED=2019-03-13T13:25:25.876344
2019-03-13 13:25:26 1552483526.45 650 CIRC 29 BUILT $D24D0C28AB48768CF8B79DD762D61DB4FD015677~kukuruz,$1CB6DB698C49965D3C75A09B8D9EBFDD0E3B5603~kleinbus,$12FD624EE73CEF37137C90D38B2406A66F68FAA2~thanatosCZ,$170EF19C0FA0491DFCEA6E1FB0941670B80506E1~bella9 BUILD_FLAGS=IS_INTERNAL,NEED_CAPACITY PURPOSE=GENERAL TIME_CREATED=2019-03-13T13:25:25.876344
2019-03-13 13:25:26 1552483526.45 650 STREAM 73 SENTCONNECT 29 94.199.173.217.$170EF19C0FA0491DFCEA6E1FB0941670B80506E1.exit:9001
2019-03-13 13:25:26 1552483526.46 650 STREAM 69 SUCCEEDED 19 192.52.167.70.$6867E951BD7E1AD2EE8ACD6E7E7C7093428720A2.exit:443
2019-03-13 13:25:26 1552483526.49 650 CIRC 31 EXTENDED $51800AF38B30ED1454DD74CB412BADCED5F60593~Unnamed,$397FE3841AD4F1FBAD059503EA3708E690A43C5A~Unnamed,$81A42E356C220F084B7EC8AB022EA9B4FE73E649~BigBen,$172DC95F3245A3304F982DD1C44BFB7813CE2787~bmwanon4 BUILD_FLAGS=IS_INTERNAL,NEED_CAPACITY PURPOSE=GENERAL TIME_CREATED=2019-03-13T13:25:25.884487
2019-03-13 13:25:26 1552483526.50 650 CIRC 31 BUILT $51800AF38B30ED1454DD74CB412BADCED5F60593~Unnamed,$397FE3841AD4F1FBAD059503EA3708E690A43C5A~Unnamed,$81A42E356C220F084B7EC8AB022EA9B4FE73E649~BigBen,$172DC95F3245A3304F982DD1C44BFB7813CE2787~bmwanon4 BUILD_FLAGS=IS_INTERNAL,NEED_CAPACITY PURPOSE=GENERAL TIME_CREATED=2019-03-13T13:25:25.884487
2019-03-13 13:25:26 1552483526.50 650 STREAM 77 SENTCONNECT 31 144.76.96.7.$172DC95F3245A3304F982DD1C44BFB7813CE2787.exit:9001
2019-03-13 13:25:26 1552483526.55 650 STREAM 71 SUCCEEDED 28 176.107.82.36.$6879820EB5A3CC2B58E5489592F0798323AE219C.exit:4433
2019-03-13 13:25:26 1552483526.55 650 STREAM_BW 71 3347 0
2019-03-13 13:25:26 1552483526.55 650 STREAM 71 CLOSED 28 176.107.82.36.$6879820EB5A3CC2B58E5489592F0798323AE219C.exit:4433 REASON=END REMOTE_REASON=DONE
2019-03-13 13:25:26 1552483526.55 650 HS_DESC UPLOADED piebohrhsw6cbaks UNKNOWN $6879820EB5A3CC2B58E5489592F0798323AE219C~MYNONEEXITRELAY
2019-03-13 13:25:26 1552483526.60 650 STREAM 73 SUCCEEDED 29 94.199.173.217.$170EF19C0FA0491DFCEA6E1FB0941670B80506E1.exit:9001
2019-03-13 13:25:26 1552483526.61 650 STREAM 67 SUCCEEDED 25 200.129.132.18.$684220112E040806735FB47AAAD0C5476DB175CA.exit:9001
2019-03-13 13:25:26 1552483526.64 650 STREAM_BW 69 3346 0
2019-03-13 13:25:26 1552483526.64 650 STREAM 69 CLOSED 19 192.52.167.70.$6867E951BD7E1AD2EE8ACD6E7E7C7093428720A2.exit:443 REASON=END REMOTE_REASON=DONE
2019-03-13 13:25:26 1552483526.64 650 HS_DESC UPLOADED piebohrhsw6cbaks UNKNOWN $6867E951BD7E1AD2EE8ACD6E7E7C7093428720A2~Unnamed
2019-03-13 13:25:26 1552483526.65 650 STREAM 77 SUCCEEDED 31 144.76.96.7.$172DC95F3245A3304F982DD1C44BFB7813CE2787.exit:9001
2019-03-13 13:25:26 1552483526.71 650 STREAM_BW 73 3348 0
2019-03-13 13:25:26 1552483526.71 650 STREAM 73 CLOSED 29 94.199.173.217.$170EF19C0FA0491DFCEA6E1FB0941670B80506E1.exit:9001 REASON=END REMOTE_REASON=DONE
2019-03-13 13:25:26 1552483526.71 650 HS_DESC UPLOADED piebohrhsw6cbaks UNKNOWN $170EF19C0FA0491DFCEA6E1FB0941670B80506E1~bella9
2019-03-13 13:25:26 1552483526.73 650 STREAM_BW 77 3345 0
2019-03-13 13:25:26 1552483526.73 650 STREAM 77 CLOSED 31 144.76.96.7.$172DC95F3245A3304F982DD1C44BFB7813CE2787.exit:9001 REASON=END REMOTE_REASON=DONE
2019-03-13 13:25:26 1552483526.73 650 HS_DESC UPLOADED piebohrhsw6cbaks UNKNOWN $172DC95F3245A3304F982DD1C44BFB7813CE2787~bmwanon4
2019-03-13 13:25:26 1552483526.87 650 BW 30755 38241
2019-03-13 13:25:26 1552483526.87 650 STREAM_BW 67 3348 0
2019-03-13 13:25:26 1552483526.87 650 CIRC_BW ID=19 READ=3346 WRITTEN=0
2019-03-13 13:25:26 1552483526.87 650 CIRC_BW ID=28 READ=3347 WRITTEN=0
2019-03-13 13:25:26 1552483526.87 650 CIRC_BW ID=29 READ=3348 WRITTEN=0
2019-03-13 13:25:26 1552483526.87 650 CIRC_BW ID=30 READ=3347 WRITTEN=0
2019-03-13 13:25:26 1552483526.87 650 CIRC_BW ID=31 READ=3345 WRITTEN=0
2019-03-13 13:25:26 1552483526.87 650 CIRC 32 LAUNCHED BUILD_FLAGS=IS_INTERNAL,NEED_CAPACITY,NEED_UPTIME PURPOSE=GENERAL TIME_CREATED=2019-03-13T13:25:26.864869
2019-03-13 13:25:26 1552483526.87 650 ORCONN $8B0ADC6533342A94C789937E5F5BBDAF356AF3D9~UseMoaBandwidth LAUNCHED ID=83
2019-03-13 13:25:26 1552483526.97 650 ORCONN $8B0ADC6533342A94C789937E5F5BBDAF356AF3D9~UseMoaBandwidth CONNECTED ID=83
2019-03-13 13:25:27 1552483527.02 650 CIRC 32 EXTENDED $8B0ADC6533342A94C789937E5F5BBDAF356AF3D9~UseMoaBandwidth BUILD_FLAGS=IS_INTERNAL,NEED_CAPACITY,NEED_UPTIME PURPOSE=GENERAL TIME_CREATED=2019-03-13T13:25:26.864869
2019-03-13 13:25:27 1552483527.08 650 CIRC 32 EXTENDED $8B0ADC6533342A94C789937E5F5BBDAF356AF3D9~UseMoaBandwidth,$5BAEAA88480E38F70CF87D3900D9412338116114~DipulseIT1 BUILD_FLAGS=IS_INTERNAL,NEED_CAPACITY,NEED_UPTIME PURPOSE=GENERAL TIME_CREATED=2019-03-13T13:25:26.864869
2019-03-13 13:25:27 1552483527.08 650 STREAM 67 CLOSED 25 200.129.132.18.$684220112E040806735FB47AAAD0C5476DB175CA.exit:9001 REASON=END REMOTE_REASON=DONE
2019-03-13 13:25:27 1552483527.08 650 HS_DESC UPLOADED piebohrhsw6cbaks UNKNOWN $684220112E040806735FB47AAAD0C5476DB175CA~freebfder
2019-03-13 13:25:27 1552483527.16 650 CIRC 32 EXTENDED $8B0ADC6533342A94C789937E5F5BBDAF356AF3D9~UseMoaBandwidth,$5BAEAA88480E38F70CF87D3900D9412338116114~DipulseIT1,$42B4F52C5B11E4D39855F654955425B0D5A0598B~ENiGMA BUILD_FLAGS=IS_INTERNAL,NEED_CAPACITY,NEED_UPTIME PURPOSE=GENERAL TIME_CREATED=2019-03-13T13:25:26.864869
2019-03-13 13:25:27 1552483527.17 650 CIRC 32 BUILT $8B0ADC6533342A94C789937E5F5BBDAF356AF3D9~UseMoaBandwidth,$5BAEAA88480E38F70CF87D3900D9412338116114~DipulseIT1,$42B4F52C5B11E4D39855F654955425B0D5A0598B~ENiGMA BUILD_FLAGS=IS_INTERNAL,NEED_CAPACITY,NEED_UPTIME PURPOSE=GENERAL TIME_CREATED=2019-03-13T13:25:26.864869
2019-03-13 13:25:27 1552483527.86 650 BW 5867 2489
2019-03-13 13:25:28 1552483528.87 650 BW 0 0
2019-03-13 13:25:29 1552483529.86 650 BW 0 0
2019-03-13 13:25:30 1552483530.87 650 BW 0 0
2019-03-13 13:25:31 1552483531.87 650 BW 0 0
2019-03-13 13:25:32 1552483532.87 650 BW 0 0
2019-03-13 13:25:33 1552483533.87 650 BW 0 0
2019-03-13 13:25:34 1552483534.87 650 BW 0 0
2019-03-13 13:25:35 1552483535.87 650 BW 0 0
2019-03-13 13:25:36 1552483536.86 650 BW 0 0
2019-03-13 13:25:37 1552483537.87 650 BW 0 0
2019-03-13 13:25:37 1552483537.87 650 CIRC 33 LAUNCHED BUILD_FLAGS=NEED_CAPACITY PURPOSE=GENERAL TIME_CREATED=2019-03-13T13:25:37.864970
2019-03-13 13:25:37 1552483537.87 650 ORCONN $C818C0EA0BAD90F5432DBA4EE662BCBEC39D2668~DunphysTorRelay LAUNCHED ID=84
2019-03-13 13:25:37 1552483537.98 650 ORCONN $C818C0EA0BAD90F5432DBA4EE662BCBEC39D2668~DunphysTorRelay CONNECTED ID=84
2019-03-13 13:25:38 1552483538.01 650 CIRC 33 EXTENDED $C818C0EA0BAD90F5432DBA4EE662BCBEC39D2668~DunphysTorRelay BUILD_FLAGS=NEED_CAPACITY PURPOSE=GENERAL TIME_CREATED=2019-03-13T13:25:37.864970
2019-03-13 13:25:38 1552483538.09 650 CIRC 33 EXTENDED $C818C0EA0BAD90F5432DBA4EE662BCBEC39D2668~DunphysTorRelay,$ED2338CAC2711B3E331392E1ED2831219B794024~SEC6xFreeBSD64 BUILD_FLAGS=NEED_CAPACITY PURPOSE=GENERAL TIME_CREATED=2019-03-13T13:25:37.864970
2019-03-13 13:25:38 1552483538.24 650 CIRC 33 EXTENDED $C818C0EA0BAD90F5432DBA4EE662BCBEC39D2668~DunphysTorRelay,$ED2338CAC2711B3E331392E1ED2831219B794024~SEC6xFreeBSD64,$F392C1DF9E6BC6CCB15D151BFDF45CED28BE7109~levinson BUILD_FLAGS=NEED_CAPACITY PURPOSE=GENERAL TIME_CREATED=2019-03-13T13:25:37.864970
2019-03-13 13:25:38 1552483538.24 650 CIRC 33 BUILT $C818C0EA0BAD90F5432DBA4EE662BCBEC39D2668~DunphysTorRelay,$ED2338CAC2711B3E331392E1ED2831219B794024~SEC6xFreeBSD64,$F392C1DF9E6BC6CCB15D151BFDF45CED28BE7109~levinson BUILD_FLAGS=NEED_CAPACITY PURPOSE=GENERAL TIME_CREATED=2019-03-13T13:25:37.864970
2019-03-13 13:25:38 1552483538.87 650 BW 4747 2497
2019-03-13 13:25:39 1552483539.87 650 BW 0 0
2019-03-13 13:25:40 1552483540.15 650 CIRC_MINOR 32 PURPOSE_CHANGED $8B0ADC6533342A94C789937E5F5BBDAF356AF3D9~UseMoaBandwidth,$5BAEAA88480E38F70CF87D3900D9412338116114~DipulseIT1,$42B4F52C5B11E4D39855F654955425B0D5A0598B~ENiGMA BUILD_FLAGS=IS_INTERNAL,NEED_CAPACITY,NEED_UPTIME PURPOSE=HS_SERVICE_REND HS_STATE=HSSR_CONNECTING TIME_CREATED=2019-03-13T13:25:26.864869 OLD_PURPOSE=GENERAL
2019-03-13 13:25:40 1552483540.15 650 CIRC_MINOR 32 CANNIBALIZED $8B0ADC6533342A94C789937E5F5BBDAF356AF3D9~UseMoaBandwidth,$5BAEAA88480E38F70CF87D3900D9412338116114~DipulseIT1,$42B4F52C5B11E4D39855F654955425B0D5A0598B~ENiGMA BUILD_FLAGS=IS_INTERNAL,NEED_CAPACITY,NEED_UPTIME PURPOSE=HS_SERVICE_REND HS_STATE=HSSR_CONNECTING TIME_CREATED=2019-03-13T13:25:26.864869 OLD_PURPOSE=GENERAL OLD_TIME_CREATED=2019-03-13T13:25:26.973795
2019-03-13 13:25:40 1552483540.26 650 CIRC 32 EXTENDED $8B0ADC6533342A94C789937E5F5BBDAF356AF3D9~UseMoaBandwidth,$5BAEAA88480E38F70CF87D3900D9412338116114~DipulseIT1,$42B4F52C5B11E4D39855F654955425B0D5A0598B~ENiGMA,$150D5725F3CEDF1EA62DC11FF1E5C66074646691~Unnamed BUILD_FLAGS=IS_INTERNAL,NEED_CAPACITY,NEED_UPTIME PURPOSE=HS_SERVICE_REND HS_STATE=HSSR_CONNECTING REND_QUERY=piebohrhsw6cbaks TIME_CREATED=2019-03-13T13:25:26.864869
2019-03-13 13:25:40 1552483540.26 650 CIRC 32 BUILT $8B0ADC6533342A94C789937E5F5BBDAF356AF3D9~UseMoaBandwidth,$5BAEAA88480E38F70CF87D3900D9412338116114~DipulseIT1,$42B4F52C5B11E4D39855F654955425B0D5A0598B~ENiGMA,$150D5725F3CEDF1EA62DC11FF1E5C66074646691~Unnamed BUILD_FLAGS=IS_INTERNAL,NEED_CAPACITY,NEED_UPTIME PURPOSE=HS_SERVICE_REND HS_STATE=HSSR_CONNECTING REND_QUERY=piebohrhsw6cbaks TIME_CREATED=2019-03-13T13:25:26.864869
2019-03-13 13:25:40 1552483540.26 650 CIRC_MINOR 32 PURPOSE_CHANGED $8B0ADC6533342A94C789937E5F5BBDAF356AF3D9~UseMoaBandwidth,$5BAEAA88480E38F70CF87D3900D9412338116114~DipulseIT1,$42B4F52C5B11E4D39855F654955425B0D5A0598B~ENiGMA,$150D5725F3CEDF1EA62DC11FF1E5C66074646691~Unnamed BUILD_FLAGS=IS_INTERNAL,NEED_CAPACITY,NEED_UPTIME PURPOSE=HS_SERVICE_REND HS_STATE=HSSR_JOINED REND_QUERY=piebohrhsw6cbaks TIME_CREATED=2019-03-13T13:25:26.864869 OLD_PURPOSE=HS_SERVICE_REND OLD_HS_STATE=HSSR_CONNECTING
2019-03-13 13:25:40 1552483540.87 650 BW 2172 260920
2019-03-13 13:25:40 1552483540.87 650 CIRC 34 LAUNCHED BUILD_FLAGS=IS_INTERNAL,NEED_CAPACITY,NEED_UPTIME PURPOSE=GENERAL TIME_CREATED=2019-03-13T13:25:40.864897
2019-03-13 13:25:40 1552483540.87 650 ORCONN $CDD296D8C38EAA6A94242FCF03293E0D6EC4A0D0~echelonmediolan LAUNCHED ID=86
2019-03-13 13:25:41 1552483541.04 650 ORCONN $CDD296D8C38EAA6A94242FCF03293E0D6EC4A0D0~echelonmediolan CONNECTED ID=86
2019-03-13 13:25:41 1552483541.08 650 CIRC 34 EXTENDED $CDD296D8C38EAA6A94242FCF03293E0D6EC4A0D0~echelonmediolan BUILD_FLAGS=IS_INTERNAL,NEED_CAPACITY,NEED_UPTIME PURPOSE=GENERAL TIME_CREATED=2019-03-13T13:25:40.864897
2019-03-13 13:25:41 1552483541.18 650 CIRC 34 EXTENDED $CDD296D8C38EAA6A94242FCF03293E0D6EC4A0D0~echelonmediolan,$855BC2DABE24C861CD887DB9B2E950424B49FC34~Logforme BUILD_FLAGS=IS_INTERNAL,NEED_CAPACITY,NEED_UPTIME PURPOSE=GENERAL TIME_CREATED=2019-03-13T13:25:40.864897
2019-03-13 13:25:41 1552483541.40 650 CIRC 34 EXTENDED $CDD296D8C38EAA6A94242FCF03293E0D6EC4A0D0~echelonmediolan,$855BC2DABE24C861CD887DB9B2E950424B49FC34~Logforme,$61F3A840F61EEFFF682C6243534ECEB09ADFE3B3~throughhere BUILD_FLAGS=IS_INTERNAL,NEED_CAPACITY,NEED_UPTIME PURPOSE=GENERAL TIME_CREATED=2019-03-13T13:25:40.864897
2019-03-13 13:25:41 1552483541.40 650 CIRC 34 BUILT $CDD296D8C38EAA6A94242FCF03293E0D6EC4A0D0~echelonmediolan,$855BC2DABE24C861CD887DB9B2E950424B49FC34~Logforme,$61F3A840F61EEFFF682C6243534ECEB09ADFE3B3~throughhere BUILD_FLAGS=IS_INTERNAL,NEED_CAPACITY,NEED_UPTIME PURPOSE=GENERAL TIME_CREATED=2019-03-13T13:25:40.864897
2019-03-13 13:25:41 1552483541.86 650 BW 25166 702548
2019-03-13 13:25:42 1552483542.86 650 BW 25426 829679
2019-03-13 13:25:43 1552483543.86 650 BW 28539 933494
2019-03-13 13:25:44 1552483544.87 650 BW 26483 855669
2019-03-13 13:25:45 1552483545.87 650 BW 25281 829766
2019-03-13 13:25:46 1552483546.87 650 BW 24282 803776
2019-03-13 13:25:46 1552483546.87 650 CIRC 2 CLOSED $7EA6EAD6FD83083C538F44038BBFA077587DD755~dizum BUILD_FLAGS=ONEHOP_TUNNEL,IS_INTERNAL,NEED_CAPACITY PURPOSE=GENERAL TIME_CREATED=2019-03-13T13:24:44.800067 REASON=FINISHED
2019-03-13 13:25:47 1552483547.86 650 BW 16883 526437
2019-03-13 13:25:48 1552483548.87 650 BW 24767 777844
2019-03-13 13:25:48 1552483548.87 650 CIRC 8 CLOSED $3B5C6ED2C1DECEB32BF1AD9B7B272F4CE9CE0656~billingham BUILD_FLAGS=ONEHOP_TUNNEL,IS_INTERNAL,NEED_CAPACITY PURPOSE=GENERAL TIME_CREATED=2019-03-13T13:24:47.878215 REASON=DESTROYED REMOTE_REASON=FINISHED
2019-03-13 13:25:49 1552483549.87 650 BW 25397 777931
2019-03-13 13:25:49 1552483549.87 650 CIRC 5 CLOSED $ECEB6D5625DBADC146B48253C2DC35CCD58DE07B~Zeta BUILD_FLAGS=ONEHOP_TUNNEL,IS_INTERNAL,NEED_CAPACITY PURPOSE=GENERAL TIME_CREATED=2019-03-13T13:24:47.877364 REASON=DESTROYED REMOTE_REASON=FINISHED
2019-03-13 13:25:49 1552483549.87 650 CIRC 11 CLOSED $F10BDE279AE71515DDCCCC61DC19AC8765F8A3CC~ParkBenchInd001 BUILD_FLAGS=ONEHOP_TUNNEL,IS_INTERNAL,NEED_CAPACITY PURPOSE=GENERAL TIME_CREATED=2019-03-13T13:24:47.879021 REASON=DESTROYED REMOTE_REASON=FINISHED
2019-03-13 13:25:49 1552483549.87 650 CIRC 14 CLOSED $76B4FEDD0696D924A407CFAB50B6E574B28CCDCA~vladimir BUILD_FLAGS=ONEHOP_TUNNEL,IS_INTERNAL,NEED_CAPACITY PURPOSE=GENERAL TIME_CREATED=2019-03-13T13:24:47.879876 REASON=DESTROYED REMOTE_REASON=FINISHED
2019-03-13 13:25:50 1552483550.87 650 BW 27540 881543
2019-03-13 13:25:50 1552483550.87 650 CIRC 7 CLOSED $5935A516784B11A425B6CF82C2740EE53A20C8E7~tOr BUILD_FLAGS=ONEHOP_TUNNEL,IS_INTERNAL,NEED_CAPACITY PURPOSE=GENERAL TIME_CREATED=2019-03-13T13:24:47.877916 REASON=DESTROYED REMOTE_REASON=FINISHED
2019-03-13 13:25:51 1552483551.87 650 BW 30226 959339
2019-03-13 13:25:51 1552483551.88 650 CIRC 35 LAUNCHED BUILD_FLAGS=NEED_CAPACITY PURPOSE=GENERAL TIME_CREATED=2019-03-13T13:25:51.865297
2019-03-13 13:25:51 1552483551.88 650 ORCONN $445A44FA946AC5F0220CA3CAD808D3376ACD737A~DutchRelayDroid LAUNCHED ID=88
2019-03-13 13:25:51 1552483551.88 650 CIRC 3 CLOSED $70CD43F7F15BCAC37DCB13E220DB12504A647A78~Unnamed BUILD_FLAGS=ONEHOP_TUNNEL,IS_INTERNAL,NEED_CAPACITY PURPOSE=GENERAL TIME_CREATED=2019-03-13T13:24:47.876792 REASON=DESTROYED REMOTE_REASON=FINISHED
2019-03-13 13:25:51 1552483551.88 650 CIRC 4 CLOSED $2096BCFEBB95A1134F39FCF8CEB076FF41A2B48B~freja BUILD_FLAGS=ONEHOP_TUNNEL,IS_INTERNAL,NEED_CAPACITY PURPOSE=GENERAL TIME_CREATED=2019-03-13T13:24:47.877067 REASON=DESTROYED REMOTE_REASON=FINISHED
2019-03-13 13:25:52 1552483552.01 650 ORCONN $445A44FA946AC5F0220CA3CAD808D3376ACD737A~DutchRelayDroid CONNECTED ID=88
2019-03-13 13:25:52 1552483552.05 650 CIRC 35 EXTENDED $445A44FA946AC5F0220CA3CAD808D3376ACD737A~DutchRelayDroid BUILD_FLAGS=NEED_CAPACITY PURPOSE=GENERAL TIME_CREATED=2019-03-13T13:25:51.865297
2019-03-13 13:25:52 1552483552.13 650 CIRC 35 EXTENDED $445A44FA946AC5F0220CA3CAD808D3376ACD737A~DutchRelayDroid,$FD8F11C9315A799819882D0E304BF79F2BDAE6B8~Unnamed BUILD_FLAGS=NEED_CAPACITY PURPOSE=GENERAL TIME_CREATED=2019-03-13T13:25:51.865297
2019-03-13 13:25:52 1552483552.27 650 CIRC 35 EXTENDED $445A44FA946AC5F0220CA3CAD808D3376ACD737A~DutchRelayDroid,$FD8F11C9315A799819882D0E304BF79F2BDAE6B8~Unnamed,$47C42E2094EE482E7C9B586B10BABFB67557030B~niftysugarglider BUILD_FLAGS=NEED_CAPACITY PURPOSE=GENERAL TIME_CREATED=2019-03-13T13:25:51.865297
2019-03-13 13:25:52 1552483552.27 650 CIRC 35 BUILT $445A44FA946AC5F0220CA3CAD808D3376ACD737A~DutchRelayDroid,$FD8F11C9315A799819882D0E304BF79F2BDAE6B8~Unnamed,$47C42E2094EE482E7C9B586B10BABFB67557030B~niftysugarglider BUILD_FLAGS=NEED_CAPACITY PURPOSE=GENERAL TIME_CREATED=2019-03-13T13:25:51.865297
2019-03-13 13:25:52 1552483552.87 650 BW 31249 832210
2019-03-13 13:25:52 1552483552.87 650 CIRC 10 CLOSED $670B9EA80B5A647CB33D200C9E424BB657848DC2~GothamsPlanet BUILD_FLAGS=ONEHOP_TUNNEL,IS_INTERNAL,NEED_CAPACITY PURPOSE=GENERAL TIME_CREATED=2019-03-13T13:24:47.878762 REASON=DESTROYED REMOTE_REASON=FINISHED
2019-03-13 13:25:53 1552483553.86 650 BW 29596 959339
2019-03-13 13:25:53 1552483553.87 650 CIRC 15 CLOSED $9285B22F7953D7874604EEE2B470609AD81C74E9~0x3d005 BUILD_FLAGS=ONEHOP_TUNNEL,IS_INTERNAL,NEED_CAPACITY PURPOSE=GENERAL TIME_CREATED=2019-03-13T13:24:47.880164 REASON=DESTROYED REMOTE_REASON=FINISHED
2019-03-13 13:25:54 1552483554.87 650 BW 17397 525322
2019-03-13 13:25:54 1552483554.87 650 CIRC 13 CLOSED $63BF46A63F9C21FD315CD061B3EAA3EB05283A0A~zwiebeltoralf BUILD_FLAGS=ONEHOP_TUNNEL,IS_INTERNAL,NEED_CAPACITY PURPOSE=GENERAL TIME_CREATED=2019-03-13T13:24:47.879605 REASON=DESTROYED REMOTE_REASON=FINISHED
2019-03-13 13:25:55 1552483555.87 650 BW 24282 803805
2019-03-13 13:25:55 1552483555.87 650 CIRC 6 CLOSED $7748BE004DDF4BCF9E9FB0CA15B7C1BC6A900A24~AutonomyCube BUILD_FLAGS=ONEHOP_TUNNEL,IS_INTERNAL,NEED_CAPACITY PURPOSE=GENERAL TIME_CREATED=2019-03-13T13:24:47.877634 REASON=DESTROYED REMOTE_REASON=FINISHED
2019-03-13 13:25:56 1552483556.87 650 BW 30052 959368
2019-03-13 13:25:56 1552483556.87 650 CIRC 12 CLOSED $CDAEBA458F6129776643751934076A51D851C348~jonasBebe BUILD_FLAGS=ONEHOP_TUNNEL,IS_INTERNAL,NEED_CAPACITY PURPOSE=GENERAL TIME_CREATED=2019-03-13T13:24:47.879317 REASON=DESTROYED REMOTE_REASON=FINISHED
2019-03-13 13:25:57 1552483557.87 650 BW 26367 855669
2019-03-13 13:25:58 1552483558.87 650 BW 27453 907417
2019-03-13 13:25:59 1552483559.87 650 BW 27511 881659
2019-03-13 13:25:59 1552483559.87 650 CIRC 9 CLOSED $3DCA95587F917F3F212B598731B97BDB85BFEE92~TykRelay04 BUILD_FLAGS=ONEHOP_TUNNEL,IS_INTERNAL,NEED_CAPACITY PURPOSE=GENERAL TIME_CREATED=2019-03-13T13:24:47.878490 REASON=DESTROYED REMOTE_REASON=FINISHED
2019-03-13 13:26:00 1552483560.86 650 BW 25310 577157
2019-03-13 13:26:01 1552483561.87 650 BW 12771 622824
2019-03-13 13:26:02 1552483562.87 650 BW 26939 881630
2019-03-13 13:26:02 1552483562.87 650 CIRC 36 LAUNCHED BUILD_FLAGS=NEED_CAPACITY PURPOSE=GENERAL TIME_CREATED=2019-03-13T13:26:02.865043
2019-03-13 13:26:02 1552483562.87 650 ORCONN $2269C9905B04530E251186FAD6F56033654E5C99~BizNasty LAUNCHED ID=91
2019-03-13 13:26:02 1552483562.95 650 ORCONN $2269C9905B04530E251186FAD6F56033654E5C99~BizNasty CONNECTED ID=91
2019-03-13 13:26:02 1552483562.98 650 CIRC 36 EXTENDED $2269C9905B04530E251186FAD6F56033654E5C99~BizNasty BUILD_FLAGS=NEED_CAPACITY PURPOSE=GENERAL TIME_CREATED=2019-03-13T13:26:02.865043
2019-03-13 13:26:03 1552483563.03 650 CIRC 36 EXTENDED $2269C9905B04530E251186FAD6F56033654E5C99~BizNasty,$E9F71AC06F29B2110E3FC09016B0E50407444EE2~libertas BUILD_FLAGS=NEED_CAPACITY PURPOSE=GENERAL TIME_CREATED=2019-03-13T13:26:02.865043
2019-03-13 13:26:03 1552483563.12 650 CIRC 36 EXTENDED $2269C9905B04530E251186FAD6F56033654E5C99~BizNasty,$E9F71AC06F29B2110E3FC09016B0E50407444EE2~libertas,$A2534EF23390CAE079B1586F0FDF9CE11F556062~iVPN BUILD_FLAGS=NEED_CAPACITY PURPOSE=GENERAL TIME_CREATED=2019-03-13T13:26:02.865043
2019-03-13 13:26:03 1552483563.12 650 CIRC 36 BUILT $2269C9905B04530E251186FAD6F56033654E5C99~BizNasty,$E9F71AC06F29B2110E3FC09016B0E50407444EE2~libertas,$A2534EF23390CAE079B1586F0FDF9CE11F556062~iVPN BUILD_FLAGS=NEED_CAPACITY PURPOSE=GENERAL TIME_CREATED=2019-03-13T13:26:02.865043
2019-03-13 13:26:03 1552483563.87 650 BW 33293 935919
2019-03-13 13:26:04 1552483564.87 650 BW 25911 855640
2019-03-13 13:26:05 1552483565.87 650 BW 28394 933378
2019-03-13 13:26:06 1552483566.87 650 BW 24166 803892
2019-03-13 13:26:07 1552483567.87 650 BW 22139 447555
2019-03-13 13:26:08 1552483568.87 650 BW 21625 959339
2019-03-13 13:26:09 1552483569.87 650 BW 27540 881601
2019-03-13 13:26:10 1552483570.87 650 BW 28170 933436
2019-03-13 13:26:11 1552483571.87 650 BW 26997 881630
2019-03-13 13:26:12 1552483572.87 650 BW 28083 907446
2019-03-13 13:26:13 1552483573.87 650 BW 28141 907533
2019-03-13 13:26:13 1552483573.87 650 CIRC 37 LAUNCHED BUILD_FLAGS=NEED_CAPACITY PURPOSE=GENERAL TIME_CREATED=2019-03-13T13:26:13.864655
2019-03-13 13:26:13 1552483573.87 650 ORCONN $B5053ABFF845C96B1DD8F45DCF32E6BE1E63F127~Stephen304 LAUNCHED ID=93
2019-03-13 13:26:14 1552483574.24 650 ORCONN $B5053ABFF845C96B1DD8F45DCF32E6BE1E63F127~Stephen304 CONNECTED ID=93
2019-03-13 13:26:14 1552483574.34 650 CIRC 37 EXTENDED $B5053ABFF845C96B1DD8F45DCF32E6BE1E63F127~Stephen304 BUILD_FLAGS=NEED_CAPACITY PURPOSE=GENERAL TIME_CREATED=2019-03-13T13:26:13.864655
2019-03-13 13:26:14 1552483574.54 650 CIRC 37 EXTENDED $B5053ABFF845C96B1DD8F45DCF32E6BE1E63F127~Stephen304,$5FE3E497426DA9205BF4DAE1E4417C1DD6BC03DD~bigfin BUILD_FLAGS=NEED_CAPACITY PURPOSE=GENERAL TIME_CREATED=2019-03-13T13:26:13.864655
2019-03-13 13:26:14 1552483574.77 650 CIRC 37 EXTENDED $B5053ABFF845C96B1DD8F45DCF32E6BE1E63F127~Stephen304,$5FE3E497426DA9205BF4DAE1E4417C1DD6BC03DD~bigfin,$1E075F7966871F8318FA2ECEF42DFEC356A53DEA~itl2 BUILD_FLAGS=NEED_CAPACITY PURPOSE=GENERAL TIME_CREATED=2019-03-13T13:26:13.864655
2019-03-13 13:26:14 1552483574.77 650 CIRC 37 BUILT $B5053ABFF845C96B1DD8F45DCF32E6BE1E63F127~Stephen304,$5FE3E497426DA9205BF4DAE1E4417C1DD6BC03DD~bigfin,$1E075F7966871F8318FA2ECEF42DFEC356A53DEA~itl2 BUILD_FLAGS=NEED_CAPACITY PURPOSE=GENERAL TIME_CREATED=2019-03-13T13:26:13.864655
2019-03-13 13:26:14 1552483574.87 650 BW 21665 527871
2019-03-13 13:26:15 1552483575.87 650 BW 28481 933378
2019-03-13 13:26:16 1552483576.87 650 BW 24282 803689
2019-03-13 13:26:17 1552483577.87 650 BW 26881 881601
2019-03-13 13:26:18 1552483578.87 650 BW 24854 803747
2019-03-13 13:26:19 1552483579.86 650 BW 23196 751970
2019-03-13 13:26:20 1552483580.87 650 BW 22856 751912
2019-03-13 13:26:21 1552483581.86 650 BW 16854 525351
2019-03-13 13:26:22 1552483582.87 650 BW 20655 674145
2019-03-13 13:26:23 1552483583.86 650 BW 25397 829766
2019-03-13 13:26:24 1552483584.87 650 BW 22313 726125
2019-03-13 13:26:24 1552483584.87 650 CIRC 38 LAUNCHED BUILD_FLAGS=NEED_CAPACITY PURPOSE=GENERAL TIME_CREATED=2019-03-13T13:26:24.864916
2019-03-13 13:26:24 1552483584.87 650 ORCONN $33DA0CAB7C27812EFF2E22C9705630A54D101FEB~mullbinde9 LAUNCHED ID=96
2019-03-13 13:26:24 1552483584.97 650 ORCONN $33DA0CAB7C27812EFF2E22C9705630A54D101FEB~mullbinde9 CONNECTED ID=96
2019-03-13 13:26:24 1552483585.00 650 CIRC 38 EXTENDED $33DA0CAB7C27812EFF2E22C9705630A54D101FEB~mullbinde9 BUILD_FLAGS=NEED_CAPACITY PURPOSE=GENERAL TIME_CREATED=2019-03-13T13:26:24.864916
2019-03-13 13:26:25 1552483585.17 650 CIRC 38 EXTENDED $33DA0CAB7C27812EFF2E22C9705630A54D101FEB~mullbinde9,$29A71C82476708936732AFCABE28C895C13FDC76~bassblitzed BUILD_FLAGS=NEED_CAPACITY PURPOSE=GENERAL TIME_CREATED=2019-03-13T13:26:24.864916
2019-03-13 13:26:25 1552483585.50 650 CIRC 38 EXTENDED $33DA0CAB7C27812EFF2E22C9705630A54D101FEB~mullbinde9,$29A71C82476708936732AFCABE28C895C13FDC76~bassblitzed,$71026B999E15ECC0BCCA56B972E210CCA76AD96A~hviv122 BUILD_FLAGS=NEED_CAPACITY PURPOSE=GENERAL TIME_CREATED=2019-03-13T13:26:24.864916
2019-03-13 13:26:25 1552483585.50 650 CIRC 38 BUILT $33DA0CAB7C27812EFF2E22C9705630A54D101FEB~mullbinde9,$29A71C82476708936732AFCABE28C895C13FDC76~bassblitzed,$71026B999E15ECC0BCCA56B972E210CCA76AD96A~hviv122 BUILD_FLAGS=NEED_CAPACITY PURPOSE=GENERAL TIME_CREATED=2019-03-13T13:26:24.864916
2019-03-13 13:26:25 1552483585.87 650 BW 32845 910065
2019-03-13 13:26:26 1552483586.87 650 BW 21741 726096
2019-03-13 13:26:27 1552483587.87 650 BW 28112 907678
2019-03-13 13:26:28 1552483588.87 650 BW 15399 473943
2019-03-13 13:26:29 1552483589.87 650 BW 24195 803689
2019-03-13 13:26:30 1552483590.87 650 BW 29538 959455
2019-03-13 13:26:31 1552483591.87 650 BW 28539 933407
2019-03-13 13:26:32 1552483592.87 650 BW 27902 855756
2019-03-13 13:26:33 1552483593.87 650 BW 26034 907533
2019-03-13 13:26:34 1552483594.87 650 BW 25853 758739
2019-03-13 13:26:35 1552483595.87 650 BW 17455 622824
2019-03-13 13:26:36 1552483596.87 650 BW 25882 855698
2019-03-13 13:26:37 1552483597.87 650 BW 26997 881601
2019-03-13 13:26:38 1552483598.87 650 BW 27540 907446
2019-03-13 13:26:39 1552483599.87 650 BW 27424 881688
2019-03-13 13:26:40 1552483600.87 650 BW 29082 959339
2019-03-13 13:26:41 1552483601.87 650 BW 19627 369759
2019-03-13 13:26:42 1552483602.87 650 BW 18541 829708
2019-03-13 13:26:43 1552483603.87 650 BW 29024 959426
2019-03-13 13:26:44 1552483604.87 650 BW 24311 803805
2019-03-13 13:26:45 1552483605.87 650 BW 28539 933494
2019-03-13 13:26:46 1552483606.87 650 BW 29625 959310
2019-03-13 13:26:47 1552483607.87 650 BW 25455 829737
