2019-03-13 12:47:45 1552481265.71 Starting torctl program on host bridge-measure using Tor version 0.2.9.16 (git-9ef571339967c1e5) status=recommended
2019-03-13 12:47:45 1552481265.71 NOTICE BOOTSTRAP PROGRESS=100 TAG=done SUMMARY="Done"
2019-03-13 12:47:45 1552481265.88 650 BW 44666 3041
2019-03-13 12:47:45 1552481265.88 650 CIRC 21 LAUNCHED BUILD_FLAGS=IS_INTERNAL,NEED_CAPACITY,NEED_UPTIME PURPOSE=GENERAL TIME_CREATED=2019-03-13T12:47:45.874378
2019-03-13 12:47:45 1552481265.88 650 ORCONN $0147AF2E776C3C2035BD2DA937CB56A9D747E1F1~Unnamed LAUNCHED ID=58
2019-03-13 12:47:46 1552481266.01 650 ORCONN $0147AF2E776C3C2035BD2DA937CB56A9D747E1F1~Unnamed CONNECTED ID=58
2019-03-13 12:47:46 1552481266.05 650 CIRC 21 EXTENDED $0147AF2E776C3C2035BD2DA937CB56A9D747E1F1~Unnamed BUILD_FLAGS=IS_INTERNAL,NEED_CAPACITY,NEED_UPTIME PURPOSE=GENERAL TIME_CREATED=2019-03-13T12:47:45.874378
2019-03-13 12:47:46 1552481266.16 650 CIRC 21 EXTENDED $0147AF2E776C3C2035BD2DA937CB56A9D747E1F1~Unnamed,$E19D4503D2FD584C8099A954270A9BC819596E74~Unnamed BUILD_FLAGS=IS_INTERNAL,NEED_CAPACITY,NEED_UPTIME PURPOSE=GENERAL TIME_CREATED=2019-03-13T12:47:45.874378
2019-03-13 12:47:46 1552481266.22 650 STREAM 59 NEW 0 137.50.19.20:8080 SOURCE_ADDR=127.0.0.1:43326 PURPOSE=USER
2019-03-13 12:47:46 1552481266.22 650 STREAM 59 SENTCONNECT 18 137.50.19.20:8080
2019-03-13 12:47:46 1552481266.25 650 CIRC 21 EXTENDED $0147AF2E776C3C2035BD2DA937CB56A9D747E1F1~Unnamed,$E19D4503D2FD584C8099A954270A9BC819596E74~Unnamed,$DA747A670EBE8FF65C796053B00CC1F57D3FC5E4~TheEpTicScal3S BUILD_FLAGS=IS_INTERNAL,NEED_CAPACITY,NEED_UPTIME PURPOSE=GENERAL TIME_CREATED=2019-03-13T12:47:45.874378
2019-03-13 12:47:46 1552481266.25 650 CIRC 21 BUILT $0147AF2E776C3C2035BD2DA937CB56A9D747E1F1~Unnamed,$E19D4503D2FD584C8099A954270A9BC819596E74~Unnamed,$DA747A670EBE8FF65C796053B00CC1F57D3FC5E4~TheEpTicScal3S BUILD_FLAGS=IS_INTERNAL,NEED_CAPACITY,NEED_UPTIME PURPOSE=GENERAL TIME_CREATED=2019-03-13T12:47:45.874378
2019-03-13 12:47:46 1552481266.55 650 STREAM 59 REMAP 18 137.50.19.20:8080 SOURCE=EXIT
2019-03-13 12:47:46 1552481266.55 650 STREAM 59 SUCCEEDED 18 137.50.19.20:8080
2019-03-13 12:47:46 1552481266.88 650 BW 5319 3588
2019-03-13 12:47:46 1552481266.88 650 STREAM_BW 59 74 12
2019-03-13 12:47:46 1552481266.88 650 CIRC_BW ID=18 READ=61 WRITTEN=10
2019-03-13 12:47:46 1552481266.88 650 CIRC 22 LAUNCHED BUILD_FLAGS=NEED_CAPACITY PURPOSE=GENERAL TIME_CREATED=2019-03-13T12:47:46.873774
2019-03-13 12:47:46 1552481266.92 650 CIRC 22 EXTENDED $0147AF2E776C3C2035BD2DA937CB56A9D747E1F1~Unnamed BUILD_FLAGS=NEED_CAPACITY PURPOSE=GENERAL TIME_CREATED=2019-03-13T12:47:46.873774
2019-03-13 12:47:46 1552481266.97 650 CIRC 22 EXTENDED $0147AF2E776C3C2035BD2DA937CB56A9D747E1F1~Unnamed,$DC79C9D75CFD7A91F9232922E05D225CBDCB7703~5efd8dd BUILD_FLAGS=NEED_CAPACITY PURPOSE=GENERAL TIME_CREATED=2019-03-13T12:47:46.873774
2019-03-13 12:47:47 1552481267.12 650 CIRC 22 EXTENDED $0147AF2E776C3C2035BD2DA937CB56A9D747E1F1~Unnamed,$DC79C9D75CFD7A91F9232922E05D225CBDCB7703~5efd8dd,$609E598FB6A00BCF7872906B602B705B64541C50~niftychipmunk BUILD_FLAGS=NEED_CAPACITY PURPOSE=GENERAL TIME_CREATED=2019-03-13T12:47:46.873774
2019-03-13 12:47:47 1552481267.12 650 CIRC 22 BUILT $0147AF2E776C3C2035BD2DA937CB56A9D747E1F1~Unnamed,$DC79C9D75CFD7A91F9232922E05D225CBDCB7703~5efd8dd,$609E598FB6A00BCF7872906B602B705B64541C50~niftychipmunk BUILD_FLAGS=NEED_CAPACITY PURPOSE=GENERAL TIME_CREATED=2019-03-13T12:47:46.873774
2019-03-13 12:47:47 1552481267.87 650 BW 115176 4829
2019-03-13 12:47:47 1552481267.87 650 STREAM_BW 59 0 108146
2019-03-13 12:47:47 1552481267.87 650 CIRC_BW ID=18 READ=0 WRITTEN=108146
2019-03-13 12:47:48 1552481268.87 650 BW 168199 4800
2019-03-13 12:47:48 1552481268.87 650 STREAM_BW 59 0 167450
2019-03-13 12:47:48 1552481268.87 650 CIRC_BW ID=18 READ=0 WRITTEN=167450
2019-03-13 12:47:49 1552481269.87 650 BW 450161 14400
2019-03-13 12:47:49 1552481269.87 650 STREAM_BW 59 0 469116
2019-03-13 12:47:49 1552481269.87 650 CIRC_BW ID=18 READ=0 WRITTEN=469116
2019-03-13 12:47:50 1552481270.87 650 BW 822906 24543
2019-03-13 12:47:50 1552481270.87 650 STREAM_BW 59 0 832656
2019-03-13 12:47:50 1552481270.88 650 CIRC_BW ID=18 READ=0 WRITTEN=832656
2019-03-13 12:47:51 1552481271.87 650 BW 897818 28257
2019-03-13 12:47:51 1552481271.87 650 STREAM_BW 59 0 827676
2019-03-13 12:47:51 1552481271.87 650 CIRC_BW ID=18 READ=0 WRITTEN=827676
2019-03-13 12:47:52 1552481272.87 650 BW 844795 26143
2019-03-13 12:47:52 1552481272.87 650 STREAM_BW 59 0 829668
2019-03-13 12:47:52 1552481272.87 650 CIRC_BW ID=18 READ=0 WRITTEN=829668
2019-03-13 12:47:53 1552481273.87 650 BW 837761 25600
2019-03-13 12:47:53 1552481273.87 650 STREAM_BW 59 0 837138
2019-03-13 12:47:53 1552481273.87 650 CIRC_BW ID=18 READ=0 WRITTEN=837138
2019-03-13 12:47:54 1552481274.87 650 BW 791367 24000
2019-03-13 12:47:54 1552481274.87 650 STREAM_BW 59 0 730566
2019-03-13 12:47:54 1552481274.87 650 CIRC_BW ID=18 READ=0 WRITTEN=730566
2019-03-13 12:47:55 1552481275.51 650 STREAM_BW 59 0 439236
2019-03-13 12:47:55 1552481275.51 650 STREAM 59 CLOSED 18 137.50.19.20:8080 REASON=END REMOTE_REASON=DONE
2019-03-13 12:47:55 1552481275.51 650 STREAM 60 NEW 0 137.50.19.20:8080 SOURCE_ADDR=127.0.0.1:43328 PURPOSE=USER
2019-03-13 12:47:55 1552481275.51 650 STREAM 60 SENTCONNECT 18 137.50.19.20:8080
2019-03-13 12:47:55 1552481275.86 650 STREAM 60 REMAP 18 137.50.19.20:8080 SOURCE=EXIT
2019-03-13 12:47:55 1552481275.86 650 STREAM 60 SUCCEEDED 18 137.50.19.20:8080
2019-03-13 12:47:55 1552481275.87 650 BW 538627 17600
2019-03-13 12:47:55 1552481275.87 650 STREAM_BW 60 74 12
2019-03-13 12:47:55 1552481275.87 650 CIRC_BW ID=18 READ=61 WRITTEN=878482
2019-03-13 12:47:56 1552481276.87 650 BW 297733 9774
2019-03-13 12:47:56 1552481276.87 650 STREAM_BW 60 0 378034
2019-03-13 12:47:56 1552481276.87 650 CIRC_BW ID=18 READ=0 WRITTEN=378034
2019-03-13 12:47:57 1552481277.88 650 BW 661534 20091
2019-03-13 12:47:57 1552481277.88 650 STREAM_BW 60 0 611544
2019-03-13 12:47:57 1552481277.88 650 CIRC_BW ID=18 READ=0 WRITTEN=611544
2019-03-13 12:47:57 1552481277.88 650 CIRC 23 LAUNCHED BUILD_FLAGS=NEED_CAPACITY PURPOSE=GENERAL TIME_CREATED=2019-03-13T12:47:57.874235
2019-03-13 12:47:57 1552481277.88 650 ORCONN $941DDD0D4C49C3C397872275527DC4B192071B69~Unnamed LAUNCHED ID=61
2019-03-13 12:47:58 1552481278.03 650 ORCONN $941DDD0D4C49C3C397872275527DC4B192071B69~Unnamed CONNECTED ID=61
2019-03-13 12:47:58 1552481278.07 650 CIRC 23 EXTENDED $941DDD0D4C49C3C397872275527DC4B192071B69~Unnamed BUILD_FLAGS=NEED_CAPACITY PURPOSE=GENERAL TIME_CREATED=2019-03-13T12:47:57.874235
2019-03-13 12:47:58 1552481278.12 650 CIRC 23 EXTENDED $941DDD0D4C49C3C397872275527DC4B192071B69~Unnamed,$A9B5F04F073DE48CA5216C3343775DAE38CBD150~Unnamed BUILD_FLAGS=NEED_CAPACITY PURPOSE=GENERAL TIME_CREATED=2019-03-13T12:47:57.874235
2019-03-13 12:47:58 1552481278.20 650 CIRC 23 EXTENDED $941DDD0D4C49C3C397872275527DC4B192071B69~Unnamed,$A9B5F04F073DE48CA5216C3343775DAE38CBD150~Unnamed,$1D3174338A1131A53E098443E76E1103CDED00DC~criticalmass BUILD_FLAGS=NEED_CAPACITY PURPOSE=GENERAL TIME_CREATED=2019-03-13T12:47:57.874235
2019-03-13 12:47:58 1552481278.20 650 CIRC 23 BUILT $941DDD0D4C49C3C397872275527DC4B192071B69~Unnamed,$A9B5F04F073DE48CA5216C3343775DAE38CBD150~Unnamed,$1D3174338A1131A53E098443E76E1103CDED00DC~criticalmass BUILD_FLAGS=NEED_CAPACITY PURPOSE=GENERAL TIME_CREATED=2019-03-13T12:47:57.874235
2019-03-13 12:47:58 1552481278.87 650 BW 748817 26394
2019-03-13 12:47:58 1552481278.87 650 STREAM_BW 60 0 748494
2019-03-13 12:47:58 1552481278.87 650 CIRC_BW ID=18 READ=0 WRITTEN=748494
2019-03-13 12:47:59 1552481279.87 650 BW 877880 27693
2019-03-13 12:47:59 1552481279.87 650 STREAM_BW 60 0 781362
2019-03-13 12:47:59 1552481279.87 650 CIRC_BW ID=18 READ=0 WRITTEN=781362
2019-03-13 12:48:00 1552481280.87 650 BW 836457 26064
2019-03-13 12:48:00 1552481280.87 650 STREAM_BW 60 0 839130
2019-03-13 12:48:00 1552481280.87 650 CIRC_BW ID=18 READ=0 WRITTEN=839130
2019-03-13 12:48:01 1552481281.87 650 BW 880988 27693
2019-03-13 12:48:01 1552481281.87 650 STREAM_BW 60 0 845106
2019-03-13 12:48:01 1552481281.87 650 CIRC_BW ID=18 READ=0 WRITTEN=845106
2019-03-13 12:48:02 1552481282.87 650 BW 647414 20091
2019-03-13 12:48:02 1552481282.87 650 STREAM_BW 60 0 594612
2019-03-13 12:48:02 1552481282.87 650 CIRC_BW ID=18 READ=0 WRITTEN=594612
2019-03-13 12:48:03 1552481283.52 650 STREAM_BW 60 0 443718
2019-03-13 12:48:03 1552481283.52 650 STREAM 60 CLOSED 18 137.50.19.20:8080 REASON=END REMOTE_REASON=DONE
2019-03-13 12:48:03 1552481283.52 650 STREAM 62 NEW 0 137.50.19.20:8080 SOURCE_ADDR=127.0.0.1:43332 PURPOSE=USER
2019-03-13 12:48:03 1552481283.52 650 STREAM 62 SENTCONNECT 18 137.50.19.20:8080
2019-03-13 12:48:03 1552481283.87 650 BW 518719 16833
2019-03-13 12:48:03 1552481283.87 650 STREAM_BW 62 13 2
2019-03-13 12:48:03 1552481283.87 650 CIRC_BW ID=18 READ=0 WRITTEN=887436
2019-03-13 12:48:03 1552481283.88 650 STREAM 62 REMAP 18 137.50.19.20:8080 SOURCE=EXIT
2019-03-13 12:48:03 1552481283.88 650 STREAM 62 SUCCEEDED 18 137.50.19.20:8080
2019-03-13 12:48:04 1552481284.87 650 BW 308921 9774
2019-03-13 12:48:04 1552481284.87 650 STREAM_BW 62 61 380286
2019-03-13 12:48:04 1552481284.87 650 CIRC_BW ID=18 READ=61 WRITTEN=380286
2019-03-13 12:48:05 1552481285.87 650 BW 881242 27693
2019-03-13 12:48:05 1552481285.87 650 STREAM_BW 62 0 836640
2019-03-13 12:48:05 1552481285.87 650 CIRC_BW ID=18 READ=0 WRITTEN=836640
2019-03-13 12:48:06 1552481286.87 650 BW 779359 24435
2019-03-13 12:48:06 1552481286.87 650 STREAM_BW 62 0 717618
2019-03-13 12:48:06 1552481286.87 650 CIRC_BW ID=18 READ=0 WRITTEN=717618
2019-03-13 12:48:07 1552481287.87 650 BW 876540 27693
2019-03-13 12:48:07 1552481287.87 650 STREAM_BW 62 0 850584
2019-03-13 12:48:07 1552481287.87 650 CIRC_BW ID=18 READ=0 WRITTEN=850584
2019-03-13 12:48:08 1552481288.88 650 BW 835892 26064
2019-03-13 12:48:08 1552481288.88 650 STREAM_BW 62 0 823194
2019-03-13 12:48:08 1552481288.88 650 CIRC_BW ID=18 READ=0 WRITTEN=823194
2019-03-13 12:48:08 1552481288.88 650 CIRC 24 LAUNCHED BUILD_FLAGS=NEED_CAPACITY PURPOSE=GENERAL TIME_CREATED=2019-03-13T12:48:08.873704
2019-03-13 12:48:08 1552481288.88 650 ORCONN $CD9798DD2706E72DE1D27B3AAD067BCC7667137D~securejabber LAUNCHED ID=63
2019-03-13 12:48:08 1552481288.96 650 ORCONN $CD9798DD2706E72DE1D27B3AAD067BCC7667137D~securejabber CONNECTED ID=63
2019-03-13 12:48:08 1552481288.99 650 CIRC 24 EXTENDED $CD9798DD2706E72DE1D27B3AAD067BCC7667137D~securejabber BUILD_FLAGS=NEED_CAPACITY PURPOSE=GENERAL TIME_CREATED=2019-03-13T12:48:08.873704
2019-03-13 12:48:09 1552481289.05 650 CIRC 24 EXTENDED $CD9798DD2706E72DE1D27B3AAD067BCC7667137D~securejabber,$DA8D76F5F5819693B5C96F499BA19F7404014769~z0rb4l2 BUILD_FLAGS=NEED_CAPACITY PURPOSE=GENERAL TIME_CREATED=2019-03-13T12:48:08.873704
2019-03-13 12:48:09 1552481289.15 650 CIRC 24 EXTENDED $CD9798DD2706E72DE1D27B3AAD067BCC7667137D~securejabber,$DA8D76F5F5819693B5C96F499BA19F7404014769~z0rb4l2,$8C25BA134D579B8AAF420E01215EB2CF06AAE907~DigiGesTor5e4 BUILD_FLAGS=NEED_CAPACITY PURPOSE=GENERAL TIME_CREATED=2019-03-13T12:48:08.873704
2019-03-13 12:48:09 1552481289.15 650 CIRC 24 BUILT $CD9798DD2706E72DE1D27B3AAD067BCC7667137D~securejabber,$DA8D76F5F5819693B5C96F499BA19F7404014769~z0rb4l2,$8C25BA134D579B8AAF420E01215EB2CF06AAE907~DigiGesTor5e4 BUILD_FLAGS=NEED_CAPACITY PURPOSE=GENERAL TIME_CREATED=2019-03-13T12:48:08.873704
2019-03-13 12:48:09 1552481289.87 650 BW 895940 30739
2019-03-13 12:48:09 1552481289.87 650 STREAM_BW 62 0 870006
2019-03-13 12:48:09 1552481289.87 650 CIRC_BW ID=18 READ=0 WRITTEN=870006
2019-03-13 12:48:10 1552481290.87 650 BW 872523 27150
2019-03-13 12:48:10 1552481290.87 650 STREAM_BW 62 0 762438
2019-03-13 12:48:10 1552481290.87 650 CIRC_BW ID=18 READ=0 WRITTEN=762438
2019-03-13 12:48:10 1552481290.95 650 STREAM 62 CLOSED 18 137.50.19.20:8080 REASON=END REMOTE_REASON=DONE
2019-03-13 12:48:10 1552481290.95 650 STREAM 64 NEW 0 137.50.19.20:8080 SOURCE_ADDR=127.0.0.1:43336 PURPOSE=USER
2019-03-13 12:48:10 1552481290.95 650 STREAM 64 SENTCONNECT 18 137.50.19.20:8080
2019-03-13 12:48:11 1552481291.39 650 STREAM 64 REMAP 18 137.50.19.20:8080 SOURCE=EXIT
2019-03-13 12:48:11 1552481291.39 650 STREAM 64 SUCCEEDED 18 137.50.19.20:8080
2019-03-13 12:48:11 1552481291.87 650 BW 31185 2172
2019-03-13 12:48:11 1552481291.87 650 STREAM_BW 64 74 24146
2019-03-13 12:48:11 1552481291.87 650 CIRC_BW ID=18 READ=61 WRITTEN=24144
2019-03-13 12:48:12 1552481292.87 650 BW 722132 22429
2019-03-13 12:48:12 1552481292.87 650 STREAM_BW 64 0 753986
2019-03-13 12:48:12 1552481292.87 650 CIRC_BW ID=18 READ=0 WRITTEN=753986
2019-03-13 12:48:13 1552481293.87 650 BW 744093 22400
2019-03-13 12:48:13 1552481293.88 650 STREAM_BW 64 0 718614
2019-03-13 12:48:13 1552481293.88 650 CIRC_BW ID=18 READ=0 WRITTEN=718614
2019-03-13 12:48:14 1552481294.87 650 BW 812117 25629
2019-03-13 12:48:14 1552481294.87 650 STREAM_BW 64 0 792318
2019-03-13 12:48:14 1552481294.87 650 CIRC_BW ID=18 READ=0 WRITTEN=792318
2019-03-13 12:48:15 1552481295.87 650 BW 825886 25600
2019-03-13 12:48:15 1552481295.87 650 STREAM_BW 64 0 792816
2019-03-13 12:48:15 1552481295.87 650 CIRC_BW ID=18 READ=0 WRITTEN=792816
2019-03-13 12:48:16 1552481296.87 650 BW 824286 24543
2019-03-13 12:48:16 1552481296.87 650 STREAM_BW 64 0 789828
2019-03-13 12:48:16 1552481296.87 650 CIRC_BW ID=18 READ=0 WRITTEN=789828
2019-03-13 12:48:17 1552481297.87 650 BW 839366 26657
2019-03-13 12:48:17 1552481297.87 650 STREAM_BW 64 0 806760
2019-03-13 12:48:17 1552481297.87 650 CIRC_BW ID=18 READ=0 WRITTEN=806760
2019-03-13 12:48:18 1552481298.75 650 STREAM_BW 64 0 562740
2019-03-13 12:48:18 1552481298.75 650 STREAM 64 CLOSED 18 137.50.19.20:8080 REASON=END REMOTE_REASON=DONE
2019-03-13 12:48:18 1552481298.75 650 STREAM 65 NEW 0 137.50.19.20:8080 SOURCE_ADDR=127.0.0.1:43338 PURPOSE=USER
2019-03-13 12:48:18 1552481298.75 650 STREAM 65 SENTCONNECT 18 137.50.19.20:8080
2019-03-13 12:48:18 1552481298.87 650 BW 686228 21401
2019-03-13 12:48:18 1552481298.87 650 STREAM_BW 65 13 2
2019-03-13 12:48:18 1552481298.87 650 CIRC_BW ID=18 READ=0 WRITTEN=1125480
2019-03-13 12:48:19 1552481299.15 650 STREAM 65 REMAP 18 137.50.19.20:8080 SOURCE=EXIT
2019-03-13 12:48:19 1552481299.15 650 STREAM 65 SUCCEEDED 18 137.50.19.20:8080
2019-03-13 12:48:19 1552481299.88 650 BW 91921 3258
2019-03-13 12:48:19 1552481299.88 650 STREAM_BW 65 61 131550
2019-03-13 12:48:19 1552481299.88 650 CIRC_BW ID=18 READ=61 WRITTEN=131550
2019-03-13 12:48:19 1552481299.88 650 CIRC 25 LAUNCHED BUILD_FLAGS=NEED_CAPACITY PURPOSE=GENERAL TIME_CREATED=2019-03-13T12:48:19.874031
2019-03-13 12:48:19 1552481299.88 650 ORCONN $FBC2856A48705F3ED17E504F8FC89EC6433ED25D~BraveGiza LAUNCHED ID=66
2019-03-13 12:48:20 1552481300.45 650 ORCONN $FBC2856A48705F3ED17E504F8FC89EC6433ED25D~BraveGiza CONNECTED ID=66
2019-03-13 12:48:20 1552481300.59 650 CIRC 25 EXTENDED $FBC2856A48705F3ED17E504F8FC89EC6433ED25D~BraveGiza BUILD_FLAGS=NEED_CAPACITY PURPOSE=GENERAL TIME_CREATED=2019-03-13T12:48:19.874031
2019-03-13 12:48:20 1552481300.81 650 CIRC 25 EXTENDED $FBC2856A48705F3ED17E504F8FC89EC6433ED25D~BraveGiza,$023EBBC57BEB7F45473B3DC2AA811FB3AABA4466~tconionrelay BUILD_FLAGS=NEED_CAPACITY PURPOSE=GENERAL TIME_CREATED=2019-03-13T12:48:19.874031
2019-03-13 12:48:20 1552481300.87 650 BW 778503 26381
2019-03-13 12:48:20 1552481300.87 650 STREAM_BW 65 0 783238
2019-03-13 12:48:20 1552481300.87 650 CIRC_BW ID=18 READ=0 WRITTEN=783238
2019-03-13 12:48:21 1552481301.08 650 CIRC 25 EXTENDED $FBC2856A48705F3ED17E504F8FC89EC6433ED25D~BraveGiza,$023EBBC57BEB7F45473B3DC2AA811FB3AABA4466~tconionrelay,$8370FC4C190D0020FA594D8232DFE34B5B30AF05~McCormickRecipes BUILD_FLAGS=NEED_CAPACITY PURPOSE=GENERAL TIME_CREATED=2019-03-13T12:48:19.874031
2019-03-13 12:48:21 1552481301.08 650 CIRC 25 BUILT $FBC2856A48705F3ED17E504F8FC89EC6433ED25D~BraveGiza,$023EBBC57BEB7F45473B3DC2AA811FB3AABA4466~tconionrelay,$8370FC4C190D0020FA594D8232DFE34B5B30AF05~McCormickRecipes BUILD_FLAGS=NEED_CAPACITY PURPOSE=GENERAL TIME_CREATED=2019-03-13T12:48:19.874031
2019-03-13 12:48:21 1552481301.87 650 BW 819477 25521
2019-03-13 12:48:21 1552481301.87 650 STREAM_BW 65 0 819210
2019-03-13 12:48:21 1552481301.87 650 CIRC_BW ID=18 READ=0 WRITTEN=819210
2019-03-13 12:48:22 1552481302.87 650 BW 888595 28236
2019-03-13 12:48:22 1552481302.87 650 STREAM_BW 65 0 777378
2019-03-13 12:48:22 1552481302.87 650 CIRC_BW ID=18 READ=0 WRITTEN=777378
2019-03-13 12:48:23 1552481303.87 650 BW 828554 26064
2019-03-13 12:48:23 1552481303.87 650 STREAM_BW 65 0 806760
2019-03-13 12:48:23 1552481303.87 650 CIRC_BW ID=18 READ=0 WRITTEN=806760
2019-03-13 12:48:24 1552481304.87 650 BW 769391 23892
2019-03-13 12:48:24 1552481304.87 650 STREAM_BW 65 0 756462
2019-03-13 12:48:24 1552481304.88 650 CIRC_BW ID=18 READ=0 WRITTEN=756462
2019-03-13 12:48:25 1552481305.87 650 BW 782798 24435
2019-03-13 12:48:25 1552481305.88 650 STREAM_BW 65 0 765924
2019-03-13 12:48:25 1552481305.88 650 CIRC_BW ID=18 READ=0 WRITTEN=765924
2019-03-13 12:48:26 1552481306.49 650 STREAM_BW 65 0 400890
2019-03-13 12:48:26 1552481306.49 650 STREAM 65 CLOSED 18 137.50.19.20:8080 REASON=END REMOTE_REASON=DONE
2019-03-13 12:48:26 1552481306.49 650 STREAM 67 NEW 0 137.50.19.20:8080 SOURCE_ADDR=127.0.0.1:43342 PURPOSE=USER
2019-03-13 12:48:26 1552481306.49 650 STREAM 67 SENTCONNECT 18 137.50.19.20:8080
2019-03-13 12:48:26 1552481306.87 650 BW 510487 16833
2019-03-13 12:48:26 1552481306.87 650 STREAM_BW 67 13 2
2019-03-13 12:48:26 1552481306.87 650 CIRC_BW ID=18 READ=0 WRITTEN=801780
2019-03-13 12:48:26 1552481306.90 650 STREAM 67 REMAP 18 137.50.19.20:8080 SOURCE=EXIT
2019-03-13 12:48:26 1552481306.90 650 STREAM 67 SUCCEEDED 18 137.50.19.20:8080
2019-03-13 12:48:27 1552481307.88 650 BW 319460 10317
2019-03-13 12:48:27 1552481307.88 650 STREAM_BW 67 61 368708
2019-03-13 12:48:27 1552481307.88 650 CIRC_BW ID=18 READ=61 WRITTEN=368708
2019-03-13 12:48:28 1552481308.87 650 BW 895290 28236
2019-03-13 12:48:28 1552481308.87 650 STREAM_BW 67 0 871998
2019-03-13 12:48:28 1552481308.87 650 CIRC_BW ID=18 READ=0 WRITTEN=871998
2019-03-13 12:48:29 1552481309.87 650 BW 879847 27693
2019-03-13 12:48:29 1552481309.87 650 STREAM_BW 67 0 822696
2019-03-13 12:48:29 1552481309.87 650 CIRC_BW ID=18 READ=0 WRITTEN=822696
2019-03-13 12:48:30 1552481310.88 650 BW 810591 24978
2019-03-13 12:48:30 1552481310.88 650 STREAM_BW 67 0 832158
2019-03-13 12:48:30 1552481310.88 650 CIRC_BW ID=18 READ=0 WRITTEN=832158
2019-03-13 12:48:30 1552481310.88 650 CIRC 26 LAUNCHED BUILD_FLAGS=NEED_CAPACITY PURPOSE=GENERAL TIME_CREATED=2019-03-13T12:48:30.874106
2019-03-13 12:48:30 1552481310.88 650 ORCONN $3B4C5729F829CA2E895B81AF834A63DB336D0FFE~FissionEx4 LAUNCHED ID=68
2019-03-13 12:48:31 1552481311.24 650 ORCONN $3B4C5729F829CA2E895B81AF834A63DB336D0FFE~FissionEx4 CONNECTED ID=68
2019-03-13 12:48:31 1552481311.34 650 CIRC 26 EXTENDED $3B4C5729F829CA2E895B81AF834A63DB336D0FFE~FissionEx4 BUILD_FLAGS=NEED_CAPACITY PURPOSE=GENERAL TIME_CREATED=2019-03-13T12:48:30.874106
2019-03-13 12:48:31 1552481311.52 650 CIRC 26 EXTENDED $3B4C5729F829CA2E895B81AF834A63DB336D0FFE~FissionEx4,$EEDF0AF1F892C82F056063827B47283CC9AEAA41~Tommy69 BUILD_FLAGS=NEED_CAPACITY PURPOSE=GENERAL TIME_CREATED=2019-03-13T12:48:30.874106
2019-03-13 12:48:31 1552481311.74 650 CIRC 26 EXTENDED $3B4C5729F829CA2E895B81AF834A63DB336D0FFE~FissionEx4,$EEDF0AF1F892C82F056063827B47283CC9AEAA41~Tommy69,$8CF987FF43FB7F3D9AA4C4F3D96FFDF247A9A6C2~zucchini BUILD_FLAGS=NEED_CAPACITY PURPOSE=GENERAL TIME_CREATED=2019-03-13T12:48:30.874106
2019-03-13 12:48:31 1552481311.74 650 CIRC 26 BUILT $3B4C5729F829CA2E895B81AF834A63DB336D0FFE~FissionEx4,$EEDF0AF1F892C82F056063827B47283CC9AEAA41~Tommy69,$8CF987FF43FB7F3D9AA4C4F3D96FFDF247A9A6C2~zucchini BUILD_FLAGS=NEED_CAPACITY PURPOSE=GENERAL TIME_CREATED=2019-03-13T12:48:30.874106
2019-03-13 12:48:31 1552481311.88 650 BW 884995 30190
2019-03-13 12:48:31 1552481311.88 650 STREAM_BW 67 0 836142
2019-03-13 12:48:31 1552481311.88 650 CIRC_BW ID=18 READ=0 WRITTEN=836142
2019-03-13 12:48:32 1552481312.87 650 BW 673834 21177
2019-03-13 12:48:32 1552481312.87 650 STREAM_BW 67 0 643416
2019-03-13 12:48:32 1552481312.87 650 CIRC_BW ID=18 READ=0 WRITTEN=643416
2019-03-13 12:48:33 1552481313.87 650 BW 725375 22806
2019-03-13 12:48:33 1552481313.87 650 STREAM_BW 67 0 685248
2019-03-13 12:48:33 1552481313.87 650 CIRC_BW ID=18 READ=0 WRITTEN=685248
2019-03-13 12:48:34 1552481314.12 650 STREAM_BW 67 0 181272
2019-03-13 12:48:34 1552481314.12 650 STREAM 67 CLOSED 18 137.50.19.20:8080 REASON=END REMOTE_REASON=DONE
2019-03-13 12:48:34 1552481314.12 650 STREAM 69 NEW 0 137.50.19.20:8080 SOURCE_ADDR=127.0.0.1:43346 PURPOSE=USER
2019-03-13 12:48:34 1552481314.12 650 STREAM 69 SENTCONNECT 18 137.50.19.20:8080
2019-03-13 12:48:34 1552481314.60 650 STREAM 69 REMAP 18 137.50.19.20:8080 SOURCE=EXIT
2019-03-13 12:48:34 1552481314.60 650 STREAM 69 SUCCEEDED 18 137.50.19.20:8080
2019-03-13 12:48:34 1552481314.87 650 BW 279921 10317
2019-03-13 12:48:34 1552481314.87 650 STREAM_BW 69 74 12
2019-03-13 12:48:34 1552481314.87 650 CIRC_BW ID=18 READ=61 WRITTEN=362554
2019-03-13 12:48:35 1552481315.87 650 BW 499944 15117
2019-03-13 12:48:35 1552481315.87 650 STREAM_BW 69 0 587456
2019-03-13 12:48:35 1552481315.87 650 CIRC_BW ID=18 READ=0 WRITTEN=587456
2019-03-13 12:48:36 1552481316.87 650 BW 813083 25289
2019-03-13 12:48:36 1552481316.87 650 STREAM_BW 69 0 766422
2019-03-13 12:48:36 1552481316.87 650 CIRC_BW ID=18 READ=0 WRITTEN=766422
2019-03-13 12:48:37 1552481317.87 650 BW 734009 22690
2019-03-13 12:48:37 1552481317.87 650 STREAM_BW 69 0 733554
2019-03-13 12:48:37 1552481317.88 650 CIRC_BW ID=18 READ=0 WRITTEN=733554
2019-03-13 12:48:38 1552481318.87 650 BW 747587 23262
2019-03-13 12:48:38 1552481318.87 650 STREAM_BW 69 0 619014
2019-03-13 12:48:38 1552481318.87 650 CIRC_BW ID=18 READ=0 WRITTEN=619014
2019-03-13 12:48:39 1552481319.87 650 BW 878075 27606
2019-03-13 12:48:39 1552481319.87 650 STREAM_BW 69 0 851082
2019-03-13 12:48:39 1552481319.88 650 CIRC_BW ID=18 READ=0 WRITTEN=851082
2019-03-13 12:48:40 1552481320.87 650 BW 808841 25347
2019-03-13 12:48:40 1552481320.87 650 STREAM_BW 69 0 846600
2019-03-13 12:48:40 1552481320.87 650 CIRC_BW ID=18 READ=0 WRITTEN=846600
2019-03-13 12:48:40 1552481320.88 650 CIRC 2 CLOSED $CF6D0AAFB385BE71B8E111FC5CFF4B47923733BC~Faravahar BUILD_FLAGS=ONEHOP_TUNNEL,IS_INTERNAL,NEED_CAPACITY PURPOSE=GENERAL TIME_CREATED=2019-03-13T12:47:38.765766 REASON=FINISHED
2019-03-13 12:48:41 1552481321.88 650 BW 855631 27005
2019-03-13 12:48:41 1552481321.88 650 STREAM_BW 69 0 768414
2019-03-13 12:48:41 1552481321.88 650 CIRC_BW ID=18 READ=0 WRITTEN=768414
2019-03-13 12:48:41 1552481321.88 650 CIRC 27 LAUNCHED BUILD_FLAGS=NEED_CAPACITY PURPOSE=GENERAL TIME_CREATED=2019-03-13T12:48:41.873582
2019-03-13 12:48:41 1552481321.88 650 ORCONN $2269C9905B04530E251186FAD6F56033654E5C99~BizNasty LAUNCHED ID=70
2019-03-13 12:48:41 1552481321.88 650 CIRC 3 CLOSED $AFFD147DBCC065A5CEF7258BC1367CC35855A431~Yahta4ee BUILD_FLAGS=ONEHOP_TUNNEL,IS_INTERNAL,NEED_CAPACITY PURPOSE=GENERAL TIME_CREATED=2019-03-13T12:47:40.550751 REASON=DESTROYED REMOTE_REASON=FINISHED
2019-03-13 12:48:41 1552481321.96 650 ORCONN $2269C9905B04530E251186FAD6F56033654E5C99~BizNasty CONNECTED ID=70
2019-03-13 12:48:41 1552481321.99 650 CIRC 27 EXTENDED $2269C9905B04530E251186FAD6F56033654E5C99~BizNasty BUILD_FLAGS=NEED_CAPACITY PURPOSE=GENERAL TIME_CREATED=2019-03-13T12:48:41.873582
2019-03-13 12:48:42 1552481322.05 650 CIRC 27 EXTENDED $2269C9905B04530E251186FAD6F56033654E5C99~BizNasty,$FD2F9B881AC640100C428DF47DC9A863DC2F2536~nova BUILD_FLAGS=NEED_CAPACITY PURPOSE=GENERAL TIME_CREATED=2019-03-13T12:48:41.873582
2019-03-13 12:48:42 1552481322.09 650 STREAM_BW 69 0 70218
2019-03-13 12:48:42 1552481322.09 650 STREAM 69 CLOSED 18 137.50.19.20:8080 REASON=END REMOTE_REASON=DONE
2019-03-13 12:48:42 1552481322.09 650 STREAM 71 NEW 0 137.50.19.20:8080 SOURCE_ADDR=127.0.0.1:43350 PURPOSE=USER
2019-03-13 12:48:42 1552481322.09 650 STREAM 71 SENTCONNECT 18 137.50.19.20:8080
2019-03-13 12:48:42 1552481322.16 650 CIRC 27 EXTENDED $2269C9905B04530E251186FAD6F56033654E5C99~BizNasty,$FD2F9B881AC640100C428DF47DC9A863DC2F2536~nova,$0E5522CB4F79E36C0BB263BABC861CFC686929AE~weizenbaum BUILD_FLAGS=NEED_CAPACITY PURPOSE=GENERAL TIME_CREATED=2019-03-13T12:48:41.873582
2019-03-13 12:48:42 1552481322.16 650 CIRC 27 BUILT $2269C9905B04530E251186FAD6F56033654E5C99~BizNasty,$FD2F9B881AC640100C428DF47DC9A863DC2F2536~nova,$0E5522CB4F79E36C0BB263BABC861CFC686929AE~weizenbaum BUILD_FLAGS=NEED_CAPACITY PURPOSE=GENERAL TIME_CREATED=2019-03-13T12:48:41.873582
2019-03-13 12:48:42 1552481322.56 650 STREAM 71 REMAP 18 137.50.19.20:8080 SOURCE=EXIT
2019-03-13 12:48:42 1552481322.56 650 STREAM 71 SUCCEEDED 18 137.50.19.20:8080
2019-03-13 12:48:42 1552481322.87 650 BW 132507 7887
2019-03-13 12:48:42 1552481322.87 650 STREAM_BW 71 74 12
2019-03-13 12:48:42 1552481322.87 650 CIRC_BW ID=18 READ=61 WRITTEN=140446
2019-03-13 12:48:42 1552481322.88 650 CIRC 10 CLOSED $EBEF29E7B2793A27353CD82256CCC17B1F539A82~Tumulus BUILD_FLAGS=ONEHOP_TUNNEL,IS_INTERNAL,NEED_CAPACITY PURPOSE=GENERAL TIME_CREATED=2019-03-13T12:47:40.553138 REASON=DESTROYED REMOTE_REASON=FINISHED
2019-03-13 12:48:43 1552481323.87 650 BW 595408 17919
2019-03-13 12:48:43 1552481323.87 650 STREAM_BW 71 0 668766
2019-03-13 12:48:43 1552481323.87 650 CIRC_BW ID=18 READ=0 WRITTEN=668766
2019-03-13 12:48:44 1552481324.87 650 BW 908395 28779
2019-03-13 12:48:44 1552481324.87 650 STREAM_BW 71 0 867516
2019-03-13 12:48:44 1552481324.88 650 CIRC_BW ID=18 READ=0 WRITTEN=867516
2019-03-13 12:48:44 1552481324.88 650 CIRC 5 CLOSED $9B5ED3370E002AEBB2A9B25E3213C1817CCD2D88~fleischgewehr BUILD_FLAGS=ONEHOP_TUNNEL,IS_INTERNAL,NEED_CAPACITY PURPOSE=GENERAL TIME_CREATED=2019-03-13T12:47:40.551462 REASON=DESTROYED REMOTE_REASON=FINISHED
2019-03-13 12:48:44 1552481324.88 650 CIRC 9 CLOSED $54F17CF129189A2645584571E21AE244AE48506A~Unnamed BUILD_FLAGS=ONEHOP_TUNNEL,IS_INTERNAL,NEED_CAPACITY PURPOSE=GENERAL TIME_CREATED=2019-03-13T12:47:40.552807 REASON=DESTROYED REMOTE_REASON=FINISHED
2019-03-13 12:48:45 1552481325.87 650 BW 769616 24435
2019-03-13 12:48:45 1552481325.87 650 STREAM_BW 71 0 724590
2019-03-13 12:48:45 1552481325.87 650 CIRC_BW ID=18 READ=0 WRITTEN=724590
2019-03-13 12:48:45 1552481325.88 650 CIRC 15 CLOSED $44209F95073F2D7A82C3E43BF1B4E446502561E1~foxhound BUILD_FLAGS=ONEHOP_TUNNEL,IS_INTERNAL,NEED_CAPACITY PURPOSE=GENERAL TIME_CREATED=2019-03-13T12:47:40.554745 REASON=DESTROYED REMOTE_REASON=FINISHED
2019-03-13 12:48:45 1552481325.88 650 CIRC 8 CLOSED $F5C3DA7642BB037E0D279359AE88CD7FC03A98A0~FalkensteinTor02 BUILD_FLAGS=ONEHOP_TUNNEL,IS_INTERNAL,NEED_CAPACITY PURPOSE=GENERAL TIME_CREATED=2019-03-13T12:47:40.552462 REASON=DESTROYED REMOTE_REASON=FINISHED
2019-03-13 12:48:45 1552481325.88 650 CIRC 13 CLOSED $C07622052739697129BA49A5DF3C503CE1AAA100~Unnamed BUILD_FLAGS=ONEHOP_TUNNEL,IS_INTERNAL,NEED_CAPACITY PURPOSE=GENERAL TIME_CREATED=2019-03-13T12:47:40.554127 REASON=DESTROYED REMOTE_REASON=FINISHED
2019-03-13 12:48:45 1552481325.88 650 CIRC 7 CLOSED $61B8BDC91AA7BC9A05EB5A3D652FFF88C98E6911~pecurina BUILD_FLAGS=ONEHOP_TUNNEL,IS_INTERNAL,NEED_CAPACITY PURPOSE=GENERAL TIME_CREATED=2019-03-13T12:47:40.552130 REASON=DESTROYED REMOTE_REASON=FINISHED
2019-03-13 12:48:45 1552481325.88 650 CIRC 12 CLOSED $8C00FA7369A7A308F6A137600F0FA07990D9D451~GrmmlLitavis BUILD_FLAGS=ONEHOP_TUNNEL,IS_INTERNAL,NEED_CAPACITY PURPOSE=GENERAL TIME_CREATED=2019-03-13T12:47:40.553813 REASON=DESTROYED REMOTE_REASON=FINISHED
2019-03-13 12:48:46 1552481326.87 650 BW 751526 23349
2019-03-13 12:48:46 1552481326.87 650 STREAM_BW 71 0 742020
2019-03-13 12:48:46 1552481326.87 650 CIRC_BW ID=18 READ=0 WRITTEN=742020
2019-03-13 12:48:46 1552481326.87 650 CIRC 14 CLOSED $2ABA928945F7EC1E9DD105A628D5C05609DB5B6D~vienttorrelay BUILD_FLAGS=ONEHOP_TUNNEL,IS_INTERNAL,NEED_CAPACITY PURPOSE=GENERAL TIME_CREATED=2019-03-13T12:47:40.554459 REASON=DESTROYED REMOTE_REASON=FINISHED
2019-03-13 12:48:47 1552481327.87 650 BW 901509 28236
2019-03-13 12:48:47 1552481327.88 650 STREAM_BW 71 0 823194
2019-03-13 12:48:47 1552481327.88 650 CIRC_BW ID=18 READ=0 WRITTEN=823194
2019-03-13 12:48:48 1552481328.87 650 BW 823525 25521
2019-03-13 12:48:48 1552481328.87 650 STREAM_BW 71 0 751980
2019-03-13 12:48:48 1552481328.88 650 CIRC_BW ID=18 READ=0 WRITTEN=751980
2019-03-13 12:48:48 1552481328.88 650 CIRC 6 CLOSED $B5053ABFF845C96B1DD8F45DCF32E6BE1E63F127~Stephen304 BUILD_FLAGS=ONEHOP_TUNNEL,IS_INTERNAL,NEED_CAPACITY PURPOSE=GENERAL TIME_CREATED=2019-03-13T12:47:40.551795 REASON=DESTROYED REMOTE_REASON=FINISHED
2019-03-13 12:48:48 1552481328.88 650 CIRC 4 CLOSED $4FF8ED7C072B5F8EC296458151E6BABBD6BC3211~TykRelay08 BUILD_FLAGS=ONEHOP_TUNNEL,IS_INTERNAL,NEED_CAPACITY PURPOSE=GENERAL TIME_CREATED=2019-03-13T12:47:40.551101 REASON=DESTROYED REMOTE_REASON=FINISHED
2019-03-13 12:48:49 1552481329.80 650 STREAM_BW 71 0 664332
2019-03-13 12:48:49 1552481329.80 650 STREAM 71 CLOSED 18 137.50.19.20:8080 REASON=END REMOTE_REASON=DONE
2019-03-13 12:48:49 1552481329.80 650 STREAM 72 NEW 0 137.50.19.20:8080 SOURCE_ADDR=127.0.0.1:43352 PURPOSE=USER
2019-03-13 12:48:49 1552481329.80 650 STREAM 72 SENTCONNECT 26 137.50.19.20:8080
2019-03-13 12:48:49 1552481329.87 650 BW 718373 22806
2019-03-13 12:48:49 1552481329.87 650 STREAM_BW 72 13 2
2019-03-13 12:48:49 1552481329.87 650 CIRC_BW ID=18 READ=0 WRITTEN=1328664
2019-03-13 12:48:49 1552481329.87 650 CIRC 16 CLOSED $4F9CC74E91A04048BE2A66DAA77ACEF1922E0DFB~TorForpsi BUILD_FLAGS=ONEHOP_TUNNEL,IS_INTERNAL,NEED_CAPACITY PURPOSE=GENERAL TIME_CREATED=2019-03-13T12:47:40.555037 REASON=DESTROYED REMOTE_REASON=FINISHED
2019-03-13 12:48:50 1552481330.13 650 STREAM 72 REMAP 26 137.50.19.20:8080 SOURCE=EXIT
2019-03-13 12:48:50 1552481330.13 650 STREAM 72 SUCCEEDED 26 137.50.19.20:8080
2019-03-13 12:48:50 1552481330.88 650 BW 284248 9086
2019-03-13 12:48:50 1552481330.88 650 STREAM_BW 72 61 309454
2019-03-13 12:48:50 1552481330.88 650 CIRC_BW ID=26 READ=61 WRITTEN=309454
2019-03-13 12:48:51 1552481331.87 650 BW 762889 24000
2019-03-13 12:48:51 1552481331.87 650 STREAM_BW 72 0 759838
2019-03-13 12:48:51 1552481331.87 650 CIRC_BW ID=26 READ=0 WRITTEN=759838
2019-03-13 12:48:51 1552481331.87 650 CIRC 11 CLOSED $310056E3539B2EE9F227B0D230B0835554051475~cheyne BUILD_FLAGS=ONEHOP_TUNNEL,IS_INTERNAL,NEED_CAPACITY PURPOSE=GENERAL TIME_CREATED=2019-03-13T12:47:40.553475 REASON=DESTROYED REMOTE_REASON=FINISHED
2019-03-13 12:48:52 1552481332.88 650 BW 794196 24000
2019-03-13 12:48:52 1552481332.88 650 STREAM_BW 72 0 765924
2019-03-13 12:48:52 1552481332.88 650 CIRC_BW ID=26 READ=0 WRITTEN=765924
2019-03-13 12:48:52 1552481332.88 650 CIRC 28 LAUNCHED BUILD_FLAGS=NEED_CAPACITY PURPOSE=GENERAL TIME_CREATED=2019-03-13T12:48:52.873724
2019-03-13 12:48:52 1552481332.88 650 ORCONN $9DF8FA27067495276F7DF954352060942BE3CEF7~Falcon LAUNCHED ID=73
2019-03-13 12:48:53 1552481333.14 650 ORCONN $9DF8FA27067495276F7DF954352060942BE3CEF7~Falcon CONNECTED ID=73
2019-03-13 12:48:53 1552481333.21 650 CIRC 28 EXTENDED $9DF8FA27067495276F7DF954352060942BE3CEF7~Falcon BUILD_FLAGS=NEED_CAPACITY PURPOSE=GENERAL TIME_CREATED=2019-03-13T12:48:52.873724
2019-03-13 12:48:53 1552481333.43 650 CIRC 28 EXTENDED $9DF8FA27067495276F7DF954352060942BE3CEF7~Falcon,$1E516B0C6E265171478D26CBA78D07EC2A2C4149~chanet BUILD_FLAGS=NEED_CAPACITY PURPOSE=GENERAL TIME_CREATED=2019-03-13T12:48:52.873724
2019-03-13 12:48:53 1552481333.74 650 CIRC 28 EXTENDED $9DF8FA27067495276F7DF954352060942BE3CEF7~Falcon,$1E516B0C6E265171478D26CBA78D07EC2A2C4149~chanet,$1F5274BC3BFA8821471A884295126AD48D3C2683~iriseden BUILD_FLAGS=NEED_CAPACITY PURPOSE=GENERAL TIME_CREATED=2019-03-13T12:48:52.873724
2019-03-13 12:48:53 1552481333.74 650 CIRC 28 BUILT $9DF8FA27067495276F7DF954352060942BE3CEF7~Falcon,$1E516B0C6E265171478D26CBA78D07EC2A2C4149~chanet,$1F5274BC3BFA8821471A884295126AD48D3C2683~iriseden BUILD_FLAGS=NEED_CAPACITY PURPOSE=GENERAL TIME_CREATED=2019-03-13T12:48:52.873724
2019-03-13 12:48:53 1552481333.87 650 BW 792585 27028
2019-03-13 12:48:53 1552481333.87 650 STREAM_BW 72 0 767724
2019-03-13 12:48:53 1552481333.87 650 CIRC_BW ID=26 READ=0 WRITTEN=767724
2019-03-13 12:48:54 1552481334.88 650 BW 729511 22400
2019-03-13 12:48:54 1552481334.88 650 STREAM_BW 72 0 695706
2019-03-13 12:48:54 1552481334.88 650 CIRC_BW ID=26 READ=0 WRITTEN=695706
2019-03-13 12:48:55 1552481335.88 650 BW 786641 24000
2019-03-13 12:48:55 1552481335.88 650 STREAM_BW 72 0 760446
2019-03-13 12:48:55 1552481335.88 650 CIRC_BW ID=26 READ=0 WRITTEN=760446
2019-03-13 12:48:56 1552481336.87 650 BW 786800 25057
2019-03-13 12:48:56 1552481336.87 650 STREAM_BW 72 0 714898
2019-03-13 12:48:56 1552481336.87 650 CIRC_BW ID=26 READ=0 WRITTEN=714898
2019-03-13 12:48:57 1552481337.56 650 STREAM_BW 72 0 468975
2019-03-13 12:48:57 1552481337.56 650 STREAM 72 CLOSED 26 137.50.19.20:8080 REASON=DONE
2019-03-13 12:48:57 1552481337.56 650 STREAM 74 NEW 0 137.50.19.20:8080 SOURCE_ADDR=127.0.0.1:43356 PURPOSE=USER
2019-03-13 12:48:57 1552481337.56 650 STREAM 74 SENTCONNECT 26 137.50.19.20:8080
2019-03-13 12:48:57 1552481337.87 650 BW 536491 17086
2019-03-13 12:48:57 1552481337.87 650 STREAM_BW 74 13 2
2019-03-13 12:48:57 1552481337.87 650 CIRC_BW ID=26 READ=0 WRITTEN=937950
2019-03-13 12:48:57 1552481337.92 650 STREAM 74 REMAP 26 137.50.19.20:8080 SOURCE=EXIT
2019-03-13 12:48:57 1552481337.92 650 STREAM 74 SUCCEEDED 26 137.50.19.20:8080
2019-03-13 12:48:58 1552481338.87 650 BW 517757 16290
2019-03-13 12:48:58 1552481338.87 650 STREAM_BW 74 62 530953
2019-03-13 12:48:58 1552481338.87 650 CIRC_BW ID=26 READ=62 WRITTEN=530953
2019-03-13 12:48:59 1552481339.87 650 BW 701648 22263
2019-03-13 12:48:59 1552481339.87 650 STREAM_BW 74 0 757012
2019-03-13 12:48:59 1552481339.87 650 CIRC_BW ID=26 READ=0 WRITTEN=757012
2019-03-13 12:49:00 1552481340.87 650 BW 853336 26607
2019-03-13 12:49:00 1552481340.87 650 STREAM_BW 74 0 768414
2019-03-13 12:49:00 1552481340.87 650 CIRC_BW ID=26 READ=0 WRITTEN=768414
2019-03-13 12:49:01 1552481341.87 650 BW 799465 24978
2019-03-13 12:49:01 1552481341.87 650 STREAM_BW 74 0 796302
2019-03-13 12:49:01 1552481341.87 650 CIRC_BW ID=26 READ=0 WRITTEN=796302
2019-03-13 12:49:02 1552481342.87 650 BW 830242 26064
2019-03-13 12:49:02 1552481342.88 650 STREAM_BW 74 0 773394
2019-03-13 12:49:02 1552481342.88 650 CIRC_BW ID=26 READ=0 WRITTEN=773394
2019-03-13 12:49:03 1552481343.88 650 BW 782901 24435
2019-03-13 12:49:03 1552481343.88 650 STREAM_BW 74 0 743016
2019-03-13 12:49:03 1552481343.88 650 CIRC_BW ID=26 READ=0 WRITTEN=743016
2019-03-13 12:49:03 1552481343.88 650 CIRC 29 LAUNCHED BUILD_FLAGS=NEED_CAPACITY PURPOSE=GENERAL TIME_CREATED=2019-03-13T12:49:03.874063
2019-03-13 12:49:03 1552481343.88 650 ORCONN $91FC330500DEF331A35331B185E48B50E7918FB4~whiteRabbit LAUNCHED ID=75
2019-03-13 12:49:03 1552481343.99 650 ORCONN $91FC330500DEF331A35331B185E48B50E7918FB4~whiteRabbit CONNECTED ID=75
2019-03-13 12:49:04 1552481344.02 650 CIRC 29 EXTENDED $91FC330500DEF331A35331B185E48B50E7918FB4~whiteRabbit BUILD_FLAGS=NEED_CAPACITY PURPOSE=GENERAL TIME_CREATED=2019-03-13T12:49:03.874063
2019-03-13 12:49:04 1552481344.09 650 CIRC 29 EXTENDED $91FC330500DEF331A35331B185E48B50E7918FB4~whiteRabbit,$44FF0B7CB4BAA2DDDABFCBCCDD1F7D592A46AE1D~PolarisAHHSI BUILD_FLAGS=NEED_CAPACITY PURPOSE=GENERAL TIME_CREATED=2019-03-13T12:49:03.874063
2019-03-13 12:49:04 1552481344.27 650 CIRC 29 EXTENDED $91FC330500DEF331A35331B185E48B50E7918FB4~whiteRabbit,$44FF0B7CB4BAA2DDDABFCBCCDD1F7D592A46AE1D~PolarisAHHSI,$9B816A5B3EB20B8E4E9B9D1FBA299BD3F40F0320~niftypygmyjerboa BUILD_FLAGS=NEED_CAPACITY PURPOSE=GENERAL TIME_CREATED=2019-03-13T12:49:03.874063
2019-03-13 12:49:04 1552481344.27 650 CIRC 29 BUILT $91FC330500DEF331A35331B185E48B50E7918FB4~whiteRabbit,$44FF0B7CB4BAA2DDDABFCBCCDD1F7D592A46AE1D~PolarisAHHSI,$9B816A5B3EB20B8E4E9B9D1FBA299BD3F40F0320~niftypygmyjerboa BUILD_FLAGS=NEED_CAPACITY PURPOSE=GENERAL TIME_CREATED=2019-03-13T12:49:03.874063
2019-03-13 12:49:04 1552481344.87 650 BW 779213 26930
2019-03-13 12:49:04 1552481344.87 650 STREAM_BW 74 0 824688
2019-03-13 12:49:04 1552481344.87 650 CIRC_BW ID=26 READ=0 WRITTEN=824688
2019-03-13 12:49:05 1552481345.09 650 STREAM_BW 74 0 46812
2019-03-13 12:49:05 1552481345.09 650 STREAM 74 CLOSED 26 137.50.19.20:8080 REASON=END REMOTE_REASON=DONE
2019-03-13 12:49:05 1552481345.09 650 STREAM 76 NEW 0 137.50.19.20:8080 SOURCE_ADDR=127.0.0.1:43360 PURPOSE=USER
2019-03-13 12:49:05 1552481345.09 650 STREAM 76 SENTCONNECT 26 137.50.19.20:8080
2019-03-13 12:49:05 1552481345.46 650 STREAM 76 FAILED 26 137.50.19.20:8080 REASON=END REMOTE_REASON=CONNECTREFUSED
2019-03-13 12:49:05 1552481345.46 650 STREAM_BW 76 13 2
2019-03-13 12:49:05 1552481345.46 650 STREAM 76 CLOSED 26 137.50.19.20:8080 REASON=END REMOTE_REASON=CONNECTREFUSED
2019-03-13 12:49:05 1552481345.46 650 STREAM 77 NEW 0 137.50.19.20:8080 SOURCE_ADDR=127.0.0.1:43362 PURPOSE=USER
2019-03-13 12:49:05 1552481345.46 650 STREAM 77 SENTCONNECT 26 137.50.19.20:8080
